<?xml version="1.0" encoding="UTF-8"?>
<testsuite xmlns:xsi="http://www.w3.org/2001/XMLSchema-instance" xsi:noNamespaceSchemaLocation="https://maven.apache.org/surefire/maven-surefire-plugin/xsd/surefire-test-report.xsd" name="es.uclm.esi.RunCucumberTest" time="22.388" tests="30" errors="16" skipped="0" failures="2">
  <properties>
    <property name="java.specification.version" value="14"/>
    <property name="sun.cpu.isalist" value="amd64"/>
    <property name="sun.jnu.encoding" value="Cp1252"/>
    <property name="java.class.path" value="C:\Eclipse-cuarto\SIGET-Equipo3\target\test-classes;C:\Eclipse-cuarto\SIGET-Equipo3\target\classes;C:\Users\Eli\.m2\repository\org\springframework\boot\spring-boot-starter-data-mongodb\2.3.5.RELEASE\spring-boot-starter-data-mongodb-2.3.5.RELEASE.jar;C:\Users\Eli\.m2\repository\org\springframework\boot\spring-boot-starter\2.3.5.RELEASE\spring-boot-starter-2.3.5.RELEASE.jar;C:\Users\Eli\.m2\repository\org\springframework\boot\spring-boot\2.3.5.RELEASE\spring-boot-2.3.5.RELEASE.jar;C:\Users\Eli\.m2\repository\org\springframework\boot\spring-boot-autoconfigure\2.3.5.RELEASE\spring-boot-autoconfigure-2.3.5.RELEASE.jar;C:\Users\Eli\.m2\repository\org\springframework\boot\spring-boot-starter-logging\2.3.5.RELEASE\spring-boot-starter-logging-2.3.5.RELEASE.jar;C:\Users\Eli\.m2\repository\ch\qos\logback\logback-classic\1.2.3\logback-classic-1.2.3.jar;C:\Users\Eli\.m2\repository\ch\qos\logback\logback-core\1.2.3\logback-core-1.2.3.jar;C:\Users\Eli\.m2\repository\org\apache\logging\log4j\log4j-to-slf4j\2.13.3\log4j-to-slf4j-2.13.3.jar;C:\Users\Eli\.m2\repository\org\apache\logging\log4j\log4j-api\2.13.3\log4j-api-2.13.3.jar;C:\Users\Eli\.m2\repository\org\slf4j\jul-to-slf4j\1.7.30\jul-to-slf4j-1.7.30.jar;C:\Users\Eli\.m2\repository\jakarta\annotation\jakarta.annotation-api\1.3.5\jakarta.annotation-api-1.3.5.jar;C:\Users\Eli\.m2\repository\org\yaml\snakeyaml\1.26\snakeyaml-1.26.jar;C:\Users\Eli\.m2\repository\org\springframework\data\spring-data-mongodb\3.0.5.RELEASE\spring-data-mongodb-3.0.5.RELEASE.jar;C:\Users\Eli\.m2\repository\org\springframework\spring-tx\5.2.10.RELEASE\spring-tx-5.2.10.RELEASE.jar;C:\Users\Eli\.m2\repository\org\springframework\spring-context\5.2.10.RELEASE\spring-context-5.2.10.RELEASE.jar;C:\Users\Eli\.m2\repository\org\springframework\spring-beans\5.2.10.RELEASE\spring-beans-5.2.10.RELEASE.jar;C:\Users\Eli\.m2\repository\org\springframework\spring-expression\5.2.10.RELEASE\spring-expression-5.2.10.RELEASE.jar;C:\Users\Eli\.m2\repository\org\springframework\data\spring-data-commons\2.3.5.RELEASE\spring-data-commons-2.3.5.RELEASE.jar;C:\Users\Eli\.m2\repository\org\slf4j\slf4j-api\1.7.30\slf4j-api-1.7.30.jar;C:\Users\Eli\.m2\repository\org\springframework\boot\spring-boot-starter-web\2.3.5.RELEASE\spring-boot-starter-web-2.3.5.RELEASE.jar;C:\Users\Eli\.m2\repository\org\springframework\boot\spring-boot-starter-json\2.3.5.RELEASE\spring-boot-starter-json-2.3.5.RELEASE.jar;C:\Users\Eli\.m2\repository\com\fasterxml\jackson\datatype\jackson-datatype-jdk8\2.11.3\jackson-datatype-jdk8-2.11.3.jar;C:\Users\Eli\.m2\repository\com\fasterxml\jackson\datatype\jackson-datatype-jsr310\2.11.3\jackson-datatype-jsr310-2.11.3.jar;C:\Users\Eli\.m2\repository\com\fasterxml\jackson\module\jackson-module-parameter-names\2.11.3\jackson-module-parameter-names-2.11.3.jar;C:\Users\Eli\.m2\repository\org\springframework\boot\spring-boot-starter-tomcat\2.3.5.RELEASE\spring-boot-starter-tomcat-2.3.5.RELEASE.jar;C:\Users\Eli\.m2\repository\org\apache\tomcat\embed\tomcat-embed-core\9.0.39\tomcat-embed-core-9.0.39.jar;C:\Users\Eli\.m2\repository\org\glassfish\jakarta.el\3.0.3\jakarta.el-3.0.3.jar;C:\Users\Eli\.m2\repository\org\apache\tomcat\embed\tomcat-embed-websocket\9.0.39\tomcat-embed-websocket-9.0.39.jar;C:\Users\Eli\.m2\repository\org\springframework\spring-web\5.2.10.RELEASE\spring-web-5.2.10.RELEASE.jar;C:\Users\Eli\.m2\repository\org\springframework\spring-webmvc\5.2.10.RELEASE\spring-webmvc-5.2.10.RELEASE.jar;C:\Users\Eli\.m2\repository\org\apache\commons\commons-lang3\3.11\commons-lang3-3.11.jar;C:\Users\Eli\.m2\repository\org\mongodb\mongodb-driver-sync\4.1.0\mongodb-driver-sync-4.1.0.jar;C:\Users\Eli\.m2\repository\org\mongodb\bson\4.0.5\bson-4.0.5.jar;C:\Users\Eli\.m2\repository\org\mongodb\mongodb-driver-core\4.0.5\mongodb-driver-core-4.0.5.jar;C:\Users\Eli\.m2\repository\io\cucumber\cucumber-java\6.8.0\cucumber-java-6.8.0.jar;C:\Users\Eli\.m2\repository\io\cucumber\cucumber-core\6.8.0\cucumber-core-6.8.0.jar;C:\Users\Eli\.m2\repository\io\cucumber\cucumber-gherkin\6.8.0\cucumber-gherkin-6.8.0.jar;C:\Users\Eli\.m2\repository\io\cucumber\cucumber-gherkin-messages\6.8.0\cucumber-gherkin-messages-6.8.0.jar;C:\Users\Eli\.m2\repository\io\cucumber\messages\13.1.0\messages-13.1.0.jar;C:\Users\Eli\.m2\repository\io\cucumber\tag-expressions\3.0.0\tag-expressions-3.0.0.jar;C:\Users\Eli\.m2\repository\io\cucumber\cucumber-expressions\10.3.0\cucumber-expressions-10.3.0.jar;C:\Users\Eli\.m2\repository\io\cucumber\datatable\3.5.0\datatable-3.5.0.jar;C:\Users\Eli\.m2\repository\io\cucumber\cucumber-plugin\6.8.0\cucumber-plugin-6.8.0.jar;C:\Users\Eli\.m2\repository\io\cucumber\docstring\6.8.0\docstring-6.8.0.jar;C:\Users\Eli\.m2\repository\io\cucumber\html-formatter\9.0.0\html-formatter-9.0.0.jar;C:\Users\Eli\.m2\repository\io\cucumber\create-meta\2.0.2\create-meta-2.0.2.jar;C:\Users\Eli\.m2\repository\org\apiguardian\apiguardian-api\1.1.0\apiguardian-api-1.1.0.jar;C:\Users\Eli\.m2\repository\io\cucumber\cucumber-junit\6.8.0\cucumber-junit-6.8.0.jar;C:\Users\Eli\.m2\repository\junit\junit\4.13.1\junit-4.13.1.jar;C:\Users\Eli\.m2\repository\org\hamcrest\hamcrest-core\2.2\hamcrest-core-2.2.jar;C:\Users\Eli\.m2\repository\io\cucumber\cucumber-spring\6.8.0\cucumber-spring-6.8.0.jar;C:\Users\Eli\.m2\repository\org\springframework\boot\spring-boot-starter-test\2.3.5.RELEASE\spring-boot-starter-test-2.3.5.RELEASE.jar;C:\Users\Eli\.m2\repository\org\springframework\boot\spring-boot-test\2.3.5.RELEASE\spring-boot-test-2.3.5.RELEASE.jar;C:\Users\Eli\.m2\repository\org\springframework\boot\spring-boot-test-autoconfigure\2.3.5.RELEASE\spring-boot-test-autoconfigure-2.3.5.RELEASE.jar;C:\Users\Eli\.m2\repository\com\jayway\jsonpath\json-path\2.4.0\json-path-2.4.0.jar;C:\Users\Eli\.m2\repository\net\minidev\json-smart\2.3\json-smart-2.3.jar;C:\Users\Eli\.m2\repository\net\minidev\accessors-smart\1.2\accessors-smart-1.2.jar;C:\Users\Eli\.m2\repository\org\ow2\asm\asm\5.0.4\asm-5.0.4.jar;C:\Users\Eli\.m2\repository\jakarta\xml\bind\jakarta.xml.bind-api\2.3.3\jakarta.xml.bind-api-2.3.3.jar;C:\Users\Eli\.m2\repository\jakarta\activation\jakarta.activation-api\1.2.2\jakarta.activation-api-1.2.2.jar;C:\Users\Eli\.m2\repository\org\assertj\assertj-core\3.16.1\assertj-core-3.16.1.jar;C:\Users\Eli\.m2\repository\org\hamcrest\hamcrest\2.2\hamcrest-2.2.jar;C:\Users\Eli\.m2\repository\org\junit\jupiter\junit-jupiter\5.6.3\junit-jupiter-5.6.3.jar;C:\Users\Eli\.m2\repository\org\junit\jupiter\junit-jupiter-api\5.6.3\junit-jupiter-api-5.6.3.jar;C:\Users\Eli\.m2\repository\org\opentest4j\opentest4j\1.2.0\opentest4j-1.2.0.jar;C:\Users\Eli\.m2\repository\org\junit\platform\junit-platform-commons\1.6.3\junit-platform-commons-1.6.3.jar;C:\Users\Eli\.m2\repository\org\junit\jupiter\junit-jupiter-params\5.6.3\junit-jupiter-params-5.6.3.jar;C:\Users\Eli\.m2\repository\org\junit\jupiter\junit-jupiter-engine\5.6.3\junit-jupiter-engine-5.6.3.jar;C:\Users\Eli\.m2\repository\org\junit\vintage\junit-vintage-engine\5.6.3\junit-vintage-engine-5.6.3.jar;C:\Users\Eli\.m2\repository\org\junit\platform\junit-platform-engine\1.6.3\junit-platform-engine-1.6.3.jar;C:\Users\Eli\.m2\repository\org\mockito\mockito-core\3.3.3\mockito-core-3.3.3.jar;C:\Users\Eli\.m2\repository\net\bytebuddy\byte-buddy\1.10.17\byte-buddy-1.10.17.jar;C:\Users\Eli\.m2\repository\net\bytebuddy\byte-buddy-agent\1.10.17\byte-buddy-agent-1.10.17.jar;C:\Users\Eli\.m2\repository\org\objenesis\objenesis\2.6\objenesis-2.6.jar;C:\Users\Eli\.m2\repository\org\mockito\mockito-junit-jupiter\3.3.3\mockito-junit-jupiter-3.3.3.jar;C:\Users\Eli\.m2\repository\org\skyscreamer\jsonassert\1.5.0\jsonassert-1.5.0.jar;C:\Users\Eli\.m2\repository\com\vaadin\external\google\android-json\0.0.20131108.vaadin1\android-json-0.0.20131108.vaadin1.jar;C:\Users\Eli\.m2\repository\org\springframework\spring-core\5.2.10.RELEASE\spring-core-5.2.10.RELEASE.jar;C:\Users\Eli\.m2\repository\org\springframework\spring-jcl\5.2.10.RELEASE\spring-jcl-5.2.10.RELEASE.jar;C:\Users\Eli\.m2\repository\org\springframework\spring-test\5.2.10.RELEASE\spring-test-5.2.10.RELEASE.jar;C:\Users\Eli\.m2\repository\org\xmlunit\xmlunit-core\2.7.0\xmlunit-core-2.7.0.jar;C:\Users\Eli\.m2\repository\org\json\json\20200518\json-20200518.jar;C:\Users\Eli\.m2\repository\org\springframework\security\spring-security-test\5.3.5.RELEASE\spring-security-test-5.3.5.RELEASE.jar;C:\Users\Eli\.m2\repository\org\springframework\security\spring-security-core\5.3.5.RELEASE\spring-security-core-5.3.5.RELEASE.jar;C:\Users\Eli\.m2\repository\org\springframework\security\spring-security-web\5.3.5.RELEASE\spring-security-web-5.3.5.RELEASE.jar;C:\Users\Eli\.m2\repository\org\springframework\boot\spring-boot-starter-security\2.3.5.RELEASE\spring-boot-starter-security-2.3.5.RELEASE.jar;C:\Users\Eli\.m2\repository\org\springframework\spring-aop\5.2.10.RELEASE\spring-aop-5.2.10.RELEASE.jar;C:\Users\Eli\.m2\repository\org\springframework\security\spring-security-config\5.3.5.RELEASE\spring-security-config-5.3.5.RELEASE.jar;C:\Users\Eli\.m2\repository\io\jsonwebtoken\jjwt\0.9.1\jjwt-0.9.1.jar;C:\Users\Eli\.m2\repository\com\fasterxml\jackson\core\jackson-databind\2.11.3\jackson-databind-2.11.3.jar;C:\Users\Eli\.m2\repository\com\fasterxml\jackson\core\jackson-annotations\2.11.3\jackson-annotations-2.11.3.jar;C:\Users\Eli\.m2\repository\com\fasterxml\jackson\core\jackson-core\2.11.3\jackson-core-2.11.3.jar;C:\Users\Eli\.m2\repository\javax\validation\validation-api\2.0.1.Final\validation-api-2.0.1.Final.jar;C:\Users\Eli\.m2\repository\javax\xml\bind\jaxb-api\2.3.1\jaxb-api-2.3.1.jar;C:\Users\Eli\.m2\repository\javax\activation\javax.activation-api\1.2.0\javax.activation-api-1.2.0.jar;"/>
    <property name="java.vm.vendor" value="Oracle Corporation"/>
    <property name="sun.arch.data.model" value="64"/>
    <property name="user.variant" value=""/>
    <property name="java.vendor.url" value="https://java.oracle.com/"/>
    <property name="user.timezone" value="Europe/Madrid"/>
    <property name="os.name" value="Windows 10"/>
    <property name="java.vm.specification.version" value="14"/>
    <property name="sun.java.launcher" value="SUN_STANDARD"/>
    <property name="user.country" value="ES"/>
    <property name="sun.boot.library.path" value="C:\Users\Eli\.p2\pool\plugins\org.eclipse.justj.openjdk.hotspot.jre.full.win32.x86_64_14.0.2.v20200815-0932\jre\bin"/>
    <property name="sun.java.command" value="C:\Users\Eli\AppData\Local\Temp\surefire13981086083289895947\surefirebooter11352202958506027684.jar C:\Users\Eli\AppData\Local\Temp\surefire13981086083289895947 2020-12-02T09-54-19_433-jvmRun1 surefire16685853501982965813tmp surefire_011687849572428505556tmp"/>
    <property name="jdk.debug" value="release"/>
    <property name="surefire.test.class.path" value="C:\Eclipse-cuarto\SIGET-Equipo3\target\test-classes;C:\Eclipse-cuarto\SIGET-Equipo3\target\classes;C:\Users\Eli\.m2\repository\org\springframework\boot\spring-boot-starter-data-mongodb\2.3.5.RELEASE\spring-boot-starter-data-mongodb-2.3.5.RELEASE.jar;C:\Users\Eli\.m2\repository\org\springframework\boot\spring-boot-starter\2.3.5.RELEASE\spring-boot-starter-2.3.5.RELEASE.jar;C:\Users\Eli\.m2\repository\org\springframework\boot\spring-boot\2.3.5.RELEASE\spring-boot-2.3.5.RELEASE.jar;C:\Users\Eli\.m2\repository\org\springframework\boot\spring-boot-autoconfigure\2.3.5.RELEASE\spring-boot-autoconfigure-2.3.5.RELEASE.jar;C:\Users\Eli\.m2\repository\org\springframework\boot\spring-boot-starter-logging\2.3.5.RELEASE\spring-boot-starter-logging-2.3.5.RELEASE.jar;C:\Users\Eli\.m2\repository\ch\qos\logback\logback-classic\1.2.3\logback-classic-1.2.3.jar;C:\Users\Eli\.m2\repository\ch\qos\logback\logback-core\1.2.3\logback-core-1.2.3.jar;C:\Users\Eli\.m2\repository\org\apache\logging\log4j\log4j-to-slf4j\2.13.3\log4j-to-slf4j-2.13.3.jar;C:\Users\Eli\.m2\repository\org\apache\logging\log4j\log4j-api\2.13.3\log4j-api-2.13.3.jar;C:\Users\Eli\.m2\repository\org\slf4j\jul-to-slf4j\1.7.30\jul-to-slf4j-1.7.30.jar;C:\Users\Eli\.m2\repository\jakarta\annotation\jakarta.annotation-api\1.3.5\jakarta.annotation-api-1.3.5.jar;C:\Users\Eli\.m2\repository\org\yaml\snakeyaml\1.26\snakeyaml-1.26.jar;C:\Users\Eli\.m2\repository\org\springframework\data\spring-data-mongodb\3.0.5.RELEASE\spring-data-mongodb-3.0.5.RELEASE.jar;C:\Users\Eli\.m2\repository\org\springframework\spring-tx\5.2.10.RELEASE\spring-tx-5.2.10.RELEASE.jar;C:\Users\Eli\.m2\repository\org\springframework\spring-context\5.2.10.RELEASE\spring-context-5.2.10.RELEASE.jar;C:\Users\Eli\.m2\repository\org\springframework\spring-beans\5.2.10.RELEASE\spring-beans-5.2.10.RELEASE.jar;C:\Users\Eli\.m2\repository\org\springframework\spring-expression\5.2.10.RELEASE\spring-expression-5.2.10.RELEASE.jar;C:\Users\Eli\.m2\repository\org\springframework\data\spring-data-commons\2.3.5.RELEASE\spring-data-commons-2.3.5.RELEASE.jar;C:\Users\Eli\.m2\repository\org\slf4j\slf4j-api\1.7.30\slf4j-api-1.7.30.jar;C:\Users\Eli\.m2\repository\org\springframework\boot\spring-boot-starter-web\2.3.5.RELEASE\spring-boot-starter-web-2.3.5.RELEASE.jar;C:\Users\Eli\.m2\repository\org\springframework\boot\spring-boot-starter-json\2.3.5.RELEASE\spring-boot-starter-json-2.3.5.RELEASE.jar;C:\Users\Eli\.m2\repository\com\fasterxml\jackson\datatype\jackson-datatype-jdk8\2.11.3\jackson-datatype-jdk8-2.11.3.jar;C:\Users\Eli\.m2\repository\com\fasterxml\jackson\datatype\jackson-datatype-jsr310\2.11.3\jackson-datatype-jsr310-2.11.3.jar;C:\Users\Eli\.m2\repository\com\fasterxml\jackson\module\jackson-module-parameter-names\2.11.3\jackson-module-parameter-names-2.11.3.jar;C:\Users\Eli\.m2\repository\org\springframework\boot\spring-boot-starter-tomcat\2.3.5.RELEASE\spring-boot-starter-tomcat-2.3.5.RELEASE.jar;C:\Users\Eli\.m2\repository\org\apache\tomcat\embed\tomcat-embed-core\9.0.39\tomcat-embed-core-9.0.39.jar;C:\Users\Eli\.m2\repository\org\glassfish\jakarta.el\3.0.3\jakarta.el-3.0.3.jar;C:\Users\Eli\.m2\repository\org\apache\tomcat\embed\tomcat-embed-websocket\9.0.39\tomcat-embed-websocket-9.0.39.jar;C:\Users\Eli\.m2\repository\org\springframework\spring-web\5.2.10.RELEASE\spring-web-5.2.10.RELEASE.jar;C:\Users\Eli\.m2\repository\org\springframework\spring-webmvc\5.2.10.RELEASE\spring-webmvc-5.2.10.RELEASE.jar;C:\Users\Eli\.m2\repository\org\apache\commons\commons-lang3\3.11\commons-lang3-3.11.jar;C:\Users\Eli\.m2\repository\org\mongodb\mongodb-driver-sync\4.1.0\mongodb-driver-sync-4.1.0.jar;C:\Users\Eli\.m2\repository\org\mongodb\bson\4.0.5\bson-4.0.5.jar;C:\Users\Eli\.m2\repository\org\mongodb\mongodb-driver-core\4.0.5\mongodb-driver-core-4.0.5.jar;C:\Users\Eli\.m2\repository\io\cucumber\cucumber-java\6.8.0\cucumber-java-6.8.0.jar;C:\Users\Eli\.m2\repository\io\cucumber\cucumber-core\6.8.0\cucumber-core-6.8.0.jar;C:\Users\Eli\.m2\repository\io\cucumber\cucumber-gherkin\6.8.0\cucumber-gherkin-6.8.0.jar;C:\Users\Eli\.m2\repository\io\cucumber\cucumber-gherkin-messages\6.8.0\cucumber-gherkin-messages-6.8.0.jar;C:\Users\Eli\.m2\repository\io\cucumber\messages\13.1.0\messages-13.1.0.jar;C:\Users\Eli\.m2\repository\io\cucumber\tag-expressions\3.0.0\tag-expressions-3.0.0.jar;C:\Users\Eli\.m2\repository\io\cucumber\cucumber-expressions\10.3.0\cucumber-expressions-10.3.0.jar;C:\Users\Eli\.m2\repository\io\cucumber\datatable\3.5.0\datatable-3.5.0.jar;C:\Users\Eli\.m2\repository\io\cucumber\cucumber-plugin\6.8.0\cucumber-plugin-6.8.0.jar;C:\Users\Eli\.m2\repository\io\cucumber\docstring\6.8.0\docstring-6.8.0.jar;C:\Users\Eli\.m2\repository\io\cucumber\html-formatter\9.0.0\html-formatter-9.0.0.jar;C:\Users\Eli\.m2\repository\io\cucumber\create-meta\2.0.2\create-meta-2.0.2.jar;C:\Users\Eli\.m2\repository\org\apiguardian\apiguardian-api\1.1.0\apiguardian-api-1.1.0.jar;C:\Users\Eli\.m2\repository\io\cucumber\cucumber-junit\6.8.0\cucumber-junit-6.8.0.jar;C:\Users\Eli\.m2\repository\junit\junit\4.13.1\junit-4.13.1.jar;C:\Users\Eli\.m2\repository\org\hamcrest\hamcrest-core\2.2\hamcrest-core-2.2.jar;C:\Users\Eli\.m2\repository\io\cucumber\cucumber-spring\6.8.0\cucumber-spring-6.8.0.jar;C:\Users\Eli\.m2\repository\org\springframework\boot\spring-boot-starter-test\2.3.5.RELEASE\spring-boot-starter-test-2.3.5.RELEASE.jar;C:\Users\Eli\.m2\repository\org\springframework\boot\spring-boot-test\2.3.5.RELEASE\spring-boot-test-2.3.5.RELEASE.jar;C:\Users\Eli\.m2\repository\org\springframework\boot\spring-boot-test-autoconfigure\2.3.5.RELEASE\spring-boot-test-autoconfigure-2.3.5.RELEASE.jar;C:\Users\Eli\.m2\repository\com\jayway\jsonpath\json-path\2.4.0\json-path-2.4.0.jar;C:\Users\Eli\.m2\repository\net\minidev\json-smart\2.3\json-smart-2.3.jar;C:\Users\Eli\.m2\repository\net\minidev\accessors-smart\1.2\accessors-smart-1.2.jar;C:\Users\Eli\.m2\repository\org\ow2\asm\asm\5.0.4\asm-5.0.4.jar;C:\Users\Eli\.m2\repository\jakarta\xml\bind\jakarta.xml.bind-api\2.3.3\jakarta.xml.bind-api-2.3.3.jar;C:\Users\Eli\.m2\repository\jakarta\activation\jakarta.activation-api\1.2.2\jakarta.activation-api-1.2.2.jar;C:\Users\Eli\.m2\repository\org\assertj\assertj-core\3.16.1\assertj-core-3.16.1.jar;C:\Users\Eli\.m2\repository\org\hamcrest\hamcrest\2.2\hamcrest-2.2.jar;C:\Users\Eli\.m2\repository\org\junit\jupiter\junit-jupiter\5.6.3\junit-jupiter-5.6.3.jar;C:\Users\Eli\.m2\repository\org\junit\jupiter\junit-jupiter-api\5.6.3\junit-jupiter-api-5.6.3.jar;C:\Users\Eli\.m2\repository\org\opentest4j\opentest4j\1.2.0\opentest4j-1.2.0.jar;C:\Users\Eli\.m2\repository\org\junit\platform\junit-platform-commons\1.6.3\junit-platform-commons-1.6.3.jar;C:\Users\Eli\.m2\repository\org\junit\jupiter\junit-jupiter-params\5.6.3\junit-jupiter-params-5.6.3.jar;C:\Users\Eli\.m2\repository\org\junit\jupiter\junit-jupiter-engine\5.6.3\junit-jupiter-engine-5.6.3.jar;C:\Users\Eli\.m2\repository\org\junit\vintage\junit-vintage-engine\5.6.3\junit-vintage-engine-5.6.3.jar;C:\Users\Eli\.m2\repository\org\junit\platform\junit-platform-engine\1.6.3\junit-platform-engine-1.6.3.jar;C:\Users\Eli\.m2\repository\org\mockito\mockito-core\3.3.3\mockito-core-3.3.3.jar;C:\Users\Eli\.m2\repository\net\bytebuddy\byte-buddy\1.10.17\byte-buddy-1.10.17.jar;C:\Users\Eli\.m2\repository\net\bytebuddy\byte-buddy-agent\1.10.17\byte-buddy-agent-1.10.17.jar;C:\Users\Eli\.m2\repository\org\objenesis\objenesis\2.6\objenesis-2.6.jar;C:\Users\Eli\.m2\repository\org\mockito\mockito-junit-jupiter\3.3.3\mockito-junit-jupiter-3.3.3.jar;C:\Users\Eli\.m2\repository\org\skyscreamer\jsonassert\1.5.0\jsonassert-1.5.0.jar;C:\Users\Eli\.m2\repository\com\vaadin\external\google\android-json\0.0.20131108.vaadin1\android-json-0.0.20131108.vaadin1.jar;C:\Users\Eli\.m2\repository\org\springframework\spring-core\5.2.10.RELEASE\spring-core-5.2.10.RELEASE.jar;C:\Users\Eli\.m2\repository\org\springframework\spring-jcl\5.2.10.RELEASE\spring-jcl-5.2.10.RELEASE.jar;C:\Users\Eli\.m2\repository\org\springframework\spring-test\5.2.10.RELEASE\spring-test-5.2.10.RELEASE.jar;C:\Users\Eli\.m2\repository\org\xmlunit\xmlunit-core\2.7.0\xmlunit-core-2.7.0.jar;C:\Users\Eli\.m2\repository\org\json\json\20200518\json-20200518.jar;C:\Users\Eli\.m2\repository\org\springframework\security\spring-security-test\5.3.5.RELEASE\spring-security-test-5.3.5.RELEASE.jar;C:\Users\Eli\.m2\repository\org\springframework\security\spring-security-core\5.3.5.RELEASE\spring-security-core-5.3.5.RELEASE.jar;C:\Users\Eli\.m2\repository\org\springframework\security\spring-security-web\5.3.5.RELEASE\spring-security-web-5.3.5.RELEASE.jar;C:\Users\Eli\.m2\repository\org\springframework\boot\spring-boot-starter-security\2.3.5.RELEASE\spring-boot-starter-security-2.3.5.RELEASE.jar;C:\Users\Eli\.m2\repository\org\springframework\spring-aop\5.2.10.RELEASE\spring-aop-5.2.10.RELEASE.jar;C:\Users\Eli\.m2\repository\org\springframework\security\spring-security-config\5.3.5.RELEASE\spring-security-config-5.3.5.RELEASE.jar;C:\Users\Eli\.m2\repository\io\jsonwebtoken\jjwt\0.9.1\jjwt-0.9.1.jar;C:\Users\Eli\.m2\repository\com\fasterxml\jackson\core\jackson-databind\2.11.3\jackson-databind-2.11.3.jar;C:\Users\Eli\.m2\repository\com\fasterxml\jackson\core\jackson-annotations\2.11.3\jackson-annotations-2.11.3.jar;C:\Users\Eli\.m2\repository\com\fasterxml\jackson\core\jackson-core\2.11.3\jackson-core-2.11.3.jar;C:\Users\Eli\.m2\repository\javax\validation\validation-api\2.0.1.Final\validation-api-2.0.1.Final.jar;C:\Users\Eli\.m2\repository\javax\xml\bind\jaxb-api\2.3.1\jaxb-api-2.3.1.jar;C:\Users\Eli\.m2\repository\javax\activation\javax.activation-api\1.2.0\javax.activation-api-1.2.0.jar;"/>
    <property name="sun.cpu.endian" value="little"/>
    <property name="user.home" value="C:\Users\Eli"/>
    <property name="user.language" value="es"/>
    <property name="java.specification.vendor" value="Oracle Corporation"/>
    <property name="java.version.date" value="2020-07-14"/>
    <property name="java.home" value="C:\Users\Eli\.p2\pool\plugins\org.eclipse.justj.openjdk.hotspot.jre.full.win32.x86_64_14.0.2.v20200815-0932\jre"/>
    <property name="file.separator" value="\"/>
    <property name="basedir" value="C:\Eclipse-cuarto\SIGET-Equipo3"/>
    <property name="java.vm.compressedOopsMode" value="32-bit"/>
    <property name="line.separator" value="&#10;"/>
    <property name="java.vm.specification.vendor" value="Oracle Corporation"/>
    <property name="java.specification.name" value="Java Platform API Specification"/>
    <property name="surefire.real.class.path" value="C:\Users\Eli\AppData\Local\Temp\surefire13981086083289895947\surefirebooter11352202958506027684.jar"/>
    <property name="user.script" value=""/>
    <property name="sun.management.compiler" value="HotSpot 64-Bit Tiered Compilers"/>
    <property name="java.runtime.version" value="14.0.2+12-46"/>
    <property name="user.name" value="Eli"/>
    <property name="path.separator" value=";"/>
    <property name="os.version" value="10.0"/>
    <property name="java.runtime.name" value="OpenJDK Runtime Environment"/>
    <property name="file.encoding" value="Cp1252"/>
    <property name="java.vm.name" value="OpenJDK 64-Bit Server VM"/>
    <property name="localRepository" value="C:\Users\Eli\.m2\repository"/>
    <property name="java.vendor.url.bug" value="https://bugreport.java.com/bugreport/"/>
    <property name="java.io.tmpdir" value="C:\Users\Eli\AppData\Local\Temp\"/>
    <property name="java.version" value="14.0.2"/>
    <property name="user.dir" value="C:\Eclipse-cuarto\SIGET-Equipo3"/>
    <property name="os.arch" value="amd64"/>
    <property name="java.vm.specification.name" value="Java Virtual Machine Specification"/>
    <property name="sun.os.patch.level" value=""/>
    <property name="java.library.path" value="C:\Users\Eli\.p2\pool\plugins\org.eclipse.justj.openjdk.hotspot.jre.full.win32.x86_64_14.0.2.v20200815-0932\jre\bin;C:\Windows\Sun\Java\bin;C:\Windows\system32;C:\Windows;C:/Users/Eli/.p2/pool/plugins/org.eclipse.justj.openjdk.hotspot.jre.full.win32.x86_64_15.0.0.v20201014-1246/jre/bin/server;C:/Users/Eli/.p2/pool/plugins/org.eclipse.justj.openjdk.hotspot.jre.full.win32.x86_64_15.0.0.v20201014-1246/jre/bin;C:\Windows\system32;C:\Windows;C:\Windows\System32\Wbem;C:\Windows\System32\WindowsPowerShell\v1.0\;C:\Windows\System32\OpenSSH\;C:\Users\Eli\AppData\Local\Microsoft\WindowsApps;C:\Users\Eli\AppData\Local\GitHubDesktop\bin;C:\Users\Eli\Desktop;;."/>
    <property name="java.vm.info" value="mixed mode"/>
    <property name="java.vendor" value="Oracle Corporation"/>
    <property name="java.vm.version" value="14.0.2+12-46"/>
    <property name="sun.io.unicode.encoding" value="UnicodeLittle"/>
    <property name="java.class.version" value="58.0"/>
  </properties>
  <testcase name="Roles de los usuarios de la aplicacion #1" classname="es.uclm.esi.RunCucumberTest" time="2.837">
    <error message="Bad credentials" type="org.springframework.security.authentication.BadCredentialsException">org.springframework.security.authentication.BadCredentialsException: Bad credentials
</error>
    <system-out><![CDATA[2020-12-02 09:54:25 - Neither @ContextConfiguration nor @ContextHierarchy found for test class [es.uclm.esi.CucumberTestContextConfiguration], using SpringBootContextLoader
2020-12-02 09:54:25 - Could not detect default resource locations for test class [es.uclm.esi.CucumberTestContextConfiguration]: no resource found for suffixes {-context.xml, Context.groovy}.
2020-12-02 09:54:25 - Could not detect default configuration classes for test class [es.uclm.esi.CucumberTestContextConfiguration]: CucumberTestContextConfiguration does not declare any static, non-private, non-final, nested classes annotated with @Configuration.
2020-12-02 09:54:25 - Found @SpringBootConfiguration es.uclm.esi.SigetApplication for test class es.uclm.esi.CucumberTestContextConfiguration
2020-12-02 09:54:25 - Loaded default TestExecutionListener class names from location [META-INF/spring.factories]: [org.springframework.boot.test.mock.mockito.MockitoTestExecutionListener, org.springframework.boot.test.mock.mockito.ResetMocksTestExecutionListener, org.springframework.boot.test.autoconfigure.restdocs.RestDocsTestExecutionListener, org.springframework.boot.test.autoconfigure.web.client.MockRestServiceServerResetTestExecutionListener, org.springframework.boot.test.autoconfigure.web.servlet.MockMvcPrintOnlyOnFailureTestExecutionListener, org.springframework.boot.test.autoconfigure.web.servlet.WebDriverTestExecutionListener, org.springframework.boot.test.autoconfigure.webservices.client.MockWebServiceServerTestExecutionListener, org.springframework.test.context.web.ServletTestExecutionListener, org.springframework.test.context.support.DirtiesContextBeforeModesTestExecutionListener, org.springframework.test.context.support.DependencyInjectionTestExecutionListener, org.springframework.test.context.support.DirtiesContextTestExecutionListener, org.springframework.test.context.transaction.TransactionalTestExecutionListener, org.springframework.test.context.jdbc.SqlScriptsTestExecutionListener, org.springframework.test.context.event.EventPublishingTestExecutionListener, org.springframework.security.test.context.support.WithSecurityContextTestExecutionListener, org.springframework.security.test.context.support.ReactorContextTestExecutionListener]
2020-12-02 09:54:25 - Using TestExecutionListeners: [org.springframework.test.context.web.ServletTestExecutionListener@366b4a7b, org.springframework.test.context.support.DirtiesContextBeforeModesTestExecutionListener@a251135, org.springframework.boot.test.mock.mockito.MockitoTestExecutionListener@70819ba8, org.springframework.boot.test.autoconfigure.SpringBootDependencyInjectionTestExecutionListener@446a692f, org.springframework.test.context.support.DirtiesContextTestExecutionListener@283ecb4b, org.springframework.test.context.transaction.TransactionalTestExecutionListener@a30dbc0, org.springframework.test.context.jdbc.SqlScriptsTestExecutionListener@76104df5, org.springframework.test.context.event.EventPublishingTestExecutionListener@61246109, org.springframework.security.test.context.support.WithSecurityContextTestExecutionListener@3f9e8af5, org.springframework.security.test.context.support.ReactorContextTestExecutionListener@337cb81d, org.springframework.boot.test.mock.mockito.ResetMocksTestExecutionListener@47772462, org.springframework.boot.test.autoconfigure.restdocs.RestDocsTestExecutionListener@59929ac, org.springframework.boot.test.autoconfigure.web.client.MockRestServiceServerResetTestExecutionListener@4e9bd2c8, org.springframework.boot.test.autoconfigure.web.servlet.MockMvcPrintOnlyOnFailureTestExecutionListener@18f13756, org.springframework.boot.test.autoconfigure.web.servlet.WebDriverTestExecutionListener@665b441e, org.springframework.boot.test.autoconfigure.webservices.client.MockWebServiceServerTestExecutionListener@2ac3d530]

  .   ____          _            __ _ _
 /\\ / ___'_ __ _ _(_)_ __  __ _ \ \ \ \
( ( )\___ | '_ | '_| | '_ \/ _` | \ \ \ \
 \\/  ___)| |_)| | | | | || (_| |  ) ) ) )
  '  |____| .__|_| |_|_| |_\__, | / / / /
 =========|_|==============|___/=/_/_/_/
 :: Spring Boot ::        (v2.3.5.RELEASE)

2020-12-02 09:54:25 - 

Found multiple occurrences of org.json.JSONObject on the class path:

	jar:file:/C:/Users/Eli/.m2/repository/com/vaadin/external/google/android-json/0.0.20131108.vaadin1/android-json-0.0.20131108.vaadin1.jar!/org/json/JSONObject.class
	jar:file:/C:/Users/Eli/.m2/repository/org/json/json/20200518/json-20200518.jar!/org/json/JSONObject.class

You may wish to exclude one of them to ensure predictable runtime behavior

2020-12-02 09:54:25 - Starting CucumberTestContextConfiguration on DESKTOP-GRGVATI with PID 12704 (started by Eli in C:\Eclipse-cuarto\SIGET-Equipo3)
2020-12-02 09:54:25 - No active profile set, falling back to default profiles: default
2020-12-02 09:54:25 - Bootstrapping Spring Data MongoDB repositories in DEFAULT mode.
2020-12-02 09:54:25 - Finished Spring Data repository scanning in 9ms. Found 4 MongoDB repository interfaces.
2020-12-02 09:54:25 - Bean 'org.springframework.security.access.expression.method.DefaultMethodSecurityExpressionHandler@457b8fc3' of type [org.springframework.security.access.expression.method.DefaultMethodSecurityExpressionHandler] is not eligible for getting processed by all BeanPostProcessors (for example: not eligible for auto-proxying)
2020-12-02 09:54:25 - Bean 'methodSecurityMetadataSource' of type [org.springframework.security.access.method.DelegatingMethodSecurityMetadataSource] is not eligible for getting processed by all BeanPostProcessors (for example: not eligible for auto-proxying)
2020-12-02 09:54:26 - Cluster created with settings {hosts=[cluster0-shard-00-00.rja2c.mongodb.net:27017, cluster0-shard-00-01.rja2c.mongodb.net:27017, cluster0-shard-00-02.rja2c.mongodb.net:27017], mode=MULTIPLE, requiredClusterType=REPLICA_SET, serverSelectionTimeout='30000 ms', requiredReplicaSetName='atlas-7qdd0k-shard-0'}
2020-12-02 09:54:26 - Adding discovered server cluster0-shard-00-00.rja2c.mongodb.net:27017 to client view of cluster
2020-12-02 09:54:26 - Adding discovered server cluster0-shard-00-01.rja2c.mongodb.net:27017 to client view of cluster
2020-12-02 09:54:26 - Adding discovered server cluster0-shard-00-02.rja2c.mongodb.net:27017 to client view of cluster
2020-12-02 09:54:26 - Adding welcome page: class path resource [static/index.html]
2020-12-02 09:54:26 - Opened connection [connectionId{localValue:6, serverValue:67498}] to cluster0-shard-00-02.rja2c.mongodb.net:27017
2020-12-02 09:54:26 - Opened connection [connectionId{localValue:4, serverValue:59050}] to cluster0-shard-00-00.rja2c.mongodb.net:27017
2020-12-02 09:54:26 - Creating filter chain: any request, [org.springframework.security.web.context.request.async.WebAsyncManagerIntegrationFilter@2cbc2db2, org.springframework.security.web.context.SecurityContextPersistenceFilter@6556471b, org.springframework.security.web.header.HeaderWriterFilter@d0e4972, org.springframework.web.filter.CorsFilter@2de96eba, org.springframework.security.web.authentication.logout.LogoutFilter@77401977, es.uclm.esi.security.jwt.AuthTokenFilter@3ef914f5, org.springframework.security.web.savedrequest.RequestCacheAwareFilter@3e1897d, org.springframework.security.web.servletapi.SecurityContextHolderAwareRequestFilter@7cdb05aa, org.springframework.security.web.authentication.AnonymousAuthenticationFilter@61e0f9b9, org.springframework.security.web.session.SessionManagementFilter@1978b0d5, org.springframework.security.web.access.ExceptionTranslationFilter@1d0f7bcf, org.springframework.security.web.access.intercept.FilterSecurityInterceptor@6167c42f]
2020-12-02 09:54:26 - Initializing ExecutorService 'applicationTaskExecutor'
2020-12-02 09:54:26 - Monitor thread successfully connected to server with description ServerDescription{address=cluster0-shard-00-00.rja2c.mongodb.net:27017, type=REPLICA_SET_SECONDARY, state=CONNECTED, ok=true, minWireVersion=0, maxWireVersion=8, maxDocumentSize=16777216, logicalSessionTimeoutMinutes=30, roundTripTimeNanos=108352900, setName='atlas-7qdd0k-shard-0', canonicalAddress=cluster0-shard-00-00.rja2c.mongodb.net:27017, hosts=[cluster0-shard-00-02.rja2c.mongodb.net:27017, cluster0-shard-00-01.rja2c.mongodb.net:27017, cluster0-shard-00-00.rja2c.mongodb.net:27017], passives=[], arbiters=[], primary='cluster0-shard-00-02.rja2c.mongodb.net:27017', tagSet=TagSet{[Tag{name='nodeType', value='ELECTABLE'}, Tag{name='provider', value='AWS'}, Tag{name='region', value='US_EAST_1'}, Tag{name='workloadType', value='OPERATIONAL'}]}, electionId=null, setVersion=1, lastWriteDate=Wed Dec 02 09:54:20 CET 2020, lastUpdateTimeNanos=50386569465600}
2020-12-02 09:54:26 - Initializing Spring TestDispatcherServlet ''
2020-12-02 09:54:26 - Initializing Servlet ''
2020-12-02 09:54:26 - Completed initialization in 15 ms
2020-12-02 09:54:26 - Started CucumberTestContextConfiguration in 1.209 seconds (JVM running for 6.954)

Scenario Outline: Roles de los usuarios de la aplicacion &amp#27;[90m# src/test/java/es/uclm/esi/features/10roles.feature:10&amp#27;[0m
2020-12-02 09:54:26 - Opened connection [connectionId{localValue:5, serverValue:58543}] to cluster0-shard-00-01.rja2c.mongodb.net:27017
2020-12-02 09:54:26 - No server chosen by ReadPreferenceServerSelector{readPreference=primary} from cluster description ClusterDescription{type=REPLICA_SET, connectionMode=MULTIPLE, serverDescriptions=[ServerDescription{address=cluster0-shard-00-00.rja2c.mongodb.net:27017, type=REPLICA_SET_SECONDARY, state=CONNECTED, ok=true, minWireVersion=0, maxWireVersion=8, maxDocumentSize=16777216, logicalSessionTimeoutMinutes=30, roundTripTimeNanos=108352900, setName='atlas-7qdd0k-shard-0', canonicalAddress=cluster0-shard-00-00.rja2c.mongodb.net:27017, hosts=[cluster0-shard-00-02.rja2c.mongodb.net:27017, cluster0-shard-00-01.rja2c.mongodb.net:27017, cluster0-shard-00-00.rja2c.mongodb.net:27017], passives=[], arbiters=[], primary='cluster0-shard-00-02.rja2c.mongodb.net:27017', tagSet=TagSet{[Tag{name='nodeType', value='ELECTABLE'}, Tag{name='provider', value='AWS'}, Tag{name='region', value='US_EAST_1'}, Tag{name='workloadType', value='OPERATIONAL'}]}, electionId=null, setVersion=1, lastWriteDate=Wed Dec 02 09:54:20 CET 2020, lastUpdateTimeNanos=50386569465600}, ServerDescription{address=cluster0-shard-00-02.rja2c.mongodb.net:27017, type=UNKNOWN, state=CONNECTING}, ServerDescription{address=cluster0-shard-00-01.rja2c.mongodb.net:27017, type=UNKNOWN, state=CONNECTING}]}. Waiting for 30000 ms before timing out
2020-12-02 09:54:27 - Monitor thread successfully connected to server with description ServerDescription{address=cluster0-shard-00-02.rja2c.mongodb.net:27017, type=REPLICA_SET_PRIMARY, state=CONNECTED, ok=true, minWireVersion=0, maxWireVersion=8, maxDocumentSize=16777216, logicalSessionTimeoutMinutes=30, roundTripTimeNanos=579034400, setName='atlas-7qdd0k-shard-0', canonicalAddress=cluster0-shard-00-02.rja2c.mongodb.net:27017, hosts=[cluster0-shard-00-02.rja2c.mongodb.net:27017, cluster0-shard-00-01.rja2c.mongodb.net:27017, cluster0-shard-00-00.rja2c.mongodb.net:27017], passives=[], arbiters=[], primary='cluster0-shard-00-02.rja2c.mongodb.net:27017', tagSet=TagSet{[Tag{name='nodeType', value='ELECTABLE'}, Tag{name='provider', value='AWS'}, Tag{name='region', value='US_EAST_1'}, Tag{name='workloadType', value='OPERATIONAL'}]}, electionId=7fffffff0000000000000004, setVersion=1, lastWriteDate=Wed Dec 02 09:54:20 CET 2020, lastUpdateTimeNanos=50387037730000}
2020-12-02 09:54:27 - Setting max election id to 7fffffff0000000000000004 from replica set primary cluster0-shard-00-02.rja2c.mongodb.net:27017
2020-12-02 09:54:27 - Setting max set version to 1 from replica set primary cluster0-shard-00-02.rja2c.mongodb.net:27017
2020-12-02 09:54:27 - Discovered replica set primary cluster0-shard-00-02.rja2c.mongodb.net:27017
2020-12-02 09:54:27 - Monitor thread successfully connected to server with description ServerDescription{address=cluster0-shard-00-01.rja2c.mongodb.net:27017, type=REPLICA_SET_SECONDARY, state=CONNECTED, ok=true, minWireVersion=0, maxWireVersion=8, maxDocumentSize=16777216, logicalSessionTimeoutMinutes=30, roundTripTimeNanos=108145200, setName='atlas-7qdd0k-shard-0', canonicalAddress=cluster0-shard-00-01.rja2c.mongodb.net:27017, hosts=[cluster0-shard-00-02.rja2c.mongodb.net:27017, cluster0-shard-00-01.rja2c.mongodb.net:27017, cluster0-shard-00-00.rja2c.mongodb.net:27017], passives=[], arbiters=[], primary='cluster0-shard-00-02.rja2c.mongodb.net:27017', tagSet=TagSet{[Tag{name='nodeType', value='ELECTABLE'}, Tag{name='provider', value='AWS'}, Tag{name='region', value='US_EAST_1'}, Tag{name='workloadType', value='OPERATIONAL'}]}, electionId=null, setVersion=1, lastWriteDate=Wed Dec 02 09:54:20 CET 2020, lastUpdateTimeNanos=50387104391300}
2020-12-02 09:54:28 - Opened connection [connectionId{localValue:7, serverValue:67505}] to cluster0-shard-00-02.rja2c.mongodb.net:27017
  &amp#27;[31mWhen &amp#27;[0m&amp#27;[31maccedo con el token de usuario &amp#27;[0m&amp#27;[31m&amp#27;[1m"admin"&amp#27;[0m            &amp#27;[90m# es.uclm.esi.RolesStepDefinitions.accedo_con_el_token_de_usuario(java.lang.String)&amp#27;[0m
      &amp#27;[31morg.springframework.security.authentication.BadCredentialsException: Bad credentials
	at org.springframework.security.authentication.dao.AbstractUserDetailsAuthenticationProvider.authenticate(AbstractUserDetailsAuthenticationProvider.java:151)
	at org.springframework.security.authentication.ProviderManager.authenticate(ProviderManager.java:199)
	at org.springframework.security.authentication.ProviderManager.authenticate(ProviderManager.java:219)
	at org.springframework.security.config.annotation.web.configuration.WebSecurityConfigurerAdapter$AuthenticationManagerDelegator.authenticate(WebSecurityConfigurerAdapter.java:534)
	at es.uclm.esi.RolesStepDefinitions.accedo_con_el_token_de_usuario(RolesStepDefinitions.java:46)
	at âœ½.accedo con el token de usuario "admin"(file:///C:/Eclipse-cuarto/SIGET-Equipo3/src/test/java/es/uclm/esi/features/10roles.feature:4)
&amp#27;[0m
  &amp#27;[36mAnd &amp#27;[0m&amp#27;[36ma recursos del rol &amp#27;[0m&amp#27;[36m&amp#27;[1m"USER"&amp#27;[0m                          &amp#27;[90m# es.uclm.esi.RolesStepDefinitions.a_recursos_del_rol(java.lang.String)&amp#27;[0m
  &amp#27;[36mThen &amp#27;[0m&amp#27;[36mmuestro el codigo &amp#27;[0m&amp#27;[36m&amp#27;[1m200&amp#27;[0m                             &amp#27;[90m# es.uclm.esi.RolesStepDefinitions.muestro_el_codigo(java.lang.Integer)&amp#27;[0m
]]></system-out>
  </testcase>
  <testcase name="Roles de los usuarios de la aplicacion #2" classname="es.uclm.esi.RunCucumberTest" time="0.217">
    <error message="Bad credentials" type="org.springframework.security.authentication.BadCredentialsException">org.springframework.security.authentication.BadCredentialsException: Bad credentials
</error>
    <system-out><![CDATA[2020-12-02 09:54:28 - Neither @ContextConfiguration nor @ContextHierarchy found for test class [es.uclm.esi.CucumberTestContextConfiguration], using SpringBootContextLoader
2020-12-02 09:54:28 - Could not detect default resource locations for test class [es.uclm.esi.CucumberTestContextConfiguration]: no resource found for suffixes {-context.xml, Context.groovy}.
2020-12-02 09:54:28 - Could not detect default configuration classes for test class [es.uclm.esi.CucumberTestContextConfiguration]: CucumberTestContextConfiguration does not declare any static, non-private, non-final, nested classes annotated with @Configuration.
2020-12-02 09:54:28 - Found @SpringBootConfiguration es.uclm.esi.SigetApplication for test class es.uclm.esi.CucumberTestContextConfiguration
2020-12-02 09:54:28 - Loaded default TestExecutionListener class names from location [META-INF/spring.factories]: [org.springframework.boot.test.mock.mockito.MockitoTestExecutionListener, org.springframework.boot.test.mock.mockito.ResetMocksTestExecutionListener, org.springframework.boot.test.autoconfigure.restdocs.RestDocsTestExecutionListener, org.springframework.boot.test.autoconfigure.web.client.MockRestServiceServerResetTestExecutionListener, org.springframework.boot.test.autoconfigure.web.servlet.MockMvcPrintOnlyOnFailureTestExecutionListener, org.springframework.boot.test.autoconfigure.web.servlet.WebDriverTestExecutionListener, org.springframework.boot.test.autoconfigure.webservices.client.MockWebServiceServerTestExecutionListener, org.springframework.test.context.web.ServletTestExecutionListener, org.springframework.test.context.support.DirtiesContextBeforeModesTestExecutionListener, org.springframework.test.context.support.DependencyInjectionTestExecutionListener, org.springframework.test.context.support.DirtiesContextTestExecutionListener, org.springframework.test.context.transaction.TransactionalTestExecutionListener, org.springframework.test.context.jdbc.SqlScriptsTestExecutionListener, org.springframework.test.context.event.EventPublishingTestExecutionListener, org.springframework.security.test.context.support.WithSecurityContextTestExecutionListener, org.springframework.security.test.context.support.ReactorContextTestExecutionListener]
2020-12-02 09:54:28 - Using TestExecutionListeners: [org.springframework.test.context.web.ServletTestExecutionListener@3ea1729e, org.springframework.test.context.support.DirtiesContextBeforeModesTestExecutionListener@6956eb58, org.springframework.boot.test.mock.mockito.MockitoTestExecutionListener@7fff419d, org.springframework.boot.test.autoconfigure.SpringBootDependencyInjectionTestExecutionListener@6127ef86, org.springframework.test.context.support.DirtiesContextTestExecutionListener@542754be, org.springframework.test.context.transaction.TransactionalTestExecutionListener@af57949, org.springframework.test.context.jdbc.SqlScriptsTestExecutionListener@f833223, org.springframework.test.context.event.EventPublishingTestExecutionListener@5186b78a, org.springframework.security.test.context.support.WithSecurityContextTestExecutionListener@3f6a9ba0, org.springframework.security.test.context.support.ReactorContextTestExecutionListener@1e749235, org.springframework.boot.test.mock.mockito.ResetMocksTestExecutionListener@870a9f2, org.springframework.boot.test.autoconfigure.restdocs.RestDocsTestExecutionListener@6c2e7591, org.springframework.boot.test.autoconfigure.web.client.MockRestServiceServerResetTestExecutionListener@7f2542f, org.springframework.boot.test.autoconfigure.web.servlet.MockMvcPrintOnlyOnFailureTestExecutionListener@3dad8bde, org.springframework.boot.test.autoconfigure.web.servlet.WebDriverTestExecutionListener@301f9aa0, org.springframework.boot.test.autoconfigure.webservices.client.MockWebServiceServerTestExecutionListener@2f82e3cf]

Scenario Outline: Roles de los usuarios de la aplicacion &amp#27;[90m# src/test/java/es/uclm/esi/features/10roles.feature:11&amp#27;[0m
  &amp#27;[31mWhen &amp#27;[0m&amp#27;[31maccedo con el token de usuario &amp#27;[0m&amp#27;[31m&amp#27;[1m"user"&amp#27;[0m             &amp#27;[90m# es.uclm.esi.RolesStepDefinitions.accedo_con_el_token_de_usuario(java.lang.String)&amp#27;[0m
      &amp#27;[31morg.springframework.security.authentication.BadCredentialsException: Bad credentials
	at org.springframework.security.authentication.dao.AbstractUserDetailsAuthenticationProvider.authenticate(AbstractUserDetailsAuthenticationProvider.java:151)
	at org.springframework.security.authentication.ProviderManager.authenticate(ProviderManager.java:199)
	at org.springframework.security.authentication.ProviderManager.authenticate(ProviderManager.java:219)
	at org.springframework.security.config.annotation.web.configuration.WebSecurityConfigurerAdapter$AuthenticationManagerDelegator.authenticate(WebSecurityConfigurerAdapter.java:524)
	at es.uclm.esi.RolesStepDefinitions.accedo_con_el_token_de_usuario(RolesStepDefinitions.java:51)
	at âœ½.accedo con el token de usuario "user"(file:///C:/Eclipse-cuarto/SIGET-Equipo3/src/test/java/es/uclm/esi/features/10roles.feature:4)
&amp#27;[0m
  &amp#27;[36mAnd &amp#27;[0m&amp#27;[36ma recursos del rol &amp#27;[0m&amp#27;[36m&amp#27;[1m"USER"&amp#27;[0m                          &amp#27;[90m# es.uclm.esi.RolesStepDefinitions.a_recursos_del_rol(java.lang.String)&amp#27;[0m
  &amp#27;[36mThen &amp#27;[0m&amp#27;[36mmuestro el codigo &amp#27;[0m&amp#27;[36m&amp#27;[1m200&amp#27;[0m                             &amp#27;[90m# es.uclm.esi.RolesStepDefinitions.muestro_el_codigo(java.lang.Integer)&amp#27;[0m
]]></system-out>
  </testcase>
  <testcase name="Roles de los usuarios de la aplicacion #3" classname="es.uclm.esi.RunCucumberTest" time="0.22">
    <error message="Bad credentials" type="org.springframework.security.authentication.BadCredentialsException">org.springframework.security.authentication.BadCredentialsException: Bad credentials
</error>
    <system-out><![CDATA[2020-12-02 09:54:28 - Neither @ContextConfiguration nor @ContextHierarchy found for test class [es.uclm.esi.CucumberTestContextConfiguration], using SpringBootContextLoader
2020-12-02 09:54:28 - Could not detect default resource locations for test class [es.uclm.esi.CucumberTestContextConfiguration]: no resource found for suffixes {-context.xml, Context.groovy}.
2020-12-02 09:54:28 - Could not detect default configuration classes for test class [es.uclm.esi.CucumberTestContextConfiguration]: CucumberTestContextConfiguration does not declare any static, non-private, non-final, nested classes annotated with @Configuration.
2020-12-02 09:54:28 - Found @SpringBootConfiguration es.uclm.esi.SigetApplication for test class es.uclm.esi.CucumberTestContextConfiguration
2020-12-02 09:54:28 - Loaded default TestExecutionListener class names from location [META-INF/spring.factories]: [org.springframework.boot.test.mock.mockito.MockitoTestExecutionListener, org.springframework.boot.test.mock.mockito.ResetMocksTestExecutionListener, org.springframework.boot.test.autoconfigure.restdocs.RestDocsTestExecutionListener, org.springframework.boot.test.autoconfigure.web.client.MockRestServiceServerResetTestExecutionListener, org.springframework.boot.test.autoconfigure.web.servlet.MockMvcPrintOnlyOnFailureTestExecutionListener, org.springframework.boot.test.autoconfigure.web.servlet.WebDriverTestExecutionListener, org.springframework.boot.test.autoconfigure.webservices.client.MockWebServiceServerTestExecutionListener, org.springframework.test.context.web.ServletTestExecutionListener, org.springframework.test.context.support.DirtiesContextBeforeModesTestExecutionListener, org.springframework.test.context.support.DependencyInjectionTestExecutionListener, org.springframework.test.context.support.DirtiesContextTestExecutionListener, org.springframework.test.context.transaction.TransactionalTestExecutionListener, org.springframework.test.context.jdbc.SqlScriptsTestExecutionListener, org.springframework.test.context.event.EventPublishingTestExecutionListener, org.springframework.security.test.context.support.WithSecurityContextTestExecutionListener, org.springframework.security.test.context.support.ReactorContextTestExecutionListener]
2020-12-02 09:54:28 - Using TestExecutionListeners: [org.springframework.test.context.web.ServletTestExecutionListener@6b6606d1, org.springframework.test.context.support.DirtiesContextBeforeModesTestExecutionListener@27605b87, org.springframework.boot.test.mock.mockito.MockitoTestExecutionListener@1fc4483f, org.springframework.boot.test.autoconfigure.SpringBootDependencyInjectionTestExecutionListener@1d7af82, org.springframework.test.context.support.DirtiesContextTestExecutionListener@5adc71e7, org.springframework.test.context.transaction.TransactionalTestExecutionListener@7fc5a558, org.springframework.test.context.jdbc.SqlScriptsTestExecutionListener@42fd8f2f, org.springframework.test.context.event.EventPublishingTestExecutionListener@7eea934d, org.springframework.security.test.context.support.WithSecurityContextTestExecutionListener@4700963e, org.springframework.security.test.context.support.ReactorContextTestExecutionListener@153d14e3, org.springframework.boot.test.mock.mockito.ResetMocksTestExecutionListener@3b17759c, org.springframework.boot.test.autoconfigure.restdocs.RestDocsTestExecutionListener@11cdf948, org.springframework.boot.test.autoconfigure.web.client.MockRestServiceServerResetTestExecutionListener@523f3c29, org.springframework.boot.test.autoconfigure.web.servlet.MockMvcPrintOnlyOnFailureTestExecutionListener@2fd8b081, org.springframework.boot.test.autoconfigure.web.servlet.WebDriverTestExecutionListener@2fe38b73, org.springframework.boot.test.autoconfigure.webservices.client.MockWebServiceServerTestExecutionListener@511a307e]

Scenario Outline: Roles de los usuarios de la aplicacion &amp#27;[90m# src/test/java/es/uclm/esi/features/10roles.feature:12&amp#27;[0m
  &amp#27;[31mWhen &amp#27;[0m&amp#27;[31maccedo con el token de usuario &amp#27;[0m&amp#27;[31m&amp#27;[1m"user"&amp#27;[0m             &amp#27;[90m# es.uclm.esi.RolesStepDefinitions.accedo_con_el_token_de_usuario(java.lang.String)&amp#27;[0m
      &amp#27;[31morg.springframework.security.authentication.BadCredentialsException: Bad credentials
	at org.springframework.security.authentication.dao.AbstractUserDetailsAuthenticationProvider.authenticate(AbstractUserDetailsAuthenticationProvider.java:151)
	at org.springframework.security.authentication.ProviderManager.authenticate(ProviderManager.java:199)
	at org.springframework.security.authentication.ProviderManager.authenticate(ProviderManager.java:219)
	at org.springframework.security.config.annotation.web.configuration.WebSecurityConfigurerAdapter$AuthenticationManagerDelegator.authenticate(WebSecurityConfigurerAdapter.java:524)
	at es.uclm.esi.RolesStepDefinitions.accedo_con_el_token_de_usuario(RolesStepDefinitions.java:51)
	at âœ½.accedo con el token de usuario "user"(file:///C:/Eclipse-cuarto/SIGET-Equipo3/src/test/java/es/uclm/esi/features/10roles.feature:4)
&amp#27;[0m
  &amp#27;[36mAnd &amp#27;[0m&amp#27;[36ma recursos del rol &amp#27;[0m&amp#27;[36m&amp#27;[1m"ADMIN"&amp#27;[0m                         &amp#27;[90m# es.uclm.esi.RolesStepDefinitions.a_recursos_del_rol(java.lang.String)&amp#27;[0m
  &amp#27;[36mThen &amp#27;[0m&amp#27;[36mmuestro el codigo &amp#27;[0m&amp#27;[36m&amp#27;[1m403&amp#27;[0m                             &amp#27;[90m# es.uclm.esi.RolesStepDefinitions.muestro_el_codigo(java.lang.Integer)&amp#27;[0m
]]></system-out>
  </testcase>
  <testcase name="Roles de los usuarios de la aplicacion #4" classname="es.uclm.esi.RunCucumberTest" time="12.876"/>
  <testcase name="Roles de los usuarios de la aplicacion #5" classname="es.uclm.esi.RunCucumberTest" time="0.085"/>
  <testcase name="Calendario mes #1" classname="es.uclm.esi.RunCucumberTest" time="0.215">
    <error message="Bad credentials" type="org.springframework.security.authentication.BadCredentialsException">org.springframework.security.authentication.BadCredentialsException: Bad credentials
</error>
    <system-out><![CDATA[2020-12-02 09:54:41 - Neither @ContextConfiguration nor @ContextHierarchy found for test class [es.uclm.esi.CucumberTestContextConfiguration], using SpringBootContextLoader
2020-12-02 09:54:41 - Could not detect default resource locations for test class [es.uclm.esi.CucumberTestContextConfiguration]: no resource found for suffixes {-context.xml, Context.groovy}.
2020-12-02 09:54:41 - Could not detect default configuration classes for test class [es.uclm.esi.CucumberTestContextConfiguration]: CucumberTestContextConfiguration does not declare any static, non-private, non-final, nested classes annotated with @Configuration.
2020-12-02 09:54:41 - Found @SpringBootConfiguration es.uclm.esi.SigetApplication for test class es.uclm.esi.CucumberTestContextConfiguration
2020-12-02 09:54:41 - Loaded default TestExecutionListener class names from location [META-INF/spring.factories]: [org.springframework.boot.test.mock.mockito.MockitoTestExecutionListener, org.springframework.boot.test.mock.mockito.ResetMocksTestExecutionListener, org.springframework.boot.test.autoconfigure.restdocs.RestDocsTestExecutionListener, org.springframework.boot.test.autoconfigure.web.client.MockRestServiceServerResetTestExecutionListener, org.springframework.boot.test.autoconfigure.web.servlet.MockMvcPrintOnlyOnFailureTestExecutionListener, org.springframework.boot.test.autoconfigure.web.servlet.WebDriverTestExecutionListener, org.springframework.boot.test.autoconfigure.webservices.client.MockWebServiceServerTestExecutionListener, org.springframework.test.context.web.ServletTestExecutionListener, org.springframework.test.context.support.DirtiesContextBeforeModesTestExecutionListener, org.springframework.test.context.support.DependencyInjectionTestExecutionListener, org.springframework.test.context.support.DirtiesContextTestExecutionListener, org.springframework.test.context.transaction.TransactionalTestExecutionListener, org.springframework.test.context.jdbc.SqlScriptsTestExecutionListener, org.springframework.test.context.event.EventPublishingTestExecutionListener, org.springframework.security.test.context.support.WithSecurityContextTestExecutionListener, org.springframework.security.test.context.support.ReactorContextTestExecutionListener]
2020-12-02 09:54:41 - Using TestExecutionListeners: [org.springframework.test.context.web.ServletTestExecutionListener@46507dda, org.springframework.test.context.support.DirtiesContextBeforeModesTestExecutionListener@52463255, org.springframework.boot.test.mock.mockito.MockitoTestExecutionListener@66f5770e, org.springframework.boot.test.autoconfigure.SpringBootDependencyInjectionTestExecutionListener@16024b49, org.springframework.test.context.support.DirtiesContextTestExecutionListener@53f94afe, org.springframework.test.context.transaction.TransactionalTestExecutionListener@304e1e4e, org.springframework.test.context.jdbc.SqlScriptsTestExecutionListener@7d4e424e, org.springframework.test.context.event.EventPublishingTestExecutionListener@799206ad, org.springframework.security.test.context.support.WithSecurityContextTestExecutionListener@60251ddb, org.springframework.security.test.context.support.ReactorContextTestExecutionListener@2059c3ff, org.springframework.boot.test.mock.mockito.ResetMocksTestExecutionListener@2f8ab988, org.springframework.boot.test.autoconfigure.restdocs.RestDocsTestExecutionListener@46c475ba, org.springframework.boot.test.autoconfigure.web.client.MockRestServiceServerResetTestExecutionListener@e47637c, org.springframework.boot.test.autoconfigure.web.servlet.MockMvcPrintOnlyOnFailureTestExecutionListener@606f0f70, org.springframework.boot.test.autoconfigure.web.servlet.WebDriverTestExecutionListener@1a53ac0c, org.springframework.boot.test.autoconfigure.webservices.client.MockWebServiceServerTestExecutionListener@7fdf7359]

Scenario Outline: Calendario mes               &amp#27;[90m# src/test/java/es/uclm/esi/features/2calendario.feature:12&amp#27;[0m
  &amp#27;[31mWhen &amp#27;[0m&amp#27;[31mconsulto con el usuario &amp#27;[0m&amp#27;[31m&amp#27;[1m"ejemplo1c"&amp#27;[0m     &amp#27;[90m# es.uclm.esi.CalendarioStepDefinitions.consulto_con_el_usuario(java.lang.String)&amp#27;[0m
      &amp#27;[31morg.springframework.security.authentication.BadCredentialsException: Bad credentials
	at org.springframework.security.authentication.dao.AbstractUserDetailsAuthenticationProvider.authenticate(AbstractUserDetailsAuthenticationProvider.java:151)
	at org.springframework.security.authentication.ProviderManager.authenticate(ProviderManager.java:199)
	at org.springframework.security.authentication.ProviderManager.authenticate(ProviderManager.java:219)
	at org.springframework.security.config.annotation.web.configuration.WebSecurityConfigurerAdapter$AuthenticationManagerDelegator.authenticate(WebSecurityConfigurerAdapter.java:524)
	at es.uclm.esi.CalendarioStepDefinitions.consulto_con_el_usuario(CalendarioStepDefinitions.java:43)
	at âœ½.consulto con el usuario "ejemplo1c"(file:///C:/Eclipse-cuarto/SIGET-Equipo3/src/test/java/es/uclm/esi/features/2calendario.feature:5)
&amp#27;[0m
  &amp#27;[36mAnd &amp#27;[0m&amp#27;[36mel calendario mes con mes &amp#27;[0m&amp#27;[36m&amp#27;[1m11&amp#27;[0m&amp#27;[36m y anio &amp#27;[0m&amp#27;[36m&amp#27;[1m2020&amp#27;[0m &amp#27;[90m# es.uclm.esi.CalendarioStepDefinitions.el_calendario_mes_con_mes_y_anio(java.lang.Integer,java.lang.Integer)&amp#27;[0m
  &amp#27;[36mThen &amp#27;[0m&amp#27;[36mobtengo el codigo &amp#27;[0m&amp#27;[36m&amp#27;[1m200&amp#27;[0m                   &amp#27;[90m# es.uclm.esi.CalendarioStepDefinitions.obtengo_el_codigo(java.lang.Integer)&amp#27;[0m
  &amp#27;[36mAnd &amp#27;[0m&amp#27;[36mobtengo los dias &amp#27;[0m&amp#27;[36m&amp#27;[1m"29,24"&amp#27;[0m                 &amp#27;[90m# es.uclm.esi.CalendarioStepDefinitions.obtengo_los_dias(java.lang.String)&amp#27;[0m
]]></system-out>
  </testcase>
  <testcase name="Calendario mes #2" classname="es.uclm.esi.RunCucumberTest" time="0.197">
    <error message="Bad credentials" type="org.springframework.security.authentication.BadCredentialsException">org.springframework.security.authentication.BadCredentialsException: Bad credentials
</error>
    <system-out><![CDATA[2020-12-02 09:54:41 - Neither @ContextConfiguration nor @ContextHierarchy found for test class [es.uclm.esi.CucumberTestContextConfiguration], using SpringBootContextLoader
2020-12-02 09:54:41 - Could not detect default resource locations for test class [es.uclm.esi.CucumberTestContextConfiguration]: no resource found for suffixes {-context.xml, Context.groovy}.
2020-12-02 09:54:41 - Could not detect default configuration classes for test class [es.uclm.esi.CucumberTestContextConfiguration]: CucumberTestContextConfiguration does not declare any static, non-private, non-final, nested classes annotated with @Configuration.
2020-12-02 09:54:41 - Found @SpringBootConfiguration es.uclm.esi.SigetApplication for test class es.uclm.esi.CucumberTestContextConfiguration
2020-12-02 09:54:41 - Loaded default TestExecutionListener class names from location [META-INF/spring.factories]: [org.springframework.boot.test.mock.mockito.MockitoTestExecutionListener, org.springframework.boot.test.mock.mockito.ResetMocksTestExecutionListener, org.springframework.boot.test.autoconfigure.restdocs.RestDocsTestExecutionListener, org.springframework.boot.test.autoconfigure.web.client.MockRestServiceServerResetTestExecutionListener, org.springframework.boot.test.autoconfigure.web.servlet.MockMvcPrintOnlyOnFailureTestExecutionListener, org.springframework.boot.test.autoconfigure.web.servlet.WebDriverTestExecutionListener, org.springframework.boot.test.autoconfigure.webservices.client.MockWebServiceServerTestExecutionListener, org.springframework.test.context.web.ServletTestExecutionListener, org.springframework.test.context.support.DirtiesContextBeforeModesTestExecutionListener, org.springframework.test.context.support.DependencyInjectionTestExecutionListener, org.springframework.test.context.support.DirtiesContextTestExecutionListener, org.springframework.test.context.transaction.TransactionalTestExecutionListener, org.springframework.test.context.jdbc.SqlScriptsTestExecutionListener, org.springframework.test.context.event.EventPublishingTestExecutionListener, org.springframework.security.test.context.support.WithSecurityContextTestExecutionListener, org.springframework.security.test.context.support.ReactorContextTestExecutionListener]
2020-12-02 09:54:41 - Using TestExecutionListeners: [org.springframework.test.context.web.ServletTestExecutionListener@2d2afc39, org.springframework.test.context.support.DirtiesContextBeforeModesTestExecutionListener@e2498a3, org.springframework.boot.test.mock.mockito.MockitoTestExecutionListener@26c2f767, org.springframework.boot.test.autoconfigure.SpringBootDependencyInjectionTestExecutionListener@6a7ab205, org.springframework.test.context.support.DirtiesContextTestExecutionListener@10cb5047, org.springframework.test.context.transaction.TransactionalTestExecutionListener@3a00237d, org.springframework.test.context.jdbc.SqlScriptsTestExecutionListener@bc88295, org.springframework.test.context.event.EventPublishingTestExecutionListener@341df373, org.springframework.security.test.context.support.WithSecurityContextTestExecutionListener@7e9ed4df, org.springframework.security.test.context.support.ReactorContextTestExecutionListener@453e1bba, org.springframework.boot.test.mock.mockito.ResetMocksTestExecutionListener@aade5a2, org.springframework.boot.test.autoconfigure.restdocs.RestDocsTestExecutionListener@51f009ef, org.springframework.boot.test.autoconfigure.web.client.MockRestServiceServerResetTestExecutionListener@59c00722, org.springframework.boot.test.autoconfigure.web.servlet.MockMvcPrintOnlyOnFailureTestExecutionListener@6c96346b, org.springframework.boot.test.autoconfigure.web.servlet.WebDriverTestExecutionListener@9734cae, org.springframework.boot.test.autoconfigure.webservices.client.MockWebServiceServerTestExecutionListener@589d831e]

Scenario Outline: Calendario mes               &amp#27;[90m# src/test/java/es/uclm/esi/features/2calendario.feature:13&amp#27;[0m
  &amp#27;[31mWhen &amp#27;[0m&amp#27;[31mconsulto con el usuario &amp#27;[0m&amp#27;[31m&amp#27;[1m"ejemplo2c"&amp#27;[0m     &amp#27;[90m# es.uclm.esi.CalendarioStepDefinitions.consulto_con_el_usuario(java.lang.String)&amp#27;[0m
      &amp#27;[31morg.springframework.security.authentication.BadCredentialsException: Bad credentials
	at org.springframework.security.authentication.dao.AbstractUserDetailsAuthenticationProvider.authenticate(AbstractUserDetailsAuthenticationProvider.java:151)
	at org.springframework.security.authentication.ProviderManager.authenticate(ProviderManager.java:199)
	at org.springframework.security.authentication.ProviderManager.authenticate(ProviderManager.java:219)
	at org.springframework.security.config.annotation.web.configuration.WebSecurityConfigurerAdapter$AuthenticationManagerDelegator.authenticate(WebSecurityConfigurerAdapter.java:524)
	at es.uclm.esi.CalendarioStepDefinitions.consulto_con_el_usuario(CalendarioStepDefinitions.java:48)
	at âœ½.consulto con el usuario "ejemplo2c"(file:///C:/Eclipse-cuarto/SIGET-Equipo3/src/test/java/es/uclm/esi/features/2calendario.feature:5)
&amp#27;[0m
  &amp#27;[36mAnd &amp#27;[0m&amp#27;[36mel calendario mes con mes &amp#27;[0m&amp#27;[36m&amp#27;[1m11&amp#27;[0m&amp#27;[36m y anio &amp#27;[0m&amp#27;[36m&amp#27;[1m2020&amp#27;[0m &amp#27;[90m# es.uclm.esi.CalendarioStepDefinitions.el_calendario_mes_con_mes_y_anio(java.lang.Integer,java.lang.Integer)&amp#27;[0m
  &amp#27;[36mThen &amp#27;[0m&amp#27;[36mobtengo el codigo &amp#27;[0m&amp#27;[36m&amp#27;[1m200&amp#27;[0m                   &amp#27;[90m# es.uclm.esi.CalendarioStepDefinitions.obtengo_el_codigo(java.lang.Integer)&amp#27;[0m
  &amp#27;[36mAnd &amp#27;[0m&amp#27;[36mobtengo los dias &amp#27;[0m&amp#27;[36m&amp#27;[1m"29"&amp#27;[0m                    &amp#27;[90m# es.uclm.esi.CalendarioStepDefinitions.obtengo_los_dias(java.lang.String)&amp#27;[0m
]]></system-out>
  </testcase>
  <testcase name="Calendario mes #3" classname="es.uclm.esi.RunCucumberTest" time="0.22">
    <error message="Bad credentials" type="org.springframework.security.authentication.BadCredentialsException">org.springframework.security.authentication.BadCredentialsException: Bad credentials
</error>
    <system-out><![CDATA[2020-12-02 09:54:42 - Neither @ContextConfiguration nor @ContextHierarchy found for test class [es.uclm.esi.CucumberTestContextConfiguration], using SpringBootContextLoader
2020-12-02 09:54:42 - Could not detect default resource locations for test class [es.uclm.esi.CucumberTestContextConfiguration]: no resource found for suffixes {-context.xml, Context.groovy}.
2020-12-02 09:54:42 - Could not detect default configuration classes for test class [es.uclm.esi.CucumberTestContextConfiguration]: CucumberTestContextConfiguration does not declare any static, non-private, non-final, nested classes annotated with @Configuration.
2020-12-02 09:54:42 - Found @SpringBootConfiguration es.uclm.esi.SigetApplication for test class es.uclm.esi.CucumberTestContextConfiguration
2020-12-02 09:54:42 - Loaded default TestExecutionListener class names from location [META-INF/spring.factories]: [org.springframework.boot.test.mock.mockito.MockitoTestExecutionListener, org.springframework.boot.test.mock.mockito.ResetMocksTestExecutionListener, org.springframework.boot.test.autoconfigure.restdocs.RestDocsTestExecutionListener, org.springframework.boot.test.autoconfigure.web.client.MockRestServiceServerResetTestExecutionListener, org.springframework.boot.test.autoconfigure.web.servlet.MockMvcPrintOnlyOnFailureTestExecutionListener, org.springframework.boot.test.autoconfigure.web.servlet.WebDriverTestExecutionListener, org.springframework.boot.test.autoconfigure.webservices.client.MockWebServiceServerTestExecutionListener, org.springframework.test.context.web.ServletTestExecutionListener, org.springframework.test.context.support.DirtiesContextBeforeModesTestExecutionListener, org.springframework.test.context.support.DependencyInjectionTestExecutionListener, org.springframework.test.context.support.DirtiesContextTestExecutionListener, org.springframework.test.context.transaction.TransactionalTestExecutionListener, org.springframework.test.context.jdbc.SqlScriptsTestExecutionListener, org.springframework.test.context.event.EventPublishingTestExecutionListener, org.springframework.security.test.context.support.WithSecurityContextTestExecutionListener, org.springframework.security.test.context.support.ReactorContextTestExecutionListener]
2020-12-02 09:54:42 - Using TestExecutionListeners: [org.springframework.test.context.web.ServletTestExecutionListener@5c552f08, org.springframework.test.context.support.DirtiesContextBeforeModesTestExecutionListener@4fd00e10, org.springframework.boot.test.mock.mockito.MockitoTestExecutionListener@7be1e187, org.springframework.boot.test.autoconfigure.SpringBootDependencyInjectionTestExecutionListener@1107c465, org.springframework.test.context.support.DirtiesContextTestExecutionListener@64df8422, org.springframework.test.context.transaction.TransactionalTestExecutionListener@2b30b627, org.springframework.test.context.jdbc.SqlScriptsTestExecutionListener@5fa9971f, org.springframework.test.context.event.EventPublishingTestExecutionListener@70a24463, org.springframework.security.test.context.support.WithSecurityContextTestExecutionListener@684430c1, org.springframework.security.test.context.support.ReactorContextTestExecutionListener@46eb2260, org.springframework.boot.test.mock.mockito.ResetMocksTestExecutionListener@556944cd, org.springframework.boot.test.autoconfigure.restdocs.RestDocsTestExecutionListener@370a935f, org.springframework.boot.test.autoconfigure.web.client.MockRestServiceServerResetTestExecutionListener@7e017f47, org.springframework.boot.test.autoconfigure.web.servlet.MockMvcPrintOnlyOnFailureTestExecutionListener@6166aac5, org.springframework.boot.test.autoconfigure.web.servlet.WebDriverTestExecutionListener@7e36d508, org.springframework.boot.test.autoconfigure.webservices.client.MockWebServiceServerTestExecutionListener@1d4531fa]

Scenario Outline: Calendario mes               &amp#27;[90m# src/test/java/es/uclm/esi/features/2calendario.feature:14&amp#27;[0m
  &amp#27;[31mWhen &amp#27;[0m&amp#27;[31mconsulto con el usuario &amp#27;[0m&amp#27;[31m&amp#27;[1m"ejemplo2c"&amp#27;[0m     &amp#27;[90m# es.uclm.esi.CalendarioStepDefinitions.consulto_con_el_usuario(java.lang.String)&amp#27;[0m
      &amp#27;[31morg.springframework.security.authentication.BadCredentialsException: Bad credentials
	at org.springframework.security.authentication.dao.AbstractUserDetailsAuthenticationProvider.authenticate(AbstractUserDetailsAuthenticationProvider.java:151)
	at org.springframework.security.authentication.ProviderManager.authenticate(ProviderManager.java:199)
	at org.springframework.security.authentication.ProviderManager.authenticate(ProviderManager.java:219)
	at org.springframework.security.config.annotation.web.configuration.WebSecurityConfigurerAdapter$AuthenticationManagerDelegator.authenticate(WebSecurityConfigurerAdapter.java:524)
	at es.uclm.esi.CalendarioStepDefinitions.consulto_con_el_usuario(CalendarioStepDefinitions.java:48)
	at âœ½.consulto con el usuario "ejemplo2c"(file:///C:/Eclipse-cuarto/SIGET-Equipo3/src/test/java/es/uclm/esi/features/2calendario.feature:5)
&amp#27;[0m
  &amp#27;[36mAnd &amp#27;[0m&amp#27;[36mel calendario mes con mes &amp#27;[0m&amp#27;[36m&amp#27;[1m12&amp#27;[0m&amp#27;[36m y anio &amp#27;[0m&amp#27;[36m&amp#27;[1m2020&amp#27;[0m &amp#27;[90m# es.uclm.esi.CalendarioStepDefinitions.el_calendario_mes_con_mes_y_anio(java.lang.Integer,java.lang.Integer)&amp#27;[0m
  &amp#27;[36mThen &amp#27;[0m&amp#27;[36mobtengo el codigo &amp#27;[0m&amp#27;[36m&amp#27;[1m200&amp#27;[0m                   &amp#27;[90m# es.uclm.esi.CalendarioStepDefinitions.obtengo_el_codigo(java.lang.Integer)&amp#27;[0m
  &amp#27;[36mAnd &amp#27;[0m&amp#27;[36mobtengo los dias &amp#27;[0m&amp#27;[36m&amp#27;[1m""&amp#27;[0m                      &amp#27;[90m# es.uclm.esi.CalendarioStepDefinitions.obtengo_los_dias(java.lang.String)&amp#27;[0m
]]></system-out>
  </testcase>
  <testcase name="Calendario dia #1" classname="es.uclm.esi.RunCucumberTest" time="0.212">
    <error message="Bad credentials" type="org.springframework.security.authentication.BadCredentialsException">org.springframework.security.authentication.BadCredentialsException: Bad credentials
</error>
    <system-out><![CDATA[2020-12-02 09:54:42 - Neither @ContextConfiguration nor @ContextHierarchy found for test class [es.uclm.esi.CucumberTestContextConfiguration], using SpringBootContextLoader
2020-12-02 09:54:42 - Could not detect default resource locations for test class [es.uclm.esi.CucumberTestContextConfiguration]: no resource found for suffixes {-context.xml, Context.groovy}.
2020-12-02 09:54:42 - Could not detect default configuration classes for test class [es.uclm.esi.CucumberTestContextConfiguration]: CucumberTestContextConfiguration does not declare any static, non-private, non-final, nested classes annotated with @Configuration.
2020-12-02 09:54:42 - Found @SpringBootConfiguration es.uclm.esi.SigetApplication for test class es.uclm.esi.CucumberTestContextConfiguration
2020-12-02 09:54:42 - Loaded default TestExecutionListener class names from location [META-INF/spring.factories]: [org.springframework.boot.test.mock.mockito.MockitoTestExecutionListener, org.springframework.boot.test.mock.mockito.ResetMocksTestExecutionListener, org.springframework.boot.test.autoconfigure.restdocs.RestDocsTestExecutionListener, org.springframework.boot.test.autoconfigure.web.client.MockRestServiceServerResetTestExecutionListener, org.springframework.boot.test.autoconfigure.web.servlet.MockMvcPrintOnlyOnFailureTestExecutionListener, org.springframework.boot.test.autoconfigure.web.servlet.WebDriverTestExecutionListener, org.springframework.boot.test.autoconfigure.webservices.client.MockWebServiceServerTestExecutionListener, org.springframework.test.context.web.ServletTestExecutionListener, org.springframework.test.context.support.DirtiesContextBeforeModesTestExecutionListener, org.springframework.test.context.support.DependencyInjectionTestExecutionListener, org.springframework.test.context.support.DirtiesContextTestExecutionListener, org.springframework.test.context.transaction.TransactionalTestExecutionListener, org.springframework.test.context.jdbc.SqlScriptsTestExecutionListener, org.springframework.test.context.event.EventPublishingTestExecutionListener, org.springframework.security.test.context.support.WithSecurityContextTestExecutionListener, org.springframework.security.test.context.support.ReactorContextTestExecutionListener]
2020-12-02 09:54:42 - Using TestExecutionListeners: [org.springframework.test.context.web.ServletTestExecutionListener@3c2f310c, org.springframework.test.context.support.DirtiesContextBeforeModesTestExecutionListener@74f92d14, org.springframework.boot.test.mock.mockito.MockitoTestExecutionListener@40071890, org.springframework.boot.test.autoconfigure.SpringBootDependencyInjectionTestExecutionListener@748aa7dc, org.springframework.test.context.support.DirtiesContextTestExecutionListener@31e84f10, org.springframework.test.context.transaction.TransactionalTestExecutionListener@c4455b4, org.springframework.test.context.jdbc.SqlScriptsTestExecutionListener@747f0f34, org.springframework.test.context.event.EventPublishingTestExecutionListener@556ae220, org.springframework.security.test.context.support.WithSecurityContextTestExecutionListener@2689b752, org.springframework.security.test.context.support.ReactorContextTestExecutionListener@84eafc2, org.springframework.boot.test.mock.mockito.ResetMocksTestExecutionListener@4440750, org.springframework.boot.test.autoconfigure.restdocs.RestDocsTestExecutionListener@63d9e1a, org.springframework.boot.test.autoconfigure.web.client.MockRestServiceServerResetTestExecutionListener@6d658aa8, org.springframework.boot.test.autoconfigure.web.servlet.MockMvcPrintOnlyOnFailureTestExecutionListener@10280879, org.springframework.boot.test.autoconfigure.web.servlet.WebDriverTestExecutionListener@3472f3ab, org.springframework.boot.test.autoconfigure.webservices.client.MockWebServiceServerTestExecutionListener@5e557671]

Scenario Outline: Calendario dia                        &amp#27;[90m# src/test/java/es/uclm/esi/features/2calendario.feature:24&amp#27;[0m
  &amp#27;[31mWhen &amp#27;[0m&amp#27;[31mconsulto con el usuario &amp#27;[0m&amp#27;[31m&amp#27;[1m"ejemplo1c"&amp#27;[0m              &amp#27;[90m# es.uclm.esi.CalendarioStepDefinitions.consulto_con_el_usuario(java.lang.String)&amp#27;[0m
      &amp#27;[31morg.springframework.security.authentication.BadCredentialsException: Bad credentials
	at org.springframework.security.authentication.dao.AbstractUserDetailsAuthenticationProvider.authenticate(AbstractUserDetailsAuthenticationProvider.java:151)
	at org.springframework.security.authentication.ProviderManager.authenticate(ProviderManager.java:199)
	at org.springframework.security.authentication.ProviderManager.authenticate(ProviderManager.java:219)
	at org.springframework.security.config.annotation.web.configuration.WebSecurityConfigurerAdapter$AuthenticationManagerDelegator.authenticate(WebSecurityConfigurerAdapter.java:524)
	at es.uclm.esi.CalendarioStepDefinitions.consulto_con_el_usuario(CalendarioStepDefinitions.java:43)
	at âœ½.consulto con el usuario "ejemplo1c"(file:///C:/Eclipse-cuarto/SIGET-Equipo3/src/test/java/es/uclm/esi/features/2calendario.feature:17)
&amp#27;[0m
  &amp#27;[36mAnd &amp#27;[0m&amp#27;[36mel calendario dia con dia &amp#27;[0m&amp#27;[36m&amp#27;[1m24&amp#27;[0m&amp#27;[36m y mes &amp#27;[0m&amp#27;[36m&amp#27;[1m11&amp#27;[0m&amp#27;[36m y anio &amp#27;[0m&amp#27;[36m&amp#27;[1m2020&amp#27;[0m &amp#27;[90m# es.uclm.esi.CalendarioStepDefinitions.el_calendario_dia_con_dia_y_mes_y_anio(java.lang.Integer,java.lang.Integer,java.lang.Integer)&amp#27;[0m
  &amp#27;[36mThen &amp#27;[0m&amp#27;[36mobtengo el codigo &amp#27;[0m&amp#27;[36m&amp#27;[1m200&amp#27;[0m                            &amp#27;[90m# es.uclm.esi.CalendarioStepDefinitions.obtengo_el_codigo(java.lang.Integer)&amp#27;[0m
  &amp#27;[36mAnd &amp#27;[0m&amp#27;[36mobtengo las reuniones &amp#27;[0m&amp#27;[36m&amp#27;[1m"r ejemplo12"&amp#27;[0m               &amp#27;[90m# es.uclm.esi.CalendarioStepDefinitions.obtengo_las_reuniones(java.lang.String)&amp#27;[0m
]]></system-out>
  </testcase>
  <testcase name="Calendario dia #2" classname="es.uclm.esi.RunCucumberTest" time="0.211">
    <error message="Bad credentials" type="org.springframework.security.authentication.BadCredentialsException">org.springframework.security.authentication.BadCredentialsException: Bad credentials
</error>
    <system-out><![CDATA[2020-12-02 09:54:42 - Neither @ContextConfiguration nor @ContextHierarchy found for test class [es.uclm.esi.CucumberTestContextConfiguration], using SpringBootContextLoader
2020-12-02 09:54:42 - Could not detect default resource locations for test class [es.uclm.esi.CucumberTestContextConfiguration]: no resource found for suffixes {-context.xml, Context.groovy}.
2020-12-02 09:54:42 - Could not detect default configuration classes for test class [es.uclm.esi.CucumberTestContextConfiguration]: CucumberTestContextConfiguration does not declare any static, non-private, non-final, nested classes annotated with @Configuration.
2020-12-02 09:54:42 - Found @SpringBootConfiguration es.uclm.esi.SigetApplication for test class es.uclm.esi.CucumberTestContextConfiguration
2020-12-02 09:54:42 - Loaded default TestExecutionListener class names from location [META-INF/spring.factories]: [org.springframework.boot.test.mock.mockito.MockitoTestExecutionListener, org.springframework.boot.test.mock.mockito.ResetMocksTestExecutionListener, org.springframework.boot.test.autoconfigure.restdocs.RestDocsTestExecutionListener, org.springframework.boot.test.autoconfigure.web.client.MockRestServiceServerResetTestExecutionListener, org.springframework.boot.test.autoconfigure.web.servlet.MockMvcPrintOnlyOnFailureTestExecutionListener, org.springframework.boot.test.autoconfigure.web.servlet.WebDriverTestExecutionListener, org.springframework.boot.test.autoconfigure.webservices.client.MockWebServiceServerTestExecutionListener, org.springframework.test.context.web.ServletTestExecutionListener, org.springframework.test.context.support.DirtiesContextBeforeModesTestExecutionListener, org.springframework.test.context.support.DependencyInjectionTestExecutionListener, org.springframework.test.context.support.DirtiesContextTestExecutionListener, org.springframework.test.context.transaction.TransactionalTestExecutionListener, org.springframework.test.context.jdbc.SqlScriptsTestExecutionListener, org.springframework.test.context.event.EventPublishingTestExecutionListener, org.springframework.security.test.context.support.WithSecurityContextTestExecutionListener, org.springframework.security.test.context.support.ReactorContextTestExecutionListener]
2020-12-02 09:54:42 - Using TestExecutionListeners: [org.springframework.test.context.web.ServletTestExecutionListener@4f1f2f84, org.springframework.test.context.support.DirtiesContextBeforeModesTestExecutionListener@6c537267, org.springframework.boot.test.mock.mockito.MockitoTestExecutionListener@19c06762, org.springframework.boot.test.autoconfigure.SpringBootDependencyInjectionTestExecutionListener@22e1a1dc, org.springframework.test.context.support.DirtiesContextTestExecutionListener@14b4d90b, org.springframework.test.context.transaction.TransactionalTestExecutionListener@638341b0, org.springframework.test.context.jdbc.SqlScriptsTestExecutionListener@7962c1d5, org.springframework.test.context.event.EventPublishingTestExecutionListener@56226064, org.springframework.security.test.context.support.WithSecurityContextTestExecutionListener@646c872a, org.springframework.security.test.context.support.ReactorContextTestExecutionListener@1d9bd4d6, org.springframework.boot.test.mock.mockito.ResetMocksTestExecutionListener@7298c2d9, org.springframework.boot.test.autoconfigure.restdocs.RestDocsTestExecutionListener@377cbdae, org.springframework.boot.test.autoconfigure.web.client.MockRestServiceServerResetTestExecutionListener@37a939bc, org.springframework.boot.test.autoconfigure.web.servlet.MockMvcPrintOnlyOnFailureTestExecutionListener@74d776fb, org.springframework.boot.test.autoconfigure.web.servlet.WebDriverTestExecutionListener@406decb2, org.springframework.boot.test.autoconfigure.webservices.client.MockWebServiceServerTestExecutionListener@122ea8dc]

Scenario Outline: Calendario dia                        &amp#27;[90m# src/test/java/es/uclm/esi/features/2calendario.feature:25&amp#27;[0m
  &amp#27;[31mWhen &amp#27;[0m&amp#27;[31mconsulto con el usuario &amp#27;[0m&amp#27;[31m&amp#27;[1m"ejemplo1c"&amp#27;[0m              &amp#27;[90m# es.uclm.esi.CalendarioStepDefinitions.consulto_con_el_usuario(java.lang.String)&amp#27;[0m
      &amp#27;[31morg.springframework.security.authentication.BadCredentialsException: Bad credentials
	at org.springframework.security.authentication.dao.AbstractUserDetailsAuthenticationProvider.authenticate(AbstractUserDetailsAuthenticationProvider.java:151)
	at org.springframework.security.authentication.ProviderManager.authenticate(ProviderManager.java:199)
	at org.springframework.security.authentication.ProviderManager.authenticate(ProviderManager.java:219)
	at org.springframework.security.config.annotation.web.configuration.WebSecurityConfigurerAdapter$AuthenticationManagerDelegator.authenticate(WebSecurityConfigurerAdapter.java:524)
	at es.uclm.esi.CalendarioStepDefinitions.consulto_con_el_usuario(CalendarioStepDefinitions.java:43)
	at âœ½.consulto con el usuario "ejemplo1c"(file:///C:/Eclipse-cuarto/SIGET-Equipo3/src/test/java/es/uclm/esi/features/2calendario.feature:17)
&amp#27;[0m
  &amp#27;[36mAnd &amp#27;[0m&amp#27;[36mel calendario dia con dia &amp#27;[0m&amp#27;[36m&amp#27;[1m29&amp#27;[0m&amp#27;[36m y mes &amp#27;[0m&amp#27;[36m&amp#27;[1m11&amp#27;[0m&amp#27;[36m y anio &amp#27;[0m&amp#27;[36m&amp#27;[1m2020&amp#27;[0m &amp#27;[90m# es.uclm.esi.CalendarioStepDefinitions.el_calendario_dia_con_dia_y_mes_y_anio(java.lang.Integer,java.lang.Integer,java.lang.Integer)&amp#27;[0m
  &amp#27;[36mThen &amp#27;[0m&amp#27;[36mobtengo el codigo &amp#27;[0m&amp#27;[36m&amp#27;[1m200&amp#27;[0m                            &amp#27;[90m# es.uclm.esi.CalendarioStepDefinitions.obtengo_el_codigo(java.lang.Integer)&amp#27;[0m
  &amp#27;[36mAnd &amp#27;[0m&amp#27;[36mobtengo las reuniones &amp#27;[0m&amp#27;[36m&amp#27;[1m"r ejemplo1"&amp#27;[0m                &amp#27;[90m# es.uclm.esi.CalendarioStepDefinitions.obtengo_las_reuniones(java.lang.String)&amp#27;[0m
]]></system-out>
  </testcase>
  <testcase name="Calendario dia #3" classname="es.uclm.esi.RunCucumberTest" time="0.219">
    <error message="Bad credentials" type="org.springframework.security.authentication.BadCredentialsException">org.springframework.security.authentication.BadCredentialsException: Bad credentials
</error>
    <system-out><![CDATA[2020-12-02 09:54:42 - Neither @ContextConfiguration nor @ContextHierarchy found for test class [es.uclm.esi.CucumberTestContextConfiguration], using SpringBootContextLoader
2020-12-02 09:54:42 - Could not detect default resource locations for test class [es.uclm.esi.CucumberTestContextConfiguration]: no resource found for suffixes {-context.xml, Context.groovy}.
2020-12-02 09:54:42 - Could not detect default configuration classes for test class [es.uclm.esi.CucumberTestContextConfiguration]: CucumberTestContextConfiguration does not declare any static, non-private, non-final, nested classes annotated with @Configuration.
2020-12-02 09:54:42 - Found @SpringBootConfiguration es.uclm.esi.SigetApplication for test class es.uclm.esi.CucumberTestContextConfiguration
2020-12-02 09:54:42 - Loaded default TestExecutionListener class names from location [META-INF/spring.factories]: [org.springframework.boot.test.mock.mockito.MockitoTestExecutionListener, org.springframework.boot.test.mock.mockito.ResetMocksTestExecutionListener, org.springframework.boot.test.autoconfigure.restdocs.RestDocsTestExecutionListener, org.springframework.boot.test.autoconfigure.web.client.MockRestServiceServerResetTestExecutionListener, org.springframework.boot.test.autoconfigure.web.servlet.MockMvcPrintOnlyOnFailureTestExecutionListener, org.springframework.boot.test.autoconfigure.web.servlet.WebDriverTestExecutionListener, org.springframework.boot.test.autoconfigure.webservices.client.MockWebServiceServerTestExecutionListener, org.springframework.test.context.web.ServletTestExecutionListener, org.springframework.test.context.support.DirtiesContextBeforeModesTestExecutionListener, org.springframework.test.context.support.DependencyInjectionTestExecutionListener, org.springframework.test.context.support.DirtiesContextTestExecutionListener, org.springframework.test.context.transaction.TransactionalTestExecutionListener, org.springframework.test.context.jdbc.SqlScriptsTestExecutionListener, org.springframework.test.context.event.EventPublishingTestExecutionListener, org.springframework.security.test.context.support.WithSecurityContextTestExecutionListener, org.springframework.security.test.context.support.ReactorContextTestExecutionListener]
2020-12-02 09:54:42 - Using TestExecutionListeners: [org.springframework.test.context.web.ServletTestExecutionListener@239bc43f, org.springframework.test.context.support.DirtiesContextBeforeModesTestExecutionListener@c3ca482, org.springframework.boot.test.mock.mockito.MockitoTestExecutionListener@6b338591, org.springframework.boot.test.autoconfigure.SpringBootDependencyInjectionTestExecutionListener@277474fc, org.springframework.test.context.support.DirtiesContextTestExecutionListener@5ab3f611, org.springframework.test.context.transaction.TransactionalTestExecutionListener@33425171, org.springframework.test.context.jdbc.SqlScriptsTestExecutionListener@44aa5585, org.springframework.test.context.event.EventPublishingTestExecutionListener@40fd1a78, org.springframework.security.test.context.support.WithSecurityContextTestExecutionListener@53b7f08, org.springframework.security.test.context.support.ReactorContextTestExecutionListener@24536f07, org.springframework.boot.test.mock.mockito.ResetMocksTestExecutionListener@32430075, org.springframework.boot.test.autoconfigure.restdocs.RestDocsTestExecutionListener@1a45e29f, org.springframework.boot.test.autoconfigure.web.client.MockRestServiceServerResetTestExecutionListener@44580de0, org.springframework.boot.test.autoconfigure.web.servlet.MockMvcPrintOnlyOnFailureTestExecutionListener@7b4c793b, org.springframework.boot.test.autoconfigure.web.servlet.WebDriverTestExecutionListener@51a69e8f, org.springframework.boot.test.autoconfigure.webservices.client.MockWebServiceServerTestExecutionListener@6442cf3e]

Scenario Outline: Calendario dia                        &amp#27;[90m# src/test/java/es/uclm/esi/features/2calendario.feature:26&amp#27;[0m
  &amp#27;[31mWhen &amp#27;[0m&amp#27;[31mconsulto con el usuario &amp#27;[0m&amp#27;[31m&amp#27;[1m"ejemplo2c"&amp#27;[0m              &amp#27;[90m# es.uclm.esi.CalendarioStepDefinitions.consulto_con_el_usuario(java.lang.String)&amp#27;[0m
      &amp#27;[31morg.springframework.security.authentication.BadCredentialsException: Bad credentials
	at org.springframework.security.authentication.dao.AbstractUserDetailsAuthenticationProvider.authenticate(AbstractUserDetailsAuthenticationProvider.java:151)
	at org.springframework.security.authentication.ProviderManager.authenticate(ProviderManager.java:199)
	at org.springframework.security.authentication.ProviderManager.authenticate(ProviderManager.java:219)
	at org.springframework.security.config.annotation.web.configuration.WebSecurityConfigurerAdapter$AuthenticationManagerDelegator.authenticate(WebSecurityConfigurerAdapter.java:524)
	at es.uclm.esi.CalendarioStepDefinitions.consulto_con_el_usuario(CalendarioStepDefinitions.java:48)
	at âœ½.consulto con el usuario "ejemplo2c"(file:///C:/Eclipse-cuarto/SIGET-Equipo3/src/test/java/es/uclm/esi/features/2calendario.feature:17)
&amp#27;[0m
  &amp#27;[36mAnd &amp#27;[0m&amp#27;[36mel calendario dia con dia &amp#27;[0m&amp#27;[36m&amp#27;[1m29&amp#27;[0m&amp#27;[36m y mes &amp#27;[0m&amp#27;[36m&amp#27;[1m11&amp#27;[0m&amp#27;[36m y anio &amp#27;[0m&amp#27;[36m&amp#27;[1m2020&amp#27;[0m &amp#27;[90m# es.uclm.esi.CalendarioStepDefinitions.el_calendario_dia_con_dia_y_mes_y_anio(java.lang.Integer,java.lang.Integer,java.lang.Integer)&amp#27;[0m
  &amp#27;[36mThen &amp#27;[0m&amp#27;[36mobtengo el codigo &amp#27;[0m&amp#27;[36m&amp#27;[1m200&amp#27;[0m                            &amp#27;[90m# es.uclm.esi.CalendarioStepDefinitions.obtengo_el_codigo(java.lang.Integer)&amp#27;[0m
  &amp#27;[36mAnd &amp#27;[0m&amp#27;[36mobtengo las reuniones &amp#27;[0m&amp#27;[36m&amp#27;[1m"r ejemplo1,r ejemplo2"&amp#27;[0m     &amp#27;[90m# es.uclm.esi.CalendarioStepDefinitions.obtengo_las_reuniones(java.lang.String)&amp#27;[0m
]]></system-out>
  </testcase>
  <testcase name="Calendario dia #4" classname="es.uclm.esi.RunCucumberTest" time="0.183">
    <error message="Bad credentials" type="org.springframework.security.authentication.BadCredentialsException">org.springframework.security.authentication.BadCredentialsException: Bad credentials
</error>
    <system-out><![CDATA[2020-12-02 09:54:42 - Neither @ContextConfiguration nor @ContextHierarchy found for test class [es.uclm.esi.CucumberTestContextConfiguration], using SpringBootContextLoader
2020-12-02 09:54:42 - Could not detect default resource locations for test class [es.uclm.esi.CucumberTestContextConfiguration]: no resource found for suffixes {-context.xml, Context.groovy}.
2020-12-02 09:54:42 - Could not detect default configuration classes for test class [es.uclm.esi.CucumberTestContextConfiguration]: CucumberTestContextConfiguration does not declare any static, non-private, non-final, nested classes annotated with @Configuration.
2020-12-02 09:54:42 - Found @SpringBootConfiguration es.uclm.esi.SigetApplication for test class es.uclm.esi.CucumberTestContextConfiguration
2020-12-02 09:54:42 - Loaded default TestExecutionListener class names from location [META-INF/spring.factories]: [org.springframework.boot.test.mock.mockito.MockitoTestExecutionListener, org.springframework.boot.test.mock.mockito.ResetMocksTestExecutionListener, org.springframework.boot.test.autoconfigure.restdocs.RestDocsTestExecutionListener, org.springframework.boot.test.autoconfigure.web.client.MockRestServiceServerResetTestExecutionListener, org.springframework.boot.test.autoconfigure.web.servlet.MockMvcPrintOnlyOnFailureTestExecutionListener, org.springframework.boot.test.autoconfigure.web.servlet.WebDriverTestExecutionListener, org.springframework.boot.test.autoconfigure.webservices.client.MockWebServiceServerTestExecutionListener, org.springframework.test.context.web.ServletTestExecutionListener, org.springframework.test.context.support.DirtiesContextBeforeModesTestExecutionListener, org.springframework.test.context.support.DependencyInjectionTestExecutionListener, org.springframework.test.context.support.DirtiesContextTestExecutionListener, org.springframework.test.context.transaction.TransactionalTestExecutionListener, org.springframework.test.context.jdbc.SqlScriptsTestExecutionListener, org.springframework.test.context.event.EventPublishingTestExecutionListener, org.springframework.security.test.context.support.WithSecurityContextTestExecutionListener, org.springframework.security.test.context.support.ReactorContextTestExecutionListener]
2020-12-02 09:54:42 - Using TestExecutionListeners: [org.springframework.test.context.web.ServletTestExecutionListener@6f926d01, org.springframework.test.context.support.DirtiesContextBeforeModesTestExecutionListener@c67a89, org.springframework.boot.test.mock.mockito.MockitoTestExecutionListener@1e3a2177, org.springframework.boot.test.autoconfigure.SpringBootDependencyInjectionTestExecutionListener@58720eb9, org.springframework.test.context.support.DirtiesContextTestExecutionListener@24749ad3, org.springframework.test.context.transaction.TransactionalTestExecutionListener@1755aee6, org.springframework.test.context.jdbc.SqlScriptsTestExecutionListener@582b14e2, org.springframework.test.context.event.EventPublishingTestExecutionListener@10e4ce98, org.springframework.security.test.context.support.WithSecurityContextTestExecutionListener@10466c55, org.springframework.security.test.context.support.ReactorContextTestExecutionListener@2a5ed225, org.springframework.boot.test.mock.mockito.ResetMocksTestExecutionListener@2a525f88, org.springframework.boot.test.autoconfigure.restdocs.RestDocsTestExecutionListener@1cf4d454, org.springframework.boot.test.autoconfigure.web.client.MockRestServiceServerResetTestExecutionListener@3ff3275b, org.springframework.boot.test.autoconfigure.web.servlet.MockMvcPrintOnlyOnFailureTestExecutionListener@63e0057a, org.springframework.boot.test.autoconfigure.web.servlet.WebDriverTestExecutionListener@5b76b891, org.springframework.boot.test.autoconfigure.webservices.client.MockWebServiceServerTestExecutionListener@611a91df]

Scenario Outline: Calendario dia                        &amp#27;[90m# src/test/java/es/uclm/esi/features/2calendario.feature:27&amp#27;[0m
  &amp#27;[31mWhen &amp#27;[0m&amp#27;[31mconsulto con el usuario &amp#27;[0m&amp#27;[31m&amp#27;[1m"ejemplo2c"&amp#27;[0m              &amp#27;[90m# es.uclm.esi.CalendarioStepDefinitions.consulto_con_el_usuario(java.lang.String)&amp#27;[0m
      &amp#27;[31morg.springframework.security.authentication.BadCredentialsException: Bad credentials
	at org.springframework.security.authentication.dao.AbstractUserDetailsAuthenticationProvider.authenticate(AbstractUserDetailsAuthenticationProvider.java:151)
	at org.springframework.security.authentication.ProviderManager.authenticate(ProviderManager.java:199)
	at org.springframework.security.authentication.ProviderManager.authenticate(ProviderManager.java:219)
	at org.springframework.security.config.annotation.web.configuration.WebSecurityConfigurerAdapter$AuthenticationManagerDelegator.authenticate(WebSecurityConfigurerAdapter.java:524)
	at es.uclm.esi.CalendarioStepDefinitions.consulto_con_el_usuario(CalendarioStepDefinitions.java:48)
	at âœ½.consulto con el usuario "ejemplo2c"(file:///C:/Eclipse-cuarto/SIGET-Equipo3/src/test/java/es/uclm/esi/features/2calendario.feature:17)
&amp#27;[0m
  &amp#27;[36mAnd &amp#27;[0m&amp#27;[36mel calendario dia con dia &amp#27;[0m&amp#27;[36m&amp#27;[1m24&amp#27;[0m&amp#27;[36m y mes &amp#27;[0m&amp#27;[36m&amp#27;[1m11&amp#27;[0m&amp#27;[36m y anio &amp#27;[0m&amp#27;[36m&amp#27;[1m2020&amp#27;[0m &amp#27;[90m# es.uclm.esi.CalendarioStepDefinitions.el_calendario_dia_con_dia_y_mes_y_anio(java.lang.Integer,java.lang.Integer,java.lang.Integer)&amp#27;[0m
  &amp#27;[36mThen &amp#27;[0m&amp#27;[36mobtengo el codigo &amp#27;[0m&amp#27;[36m&amp#27;[1m200&amp#27;[0m                            &amp#27;[90m# es.uclm.esi.CalendarioStepDefinitions.obtengo_el_codigo(java.lang.Integer)&amp#27;[0m
  &amp#27;[36mAnd &amp#27;[0m&amp#27;[36mobtengo las reuniones &amp#27;[0m&amp#27;[36m&amp#27;[1m""&amp#27;[0m                          &amp#27;[90m# es.uclm.esi.CalendarioStepDefinitions.obtengo_las_reuniones(java.lang.String)&amp#27;[0m
]]></system-out>
  </testcase>
  <testcase name="convocar #1" classname="es.uclm.esi.RunCucumberTest" time="0.21">
    <error message="Bad credentials" type="org.springframework.security.authentication.BadCredentialsException">org.springframework.security.authentication.BadCredentialsException: Bad credentials
</error>
    <system-out><![CDATA[2020-12-02 09:54:43 - Neither @ContextConfiguration nor @ContextHierarchy found for test class [es.uclm.esi.CucumberTestContextConfiguration], using SpringBootContextLoader
2020-12-02 09:54:43 - Could not detect default resource locations for test class [es.uclm.esi.CucumberTestContextConfiguration]: no resource found for suffixes {-context.xml, Context.groovy}.
2020-12-02 09:54:43 - Could not detect default configuration classes for test class [es.uclm.esi.CucumberTestContextConfiguration]: CucumberTestContextConfiguration does not declare any static, non-private, non-final, nested classes annotated with @Configuration.
2020-12-02 09:54:43 - Found @SpringBootConfiguration es.uclm.esi.SigetApplication for test class es.uclm.esi.CucumberTestContextConfiguration
2020-12-02 09:54:43 - Loaded default TestExecutionListener class names from location [META-INF/spring.factories]: [org.springframework.boot.test.mock.mockito.MockitoTestExecutionListener, org.springframework.boot.test.mock.mockito.ResetMocksTestExecutionListener, org.springframework.boot.test.autoconfigure.restdocs.RestDocsTestExecutionListener, org.springframework.boot.test.autoconfigure.web.client.MockRestServiceServerResetTestExecutionListener, org.springframework.boot.test.autoconfigure.web.servlet.MockMvcPrintOnlyOnFailureTestExecutionListener, org.springframework.boot.test.autoconfigure.web.servlet.WebDriverTestExecutionListener, org.springframework.boot.test.autoconfigure.webservices.client.MockWebServiceServerTestExecutionListener, org.springframework.test.context.web.ServletTestExecutionListener, org.springframework.test.context.support.DirtiesContextBeforeModesTestExecutionListener, org.springframework.test.context.support.DependencyInjectionTestExecutionListener, org.springframework.test.context.support.DirtiesContextTestExecutionListener, org.springframework.test.context.transaction.TransactionalTestExecutionListener, org.springframework.test.context.jdbc.SqlScriptsTestExecutionListener, org.springframework.test.context.event.EventPublishingTestExecutionListener, org.springframework.security.test.context.support.WithSecurityContextTestExecutionListener, org.springframework.security.test.context.support.ReactorContextTestExecutionListener]
2020-12-02 09:54:43 - Using TestExecutionListeners: [org.springframework.test.context.web.ServletTestExecutionListener@245dbd09, org.springframework.test.context.support.DirtiesContextBeforeModesTestExecutionListener@4a013b23, org.springframework.boot.test.mock.mockito.MockitoTestExecutionListener@7f20dfd5, org.springframework.boot.test.autoconfigure.SpringBootDependencyInjectionTestExecutionListener@15651402, org.springframework.test.context.support.DirtiesContextTestExecutionListener@5c194652, org.springframework.test.context.transaction.TransactionalTestExecutionListener@1f02b6d1, org.springframework.test.context.jdbc.SqlScriptsTestExecutionListener@66a50c93, org.springframework.test.context.event.EventPublishingTestExecutionListener@5bddd141, org.springframework.security.test.context.support.WithSecurityContextTestExecutionListener@4d6027be, org.springframework.security.test.context.support.ReactorContextTestExecutionListener@475eb4fd, org.springframework.boot.test.mock.mockito.ResetMocksTestExecutionListener@951e911, org.springframework.boot.test.autoconfigure.restdocs.RestDocsTestExecutionListener@3cb376a3, org.springframework.boot.test.autoconfigure.web.client.MockRestServiceServerResetTestExecutionListener@7022fb5c, org.springframework.boot.test.autoconfigure.web.servlet.MockMvcPrintOnlyOnFailureTestExecutionListener@426940f9, org.springframework.boot.test.autoconfigure.web.servlet.WebDriverTestExecutionListener@447630c4, org.springframework.boot.test.autoconfigure.webservices.client.MockWebServiceServerTestExecutionListener@63d75087]

Scenario Outline: convocar                                               &amp#27;[90m# src/test/java/es/uclm/esi/features/3convocarReunion.feature:17&amp#27;[0m
  &amp#27;[32mWhen &amp#27;[0m&amp#27;[32mtitulo es &amp#27;[0m&amp#27;[32m&amp#27;[1m"Reunion 1"&amp#27;[0m                                             &amp#27;[90m# es.uclm.esi.ConvocarReunionStepDefinitions.titulo_es(java.lang.String)&amp#27;[0m
  &amp#27;[32mAnd &amp#27;[0m&amp#27;[32mdia es &amp#27;[0m&amp#27;[32m&amp#27;[1m52&amp#27;[0m                                                          &amp#27;[90m# es.uclm.esi.ConvocarReunionStepDefinitions.dia_es(java.lang.Integer)&amp#27;[0m
  &amp#27;[32mAnd &amp#27;[0m&amp#27;[32mmes es &amp#27;[0m&amp#27;[32m&amp#27;[1m12&amp#27;[0m                                                          &amp#27;[90m# es.uclm.esi.ConvocarReunionStepDefinitions.mes_es(java.lang.Integer)&amp#27;[0m
  &amp#27;[32mAnd &amp#27;[0m&amp#27;[32mano es &amp#27;[0m&amp#27;[32m&amp#27;[1m2020&amp#27;[0m                                                        &amp#27;[90m# es.uclm.esi.ConvocarReunionStepDefinitions.ano_es(java.lang.Integer)&amp#27;[0m
  &amp#27;[32mAnd &amp#27;[0m&amp#27;[32mhora es &amp#27;[0m&amp#27;[32m&amp#27;[1m"22:00"&amp#27;[0m                                                    &amp#27;[90m# es.uclm.esi.ConvocarReunionStepDefinitions.hora_es(java.lang.String)&amp#27;[0m
  &amp#27;[32mAnd &amp#27;[0m&amp#27;[32mdescripcion es &amp#27;[0m&amp#27;[32m&amp#27;[1m"Prueba"&amp#27;[0m                                            &amp#27;[90m# es.uclm.esi.ConvocarReunionStepDefinitions.descripcion_es(java.lang.String)&amp#27;[0m
  &amp#27;[32mAnd &amp#27;[0m&amp#27;[32masistentes son &amp#27;[0m&amp#27;[32m&amp#27;[1m"Fatima:pendiente,Victor:pendiente,admin:pendiente"&amp#27;[0m &amp#27;[90m# es.uclm.esi.ConvocarReunionStepDefinitions.asistentes_son(java.lang.String)&amp#27;[0m
  &amp#27;[31mThen &amp#27;[0m&amp#27;[31mconvoco la reunion&amp#27;[0m                                                &amp#27;[90m# es.uclm.esi.ConvocarReunionStepDefinitions.convoco_la_reunion()&amp#27;[0m
      &amp#27;[31morg.springframework.security.authentication.BadCredentialsException: Bad credentials
	at org.springframework.security.authentication.dao.AbstractUserDetailsAuthenticationProvider.authenticate(AbstractUserDetailsAuthenticationProvider.java:151)
	at org.springframework.security.authentication.ProviderManager.authenticate(ProviderManager.java:199)
	at org.springframework.security.authentication.ProviderManager.authenticate(ProviderManager.java:219)
	at org.springframework.security.config.annotation.web.configuration.WebSecurityConfigurerAdapter$AuthenticationManagerDelegator.authenticate(WebSecurityConfigurerAdapter.java:524)
	at es.uclm.esi.ConvocarReunionStepDefinitions.convoco_la_reunion(ConvocarReunionStepDefinitions.java:95)
	at âœ½.convoco la reunion(file:///C:/Eclipse-cuarto/SIGET-Equipo3/src/test/java/es/uclm/esi/features/3convocarReunion.feature:12)
&amp#27;[0m
  &amp#27;[36mThen &amp#27;[0m&amp#27;[36mla respuesta a convocar sera &amp#27;[0m&amp#27;[36m&amp#27;[1m400&amp#27;[0m                                  &amp#27;[90m# es.uclm.esi.ConvocarReunionStepDefinitions.la_respuesta_a_convocar_sera(java.lang.Integer)&amp#27;[0m
]]></system-out>
  </testcase>
  <testcase name="convocar #2" classname="es.uclm.esi.RunCucumberTest" time="0.212">
    <error message="Bad credentials" type="org.springframework.security.authentication.BadCredentialsException">org.springframework.security.authentication.BadCredentialsException: Bad credentials
</error>
    <system-out><![CDATA[2020-12-02 09:54:43 - Neither @ContextConfiguration nor @ContextHierarchy found for test class [es.uclm.esi.CucumberTestContextConfiguration], using SpringBootContextLoader
2020-12-02 09:54:43 - Could not detect default resource locations for test class [es.uclm.esi.CucumberTestContextConfiguration]: no resource found for suffixes {-context.xml, Context.groovy}.
2020-12-02 09:54:43 - Could not detect default configuration classes for test class [es.uclm.esi.CucumberTestContextConfiguration]: CucumberTestContextConfiguration does not declare any static, non-private, non-final, nested classes annotated with @Configuration.
2020-12-02 09:54:43 - Found @SpringBootConfiguration es.uclm.esi.SigetApplication for test class es.uclm.esi.CucumberTestContextConfiguration
2020-12-02 09:54:43 - Loaded default TestExecutionListener class names from location [META-INF/spring.factories]: [org.springframework.boot.test.mock.mockito.MockitoTestExecutionListener, org.springframework.boot.test.mock.mockito.ResetMocksTestExecutionListener, org.springframework.boot.test.autoconfigure.restdocs.RestDocsTestExecutionListener, org.springframework.boot.test.autoconfigure.web.client.MockRestServiceServerResetTestExecutionListener, org.springframework.boot.test.autoconfigure.web.servlet.MockMvcPrintOnlyOnFailureTestExecutionListener, org.springframework.boot.test.autoconfigure.web.servlet.WebDriverTestExecutionListener, org.springframework.boot.test.autoconfigure.webservices.client.MockWebServiceServerTestExecutionListener, org.springframework.test.context.web.ServletTestExecutionListener, org.springframework.test.context.support.DirtiesContextBeforeModesTestExecutionListener, org.springframework.test.context.support.DependencyInjectionTestExecutionListener, org.springframework.test.context.support.DirtiesContextTestExecutionListener, org.springframework.test.context.transaction.TransactionalTestExecutionListener, org.springframework.test.context.jdbc.SqlScriptsTestExecutionListener, org.springframework.test.context.event.EventPublishingTestExecutionListener, org.springframework.security.test.context.support.WithSecurityContextTestExecutionListener, org.springframework.security.test.context.support.ReactorContextTestExecutionListener]
2020-12-02 09:54:43 - Using TestExecutionListeners: [org.springframework.test.context.web.ServletTestExecutionListener@1fcf73b9, org.springframework.test.context.support.DirtiesContextBeforeModesTestExecutionListener@3b80bb63, org.springframework.boot.test.mock.mockito.MockitoTestExecutionListener@17ebbf1e, org.springframework.boot.test.autoconfigure.SpringBootDependencyInjectionTestExecutionListener@5c65fa69, org.springframework.test.context.support.DirtiesContextTestExecutionListener@38d308e7, org.springframework.test.context.transaction.TransactionalTestExecutionListener@6b6f73d, org.springframework.test.context.jdbc.SqlScriptsTestExecutionListener@4c6fabba, org.springframework.test.context.event.EventPublishingTestExecutionListener@3f2ab6ec, org.springframework.security.test.context.support.WithSecurityContextTestExecutionListener@1f1e15de, org.springframework.security.test.context.support.ReactorContextTestExecutionListener@2ea0161f, org.springframework.boot.test.mock.mockito.ResetMocksTestExecutionListener@1f235a0a, org.springframework.boot.test.autoconfigure.restdocs.RestDocsTestExecutionListener@75d402d4, org.springframework.boot.test.autoconfigure.web.client.MockRestServiceServerResetTestExecutionListener@1a0b4955, org.springframework.boot.test.autoconfigure.web.servlet.MockMvcPrintOnlyOnFailureTestExecutionListener@3435a4e5, org.springframework.boot.test.autoconfigure.web.servlet.WebDriverTestExecutionListener@31434b63, org.springframework.boot.test.autoconfigure.webservices.client.MockWebServiceServerTestExecutionListener@64d42d3d]

Scenario Outline: convocar                                               &amp#27;[90m# src/test/java/es/uclm/esi/features/3convocarReunion.feature:18&amp#27;[0m
  &amp#27;[32mWhen &amp#27;[0m&amp#27;[32mtitulo es &amp#27;[0m&amp#27;[32m&amp#27;[1m"Reunion 2"&amp#27;[0m                                             &amp#27;[90m# es.uclm.esi.ConvocarReunionStepDefinitions.titulo_es(java.lang.String)&amp#27;[0m
  &amp#27;[32mAnd &amp#27;[0m&amp#27;[32mdia es &amp#27;[0m&amp#27;[32m&amp#27;[1m11&amp#27;[0m                                                          &amp#27;[90m# es.uclm.esi.ConvocarReunionStepDefinitions.dia_es(java.lang.Integer)&amp#27;[0m
  &amp#27;[32mAnd &amp#27;[0m&amp#27;[32mmes es &amp#27;[0m&amp#27;[32m&amp#27;[1m15&amp#27;[0m                                                          &amp#27;[90m# es.uclm.esi.ConvocarReunionStepDefinitions.mes_es(java.lang.Integer)&amp#27;[0m
  &amp#27;[32mAnd &amp#27;[0m&amp#27;[32mano es &amp#27;[0m&amp#27;[32m&amp#27;[1m2020&amp#27;[0m                                                        &amp#27;[90m# es.uclm.esi.ConvocarReunionStepDefinitions.ano_es(java.lang.Integer)&amp#27;[0m
  &amp#27;[32mAnd &amp#27;[0m&amp#27;[32mhora es &amp#27;[0m&amp#27;[32m&amp#27;[1m"16:00"&amp#27;[0m                                                    &amp#27;[90m# es.uclm.esi.ConvocarReunionStepDefinitions.hora_es(java.lang.String)&amp#27;[0m
  &amp#27;[32mAnd &amp#27;[0m&amp#27;[32mdescripcion es &amp#27;[0m&amp#27;[32m&amp#27;[1m"Prueba"&amp#27;[0m                                            &amp#27;[90m# es.uclm.esi.ConvocarReunionStepDefinitions.descripcion_es(java.lang.String)&amp#27;[0m
  &amp#27;[32mAnd &amp#27;[0m&amp#27;[32masistentes son &amp#27;[0m&amp#27;[32m&amp#27;[1m"Fatima:pendiente,Victor:pendiente,admin:pendiente"&amp#27;[0m &amp#27;[90m# es.uclm.esi.ConvocarReunionStepDefinitions.asistentes_son(java.lang.String)&amp#27;[0m
  &amp#27;[31mThen &amp#27;[0m&amp#27;[31mconvoco la reunion&amp#27;[0m                                                &amp#27;[90m# es.uclm.esi.ConvocarReunionStepDefinitions.convoco_la_reunion()&amp#27;[0m
      &amp#27;[31morg.springframework.security.authentication.BadCredentialsException: Bad credentials
	at org.springframework.security.authentication.dao.AbstractUserDetailsAuthenticationProvider.authenticate(AbstractUserDetailsAuthenticationProvider.java:151)
	at org.springframework.security.authentication.ProviderManager.authenticate(ProviderManager.java:199)
	at org.springframework.security.authentication.ProviderManager.authenticate(ProviderManager.java:219)
	at org.springframework.security.config.annotation.web.configuration.WebSecurityConfigurerAdapter$AuthenticationManagerDelegator.authenticate(WebSecurityConfigurerAdapter.java:524)
	at es.uclm.esi.ConvocarReunionStepDefinitions.convoco_la_reunion(ConvocarReunionStepDefinitions.java:95)
	at âœ½.convoco la reunion(file:///C:/Eclipse-cuarto/SIGET-Equipo3/src/test/java/es/uclm/esi/features/3convocarReunion.feature:12)
&amp#27;[0m
  &amp#27;[36mThen &amp#27;[0m&amp#27;[36mla respuesta a convocar sera &amp#27;[0m&amp#27;[36m&amp#27;[1m400&amp#27;[0m                                  &amp#27;[90m# es.uclm.esi.ConvocarReunionStepDefinitions.la_respuesta_a_convocar_sera(java.lang.Integer)&amp#27;[0m
]]></system-out>
  </testcase>
  <testcase name="convocar #3" classname="es.uclm.esi.RunCucumberTest" time="0.213">
    <error message="Bad credentials" type="org.springframework.security.authentication.BadCredentialsException">org.springframework.security.authentication.BadCredentialsException: Bad credentials
</error>
    <system-out><![CDATA[2020-12-02 09:54:43 - Neither @ContextConfiguration nor @ContextHierarchy found for test class [es.uclm.esi.CucumberTestContextConfiguration], using SpringBootContextLoader
2020-12-02 09:54:43 - Could not detect default resource locations for test class [es.uclm.esi.CucumberTestContextConfiguration]: no resource found for suffixes {-context.xml, Context.groovy}.
2020-12-02 09:54:43 - Could not detect default configuration classes for test class [es.uclm.esi.CucumberTestContextConfiguration]: CucumberTestContextConfiguration does not declare any static, non-private, non-final, nested classes annotated with @Configuration.
2020-12-02 09:54:43 - Found @SpringBootConfiguration es.uclm.esi.SigetApplication for test class es.uclm.esi.CucumberTestContextConfiguration
2020-12-02 09:54:43 - Loaded default TestExecutionListener class names from location [META-INF/spring.factories]: [org.springframework.boot.test.mock.mockito.MockitoTestExecutionListener, org.springframework.boot.test.mock.mockito.ResetMocksTestExecutionListener, org.springframework.boot.test.autoconfigure.restdocs.RestDocsTestExecutionListener, org.springframework.boot.test.autoconfigure.web.client.MockRestServiceServerResetTestExecutionListener, org.springframework.boot.test.autoconfigure.web.servlet.MockMvcPrintOnlyOnFailureTestExecutionListener, org.springframework.boot.test.autoconfigure.web.servlet.WebDriverTestExecutionListener, org.springframework.boot.test.autoconfigure.webservices.client.MockWebServiceServerTestExecutionListener, org.springframework.test.context.web.ServletTestExecutionListener, org.springframework.test.context.support.DirtiesContextBeforeModesTestExecutionListener, org.springframework.test.context.support.DependencyInjectionTestExecutionListener, org.springframework.test.context.support.DirtiesContextTestExecutionListener, org.springframework.test.context.transaction.TransactionalTestExecutionListener, org.springframework.test.context.jdbc.SqlScriptsTestExecutionListener, org.springframework.test.context.event.EventPublishingTestExecutionListener, org.springframework.security.test.context.support.WithSecurityContextTestExecutionListener, org.springframework.security.test.context.support.ReactorContextTestExecutionListener]
2020-12-02 09:54:43 - Using TestExecutionListeners: [org.springframework.test.context.web.ServletTestExecutionListener@3d6745ed, org.springframework.test.context.support.DirtiesContextBeforeModesTestExecutionListener@600e2000, org.springframework.boot.test.mock.mockito.MockitoTestExecutionListener@797ee1a9, org.springframework.boot.test.autoconfigure.SpringBootDependencyInjectionTestExecutionListener@5f190cfe, org.springframework.test.context.support.DirtiesContextTestExecutionListener@585672dd, org.springframework.test.context.transaction.TransactionalTestExecutionListener@49c947f7, org.springframework.test.context.jdbc.SqlScriptsTestExecutionListener@47b494ce, org.springframework.test.context.event.EventPublishingTestExecutionListener@50dd1e3a, org.springframework.security.test.context.support.WithSecurityContextTestExecutionListener@3b764e66, org.springframework.security.test.context.support.ReactorContextTestExecutionListener@38834000, org.springframework.boot.test.mock.mockito.ResetMocksTestExecutionListener@5b72b13a, org.springframework.boot.test.autoconfigure.restdocs.RestDocsTestExecutionListener@63e648a0, org.springframework.boot.test.autoconfigure.web.client.MockRestServiceServerResetTestExecutionListener@6a6a3fc4, org.springframework.boot.test.autoconfigure.web.servlet.MockMvcPrintOnlyOnFailureTestExecutionListener@48cbe1c9, org.springframework.boot.test.autoconfigure.web.servlet.WebDriverTestExecutionListener@67e628b, org.springframework.boot.test.autoconfigure.webservices.client.MockWebServiceServerTestExecutionListener@578c99ac]

Scenario Outline: convocar              &amp#27;[90m# src/test/java/es/uclm/esi/features/3convocarReunion.feature:19&amp#27;[0m
  &amp#27;[32mWhen &amp#27;[0m&amp#27;[32mtitulo es &amp#27;[0m&amp#27;[32m&amp#27;[1m"test"&amp#27;[0m                 &amp#27;[90m# es.uclm.esi.ConvocarReunionStepDefinitions.titulo_es(java.lang.String)&amp#27;[0m
  &amp#27;[32mAnd &amp#27;[0m&amp#27;[32mdia es &amp#27;[0m&amp#27;[32m&amp#27;[1m31&amp#27;[0m                         &amp#27;[90m# es.uclm.esi.ConvocarReunionStepDefinitions.dia_es(java.lang.Integer)&amp#27;[0m
  &amp#27;[32mAnd &amp#27;[0m&amp#27;[32mmes es &amp#27;[0m&amp#27;[32m&amp#27;[1m12&amp#27;[0m                         &amp#27;[90m# es.uclm.esi.ConvocarReunionStepDefinitions.mes_es(java.lang.Integer)&amp#27;[0m
  &amp#27;[32mAnd &amp#27;[0m&amp#27;[32mano es &amp#27;[0m&amp#27;[32m&amp#27;[1m2020&amp#27;[0m                       &amp#27;[90m# es.uclm.esi.ConvocarReunionStepDefinitions.ano_es(java.lang.Integer)&amp#27;[0m
  &amp#27;[32mAnd &amp#27;[0m&amp#27;[32mhora es &amp#27;[0m&amp#27;[32m&amp#27;[1m"23:00"&amp#27;[0m                   &amp#27;[90m# es.uclm.esi.ConvocarReunionStepDefinitions.hora_es(java.lang.String)&amp#27;[0m
  &amp#27;[32mAnd &amp#27;[0m&amp#27;[32mdescripcion es &amp#27;[0m&amp#27;[32m&amp#27;[1m"test"&amp#27;[0m             &amp#27;[90m# es.uclm.esi.ConvocarReunionStepDefinitions.descripcion_es(java.lang.String)&amp#27;[0m
  &amp#27;[32mAnd &amp#27;[0m&amp#27;[32masistentes son &amp#27;[0m&amp#27;[32m&amp#27;[1m"admin:pendiente"&amp#27;[0m  &amp#27;[90m# es.uclm.esi.ConvocarReunionStepDefinitions.asistentes_son(java.lang.String)&amp#27;[0m
  &amp#27;[31mThen &amp#27;[0m&amp#27;[31mconvoco la reunion&amp#27;[0m               &amp#27;[90m# es.uclm.esi.ConvocarReunionStepDefinitions.convoco_la_reunion()&amp#27;[0m
      &amp#27;[31morg.springframework.security.authentication.BadCredentialsException: Bad credentials
	at org.springframework.security.authentication.dao.AbstractUserDetailsAuthenticationProvider.authenticate(AbstractUserDetailsAuthenticationProvider.java:151)
	at org.springframework.security.authentication.ProviderManager.authenticate(ProviderManager.java:199)
	at org.springframework.security.authentication.ProviderManager.authenticate(ProviderManager.java:219)
	at org.springframework.security.config.annotation.web.configuration.WebSecurityConfigurerAdapter$AuthenticationManagerDelegator.authenticate(WebSecurityConfigurerAdapter.java:524)
	at es.uclm.esi.ConvocarReunionStepDefinitions.convoco_la_reunion(ConvocarReunionStepDefinitions.java:95)
	at âœ½.convoco la reunion(file:///C:/Eclipse-cuarto/SIGET-Equipo3/src/test/java/es/uclm/esi/features/3convocarReunion.feature:12)
&amp#27;[0m
  &amp#27;[36mThen &amp#27;[0m&amp#27;[36mla respuesta a convocar sera &amp#27;[0m&amp#27;[36m&amp#27;[1m200&amp#27;[0m &amp#27;[90m# es.uclm.esi.ConvocarReunionStepDefinitions.la_respuesta_a_convocar_sera(java.lang.Integer)&amp#27;[0m
]]></system-out>
  </testcase>
  <testcase name="aceptar" classname="es.uclm.esi.RunCucumberTest" time="0.194">
    <error message="Bad credentials" type="org.springframework.security.authentication.BadCredentialsException">org.springframework.security.authentication.BadCredentialsException: Bad credentials
</error>
    <system-out><![CDATA[2020-12-02 09:54:43 - Neither @ContextConfiguration nor @ContextHierarchy found for test class [es.uclm.esi.CucumberTestContextConfiguration], using SpringBootContextLoader
2020-12-02 09:54:43 - Could not detect default resource locations for test class [es.uclm.esi.CucumberTestContextConfiguration]: no resource found for suffixes {-context.xml, Context.groovy}.
2020-12-02 09:54:43 - Could not detect default configuration classes for test class [es.uclm.esi.CucumberTestContextConfiguration]: CucumberTestContextConfiguration does not declare any static, non-private, non-final, nested classes annotated with @Configuration.
2020-12-02 09:54:43 - Found @SpringBootConfiguration es.uclm.esi.SigetApplication for test class es.uclm.esi.CucumberTestContextConfiguration
2020-12-02 09:54:43 - Loaded default TestExecutionListener class names from location [META-INF/spring.factories]: [org.springframework.boot.test.mock.mockito.MockitoTestExecutionListener, org.springframework.boot.test.mock.mockito.ResetMocksTestExecutionListener, org.springframework.boot.test.autoconfigure.restdocs.RestDocsTestExecutionListener, org.springframework.boot.test.autoconfigure.web.client.MockRestServiceServerResetTestExecutionListener, org.springframework.boot.test.autoconfigure.web.servlet.MockMvcPrintOnlyOnFailureTestExecutionListener, org.springframework.boot.test.autoconfigure.web.servlet.WebDriverTestExecutionListener, org.springframework.boot.test.autoconfigure.webservices.client.MockWebServiceServerTestExecutionListener, org.springframework.test.context.web.ServletTestExecutionListener, org.springframework.test.context.support.DirtiesContextBeforeModesTestExecutionListener, org.springframework.test.context.support.DependencyInjectionTestExecutionListener, org.springframework.test.context.support.DirtiesContextTestExecutionListener, org.springframework.test.context.transaction.TransactionalTestExecutionListener, org.springframework.test.context.jdbc.SqlScriptsTestExecutionListener, org.springframework.test.context.event.EventPublishingTestExecutionListener, org.springframework.security.test.context.support.WithSecurityContextTestExecutionListener, org.springframework.security.test.context.support.ReactorContextTestExecutionListener]
2020-12-02 09:54:43 - Using TestExecutionListeners: [org.springframework.test.context.web.ServletTestExecutionListener@6318ff9, org.springframework.test.context.support.DirtiesContextBeforeModesTestExecutionListener@69b80603, org.springframework.boot.test.mock.mockito.MockitoTestExecutionListener@5655278d, org.springframework.boot.test.autoconfigure.SpringBootDependencyInjectionTestExecutionListener@2dd46693, org.springframework.test.context.support.DirtiesContextTestExecutionListener@27107a97, org.springframework.test.context.transaction.TransactionalTestExecutionListener@eb1e868, org.springframework.test.context.jdbc.SqlScriptsTestExecutionListener@71a7cf7c, org.springframework.test.context.event.EventPublishingTestExecutionListener@7f49df25, org.springframework.security.test.context.support.WithSecurityContextTestExecutionListener@5b29d699, org.springframework.security.test.context.support.ReactorContextTestExecutionListener@5a5a973c, org.springframework.boot.test.mock.mockito.ResetMocksTestExecutionListener@15c96f24, org.springframework.boot.test.autoconfigure.restdocs.RestDocsTestExecutionListener@24482a4f, org.springframework.boot.test.autoconfigure.web.client.MockRestServiceServerResetTestExecutionListener@3140ad41, org.springframework.boot.test.autoconfigure.web.servlet.MockMvcPrintOnlyOnFailureTestExecutionListener@3f2d2f22, org.springframework.boot.test.autoconfigure.web.servlet.WebDriverTestExecutionListener@61c3d7ac, org.springframework.boot.test.autoconfigure.webservices.client.MockWebServiceServerTestExecutionListener@4bc9389]

Scenario Outline: aceptar                  &amp#27;[90m# src/test/java/es/uclm/esi/features/4aceptarReunion.feature:11&amp#27;[0m
  &amp#27;[31mWhen &amp#27;[0m&amp#27;[31macepto la reunion&amp#27;[0m                   &amp#27;[90m# es.uclm.esi.AceptarReunionStepDefinitions.acepto_la_reunion()&amp#27;[0m
      &amp#27;[31morg.springframework.security.authentication.BadCredentialsException: Bad credentials
	at org.springframework.security.authentication.dao.AbstractUserDetailsAuthenticationProvider.authenticate(AbstractUserDetailsAuthenticationProvider.java:151)
	at org.springframework.security.authentication.ProviderManager.authenticate(ProviderManager.java:199)
	at org.springframework.security.authentication.ProviderManager.authenticate(ProviderManager.java:219)
	at org.springframework.security.config.annotation.web.configuration.WebSecurityConfigurerAdapter$AuthenticationManagerDelegator.authenticate(WebSecurityConfigurerAdapter.java:524)
	at es.uclm.esi.AceptarReunionStepDefinitions.acepto_la_reunion(AceptarReunionStepDefinitions.java:40)
	at âœ½.acepto la reunion(file:///C:/Eclipse-cuarto/SIGET-Equipo3/src/test/java/es/uclm/esi/features/4aceptarReunion.feature:5)
&amp#27;[0m
  &amp#27;[36mThen &amp#27;[0m&amp#27;[36mla respuesta a aceptar debe ser &amp#27;[0m&amp#27;[36m&amp#27;[1m200&amp#27;[0m &amp#27;[90m# es.uclm.esi.AceptarReunionStepDefinitions.la_respuesta_a_aceptar_debe_ser(java.lang.Integer)&amp#27;[0m
]]></system-out>
  </testcase>
  <testcase name="rechazar" classname="es.uclm.esi.RunCucumberTest" time="0.217">
    <error message="Bad credentials" type="org.springframework.security.authentication.BadCredentialsException">org.springframework.security.authentication.BadCredentialsException: Bad credentials
</error>
    <system-out><![CDATA[2020-12-02 09:54:43 - Neither @ContextConfiguration nor @ContextHierarchy found for test class [es.uclm.esi.CucumberTestContextConfiguration], using SpringBootContextLoader
2020-12-02 09:54:43 - Could not detect default resource locations for test class [es.uclm.esi.CucumberTestContextConfiguration]: no resource found for suffixes {-context.xml, Context.groovy}.
2020-12-02 09:54:43 - Could not detect default configuration classes for test class [es.uclm.esi.CucumberTestContextConfiguration]: CucumberTestContextConfiguration does not declare any static, non-private, non-final, nested classes annotated with @Configuration.
2020-12-02 09:54:43 - Found @SpringBootConfiguration es.uclm.esi.SigetApplication for test class es.uclm.esi.CucumberTestContextConfiguration
2020-12-02 09:54:43 - Loaded default TestExecutionListener class names from location [META-INF/spring.factories]: [org.springframework.boot.test.mock.mockito.MockitoTestExecutionListener, org.springframework.boot.test.mock.mockito.ResetMocksTestExecutionListener, org.springframework.boot.test.autoconfigure.restdocs.RestDocsTestExecutionListener, org.springframework.boot.test.autoconfigure.web.client.MockRestServiceServerResetTestExecutionListener, org.springframework.boot.test.autoconfigure.web.servlet.MockMvcPrintOnlyOnFailureTestExecutionListener, org.springframework.boot.test.autoconfigure.web.servlet.WebDriverTestExecutionListener, org.springframework.boot.test.autoconfigure.webservices.client.MockWebServiceServerTestExecutionListener, org.springframework.test.context.web.ServletTestExecutionListener, org.springframework.test.context.support.DirtiesContextBeforeModesTestExecutionListener, org.springframework.test.context.support.DependencyInjectionTestExecutionListener, org.springframework.test.context.support.DirtiesContextTestExecutionListener, org.springframework.test.context.transaction.TransactionalTestExecutionListener, org.springframework.test.context.jdbc.SqlScriptsTestExecutionListener, org.springframework.test.context.event.EventPublishingTestExecutionListener, org.springframework.security.test.context.support.WithSecurityContextTestExecutionListener, org.springframework.security.test.context.support.ReactorContextTestExecutionListener]
2020-12-02 09:54:43 - Using TestExecutionListeners: [org.springframework.test.context.web.ServletTestExecutionListener@59845a40, org.springframework.test.context.support.DirtiesContextBeforeModesTestExecutionListener@3c4e17ea, org.springframework.boot.test.mock.mockito.MockitoTestExecutionListener@285ac40b, org.springframework.boot.test.autoconfigure.SpringBootDependencyInjectionTestExecutionListener@5b2ade46, org.springframework.test.context.support.DirtiesContextTestExecutionListener@2087c939, org.springframework.test.context.transaction.TransactionalTestExecutionListener@6c3a7b84, org.springframework.test.context.jdbc.SqlScriptsTestExecutionListener@123e9094, org.springframework.test.context.event.EventPublishingTestExecutionListener@1f6ba47b, org.springframework.security.test.context.support.WithSecurityContextTestExecutionListener@1bb78ae, org.springframework.security.test.context.support.ReactorContextTestExecutionListener@3ee2d546, org.springframework.boot.test.mock.mockito.ResetMocksTestExecutionListener@58be583e, org.springframework.boot.test.autoconfigure.restdocs.RestDocsTestExecutionListener@1a34772e, org.springframework.boot.test.autoconfigure.web.client.MockRestServiceServerResetTestExecutionListener@401002ce, org.springframework.boot.test.autoconfigure.web.servlet.MockMvcPrintOnlyOnFailureTestExecutionListener@6870a76f, org.springframework.boot.test.autoconfigure.web.servlet.WebDriverTestExecutionListener@42257df7, org.springframework.boot.test.autoconfigure.webservices.client.MockWebServiceServerTestExecutionListener@7b11ff9a]

Scenario Outline: rechazar                  &amp#27;[90m# src/test/java/es/uclm/esi/features/5rechazarReunion.feature:11&amp#27;[0m
  &amp#27;[31mWhen &amp#27;[0m&amp#27;[31mrechazo la reunion&amp#27;[0m                   &amp#27;[90m# es.uclm.esi.RechazarReunionStepDefinitions.rechazo_la_reunion()&amp#27;[0m
      &amp#27;[31morg.springframework.security.authentication.BadCredentialsException: Bad credentials
	at org.springframework.security.authentication.dao.AbstractUserDetailsAuthenticationProvider.authenticate(AbstractUserDetailsAuthenticationProvider.java:151)
	at org.springframework.security.authentication.ProviderManager.authenticate(ProviderManager.java:199)
	at org.springframework.security.authentication.ProviderManager.authenticate(ProviderManager.java:219)
	at org.springframework.security.config.annotation.web.configuration.WebSecurityConfigurerAdapter$AuthenticationManagerDelegator.authenticate(WebSecurityConfigurerAdapter.java:524)
	at es.uclm.esi.RechazarReunionStepDefinitions.rechazo_la_reunion(RechazarReunionStepDefinitions.java:40)
	at âœ½.rechazo la reunion(file:///C:/Eclipse-cuarto/SIGET-Equipo3/src/test/java/es/uclm/esi/features/5rechazarReunion.feature:5)
&amp#27;[0m
  &amp#27;[36mThen &amp#27;[0m&amp#27;[36mla respuesta a rechazar debe ser &amp#27;[0m&amp#27;[36m&amp#27;[1m200&amp#27;[0m &amp#27;[90m# es.uclm.esi.RechazarReunionStepDefinitions.la_respuesta_a_rechazar_debe_ser(java.lang.Integer)&amp#27;[0m
]]></system-out>
  </testcase>
  <testcase name="cancelar" classname="es.uclm.esi.RunCucumberTest" time="0.206">
    <error message="Bad credentials" type="org.springframework.security.authentication.BadCredentialsException">org.springframework.security.authentication.BadCredentialsException: Bad credentials
</error>
    <system-out><![CDATA[2020-12-02 09:54:44 - Neither @ContextConfiguration nor @ContextHierarchy found for test class [es.uclm.esi.CucumberTestContextConfiguration], using SpringBootContextLoader
2020-12-02 09:54:44 - Could not detect default resource locations for test class [es.uclm.esi.CucumberTestContextConfiguration]: no resource found for suffixes {-context.xml, Context.groovy}.
2020-12-02 09:54:44 - Could not detect default configuration classes for test class [es.uclm.esi.CucumberTestContextConfiguration]: CucumberTestContextConfiguration does not declare any static, non-private, non-final, nested classes annotated with @Configuration.
2020-12-02 09:54:44 - Found @SpringBootConfiguration es.uclm.esi.SigetApplication for test class es.uclm.esi.CucumberTestContextConfiguration
2020-12-02 09:54:44 - Loaded default TestExecutionListener class names from location [META-INF/spring.factories]: [org.springframework.boot.test.mock.mockito.MockitoTestExecutionListener, org.springframework.boot.test.mock.mockito.ResetMocksTestExecutionListener, org.springframework.boot.test.autoconfigure.restdocs.RestDocsTestExecutionListener, org.springframework.boot.test.autoconfigure.web.client.MockRestServiceServerResetTestExecutionListener, org.springframework.boot.test.autoconfigure.web.servlet.MockMvcPrintOnlyOnFailureTestExecutionListener, org.springframework.boot.test.autoconfigure.web.servlet.WebDriverTestExecutionListener, org.springframework.boot.test.autoconfigure.webservices.client.MockWebServiceServerTestExecutionListener, org.springframework.test.context.web.ServletTestExecutionListener, org.springframework.test.context.support.DirtiesContextBeforeModesTestExecutionListener, org.springframework.test.context.support.DependencyInjectionTestExecutionListener, org.springframework.test.context.support.DirtiesContextTestExecutionListener, org.springframework.test.context.transaction.TransactionalTestExecutionListener, org.springframework.test.context.jdbc.SqlScriptsTestExecutionListener, org.springframework.test.context.event.EventPublishingTestExecutionListener, org.springframework.security.test.context.support.WithSecurityContextTestExecutionListener, org.springframework.security.test.context.support.ReactorContextTestExecutionListener]
2020-12-02 09:54:44 - Using TestExecutionListeners: [org.springframework.test.context.web.ServletTestExecutionListener@4cb91fa4, org.springframework.test.context.support.DirtiesContextBeforeModesTestExecutionListener@12aa2cca, org.springframework.boot.test.mock.mockito.MockitoTestExecutionListener@3dc4ed6f, org.springframework.boot.test.autoconfigure.SpringBootDependencyInjectionTestExecutionListener@2823b7c5, org.springframework.test.context.support.DirtiesContextTestExecutionListener@2ce3d95a, org.springframework.test.context.transaction.TransactionalTestExecutionListener@6f6c6c70, org.springframework.test.context.jdbc.SqlScriptsTestExecutionListener@75d95b67, org.springframework.test.context.event.EventPublishingTestExecutionListener@40f15786, org.springframework.security.test.context.support.WithSecurityContextTestExecutionListener@72ea6fcb, org.springframework.security.test.context.support.ReactorContextTestExecutionListener@7ee9920a, org.springframework.boot.test.mock.mockito.ResetMocksTestExecutionListener@4154ecd3, org.springframework.boot.test.autoconfigure.restdocs.RestDocsTestExecutionListener@b53ce18, org.springframework.boot.test.autoconfigure.web.client.MockRestServiceServerResetTestExecutionListener@2a666c8e, org.springframework.boot.test.autoconfigure.web.servlet.MockMvcPrintOnlyOnFailureTestExecutionListener@18adc20a, org.springframework.boot.test.autoconfigure.web.servlet.WebDriverTestExecutionListener@7e7987b8, org.springframework.boot.test.autoconfigure.webservices.client.MockWebServiceServerTestExecutionListener@6bcfb561]

Scenario Outline: cancelar       &amp#27;[90m# src/test/java/es/uclm/esi/features/6cancelarReunion.feature:11&amp#27;[0m
  &amp#27;[31mWhen &amp#27;[0m&amp#27;[31mcancelo la reunion&amp#27;[0m        &amp#27;[90m# es.uclm.esi.CancelarReunionStepDefinitions.cancelo_la_reunion()&amp#27;[0m
      &amp#27;[31morg.springframework.security.authentication.BadCredentialsException: Bad credentials
	at org.springframework.security.authentication.dao.AbstractUserDetailsAuthenticationProvider.authenticate(AbstractUserDetailsAuthenticationProvider.java:151)
	at org.springframework.security.authentication.ProviderManager.authenticate(ProviderManager.java:199)
	at org.springframework.security.authentication.ProviderManager.authenticate(ProviderManager.java:219)
	at org.springframework.security.config.annotation.web.configuration.WebSecurityConfigurerAdapter$AuthenticationManagerDelegator.authenticate(WebSecurityConfigurerAdapter.java:524)
	at es.uclm.esi.CancelarReunionStepDefinitions.cancelo_la_reunion(CancelarReunionStepDefinitions.java:40)
	at âœ½.cancelo la reunion(file:///C:/Eclipse-cuarto/SIGET-Equipo3/src/test/java/es/uclm/esi/features/6cancelarReunion.feature:5)
&amp#27;[0m
  &amp#27;[36mThen &amp#27;[0m&amp#27;[36mla respuesta debe ser &amp#27;[0m&amp#27;[36m&amp#27;[1m200&amp#27;[0m &amp#27;[90m# es.uclm.esi.CancelarReunionStepDefinitions.la_respuesta_debe_ser(java.lang.Integer)&amp#27;[0m
]]></system-out>
  </testcase>
  <testcase name="Buen Login" classname="es.uclm.esi.RunCucumberTest" time="0.869"/>
  <testcase name="Mal Login" classname="es.uclm.esi.RunCucumberTest" time="0.313"/>
  <testcase name="Mal Login 2" classname="es.uclm.esi.RunCucumberTest" time="0.407"/>
  <testcase name="Mal Login 3" classname="es.uclm.esi.RunCucumberTest" time="0.407"/>
  <testcase name="modificar" classname="es.uclm.esi.RunCucumberTest" time="0.231"/>
  <testcase name="registro #1" classname="es.uclm.esi.RunCucumberTest" time="0.271"/>
  <testcase name="registro #2" classname="es.uclm.esi.RunCucumberTest" time="0.13"/>
  <testcase name="registro #3" classname="es.uclm.esi.RunCucumberTest" time="0.151"/>
  <testcase name="registro #4" classname="es.uclm.esi.RunCucumberTest" time="0.157"/>
  <testcase name="registro #5" classname="es.uclm.esi.RunCucumberTest" time="0.164"/>
  <testcase name="registro #6" classname="es.uclm.esi.RunCucumberTest" time="0.149">
    <failure message="expected:&lt;[User registered successfully]!&gt; but was:&lt;[Error: Username is already taken]!&gt;" type="org.junit.ComparisonFailure"><![CDATA[org.junit.ComparisonFailure: expected:<[User registered successfully]!> but was:<[Error: Username is already taken]!>
]]></failure>
    <system-out><![CDATA[2020-12-02 09:54:47 - Neither @ContextConfiguration nor @ContextHierarchy found for test class [es.uclm.esi.CucumberTestContextConfiguration], using SpringBootContextLoader
2020-12-02 09:54:47 - Could not detect default resource locations for test class [es.uclm.esi.CucumberTestContextConfiguration]: no resource found for suffixes {-context.xml, Context.groovy}.
2020-12-02 09:54:47 - Could not detect default configuration classes for test class [es.uclm.esi.CucumberTestContextConfiguration]: CucumberTestContextConfiguration does not declare any static, non-private, non-final, nested classes annotated with @Configuration.
2020-12-02 09:54:47 - Found @SpringBootConfiguration es.uclm.esi.SigetApplication for test class es.uclm.esi.CucumberTestContextConfiguration
2020-12-02 09:54:47 - Loaded default TestExecutionListener class names from location [META-INF/spring.factories]: [org.springframework.boot.test.mock.mockito.MockitoTestExecutionListener, org.springframework.boot.test.mock.mockito.ResetMocksTestExecutionListener, org.springframework.boot.test.autoconfigure.restdocs.RestDocsTestExecutionListener, org.springframework.boot.test.autoconfigure.web.client.MockRestServiceServerResetTestExecutionListener, org.springframework.boot.test.autoconfigure.web.servlet.MockMvcPrintOnlyOnFailureTestExecutionListener, org.springframework.boot.test.autoconfigure.web.servlet.WebDriverTestExecutionListener, org.springframework.boot.test.autoconfigure.webservices.client.MockWebServiceServerTestExecutionListener, org.springframework.test.context.web.ServletTestExecutionListener, org.springframework.test.context.support.DirtiesContextBeforeModesTestExecutionListener, org.springframework.test.context.support.DependencyInjectionTestExecutionListener, org.springframework.test.context.support.DirtiesContextTestExecutionListener, org.springframework.test.context.transaction.TransactionalTestExecutionListener, org.springframework.test.context.jdbc.SqlScriptsTestExecutionListener, org.springframework.test.context.event.EventPublishingTestExecutionListener, org.springframework.security.test.context.support.WithSecurityContextTestExecutionListener, org.springframework.security.test.context.support.ReactorContextTestExecutionListener]
2020-12-02 09:54:47 - Using TestExecutionListeners: [org.springframework.test.context.web.ServletTestExecutionListener@1802f60c, org.springframework.test.context.support.DirtiesContextBeforeModesTestExecutionListener@3fcb737, org.springframework.boot.test.mock.mockito.MockitoTestExecutionListener@7a22302c, org.springframework.boot.test.autoconfigure.SpringBootDependencyInjectionTestExecutionListener@4af50246, org.springframework.test.context.support.DirtiesContextTestExecutionListener@45482f82, org.springframework.test.context.transaction.TransactionalTestExecutionListener@23eb6d13, org.springframework.test.context.jdbc.SqlScriptsTestExecutionListener@48a38a12, org.springframework.test.context.event.EventPublishingTestExecutionListener@2aa65672, org.springframework.security.test.context.support.WithSecurityContextTestExecutionListener@2e96489b, org.springframework.security.test.context.support.ReactorContextTestExecutionListener@56ed2baf, org.springframework.boot.test.mock.mockito.ResetMocksTestExecutionListener@24ac87a, org.springframework.boot.test.autoconfigure.restdocs.RestDocsTestExecutionListener@1ac71b87, org.springframework.boot.test.autoconfigure.web.client.MockRestServiceServerResetTestExecutionListener@6094ad4, org.springframework.boot.test.autoconfigure.web.servlet.MockMvcPrintOnlyOnFailureTestExecutionListener@3986b9e9, org.springframework.boot.test.autoconfigure.web.servlet.WebDriverTestExecutionListener@6ddbbfbb, org.springframework.boot.test.autoconfigure.webservices.client.MockWebServiceServerTestExecutionListener@4f629aa4]

Scenario Outline: registro                                                               &amp#27;[90m# src/test/java/es/uclm/esi/features/9registro.feature:16&amp#27;[0m
  &amp#27;[32mWhen &amp#27;[0m&amp#27;[32mregistro un usuario con usuario &amp#27;[0m&amp#27;[32m&amp#27;[1m"ejemplo1"&amp#27;[0m&amp#27;[32m, pass &amp#27;[0m&amp#27;[32m&amp#27;[1m"pass11"&amp#27;[0m&amp#27;[32m y email &amp#27;[0m&amp#27;[32m&amp#27;[1m"ej1@admin.com"&amp#27;[0m &amp#27;[90m# es.uclm.esi.RegistroStepDefinitions.registro_un_usuario_con_usuario_pass_y_email(java.lang.String,java.lang.String,java.lang.String)&amp#27;[0m
  &amp#27;[32mAnd &amp#27;[0m&amp#27;[32m&amp#27;[0m&amp#27;[32m&amp#27;[1m"si"&amp#27;[0m&amp#27;[32m es nuevo para borrarlo&amp#27;[0m                                                        &amp#27;[90m# es.uclm.esi.RegistroStepDefinitions.es_nuevo_para_borrarlo(java.lang.String)&amp#27;[0m
  &amp#27;[31mThen &amp#27;[0m&amp#27;[31mel mensaje sera &amp#27;[0m&amp#27;[31m&amp#27;[1m"User registered successfully!"&amp#27;[0m                                   &amp#27;[90m# es.uclm.esi.RegistroStepDefinitions.el_mensaje_sera(java.lang.String)&amp#27;[0m
      &amp#27;[31morg.junit.ComparisonFailure: expected:<[User registered successfully]!> but was:<[Error: Username is already taken]!>
	at org.junit.Assert.assertEquals(Assert.java:117)
	at org.junit.Assert.assertEquals(Assert.java:146)
	at es.uclm.esi.RegistroStepDefinitions.el_mensaje_sera(RegistroStepDefinitions.java:59)
	at âœ½.el mensaje sera "User registered successfully!"(file:///C:/Eclipse-cuarto/SIGET-Equipo3/src/test/java/es/uclm/esi/features/9registro.feature:6)
&amp#27;[0m
]]></system-out>
  </testcase>
  <testcase name="registro #7" classname="es.uclm.esi.RunCucumberTest" time="0.13">
    <failure message="expected:&lt;[User registered successfully]!&gt; but was:&lt;[Error: Username is already taken]!&gt;" type="org.junit.ComparisonFailure"><![CDATA[org.junit.ComparisonFailure: expected:<[User registered successfully]!> but was:<[Error: Username is already taken]!>
]]></failure>
    <system-out><![CDATA[2020-12-02 09:54:47 - Neither @ContextConfiguration nor @ContextHierarchy found for test class [es.uclm.esi.CucumberTestContextConfiguration], using SpringBootContextLoader
2020-12-02 09:54:47 - Could not detect default resource locations for test class [es.uclm.esi.CucumberTestContextConfiguration]: no resource found for suffixes {-context.xml, Context.groovy}.
2020-12-02 09:54:47 - Could not detect default configuration classes for test class [es.uclm.esi.CucumberTestContextConfiguration]: CucumberTestContextConfiguration does not declare any static, non-private, non-final, nested classes annotated with @Configuration.
2020-12-02 09:54:47 - Found @SpringBootConfiguration es.uclm.esi.SigetApplication for test class es.uclm.esi.CucumberTestContextConfiguration
2020-12-02 09:54:47 - Loaded default TestExecutionListener class names from location [META-INF/spring.factories]: [org.springframework.boot.test.mock.mockito.MockitoTestExecutionListener, org.springframework.boot.test.mock.mockito.ResetMocksTestExecutionListener, org.springframework.boot.test.autoconfigure.restdocs.RestDocsTestExecutionListener, org.springframework.boot.test.autoconfigure.web.client.MockRestServiceServerResetTestExecutionListener, org.springframework.boot.test.autoconfigure.web.servlet.MockMvcPrintOnlyOnFailureTestExecutionListener, org.springframework.boot.test.autoconfigure.web.servlet.WebDriverTestExecutionListener, org.springframework.boot.test.autoconfigure.webservices.client.MockWebServiceServerTestExecutionListener, org.springframework.test.context.web.ServletTestExecutionListener, org.springframework.test.context.support.DirtiesContextBeforeModesTestExecutionListener, org.springframework.test.context.support.DependencyInjectionTestExecutionListener, org.springframework.test.context.support.DirtiesContextTestExecutionListener, org.springframework.test.context.transaction.TransactionalTestExecutionListener, org.springframework.test.context.jdbc.SqlScriptsTestExecutionListener, org.springframework.test.context.event.EventPublishingTestExecutionListener, org.springframework.security.test.context.support.WithSecurityContextTestExecutionListener, org.springframework.security.test.context.support.ReactorContextTestExecutionListener]
2020-12-02 09:54:47 - Using TestExecutionListeners: [org.springframework.test.context.web.ServletTestExecutionListener@2f69d246, org.springframework.test.context.support.DirtiesContextBeforeModesTestExecutionListener@5bfdc92b, org.springframework.boot.test.mock.mockito.MockitoTestExecutionListener@68dc2f53, org.springframework.boot.test.autoconfigure.SpringBootDependencyInjectionTestExecutionListener@48928b57, org.springframework.test.context.support.DirtiesContextTestExecutionListener@29088be1, org.springframework.test.context.transaction.TransactionalTestExecutionListener@1c09bb7a, org.springframework.test.context.jdbc.SqlScriptsTestExecutionListener@15a6a91f, org.springframework.test.context.event.EventPublishingTestExecutionListener@493250cf, org.springframework.security.test.context.support.WithSecurityContextTestExecutionListener@24888d8b, org.springframework.security.test.context.support.ReactorContextTestExecutionListener@750b200b, org.springframework.boot.test.mock.mockito.ResetMocksTestExecutionListener@55c581e4, org.springframework.boot.test.autoconfigure.restdocs.RestDocsTestExecutionListener@eaa07bb, org.springframework.boot.test.autoconfigure.web.client.MockRestServiceServerResetTestExecutionListener@6eae3730, org.springframework.boot.test.autoconfigure.web.servlet.MockMvcPrintOnlyOnFailureTestExecutionListener@42095996, org.springframework.boot.test.autoconfigure.web.servlet.WebDriverTestExecutionListener@3b3a3a92, org.springframework.boot.test.autoconfigure.webservices.client.MockWebServiceServerTestExecutionListener@65f36591]

Scenario Outline: registro                                                                     &amp#27;[90m# src/test/java/es/uclm/esi/features/9registro.feature:17&amp#27;[0m
  &amp#27;[32mWhen &amp#27;[0m&amp#27;[32mregistro un usuario con usuario &amp#27;[0m&amp#27;[32m&amp#27;[1m"2ejemplo"&amp#27;[0m&amp#27;[32m, pass &amp#27;[0m&amp#27;[32m&amp#27;[1m"2pass2"&amp#27;[0m&amp#27;[32m y email &amp#27;[0m&amp#27;[32m&amp#27;[1m"trabajador2@ej2.com"&amp#27;[0m &amp#27;[90m# es.uclm.esi.RegistroStepDefinitions.registro_un_usuario_con_usuario_pass_y_email(java.lang.String,java.lang.String,java.lang.String)&amp#27;[0m
  &amp#27;[32mAnd &amp#27;[0m&amp#27;[32m&amp#27;[0m&amp#27;[32m&amp#27;[1m"si"&amp#27;[0m&amp#27;[32m es nuevo para borrarlo&amp#27;[0m                                                              &amp#27;[90m# es.uclm.esi.RegistroStepDefinitions.es_nuevo_para_borrarlo(java.lang.String)&amp#27;[0m
  &amp#27;[31mThen &amp#27;[0m&amp#27;[31mel mensaje sera &amp#27;[0m&amp#27;[31m&amp#27;[1m"User registered successfully!"&amp#27;[0m                                         &amp#27;[90m# es.uclm.esi.RegistroStepDefinitions.el_mensaje_sera(java.lang.String)&amp#27;[0m
      &amp#27;[31morg.junit.ComparisonFailure: expected:<[User registered successfully]!> but was:<[Error: Username is already taken]!>
	at org.junit.Assert.assertEquals(Assert.java:117)
	at org.junit.Assert.assertEquals(Assert.java:146)
	at es.uclm.esi.RegistroStepDefinitions.el_mensaje_sera(RegistroStepDefinitions.java:59)
	at âœ½.el mensaje sera "User registered successfully!"(file:///C:/Eclipse-cuarto/SIGET-Equipo3/src/test/java/es/uclm/esi/features/9registro.feature:6)
&amp#27;[0m
]]></system-out>
  </testcase>
</testsuite>