<?xml version="1.0" encoding="UTF-8"?>
<testsuite xmlns:xsi="http://www.w3.org/2001/XMLSchema-instance" xsi:noNamespaceSchemaLocation="https://maven.apache.org/surefire/maven-surefire-plugin/xsd/surefire-test-report.xsd" name="es.uclm.esi.RunCucumberTest" time="3.326" tests="1" errors="1" skipped="0" failures="0">
  <properties>
    <property name="java.specification.version" value="14"/>
    <property name="sun.cpu.isalist" value="amd64"/>
    <property name="sun.jnu.encoding" value="Cp1252"/>
    <property name="java.class.path" value="C:\Eclipse-cuarto\SIGET-Equipo3\target\test-classes;C:\Eclipse-cuarto\SIGET-Equipo3\target\classes;C:\Users\Eli\.m2\repository\org\springframework\boot\spring-boot-starter-data-mongodb\2.3.5.RELEASE\spring-boot-starter-data-mongodb-2.3.5.RELEASE.jar;C:\Users\Eli\.m2\repository\org\springframework\boot\spring-boot-starter\2.3.5.RELEASE\spring-boot-starter-2.3.5.RELEASE.jar;C:\Users\Eli\.m2\repository\org\springframework\boot\spring-boot\2.3.5.RELEASE\spring-boot-2.3.5.RELEASE.jar;C:\Users\Eli\.m2\repository\org\springframework\boot\spring-boot-autoconfigure\2.3.5.RELEASE\spring-boot-autoconfigure-2.3.5.RELEASE.jar;C:\Users\Eli\.m2\repository\org\springframework\boot\spring-boot-starter-logging\2.3.5.RELEASE\spring-boot-starter-logging-2.3.5.RELEASE.jar;C:\Users\Eli\.m2\repository\ch\qos\logback\logback-classic\1.2.3\logback-classic-1.2.3.jar;C:\Users\Eli\.m2\repository\ch\qos\logback\logback-core\1.2.3\logback-core-1.2.3.jar;C:\Users\Eli\.m2\repository\org\apache\logging\log4j\log4j-to-slf4j\2.13.3\log4j-to-slf4j-2.13.3.jar;C:\Users\Eli\.m2\repository\org\apache\logging\log4j\log4j-api\2.13.3\log4j-api-2.13.3.jar;C:\Users\Eli\.m2\repository\org\slf4j\jul-to-slf4j\1.7.30\jul-to-slf4j-1.7.30.jar;C:\Users\Eli\.m2\repository\jakarta\annotation\jakarta.annotation-api\1.3.5\jakarta.annotation-api-1.3.5.jar;C:\Users\Eli\.m2\repository\org\yaml\snakeyaml\1.26\snakeyaml-1.26.jar;C:\Users\Eli\.m2\repository\org\springframework\data\spring-data-mongodb\3.0.5.RELEASE\spring-data-mongodb-3.0.5.RELEASE.jar;C:\Users\Eli\.m2\repository\org\springframework\spring-tx\5.2.10.RELEASE\spring-tx-5.2.10.RELEASE.jar;C:\Users\Eli\.m2\repository\org\springframework\spring-context\5.2.10.RELEASE\spring-context-5.2.10.RELEASE.jar;C:\Users\Eli\.m2\repository\org\springframework\spring-beans\5.2.10.RELEASE\spring-beans-5.2.10.RELEASE.jar;C:\Users\Eli\.m2\repository\org\springframework\spring-expression\5.2.10.RELEASE\spring-expression-5.2.10.RELEASE.jar;C:\Users\Eli\.m2\repository\org\springframework\data\spring-data-commons\2.3.5.RELEASE\spring-data-commons-2.3.5.RELEASE.jar;C:\Users\Eli\.m2\repository\org\slf4j\slf4j-api\1.7.30\slf4j-api-1.7.30.jar;C:\Users\Eli\.m2\repository\org\springframework\boot\spring-boot-starter-web\2.3.5.RELEASE\spring-boot-starter-web-2.3.5.RELEASE.jar;C:\Users\Eli\.m2\repository\org\springframework\boot\spring-boot-starter-json\2.3.5.RELEASE\spring-boot-starter-json-2.3.5.RELEASE.jar;C:\Users\Eli\.m2\repository\com\fasterxml\jackson\datatype\jackson-datatype-jdk8\2.11.3\jackson-datatype-jdk8-2.11.3.jar;C:\Users\Eli\.m2\repository\com\fasterxml\jackson\datatype\jackson-datatype-jsr310\2.11.3\jackson-datatype-jsr310-2.11.3.jar;C:\Users\Eli\.m2\repository\com\fasterxml\jackson\module\jackson-module-parameter-names\2.11.3\jackson-module-parameter-names-2.11.3.jar;C:\Users\Eli\.m2\repository\org\springframework\boot\spring-boot-starter-tomcat\2.3.5.RELEASE\spring-boot-starter-tomcat-2.3.5.RELEASE.jar;C:\Users\Eli\.m2\repository\org\apache\tomcat\embed\tomcat-embed-core\9.0.39\tomcat-embed-core-9.0.39.jar;C:\Users\Eli\.m2\repository\org\glassfish\jakarta.el\3.0.3\jakarta.el-3.0.3.jar;C:\Users\Eli\.m2\repository\org\apache\tomcat\embed\tomcat-embed-websocket\9.0.39\tomcat-embed-websocket-9.0.39.jar;C:\Users\Eli\.m2\repository\org\springframework\spring-web\5.2.10.RELEASE\spring-web-5.2.10.RELEASE.jar;C:\Users\Eli\.m2\repository\org\springframework\spring-webmvc\5.2.10.RELEASE\spring-webmvc-5.2.10.RELEASE.jar;C:\Users\Eli\.m2\repository\org\apache\commons\commons-lang3\3.11\commons-lang3-3.11.jar;C:\Users\Eli\.m2\repository\org\mongodb\mongodb-driver-sync\4.1.0\mongodb-driver-sync-4.1.0.jar;C:\Users\Eli\.m2\repository\org\mongodb\bson\4.0.5\bson-4.0.5.jar;C:\Users\Eli\.m2\repository\org\mongodb\mongodb-driver-core\4.0.5\mongodb-driver-core-4.0.5.jar;C:\Users\Eli\.m2\repository\io\cucumber\cucumber-java\6.8.0\cucumber-java-6.8.0.jar;C:\Users\Eli\.m2\repository\io\cucumber\cucumber-core\6.8.0\cucumber-core-6.8.0.jar;C:\Users\Eli\.m2\repository\io\cucumber\cucumber-gherkin\6.8.0\cucumber-gherkin-6.8.0.jar;C:\Users\Eli\.m2\repository\io\cucumber\cucumber-gherkin-messages\6.8.0\cucumber-gherkin-messages-6.8.0.jar;C:\Users\Eli\.m2\repository\io\cucumber\messages\13.1.0\messages-13.1.0.jar;C:\Users\Eli\.m2\repository\io\cucumber\tag-expressions\3.0.0\tag-expressions-3.0.0.jar;C:\Users\Eli\.m2\repository\io\cucumber\cucumber-expressions\10.3.0\cucumber-expressions-10.3.0.jar;C:\Users\Eli\.m2\repository\io\cucumber\datatable\3.5.0\datatable-3.5.0.jar;C:\Users\Eli\.m2\repository\io\cucumber\cucumber-plugin\6.8.0\cucumber-plugin-6.8.0.jar;C:\Users\Eli\.m2\repository\io\cucumber\docstring\6.8.0\docstring-6.8.0.jar;C:\Users\Eli\.m2\repository\io\cucumber\html-formatter\9.0.0\html-formatter-9.0.0.jar;C:\Users\Eli\.m2\repository\io\cucumber\create-meta\2.0.2\create-meta-2.0.2.jar;C:\Users\Eli\.m2\repository\org\apiguardian\apiguardian-api\1.1.0\apiguardian-api-1.1.0.jar;C:\Users\Eli\.m2\repository\io\cucumber\cucumber-junit\6.8.0\cucumber-junit-6.8.0.jar;C:\Users\Eli\.m2\repository\junit\junit\4.13.1\junit-4.13.1.jar;C:\Users\Eli\.m2\repository\org\hamcrest\hamcrest-core\2.2\hamcrest-core-2.2.jar;C:\Users\Eli\.m2\repository\io\cucumber\cucumber-spring\6.8.0\cucumber-spring-6.8.0.jar;C:\Users\Eli\.m2\repository\org\springframework\boot\spring-boot-starter-test\2.3.5.RELEASE\spring-boot-starter-test-2.3.5.RELEASE.jar;C:\Users\Eli\.m2\repository\org\springframework\boot\spring-boot-test\2.3.5.RELEASE\spring-boot-test-2.3.5.RELEASE.jar;C:\Users\Eli\.m2\repository\org\springframework\boot\spring-boot-test-autoconfigure\2.3.5.RELEASE\spring-boot-test-autoconfigure-2.3.5.RELEASE.jar;C:\Users\Eli\.m2\repository\com\jayway\jsonpath\json-path\2.4.0\json-path-2.4.0.jar;C:\Users\Eli\.m2\repository\net\minidev\json-smart\2.3\json-smart-2.3.jar;C:\Users\Eli\.m2\repository\net\minidev\accessors-smart\1.2\accessors-smart-1.2.jar;C:\Users\Eli\.m2\repository\org\ow2\asm\asm\5.0.4\asm-5.0.4.jar;C:\Users\Eli\.m2\repository\jakarta\xml\bind\jakarta.xml.bind-api\2.3.3\jakarta.xml.bind-api-2.3.3.jar;C:\Users\Eli\.m2\repository\jakarta\activation\jakarta.activation-api\1.2.2\jakarta.activation-api-1.2.2.jar;C:\Users\Eli\.m2\repository\org\assertj\assertj-core\3.16.1\assertj-core-3.16.1.jar;C:\Users\Eli\.m2\repository\org\hamcrest\hamcrest\2.2\hamcrest-2.2.jar;C:\Users\Eli\.m2\repository\org\junit\jupiter\junit-jupiter\5.6.3\junit-jupiter-5.6.3.jar;C:\Users\Eli\.m2\repository\org\junit\jupiter\junit-jupiter-api\5.6.3\junit-jupiter-api-5.6.3.jar;C:\Users\Eli\.m2\repository\org\opentest4j\opentest4j\1.2.0\opentest4j-1.2.0.jar;C:\Users\Eli\.m2\repository\org\junit\platform\junit-platform-commons\1.6.3\junit-platform-commons-1.6.3.jar;C:\Users\Eli\.m2\repository\org\junit\jupiter\junit-jupiter-params\5.6.3\junit-jupiter-params-5.6.3.jar;C:\Users\Eli\.m2\repository\org\junit\jupiter\junit-jupiter-engine\5.6.3\junit-jupiter-engine-5.6.3.jar;C:\Users\Eli\.m2\repository\org\junit\vintage\junit-vintage-engine\5.6.3\junit-vintage-engine-5.6.3.jar;C:\Users\Eli\.m2\repository\org\junit\platform\junit-platform-engine\1.6.3\junit-platform-engine-1.6.3.jar;C:\Users\Eli\.m2\repository\org\mockito\mockito-core\3.3.3\mockito-core-3.3.3.jar;C:\Users\Eli\.m2\repository\net\bytebuddy\byte-buddy\1.10.17\byte-buddy-1.10.17.jar;C:\Users\Eli\.m2\repository\net\bytebuddy\byte-buddy-agent\1.10.17\byte-buddy-agent-1.10.17.jar;C:\Users\Eli\.m2\repository\org\objenesis\objenesis\2.6\objenesis-2.6.jar;C:\Users\Eli\.m2\repository\org\mockito\mockito-junit-jupiter\3.3.3\mockito-junit-jupiter-3.3.3.jar;C:\Users\Eli\.m2\repository\org\skyscreamer\jsonassert\1.5.0\jsonassert-1.5.0.jar;C:\Users\Eli\.m2\repository\com\vaadin\external\google\android-json\0.0.20131108.vaadin1\android-json-0.0.20131108.vaadin1.jar;C:\Users\Eli\.m2\repository\org\springframework\spring-core\5.2.10.RELEASE\spring-core-5.2.10.RELEASE.jar;C:\Users\Eli\.m2\repository\org\springframework\spring-jcl\5.2.10.RELEASE\spring-jcl-5.2.10.RELEASE.jar;C:\Users\Eli\.m2\repository\org\springframework\spring-test\5.2.10.RELEASE\spring-test-5.2.10.RELEASE.jar;C:\Users\Eli\.m2\repository\org\xmlunit\xmlunit-core\2.7.0\xmlunit-core-2.7.0.jar;C:\Users\Eli\.m2\repository\org\json\json\20200518\json-20200518.jar;C:\Users\Eli\.m2\repository\org\springframework\security\spring-security-test\5.3.5.RELEASE\spring-security-test-5.3.5.RELEASE.jar;C:\Users\Eli\.m2\repository\org\springframework\security\spring-security-core\5.3.5.RELEASE\spring-security-core-5.3.5.RELEASE.jar;C:\Users\Eli\.m2\repository\org\springframework\security\spring-security-web\5.3.5.RELEASE\spring-security-web-5.3.5.RELEASE.jar;C:\Users\Eli\.m2\repository\org\springframework\boot\spring-boot-starter-security\2.3.5.RELEASE\spring-boot-starter-security-2.3.5.RELEASE.jar;C:\Users\Eli\.m2\repository\org\springframework\spring-aop\5.2.10.RELEASE\spring-aop-5.2.10.RELEASE.jar;C:\Users\Eli\.m2\repository\org\springframework\security\spring-security-config\5.3.5.RELEASE\spring-security-config-5.3.5.RELEASE.jar;C:\Users\Eli\.m2\repository\io\jsonwebtoken\jjwt\0.9.1\jjwt-0.9.1.jar;C:\Users\Eli\.m2\repository\com\fasterxml\jackson\core\jackson-databind\2.11.3\jackson-databind-2.11.3.jar;C:\Users\Eli\.m2\repository\com\fasterxml\jackson\core\jackson-annotations\2.11.3\jackson-annotations-2.11.3.jar;C:\Users\Eli\.m2\repository\com\fasterxml\jackson\core\jackson-core\2.11.3\jackson-core-2.11.3.jar;C:\Users\Eli\.m2\repository\javax\validation\validation-api\2.0.1.Final\validation-api-2.0.1.Final.jar;C:\Users\Eli\.m2\repository\javax\xml\bind\jaxb-api\2.3.1\jaxb-api-2.3.1.jar;C:\Users\Eli\.m2\repository\javax\activation\javax.activation-api\1.2.0\javax.activation-api-1.2.0.jar;"/>
    <property name="java.vm.vendor" value="Oracle Corporation"/>
    <property name="sun.arch.data.model" value="64"/>
    <property name="user.variant" value=""/>
    <property name="java.vendor.url" value="https://java.oracle.com/"/>
    <property name="user.timezone" value="Europe/Madrid"/>
    <property name="os.name" value="Windows 10"/>
    <property name="java.vm.specification.version" value="14"/>
    <property name="sun.java.launcher" value="SUN_STANDARD"/>
    <property name="user.country" value="ES"/>
    <property name="sun.boot.library.path" value="C:\Users\Eli\.p2\pool\plugins\org.eclipse.justj.openjdk.hotspot.jre.full.win32.x86_64_14.0.2.v20200815-0932\jre\bin"/>
    <property name="sun.java.command" value="C:\Users\Eli\AppData\Local\Temp\surefire553936877738325995\surefirebooter11908150105095975926.jar C:\Users\Eli\AppData\Local\Temp\surefire553936877738325995 2020-12-08T18-21-44_048-jvmRun1 surefire4875430650395640308tmp surefire_08222776791871042888tmp"/>
    <property name="jdk.debug" value="release"/>
    <property name="surefire.test.class.path" value="C:\Eclipse-cuarto\SIGET-Equipo3\target\test-classes;C:\Eclipse-cuarto\SIGET-Equipo3\target\classes;C:\Users\Eli\.m2\repository\org\springframework\boot\spring-boot-starter-data-mongodb\2.3.5.RELEASE\spring-boot-starter-data-mongodb-2.3.5.RELEASE.jar;C:\Users\Eli\.m2\repository\org\springframework\boot\spring-boot-starter\2.3.5.RELEASE\spring-boot-starter-2.3.5.RELEASE.jar;C:\Users\Eli\.m2\repository\org\springframework\boot\spring-boot\2.3.5.RELEASE\spring-boot-2.3.5.RELEASE.jar;C:\Users\Eli\.m2\repository\org\springframework\boot\spring-boot-autoconfigure\2.3.5.RELEASE\spring-boot-autoconfigure-2.3.5.RELEASE.jar;C:\Users\Eli\.m2\repository\org\springframework\boot\spring-boot-starter-logging\2.3.5.RELEASE\spring-boot-starter-logging-2.3.5.RELEASE.jar;C:\Users\Eli\.m2\repository\ch\qos\logback\logback-classic\1.2.3\logback-classic-1.2.3.jar;C:\Users\Eli\.m2\repository\ch\qos\logback\logback-core\1.2.3\logback-core-1.2.3.jar;C:\Users\Eli\.m2\repository\org\apache\logging\log4j\log4j-to-slf4j\2.13.3\log4j-to-slf4j-2.13.3.jar;C:\Users\Eli\.m2\repository\org\apache\logging\log4j\log4j-api\2.13.3\log4j-api-2.13.3.jar;C:\Users\Eli\.m2\repository\org\slf4j\jul-to-slf4j\1.7.30\jul-to-slf4j-1.7.30.jar;C:\Users\Eli\.m2\repository\jakarta\annotation\jakarta.annotation-api\1.3.5\jakarta.annotation-api-1.3.5.jar;C:\Users\Eli\.m2\repository\org\yaml\snakeyaml\1.26\snakeyaml-1.26.jar;C:\Users\Eli\.m2\repository\org\springframework\data\spring-data-mongodb\3.0.5.RELEASE\spring-data-mongodb-3.0.5.RELEASE.jar;C:\Users\Eli\.m2\repository\org\springframework\spring-tx\5.2.10.RELEASE\spring-tx-5.2.10.RELEASE.jar;C:\Users\Eli\.m2\repository\org\springframework\spring-context\5.2.10.RELEASE\spring-context-5.2.10.RELEASE.jar;C:\Users\Eli\.m2\repository\org\springframework\spring-beans\5.2.10.RELEASE\spring-beans-5.2.10.RELEASE.jar;C:\Users\Eli\.m2\repository\org\springframework\spring-expression\5.2.10.RELEASE\spring-expression-5.2.10.RELEASE.jar;C:\Users\Eli\.m2\repository\org\springframework\data\spring-data-commons\2.3.5.RELEASE\spring-data-commons-2.3.5.RELEASE.jar;C:\Users\Eli\.m2\repository\org\slf4j\slf4j-api\1.7.30\slf4j-api-1.7.30.jar;C:\Users\Eli\.m2\repository\org\springframework\boot\spring-boot-starter-web\2.3.5.RELEASE\spring-boot-starter-web-2.3.5.RELEASE.jar;C:\Users\Eli\.m2\repository\org\springframework\boot\spring-boot-starter-json\2.3.5.RELEASE\spring-boot-starter-json-2.3.5.RELEASE.jar;C:\Users\Eli\.m2\repository\com\fasterxml\jackson\datatype\jackson-datatype-jdk8\2.11.3\jackson-datatype-jdk8-2.11.3.jar;C:\Users\Eli\.m2\repository\com\fasterxml\jackson\datatype\jackson-datatype-jsr310\2.11.3\jackson-datatype-jsr310-2.11.3.jar;C:\Users\Eli\.m2\repository\com\fasterxml\jackson\module\jackson-module-parameter-names\2.11.3\jackson-module-parameter-names-2.11.3.jar;C:\Users\Eli\.m2\repository\org\springframework\boot\spring-boot-starter-tomcat\2.3.5.RELEASE\spring-boot-starter-tomcat-2.3.5.RELEASE.jar;C:\Users\Eli\.m2\repository\org\apache\tomcat\embed\tomcat-embed-core\9.0.39\tomcat-embed-core-9.0.39.jar;C:\Users\Eli\.m2\repository\org\glassfish\jakarta.el\3.0.3\jakarta.el-3.0.3.jar;C:\Users\Eli\.m2\repository\org\apache\tomcat\embed\tomcat-embed-websocket\9.0.39\tomcat-embed-websocket-9.0.39.jar;C:\Users\Eli\.m2\repository\org\springframework\spring-web\5.2.10.RELEASE\spring-web-5.2.10.RELEASE.jar;C:\Users\Eli\.m2\repository\org\springframework\spring-webmvc\5.2.10.RELEASE\spring-webmvc-5.2.10.RELEASE.jar;C:\Users\Eli\.m2\repository\org\apache\commons\commons-lang3\3.11\commons-lang3-3.11.jar;C:\Users\Eli\.m2\repository\org\mongodb\mongodb-driver-sync\4.1.0\mongodb-driver-sync-4.1.0.jar;C:\Users\Eli\.m2\repository\org\mongodb\bson\4.0.5\bson-4.0.5.jar;C:\Users\Eli\.m2\repository\org\mongodb\mongodb-driver-core\4.0.5\mongodb-driver-core-4.0.5.jar;C:\Users\Eli\.m2\repository\io\cucumber\cucumber-java\6.8.0\cucumber-java-6.8.0.jar;C:\Users\Eli\.m2\repository\io\cucumber\cucumber-core\6.8.0\cucumber-core-6.8.0.jar;C:\Users\Eli\.m2\repository\io\cucumber\cucumber-gherkin\6.8.0\cucumber-gherkin-6.8.0.jar;C:\Users\Eli\.m2\repository\io\cucumber\cucumber-gherkin-messages\6.8.0\cucumber-gherkin-messages-6.8.0.jar;C:\Users\Eli\.m2\repository\io\cucumber\messages\13.1.0\messages-13.1.0.jar;C:\Users\Eli\.m2\repository\io\cucumber\tag-expressions\3.0.0\tag-expressions-3.0.0.jar;C:\Users\Eli\.m2\repository\io\cucumber\cucumber-expressions\10.3.0\cucumber-expressions-10.3.0.jar;C:\Users\Eli\.m2\repository\io\cucumber\datatable\3.5.0\datatable-3.5.0.jar;C:\Users\Eli\.m2\repository\io\cucumber\cucumber-plugin\6.8.0\cucumber-plugin-6.8.0.jar;C:\Users\Eli\.m2\repository\io\cucumber\docstring\6.8.0\docstring-6.8.0.jar;C:\Users\Eli\.m2\repository\io\cucumber\html-formatter\9.0.0\html-formatter-9.0.0.jar;C:\Users\Eli\.m2\repository\io\cucumber\create-meta\2.0.2\create-meta-2.0.2.jar;C:\Users\Eli\.m2\repository\org\apiguardian\apiguardian-api\1.1.0\apiguardian-api-1.1.0.jar;C:\Users\Eli\.m2\repository\io\cucumber\cucumber-junit\6.8.0\cucumber-junit-6.8.0.jar;C:\Users\Eli\.m2\repository\junit\junit\4.13.1\junit-4.13.1.jar;C:\Users\Eli\.m2\repository\org\hamcrest\hamcrest-core\2.2\hamcrest-core-2.2.jar;C:\Users\Eli\.m2\repository\io\cucumber\cucumber-spring\6.8.0\cucumber-spring-6.8.0.jar;C:\Users\Eli\.m2\repository\org\springframework\boot\spring-boot-starter-test\2.3.5.RELEASE\spring-boot-starter-test-2.3.5.RELEASE.jar;C:\Users\Eli\.m2\repository\org\springframework\boot\spring-boot-test\2.3.5.RELEASE\spring-boot-test-2.3.5.RELEASE.jar;C:\Users\Eli\.m2\repository\org\springframework\boot\spring-boot-test-autoconfigure\2.3.5.RELEASE\spring-boot-test-autoconfigure-2.3.5.RELEASE.jar;C:\Users\Eli\.m2\repository\com\jayway\jsonpath\json-path\2.4.0\json-path-2.4.0.jar;C:\Users\Eli\.m2\repository\net\minidev\json-smart\2.3\json-smart-2.3.jar;C:\Users\Eli\.m2\repository\net\minidev\accessors-smart\1.2\accessors-smart-1.2.jar;C:\Users\Eli\.m2\repository\org\ow2\asm\asm\5.0.4\asm-5.0.4.jar;C:\Users\Eli\.m2\repository\jakarta\xml\bind\jakarta.xml.bind-api\2.3.3\jakarta.xml.bind-api-2.3.3.jar;C:\Users\Eli\.m2\repository\jakarta\activation\jakarta.activation-api\1.2.2\jakarta.activation-api-1.2.2.jar;C:\Users\Eli\.m2\repository\org\assertj\assertj-core\3.16.1\assertj-core-3.16.1.jar;C:\Users\Eli\.m2\repository\org\hamcrest\hamcrest\2.2\hamcrest-2.2.jar;C:\Users\Eli\.m2\repository\org\junit\jupiter\junit-jupiter\5.6.3\junit-jupiter-5.6.3.jar;C:\Users\Eli\.m2\repository\org\junit\jupiter\junit-jupiter-api\5.6.3\junit-jupiter-api-5.6.3.jar;C:\Users\Eli\.m2\repository\org\opentest4j\opentest4j\1.2.0\opentest4j-1.2.0.jar;C:\Users\Eli\.m2\repository\org\junit\platform\junit-platform-commons\1.6.3\junit-platform-commons-1.6.3.jar;C:\Users\Eli\.m2\repository\org\junit\jupiter\junit-jupiter-params\5.6.3\junit-jupiter-params-5.6.3.jar;C:\Users\Eli\.m2\repository\org\junit\jupiter\junit-jupiter-engine\5.6.3\junit-jupiter-engine-5.6.3.jar;C:\Users\Eli\.m2\repository\org\junit\vintage\junit-vintage-engine\5.6.3\junit-vintage-engine-5.6.3.jar;C:\Users\Eli\.m2\repository\org\junit\platform\junit-platform-engine\1.6.3\junit-platform-engine-1.6.3.jar;C:\Users\Eli\.m2\repository\org\mockito\mockito-core\3.3.3\mockito-core-3.3.3.jar;C:\Users\Eli\.m2\repository\net\bytebuddy\byte-buddy\1.10.17\byte-buddy-1.10.17.jar;C:\Users\Eli\.m2\repository\net\bytebuddy\byte-buddy-agent\1.10.17\byte-buddy-agent-1.10.17.jar;C:\Users\Eli\.m2\repository\org\objenesis\objenesis\2.6\objenesis-2.6.jar;C:\Users\Eli\.m2\repository\org\mockito\mockito-junit-jupiter\3.3.3\mockito-junit-jupiter-3.3.3.jar;C:\Users\Eli\.m2\repository\org\skyscreamer\jsonassert\1.5.0\jsonassert-1.5.0.jar;C:\Users\Eli\.m2\repository\com\vaadin\external\google\android-json\0.0.20131108.vaadin1\android-json-0.0.20131108.vaadin1.jar;C:\Users\Eli\.m2\repository\org\springframework\spring-core\5.2.10.RELEASE\spring-core-5.2.10.RELEASE.jar;C:\Users\Eli\.m2\repository\org\springframework\spring-jcl\5.2.10.RELEASE\spring-jcl-5.2.10.RELEASE.jar;C:\Users\Eli\.m2\repository\org\springframework\spring-test\5.2.10.RELEASE\spring-test-5.2.10.RELEASE.jar;C:\Users\Eli\.m2\repository\org\xmlunit\xmlunit-core\2.7.0\xmlunit-core-2.7.0.jar;C:\Users\Eli\.m2\repository\org\json\json\20200518\json-20200518.jar;C:\Users\Eli\.m2\repository\org\springframework\security\spring-security-test\5.3.5.RELEASE\spring-security-test-5.3.5.RELEASE.jar;C:\Users\Eli\.m2\repository\org\springframework\security\spring-security-core\5.3.5.RELEASE\spring-security-core-5.3.5.RELEASE.jar;C:\Users\Eli\.m2\repository\org\springframework\security\spring-security-web\5.3.5.RELEASE\spring-security-web-5.3.5.RELEASE.jar;C:\Users\Eli\.m2\repository\org\springframework\boot\spring-boot-starter-security\2.3.5.RELEASE\spring-boot-starter-security-2.3.5.RELEASE.jar;C:\Users\Eli\.m2\repository\org\springframework\spring-aop\5.2.10.RELEASE\spring-aop-5.2.10.RELEASE.jar;C:\Users\Eli\.m2\repository\org\springframework\security\spring-security-config\5.3.5.RELEASE\spring-security-config-5.3.5.RELEASE.jar;C:\Users\Eli\.m2\repository\io\jsonwebtoken\jjwt\0.9.1\jjwt-0.9.1.jar;C:\Users\Eli\.m2\repository\com\fasterxml\jackson\core\jackson-databind\2.11.3\jackson-databind-2.11.3.jar;C:\Users\Eli\.m2\repository\com\fasterxml\jackson\core\jackson-annotations\2.11.3\jackson-annotations-2.11.3.jar;C:\Users\Eli\.m2\repository\com\fasterxml\jackson\core\jackson-core\2.11.3\jackson-core-2.11.3.jar;C:\Users\Eli\.m2\repository\javax\validation\validation-api\2.0.1.Final\validation-api-2.0.1.Final.jar;C:\Users\Eli\.m2\repository\javax\xml\bind\jaxb-api\2.3.1\jaxb-api-2.3.1.jar;C:\Users\Eli\.m2\repository\javax\activation\javax.activation-api\1.2.0\javax.activation-api-1.2.0.jar;"/>
    <property name="sun.cpu.endian" value="little"/>
    <property name="user.home" value="C:\Users\Eli"/>
    <property name="user.language" value="es"/>
    <property name="java.specification.vendor" value="Oracle Corporation"/>
    <property name="java.version.date" value="2020-07-14"/>
    <property name="java.home" value="C:\Users\Eli\.p2\pool\plugins\org.eclipse.justj.openjdk.hotspot.jre.full.win32.x86_64_14.0.2.v20200815-0932\jre"/>
    <property name="file.separator" value="\"/>
    <property name="basedir" value="C:\Eclipse-cuarto\SIGET-Equipo3"/>
    <property name="java.vm.compressedOopsMode" value="32-bit"/>
    <property name="line.separator" value="&#10;"/>
    <property name="java.vm.specification.vendor" value="Oracle Corporation"/>
    <property name="java.specification.name" value="Java Platform API Specification"/>
    <property name="surefire.real.class.path" value="C:\Users\Eli\AppData\Local\Temp\surefire553936877738325995\surefirebooter11908150105095975926.jar"/>
    <property name="user.script" value=""/>
    <property name="sun.management.compiler" value="HotSpot 64-Bit Tiered Compilers"/>
    <property name="java.runtime.version" value="14.0.2+12-46"/>
    <property name="user.name" value="Eli"/>
    <property name="path.separator" value=";"/>
    <property name="os.version" value="10.0"/>
    <property name="java.runtime.name" value="OpenJDK Runtime Environment"/>
    <property name="file.encoding" value="Cp1252"/>
    <property name="java.vm.name" value="OpenJDK 64-Bit Server VM"/>
    <property name="localRepository" value="C:\Users\Eli\.m2\repository"/>
    <property name="java.vendor.url.bug" value="https://bugreport.java.com/bugreport/"/>
    <property name="java.io.tmpdir" value="C:\Users\Eli\AppData\Local\Temp\"/>
    <property name="java.version" value="14.0.2"/>
    <property name="user.dir" value="C:\Eclipse-cuarto\SIGET-Equipo3"/>
    <property name="os.arch" value="amd64"/>
    <property name="java.vm.specification.name" value="Java Virtual Machine Specification"/>
    <property name="sun.os.patch.level" value=""/>
    <property name="java.library.path" value="C:\Users\Eli\.p2\pool\plugins\org.eclipse.justj.openjdk.hotspot.jre.full.win32.x86_64_14.0.2.v20200815-0932\jre\bin;C:\WINDOWS\Sun\Java\bin;C:\WINDOWS\system32;C:\WINDOWS;C:/Users/Eli/.p2/pool/plugins/org.eclipse.justj.openjdk.hotspot.jre.full.win32.x86_64_15.0.0.v20201014-1246/jre/bin/server;C:/Users/Eli/.p2/pool/plugins/org.eclipse.justj.openjdk.hotspot.jre.full.win32.x86_64_15.0.0.v20201014-1246/jre/bin;C:\Program Files (x86)\VMware\VMware Player\bin\;C:\WINDOWS\system32;C:\WINDOWS;C:\WINDOWS\System32\Wbem;C:\WINDOWS\System32\WindowsPowerShell\v1.0\;C:\WINDOWS\System32\OpenSSH\;C:\Program Files\AutoFirma\AutoFirma;C:\Users\Eli\AppData\Local\Microsoft\WindowsApps;C:\Users\Eli\AppData\Local\GitHubDesktop\bin;;C:\Users\Eli\Desktop;;."/>
    <property name="java.vm.info" value="mixed mode"/>
    <property name="java.vendor" value="Oracle Corporation"/>
    <property name="java.vm.version" value="14.0.2+12-46"/>
    <property name="sun.io.unicode.encoding" value="UnicodeLittle"/>
    <property name="java.class.version" value="58.0"/>
  </properties>
  <testcase name="cancelar" classname="es.uclm.esi.RunCucumberTest" time="3.294">
    <error type="java.lang.NullPointerException">java.lang.NullPointerException
</error>
    <system-out><![CDATA[2020-12-08 18:21:50 - Neither @ContextConfiguration nor @ContextHierarchy found for test class [es.uclm.esi.CucumberTestContextConfiguration], using SpringBootContextLoader
2020-12-08 18:21:50 - Could not detect default resource locations for test class [es.uclm.esi.CucumberTestContextConfiguration]: no resource found for suffixes {-context.xml, Context.groovy}.
2020-12-08 18:21:50 - Could not detect default configuration classes for test class [es.uclm.esi.CucumberTestContextConfiguration]: CucumberTestContextConfiguration does not declare any static, non-private, non-final, nested classes annotated with @Configuration.
2020-12-08 18:21:50 - Found @SpringBootConfiguration es.uclm.esi.SigetApplication for test class es.uclm.esi.CucumberTestContextConfiguration
2020-12-08 18:21:50 - Loaded default TestExecutionListener class names from location [META-INF/spring.factories]: [org.springframework.boot.test.mock.mockito.MockitoTestExecutionListener, org.springframework.boot.test.mock.mockito.ResetMocksTestExecutionListener, org.springframework.boot.test.autoconfigure.restdocs.RestDocsTestExecutionListener, org.springframework.boot.test.autoconfigure.web.client.MockRestServiceServerResetTestExecutionListener, org.springframework.boot.test.autoconfigure.web.servlet.MockMvcPrintOnlyOnFailureTestExecutionListener, org.springframework.boot.test.autoconfigure.web.servlet.WebDriverTestExecutionListener, org.springframework.boot.test.autoconfigure.webservices.client.MockWebServiceServerTestExecutionListener, org.springframework.test.context.web.ServletTestExecutionListener, org.springframework.test.context.support.DirtiesContextBeforeModesTestExecutionListener, org.springframework.test.context.support.DependencyInjectionTestExecutionListener, org.springframework.test.context.support.DirtiesContextTestExecutionListener, org.springframework.test.context.transaction.TransactionalTestExecutionListener, org.springframework.test.context.jdbc.SqlScriptsTestExecutionListener, org.springframework.test.context.event.EventPublishingTestExecutionListener, org.springframework.security.test.context.support.WithSecurityContextTestExecutionListener, org.springframework.security.test.context.support.ReactorContextTestExecutionListener]
2020-12-08 18:21:50 - Using TestExecutionListeners: [org.springframework.test.context.web.ServletTestExecutionListener@18f4086e, org.springframework.test.context.support.DirtiesContextBeforeModesTestExecutionListener@43cbafa6, org.springframework.boot.test.mock.mockito.MockitoTestExecutionListener@538f45f1, org.springframework.boot.test.autoconfigure.SpringBootDependencyInjectionTestExecutionListener@64fc6470, org.springframework.test.context.support.DirtiesContextTestExecutionListener@5cf3a7f9, org.springframework.test.context.transaction.TransactionalTestExecutionListener@42db955e, org.springframework.test.context.jdbc.SqlScriptsTestExecutionListener@6bd2f039, org.springframework.test.context.event.EventPublishingTestExecutionListener@6c8ad6d7, org.springframework.security.test.context.support.WithSecurityContextTestExecutionListener@2d0778d0, org.springframework.security.test.context.support.ReactorContextTestExecutionListener@33e8694b, org.springframework.boot.test.mock.mockito.ResetMocksTestExecutionListener@4fc71437, org.springframework.boot.test.autoconfigure.restdocs.RestDocsTestExecutionListener@75c15f76, org.springframework.boot.test.autoconfigure.web.client.MockRestServiceServerResetTestExecutionListener@631678e6, org.springframework.boot.test.autoconfigure.web.servlet.MockMvcPrintOnlyOnFailureTestExecutionListener@1344f7fe, org.springframework.boot.test.autoconfigure.web.servlet.WebDriverTestExecutionListener@64d53f0d, org.springframework.boot.test.autoconfigure.webservices.client.MockWebServiceServerTestExecutionListener@1b10f60e]

  .   ____          _            __ _ _
 /\\ / ___'_ __ _ _(_)_ __  __ _ \ \ \ \
( ( )\___ | '_ | '_| | '_ \/ _` | \ \ \ \
 \\/  ___)| |_)| | | | | || (_| |  ) ) ) )
  '  |____| .__|_| |_|_| |_\__, | / / / /
 =========|_|==============|___/=/_/_/_/
 :: Spring Boot ::        (v2.3.5.RELEASE)

2020-12-08 18:21:50 - 

Found multiple occurrences of org.json.JSONObject on the class path:

	jar:file:/C:/Users/Eli/.m2/repository/com/vaadin/external/google/android-json/0.0.20131108.vaadin1/android-json-0.0.20131108.vaadin1.jar!/org/json/JSONObject.class
	jar:file:/C:/Users/Eli/.m2/repository/org/json/json/20200518/json-20200518.jar!/org/json/JSONObject.class

You may wish to exclude one of them to ensure predictable runtime behavior

2020-12-08 18:21:50 - Starting CucumberTestContextConfiguration on DESKTOP-GRGVATI with PID 5308 (started by Eli in C:\Eclipse-cuarto\SIGET-Equipo3)
2020-12-08 18:21:50 - No active profile set, falling back to default profiles: default
2020-12-08 18:21:50 - Bootstrapping Spring Data MongoDB repositories in DEFAULT mode.
2020-12-08 18:21:50 - Finished Spring Data repository scanning in 10ms. Found 4 MongoDB repository interfaces.
2020-12-08 18:21:50 - Bean 'org.springframework.security.access.expression.method.DefaultMethodSecurityExpressionHandler@6f4029e9' of type [org.springframework.security.access.expression.method.DefaultMethodSecurityExpressionHandler] is not eligible for getting processed by all BeanPostProcessors (for example: not eligible for auto-proxying)
2020-12-08 18:21:50 - Bean 'methodSecurityMetadataSource' of type [org.springframework.security.access.method.DelegatingMethodSecurityMetadataSource] is not eligible for getting processed by all BeanPostProcessors (for example: not eligible for auto-proxying)
2020-12-08 18:21:50 - Cluster created with settings {hosts=[cluster0-shard-00-00.rja2c.mongodb.net:27017, cluster0-shard-00-01.rja2c.mongodb.net:27017, cluster0-shard-00-02.rja2c.mongodb.net:27017], mode=MULTIPLE, requiredClusterType=REPLICA_SET, serverSelectionTimeout='30000 ms', requiredReplicaSetName='atlas-7qdd0k-shard-0'}
2020-12-08 18:21:50 - Adding discovered server cluster0-shard-00-00.rja2c.mongodb.net:27017 to client view of cluster
2020-12-08 18:21:50 - Adding discovered server cluster0-shard-00-01.rja2c.mongodb.net:27017 to client view of cluster
2020-12-08 18:21:50 - Adding discovered server cluster0-shard-00-02.rja2c.mongodb.net:27017 to client view of cluster
2020-12-08 18:21:51 - Opened connection [connectionId{localValue:5, serverValue:91678}] to cluster0-shard-00-01.rja2c.mongodb.net:27017
2020-12-08 18:21:51 - Adding welcome page: class path resource [static/index.html]
2020-12-08 18:21:51 - Opened connection [connectionId{localValue:4, serverValue:93286}] to cluster0-shard-00-00.rja2c.mongodb.net:27017
2020-12-08 18:21:51 - Opened connection [connectionId{localValue:6, serverValue:115182}] to cluster0-shard-00-02.rja2c.mongodb.net:27017
2020-12-08 18:21:51 - Monitor thread successfully connected to server with description ServerDescription{address=cluster0-shard-00-01.rja2c.mongodb.net:27017, type=REPLICA_SET_SECONDARY, state=CONNECTED, ok=true, minWireVersion=0, maxWireVersion=8, maxDocumentSize=16777216, logicalSessionTimeoutMinutes=30, roundTripTimeNanos=98376200, setName='atlas-7qdd0k-shard-0', canonicalAddress=cluster0-shard-00-01.rja2c.mongodb.net:27017, hosts=[cluster0-shard-00-02.rja2c.mongodb.net:27017, cluster0-shard-00-01.rja2c.mongodb.net:27017, cluster0-shard-00-00.rja2c.mongodb.net:27017], passives=[], arbiters=[], primary='cluster0-shard-00-02.rja2c.mongodb.net:27017', tagSet=TagSet{[Tag{name='nodeType', value='ELECTABLE'}, Tag{name='provider', value='AWS'}, Tag{name='region', value='US_EAST_1'}, Tag{name='workloadType', value='OPERATIONAL'}]}, electionId=null, setVersion=1, lastWriteDate=Tue Dec 08 18:21:48 CET 2020, lastUpdateTimeNanos=102614089404300}
2020-12-08 18:21:51 - Creating filter chain: any request, [org.springframework.security.web.context.request.async.WebAsyncManagerIntegrationFilter@75ac326f, org.springframework.security.web.context.SecurityContextPersistenceFilter@60b4c754, org.springframework.security.web.header.HeaderWriterFilter@67671db1, org.springframework.web.filter.CorsFilter@736f8837, org.springframework.security.web.authentication.logout.LogoutFilter@21a0795f, es.uclm.esi.security.jwt.AuthTokenFilter@14624acc, org.springframework.security.web.savedrequest.RequestCacheAwareFilter@2c846d55, org.springframework.security.web.servletapi.SecurityContextHolderAwareRequestFilter@735167e1, org.springframework.security.web.authentication.AnonymousAuthenticationFilter@1b6e4761, org.springframework.security.web.session.SessionManagementFilter@6e6f5842, org.springframework.security.web.access.ExceptionTranslationFilter@1d6a22dd, org.springframework.security.web.access.intercept.FilterSecurityInterceptor@1c22642d]
2020-12-08 18:21:51 - Monitor thread successfully connected to server with description ServerDescription{address=cluster0-shard-00-00.rja2c.mongodb.net:27017, type=REPLICA_SET_SECONDARY, state=CONNECTED, ok=true, minWireVersion=0, maxWireVersion=8, maxDocumentSize=16777216, logicalSessionTimeoutMinutes=30, roundTripTimeNanos=110239900, setName='atlas-7qdd0k-shard-0', canonicalAddress=cluster0-shard-00-00.rja2c.mongodb.net:27017, hosts=[cluster0-shard-00-02.rja2c.mongodb.net:27017, cluster0-shard-00-01.rja2c.mongodb.net:27017, cluster0-shard-00-00.rja2c.mongodb.net:27017], passives=[], arbiters=[], primary='cluster0-shard-00-02.rja2c.mongodb.net:27017', tagSet=TagSet{[Tag{name='nodeType', value='ELECTABLE'}, Tag{name='provider', value='AWS'}, Tag{name='region', value='US_EAST_1'}, Tag{name='workloadType', value='OPERATIONAL'}]}, electionId=null, setVersion=1, lastWriteDate=Tue Dec 08 18:21:48 CET 2020, lastUpdateTimeNanos=102614149380800}
2020-12-08 18:21:51 - Monitor thread successfully connected to server with description ServerDescription{address=cluster0-shard-00-02.rja2c.mongodb.net:27017, type=REPLICA_SET_PRIMARY, state=CONNECTED, ok=true, minWireVersion=0, maxWireVersion=8, maxDocumentSize=16777216, logicalSessionTimeoutMinutes=30, roundTripTimeNanos=109163000, setName='atlas-7qdd0k-shard-0', canonicalAddress=cluster0-shard-00-02.rja2c.mongodb.net:27017, hosts=[cluster0-shard-00-02.rja2c.mongodb.net:27017, cluster0-shard-00-01.rja2c.mongodb.net:27017, cluster0-shard-00-00.rja2c.mongodb.net:27017], passives=[], arbiters=[], primary='cluster0-shard-00-02.rja2c.mongodb.net:27017', tagSet=TagSet{[Tag{name='nodeType', value='ELECTABLE'}, Tag{name='provider', value='AWS'}, Tag{name='region', value='US_EAST_1'}, Tag{name='workloadType', value='OPERATIONAL'}]}, electionId=7fffffff0000000000000006, setVersion=1, lastWriteDate=Tue Dec 08 18:21:48 CET 2020, lastUpdateTimeNanos=102614157906600}
2020-12-08 18:21:51 - Setting max election id to 7fffffff0000000000000006 from replica set primary cluster0-shard-00-02.rja2c.mongodb.net:27017
2020-12-08 18:21:51 - Setting max set version to 1 from replica set primary cluster0-shard-00-02.rja2c.mongodb.net:27017
2020-12-08 18:21:51 - Discovered replica set primary cluster0-shard-00-02.rja2c.mongodb.net:27017
2020-12-08 18:21:51 - Initializing ExecutorService 'applicationTaskExecutor'
2020-12-08 18:21:51 - Initializing Spring TestDispatcherServlet ''
2020-12-08 18:21:51 - Initializing Servlet ''
2020-12-08 18:21:51 - Completed initialization in 14 ms
2020-12-08 18:21:51 - Started CucumberTestContextConfiguration in 1.19 seconds (JVM running for 7.141)

Scenario Outline: cancelar       &amp#27;[90m# src/test/java/es/uclm/esi/features/6cancelarReunion.feature:11&amp#27;[0m
2020-12-08 18:21:52 - Opened connection [connectionId{localValue:7, serverValue:115183}] to cluster0-shard-00-02.rja2c.mongodb.net:27017
  &amp#27;[31mWhen &amp#27;[0m&amp#27;[31mcancelo la reunion&amp#27;[0m        &amp#27;[90m# es.uclm.esi.CancelarReunionStepDefinitions.cancelo_la_reunion()&amp#27;[0m
      &amp#27;[31mjava.lang.NullPointerException
	at es.uclm.esi.controller.ControllerCancelarAceptarReunion.cancelarReunion(ControllerCancelarAceptarReunion.java:42)
	at es.uclm.esi.CancelarReunionStepDefinitions.cancelo_la_reunion(CancelarReunionStepDefinitions.java:77)
	at âœ½.cancelo la reunion(file:///C:/Eclipse-cuarto/SIGET-Equipo3/src/test/java/es/uclm/esi/features/6cancelarReunion.feature:5)
&amp#27;[0m
  &amp#27;[36mThen &amp#27;[0m&amp#27;[36mla respuesta debe ser &amp#27;[0m&amp#27;[36m&amp#27;[1m200&amp#27;[0m &amp#27;[90m# es.uclm.esi.CancelarReunionStepDefinitions.la_respuesta_debe_ser(java.lang.Integer)&amp#27;[0m
]]></system-out>
  </testcase>
</testsuite>