<?xml version="1.0" encoding="UTF-8"?>
<testsuite xmlns:xsi="http://www.w3.org/2001/XMLSchema-instance" xsi:noNamespaceSchemaLocation="https://maven.apache.org/surefire/maven-surefire-plugin/xsd/surefire-test-report.xsd" name="es.uclm.esi.RunCucumberTest" time="17.059" tests="30" errors="30" skipped="0" failures="0">
  <properties>
    <property name="java.specification.version" value="13"/>
    <property name="sun.cpu.isalist" value="amd64"/>
    <property name="sun.jnu.encoding" value="Cp1252"/>
    <property name="java.class.path" value="C:\Users\carlo\git\SIGET-Equipo3\SIGET-Equipo3\target\test-classes;C:\Users\carlo\git\SIGET-Equipo3\SIGET-Equipo3\target\classes;C:\Users\carlo\.m2\repository\org\springframework\boot\spring-boot-starter-data-mongodb\2.3.5.RELEASE\spring-boot-starter-data-mongodb-2.3.5.RELEASE.jar;C:\Users\carlo\.m2\repository\org\springframework\boot\spring-boot-starter\2.3.5.RELEASE\spring-boot-starter-2.3.5.RELEASE.jar;C:\Users\carlo\.m2\repository\org\springframework\boot\spring-boot\2.3.5.RELEASE\spring-boot-2.3.5.RELEASE.jar;C:\Users\carlo\.m2\repository\org\springframework\boot\spring-boot-autoconfigure\2.3.5.RELEASE\spring-boot-autoconfigure-2.3.5.RELEASE.jar;C:\Users\carlo\.m2\repository\org\springframework\boot\spring-boot-starter-logging\2.3.5.RELEASE\spring-boot-starter-logging-2.3.5.RELEASE.jar;C:\Users\carlo\.m2\repository\ch\qos\logback\logback-classic\1.2.3\logback-classic-1.2.3.jar;C:\Users\carlo\.m2\repository\ch\qos\logback\logback-core\1.2.3\logback-core-1.2.3.jar;C:\Users\carlo\.m2\repository\org\apache\logging\log4j\log4j-to-slf4j\2.13.3\log4j-to-slf4j-2.13.3.jar;C:\Users\carlo\.m2\repository\org\apache\logging\log4j\log4j-api\2.13.3\log4j-api-2.13.3.jar;C:\Users\carlo\.m2\repository\org\slf4j\jul-to-slf4j\1.7.30\jul-to-slf4j-1.7.30.jar;C:\Users\carlo\.m2\repository\jakarta\annotation\jakarta.annotation-api\1.3.5\jakarta.annotation-api-1.3.5.jar;C:\Users\carlo\.m2\repository\org\yaml\snakeyaml\1.26\snakeyaml-1.26.jar;C:\Users\carlo\.m2\repository\org\springframework\data\spring-data-mongodb\3.0.5.RELEASE\spring-data-mongodb-3.0.5.RELEASE.jar;C:\Users\carlo\.m2\repository\org\springframework\spring-tx\5.2.10.RELEASE\spring-tx-5.2.10.RELEASE.jar;C:\Users\carlo\.m2\repository\org\springframework\spring-context\5.2.10.RELEASE\spring-context-5.2.10.RELEASE.jar;C:\Users\carlo\.m2\repository\org\springframework\spring-beans\5.2.10.RELEASE\spring-beans-5.2.10.RELEASE.jar;C:\Users\carlo\.m2\repository\org\springframework\spring-expression\5.2.10.RELEASE\spring-expression-5.2.10.RELEASE.jar;C:\Users\carlo\.m2\repository\org\springframework\data\spring-data-commons\2.3.5.RELEASE\spring-data-commons-2.3.5.RELEASE.jar;C:\Users\carlo\.m2\repository\org\slf4j\slf4j-api\1.7.30\slf4j-api-1.7.30.jar;C:\Users\carlo\.m2\repository\org\springframework\boot\spring-boot-starter-web\2.3.5.RELEASE\spring-boot-starter-web-2.3.5.RELEASE.jar;C:\Users\carlo\.m2\repository\org\springframework\boot\spring-boot-starter-json\2.3.5.RELEASE\spring-boot-starter-json-2.3.5.RELEASE.jar;C:\Users\carlo\.m2\repository\com\fasterxml\jackson\datatype\jackson-datatype-jdk8\2.11.3\jackson-datatype-jdk8-2.11.3.jar;C:\Users\carlo\.m2\repository\com\fasterxml\jackson\datatype\jackson-datatype-jsr310\2.11.3\jackson-datatype-jsr310-2.11.3.jar;C:\Users\carlo\.m2\repository\com\fasterxml\jackson\module\jackson-module-parameter-names\2.11.3\jackson-module-parameter-names-2.11.3.jar;C:\Users\carlo\.m2\repository\org\springframework\boot\spring-boot-starter-tomcat\2.3.5.RELEASE\spring-boot-starter-tomcat-2.3.5.RELEASE.jar;C:\Users\carlo\.m2\repository\org\apache\tomcat\embed\tomcat-embed-core\9.0.39\tomcat-embed-core-9.0.39.jar;C:\Users\carlo\.m2\repository\org\glassfish\jakarta.el\3.0.3\jakarta.el-3.0.3.jar;C:\Users\carlo\.m2\repository\org\apache\tomcat\embed\tomcat-embed-websocket\9.0.39\tomcat-embed-websocket-9.0.39.jar;C:\Users\carlo\.m2\repository\org\springframework\spring-web\5.2.10.RELEASE\spring-web-5.2.10.RELEASE.jar;C:\Users\carlo\.m2\repository\org\springframework\spring-webmvc\5.2.10.RELEASE\spring-webmvc-5.2.10.RELEASE.jar;C:\Users\carlo\.m2\repository\org\apache\commons\commons-lang3\3.11\commons-lang3-3.11.jar;C:\Users\carlo\.m2\repository\org\mongodb\mongodb-driver-sync\4.1.0\mongodb-driver-sync-4.1.0.jar;C:\Users\carlo\.m2\repository\org\mongodb\bson\4.0.5\bson-4.0.5.jar;C:\Users\carlo\.m2\repository\org\mongodb\mongodb-driver-core\4.0.5\mongodb-driver-core-4.0.5.jar;C:\Users\carlo\.m2\repository\io\cucumber\cucumber-java\6.8.0\cucumber-java-6.8.0.jar;C:\Users\carlo\.m2\repository\io\cucumber\cucumber-core\6.8.0\cucumber-core-6.8.0.jar;C:\Users\carlo\.m2\repository\io\cucumber\cucumber-gherkin\6.8.0\cucumber-gherkin-6.8.0.jar;C:\Users\carlo\.m2\repository\io\cucumber\cucumber-gherkin-messages\6.8.0\cucumber-gherkin-messages-6.8.0.jar;C:\Users\carlo\.m2\repository\io\cucumber\messages\13.1.0\messages-13.1.0.jar;C:\Users\carlo\.m2\repository\io\cucumber\tag-expressions\3.0.0\tag-expressions-3.0.0.jar;C:\Users\carlo\.m2\repository\io\cucumber\cucumber-expressions\10.3.0\cucumber-expressions-10.3.0.jar;C:\Users\carlo\.m2\repository\io\cucumber\datatable\3.5.0\datatable-3.5.0.jar;C:\Users\carlo\.m2\repository\io\cucumber\cucumber-plugin\6.8.0\cucumber-plugin-6.8.0.jar;C:\Users\carlo\.m2\repository\io\cucumber\docstring\6.8.0\docstring-6.8.0.jar;C:\Users\carlo\.m2\repository\io\cucumber\html-formatter\9.0.0\html-formatter-9.0.0.jar;C:\Users\carlo\.m2\repository\io\cucumber\create-meta\2.0.2\create-meta-2.0.2.jar;C:\Users\carlo\.m2\repository\org\apiguardian\apiguardian-api\1.1.0\apiguardian-api-1.1.0.jar;C:\Users\carlo\.m2\repository\io\cucumber\cucumber-junit\6.8.0\cucumber-junit-6.8.0.jar;C:\Users\carlo\.m2\repository\junit\junit\4.13.1\junit-4.13.1.jar;C:\Users\carlo\.m2\repository\org\hamcrest\hamcrest-core\2.2\hamcrest-core-2.2.jar;C:\Users\carlo\.m2\repository\io\cucumber\cucumber-spring\6.8.0\cucumber-spring-6.8.0.jar;C:\Users\carlo\.m2\repository\org\springframework\boot\spring-boot-starter-test\2.3.5.RELEASE\spring-boot-starter-test-2.3.5.RELEASE.jar;C:\Users\carlo\.m2\repository\org\springframework\boot\spring-boot-test\2.3.5.RELEASE\spring-boot-test-2.3.5.RELEASE.jar;C:\Users\carlo\.m2\repository\org\springframework\boot\spring-boot-test-autoconfigure\2.3.5.RELEASE\spring-boot-test-autoconfigure-2.3.5.RELEASE.jar;C:\Users\carlo\.m2\repository\com\jayway\jsonpath\json-path\2.4.0\json-path-2.4.0.jar;C:\Users\carlo\.m2\repository\net\minidev\json-smart\2.3\json-smart-2.3.jar;C:\Users\carlo\.m2\repository\net\minidev\accessors-smart\1.2\accessors-smart-1.2.jar;C:\Users\carlo\.m2\repository\org\ow2\asm\asm\5.0.4\asm-5.0.4.jar;C:\Users\carlo\.m2\repository\jakarta\xml\bind\jakarta.xml.bind-api\2.3.3\jakarta.xml.bind-api-2.3.3.jar;C:\Users\carlo\.m2\repository\jakarta\activation\jakarta.activation-api\1.2.2\jakarta.activation-api-1.2.2.jar;C:\Users\carlo\.m2\repository\org\assertj\assertj-core\3.16.1\assertj-core-3.16.1.jar;C:\Users\carlo\.m2\repository\org\hamcrest\hamcrest\2.2\hamcrest-2.2.jar;C:\Users\carlo\.m2\repository\org\junit\jupiter\junit-jupiter\5.6.3\junit-jupiter-5.6.3.jar;C:\Users\carlo\.m2\repository\org\junit\jupiter\junit-jupiter-api\5.6.3\junit-jupiter-api-5.6.3.jar;C:\Users\carlo\.m2\repository\org\opentest4j\opentest4j\1.2.0\opentest4j-1.2.0.jar;C:\Users\carlo\.m2\repository\org\junit\platform\junit-platform-commons\1.6.3\junit-platform-commons-1.6.3.jar;C:\Users\carlo\.m2\repository\org\junit\jupiter\junit-jupiter-params\5.6.3\junit-jupiter-params-5.6.3.jar;C:\Users\carlo\.m2\repository\org\junit\jupiter\junit-jupiter-engine\5.6.3\junit-jupiter-engine-5.6.3.jar;C:\Users\carlo\.m2\repository\org\junit\vintage\junit-vintage-engine\5.6.3\junit-vintage-engine-5.6.3.jar;C:\Users\carlo\.m2\repository\org\junit\platform\junit-platform-engine\1.6.3\junit-platform-engine-1.6.3.jar;C:\Users\carlo\.m2\repository\org\mockito\mockito-core\3.3.3\mockito-core-3.3.3.jar;C:\Users\carlo\.m2\repository\net\bytebuddy\byte-buddy\1.10.17\byte-buddy-1.10.17.jar;C:\Users\carlo\.m2\repository\net\bytebuddy\byte-buddy-agent\1.10.17\byte-buddy-agent-1.10.17.jar;C:\Users\carlo\.m2\repository\org\objenesis\objenesis\2.6\objenesis-2.6.jar;C:\Users\carlo\.m2\repository\org\mockito\mockito-junit-jupiter\3.3.3\mockito-junit-jupiter-3.3.3.jar;C:\Users\carlo\.m2\repository\org\skyscreamer\jsonassert\1.5.0\jsonassert-1.5.0.jar;C:\Users\carlo\.m2\repository\com\vaadin\external\google\android-json\0.0.20131108.vaadin1\android-json-0.0.20131108.vaadin1.jar;C:\Users\carlo\.m2\repository\org\springframework\spring-core\5.2.10.RELEASE\spring-core-5.2.10.RELEASE.jar;C:\Users\carlo\.m2\repository\org\springframework\spring-jcl\5.2.10.RELEASE\spring-jcl-5.2.10.RELEASE.jar;C:\Users\carlo\.m2\repository\org\springframework\spring-test\5.2.10.RELEASE\spring-test-5.2.10.RELEASE.jar;C:\Users\carlo\.m2\repository\org\xmlunit\xmlunit-core\2.7.0\xmlunit-core-2.7.0.jar;C:\Users\carlo\.m2\repository\org\json\json\20200518\json-20200518.jar;C:\Users\carlo\.m2\repository\org\springframework\security\spring-security-test\5.3.5.RELEASE\spring-security-test-5.3.5.RELEASE.jar;C:\Users\carlo\.m2\repository\org\springframework\security\spring-security-core\5.3.5.RELEASE\spring-security-core-5.3.5.RELEASE.jar;C:\Users\carlo\.m2\repository\org\springframework\security\spring-security-web\5.3.5.RELEASE\spring-security-web-5.3.5.RELEASE.jar;C:\Users\carlo\.m2\repository\org\springframework\boot\spring-boot-starter-security\2.3.5.RELEASE\spring-boot-starter-security-2.3.5.RELEASE.jar;C:\Users\carlo\.m2\repository\org\springframework\spring-aop\5.2.10.RELEASE\spring-aop-5.2.10.RELEASE.jar;C:\Users\carlo\.m2\repository\org\springframework\security\spring-security-config\5.3.5.RELEASE\spring-security-config-5.3.5.RELEASE.jar;C:\Users\carlo\.m2\repository\io\jsonwebtoken\jjwt\0.9.1\jjwt-0.9.1.jar;C:\Users\carlo\.m2\repository\com\fasterxml\jackson\core\jackson-databind\2.11.3\jackson-databind-2.11.3.jar;C:\Users\carlo\.m2\repository\com\fasterxml\jackson\core\jackson-annotations\2.11.3\jackson-annotations-2.11.3.jar;C:\Users\carlo\.m2\repository\com\fasterxml\jackson\core\jackson-core\2.11.3\jackson-core-2.11.3.jar;C:\Users\carlo\.m2\repository\javax\validation\validation-api\2.0.1.Final\validation-api-2.0.1.Final.jar;C:\Users\carlo\.m2\repository\javax\xml\bind\jaxb-api\2.3.1\jaxb-api-2.3.1.jar;C:\Users\carlo\.m2\repository\javax\activation\javax.activation-api\1.2.0\javax.activation-api-1.2.0.jar;"/>
    <property name="java.vm.vendor" value="Oracle Corporation"/>
    <property name="sun.arch.data.model" value="64"/>
    <property name="user.variant" value=""/>
    <property name="java.vendor.url" value="https://java.oracle.com/"/>
    <property name="user.timezone" value="Europe/Madrid"/>
    <property name="os.name" value="Windows 10"/>
    <property name="java.vm.specification.version" value="13"/>
    <property name="sun.java.launcher" value="SUN_STANDARD"/>
    <property name="user.country" value="ES"/>
    <property name="sun.boot.library.path" value="C:\Program Files\Java\jdk-13.0.1\bin"/>
    <property name="sun.java.command" value="C:\Users\carlo\AppData\Local\Temp\surefire13140074999528996239\surefirebooter5128576579891018224.jar C:\Users\carlo\AppData\Local\Temp\surefire13140074999528996239 2020-12-03T12-05-18_137-jvmRun1 surefire17122119880972010011tmp surefire_012535540723789660910tmp"/>
    <property name="jdk.debug" value="release"/>
    <property name="surefire.test.class.path" value="C:\Users\carlo\git\SIGET-Equipo3\SIGET-Equipo3\target\test-classes;C:\Users\carlo\git\SIGET-Equipo3\SIGET-Equipo3\target\classes;C:\Users\carlo\.m2\repository\org\springframework\boot\spring-boot-starter-data-mongodb\2.3.5.RELEASE\spring-boot-starter-data-mongodb-2.3.5.RELEASE.jar;C:\Users\carlo\.m2\repository\org\springframework\boot\spring-boot-starter\2.3.5.RELEASE\spring-boot-starter-2.3.5.RELEASE.jar;C:\Users\carlo\.m2\repository\org\springframework\boot\spring-boot\2.3.5.RELEASE\spring-boot-2.3.5.RELEASE.jar;C:\Users\carlo\.m2\repository\org\springframework\boot\spring-boot-autoconfigure\2.3.5.RELEASE\spring-boot-autoconfigure-2.3.5.RELEASE.jar;C:\Users\carlo\.m2\repository\org\springframework\boot\spring-boot-starter-logging\2.3.5.RELEASE\spring-boot-starter-logging-2.3.5.RELEASE.jar;C:\Users\carlo\.m2\repository\ch\qos\logback\logback-classic\1.2.3\logback-classic-1.2.3.jar;C:\Users\carlo\.m2\repository\ch\qos\logback\logback-core\1.2.3\logback-core-1.2.3.jar;C:\Users\carlo\.m2\repository\org\apache\logging\log4j\log4j-to-slf4j\2.13.3\log4j-to-slf4j-2.13.3.jar;C:\Users\carlo\.m2\repository\org\apache\logging\log4j\log4j-api\2.13.3\log4j-api-2.13.3.jar;C:\Users\carlo\.m2\repository\org\slf4j\jul-to-slf4j\1.7.30\jul-to-slf4j-1.7.30.jar;C:\Users\carlo\.m2\repository\jakarta\annotation\jakarta.annotation-api\1.3.5\jakarta.annotation-api-1.3.5.jar;C:\Users\carlo\.m2\repository\org\yaml\snakeyaml\1.26\snakeyaml-1.26.jar;C:\Users\carlo\.m2\repository\org\springframework\data\spring-data-mongodb\3.0.5.RELEASE\spring-data-mongodb-3.0.5.RELEASE.jar;C:\Users\carlo\.m2\repository\org\springframework\spring-tx\5.2.10.RELEASE\spring-tx-5.2.10.RELEASE.jar;C:\Users\carlo\.m2\repository\org\springframework\spring-context\5.2.10.RELEASE\spring-context-5.2.10.RELEASE.jar;C:\Users\carlo\.m2\repository\org\springframework\spring-beans\5.2.10.RELEASE\spring-beans-5.2.10.RELEASE.jar;C:\Users\carlo\.m2\repository\org\springframework\spring-expression\5.2.10.RELEASE\spring-expression-5.2.10.RELEASE.jar;C:\Users\carlo\.m2\repository\org\springframework\data\spring-data-commons\2.3.5.RELEASE\spring-data-commons-2.3.5.RELEASE.jar;C:\Users\carlo\.m2\repository\org\slf4j\slf4j-api\1.7.30\slf4j-api-1.7.30.jar;C:\Users\carlo\.m2\repository\org\springframework\boot\spring-boot-starter-web\2.3.5.RELEASE\spring-boot-starter-web-2.3.5.RELEASE.jar;C:\Users\carlo\.m2\repository\org\springframework\boot\spring-boot-starter-json\2.3.5.RELEASE\spring-boot-starter-json-2.3.5.RELEASE.jar;C:\Users\carlo\.m2\repository\com\fasterxml\jackson\datatype\jackson-datatype-jdk8\2.11.3\jackson-datatype-jdk8-2.11.3.jar;C:\Users\carlo\.m2\repository\com\fasterxml\jackson\datatype\jackson-datatype-jsr310\2.11.3\jackson-datatype-jsr310-2.11.3.jar;C:\Users\carlo\.m2\repository\com\fasterxml\jackson\module\jackson-module-parameter-names\2.11.3\jackson-module-parameter-names-2.11.3.jar;C:\Users\carlo\.m2\repository\org\springframework\boot\spring-boot-starter-tomcat\2.3.5.RELEASE\spring-boot-starter-tomcat-2.3.5.RELEASE.jar;C:\Users\carlo\.m2\repository\org\apache\tomcat\embed\tomcat-embed-core\9.0.39\tomcat-embed-core-9.0.39.jar;C:\Users\carlo\.m2\repository\org\glassfish\jakarta.el\3.0.3\jakarta.el-3.0.3.jar;C:\Users\carlo\.m2\repository\org\apache\tomcat\embed\tomcat-embed-websocket\9.0.39\tomcat-embed-websocket-9.0.39.jar;C:\Users\carlo\.m2\repository\org\springframework\spring-web\5.2.10.RELEASE\spring-web-5.2.10.RELEASE.jar;C:\Users\carlo\.m2\repository\org\springframework\spring-webmvc\5.2.10.RELEASE\spring-webmvc-5.2.10.RELEASE.jar;C:\Users\carlo\.m2\repository\org\apache\commons\commons-lang3\3.11\commons-lang3-3.11.jar;C:\Users\carlo\.m2\repository\org\mongodb\mongodb-driver-sync\4.1.0\mongodb-driver-sync-4.1.0.jar;C:\Users\carlo\.m2\repository\org\mongodb\bson\4.0.5\bson-4.0.5.jar;C:\Users\carlo\.m2\repository\org\mongodb\mongodb-driver-core\4.0.5\mongodb-driver-core-4.0.5.jar;C:\Users\carlo\.m2\repository\io\cucumber\cucumber-java\6.8.0\cucumber-java-6.8.0.jar;C:\Users\carlo\.m2\repository\io\cucumber\cucumber-core\6.8.0\cucumber-core-6.8.0.jar;C:\Users\carlo\.m2\repository\io\cucumber\cucumber-gherkin\6.8.0\cucumber-gherkin-6.8.0.jar;C:\Users\carlo\.m2\repository\io\cucumber\cucumber-gherkin-messages\6.8.0\cucumber-gherkin-messages-6.8.0.jar;C:\Users\carlo\.m2\repository\io\cucumber\messages\13.1.0\messages-13.1.0.jar;C:\Users\carlo\.m2\repository\io\cucumber\tag-expressions\3.0.0\tag-expressions-3.0.0.jar;C:\Users\carlo\.m2\repository\io\cucumber\cucumber-expressions\10.3.0\cucumber-expressions-10.3.0.jar;C:\Users\carlo\.m2\repository\io\cucumber\datatable\3.5.0\datatable-3.5.0.jar;C:\Users\carlo\.m2\repository\io\cucumber\cucumber-plugin\6.8.0\cucumber-plugin-6.8.0.jar;C:\Users\carlo\.m2\repository\io\cucumber\docstring\6.8.0\docstring-6.8.0.jar;C:\Users\carlo\.m2\repository\io\cucumber\html-formatter\9.0.0\html-formatter-9.0.0.jar;C:\Users\carlo\.m2\repository\io\cucumber\create-meta\2.0.2\create-meta-2.0.2.jar;C:\Users\carlo\.m2\repository\org\apiguardian\apiguardian-api\1.1.0\apiguardian-api-1.1.0.jar;C:\Users\carlo\.m2\repository\io\cucumber\cucumber-junit\6.8.0\cucumber-junit-6.8.0.jar;C:\Users\carlo\.m2\repository\junit\junit\4.13.1\junit-4.13.1.jar;C:\Users\carlo\.m2\repository\org\hamcrest\hamcrest-core\2.2\hamcrest-core-2.2.jar;C:\Users\carlo\.m2\repository\io\cucumber\cucumber-spring\6.8.0\cucumber-spring-6.8.0.jar;C:\Users\carlo\.m2\repository\org\springframework\boot\spring-boot-starter-test\2.3.5.RELEASE\spring-boot-starter-test-2.3.5.RELEASE.jar;C:\Users\carlo\.m2\repository\org\springframework\boot\spring-boot-test\2.3.5.RELEASE\spring-boot-test-2.3.5.RELEASE.jar;C:\Users\carlo\.m2\repository\org\springframework\boot\spring-boot-test-autoconfigure\2.3.5.RELEASE\spring-boot-test-autoconfigure-2.3.5.RELEASE.jar;C:\Users\carlo\.m2\repository\com\jayway\jsonpath\json-path\2.4.0\json-path-2.4.0.jar;C:\Users\carlo\.m2\repository\net\minidev\json-smart\2.3\json-smart-2.3.jar;C:\Users\carlo\.m2\repository\net\minidev\accessors-smart\1.2\accessors-smart-1.2.jar;C:\Users\carlo\.m2\repository\org\ow2\asm\asm\5.0.4\asm-5.0.4.jar;C:\Users\carlo\.m2\repository\jakarta\xml\bind\jakarta.xml.bind-api\2.3.3\jakarta.xml.bind-api-2.3.3.jar;C:\Users\carlo\.m2\repository\jakarta\activation\jakarta.activation-api\1.2.2\jakarta.activation-api-1.2.2.jar;C:\Users\carlo\.m2\repository\org\assertj\assertj-core\3.16.1\assertj-core-3.16.1.jar;C:\Users\carlo\.m2\repository\org\hamcrest\hamcrest\2.2\hamcrest-2.2.jar;C:\Users\carlo\.m2\repository\org\junit\jupiter\junit-jupiter\5.6.3\junit-jupiter-5.6.3.jar;C:\Users\carlo\.m2\repository\org\junit\jupiter\junit-jupiter-api\5.6.3\junit-jupiter-api-5.6.3.jar;C:\Users\carlo\.m2\repository\org\opentest4j\opentest4j\1.2.0\opentest4j-1.2.0.jar;C:\Users\carlo\.m2\repository\org\junit\platform\junit-platform-commons\1.6.3\junit-platform-commons-1.6.3.jar;C:\Users\carlo\.m2\repository\org\junit\jupiter\junit-jupiter-params\5.6.3\junit-jupiter-params-5.6.3.jar;C:\Users\carlo\.m2\repository\org\junit\jupiter\junit-jupiter-engine\5.6.3\junit-jupiter-engine-5.6.3.jar;C:\Users\carlo\.m2\repository\org\junit\vintage\junit-vintage-engine\5.6.3\junit-vintage-engine-5.6.3.jar;C:\Users\carlo\.m2\repository\org\junit\platform\junit-platform-engine\1.6.3\junit-platform-engine-1.6.3.jar;C:\Users\carlo\.m2\repository\org\mockito\mockito-core\3.3.3\mockito-core-3.3.3.jar;C:\Users\carlo\.m2\repository\net\bytebuddy\byte-buddy\1.10.17\byte-buddy-1.10.17.jar;C:\Users\carlo\.m2\repository\net\bytebuddy\byte-buddy-agent\1.10.17\byte-buddy-agent-1.10.17.jar;C:\Users\carlo\.m2\repository\org\objenesis\objenesis\2.6\objenesis-2.6.jar;C:\Users\carlo\.m2\repository\org\mockito\mockito-junit-jupiter\3.3.3\mockito-junit-jupiter-3.3.3.jar;C:\Users\carlo\.m2\repository\org\skyscreamer\jsonassert\1.5.0\jsonassert-1.5.0.jar;C:\Users\carlo\.m2\repository\com\vaadin\external\google\android-json\0.0.20131108.vaadin1\android-json-0.0.20131108.vaadin1.jar;C:\Users\carlo\.m2\repository\org\springframework\spring-core\5.2.10.RELEASE\spring-core-5.2.10.RELEASE.jar;C:\Users\carlo\.m2\repository\org\springframework\spring-jcl\5.2.10.RELEASE\spring-jcl-5.2.10.RELEASE.jar;C:\Users\carlo\.m2\repository\org\springframework\spring-test\5.2.10.RELEASE\spring-test-5.2.10.RELEASE.jar;C:\Users\carlo\.m2\repository\org\xmlunit\xmlunit-core\2.7.0\xmlunit-core-2.7.0.jar;C:\Users\carlo\.m2\repository\org\json\json\20200518\json-20200518.jar;C:\Users\carlo\.m2\repository\org\springframework\security\spring-security-test\5.3.5.RELEASE\spring-security-test-5.3.5.RELEASE.jar;C:\Users\carlo\.m2\repository\org\springframework\security\spring-security-core\5.3.5.RELEASE\spring-security-core-5.3.5.RELEASE.jar;C:\Users\carlo\.m2\repository\org\springframework\security\spring-security-web\5.3.5.RELEASE\spring-security-web-5.3.5.RELEASE.jar;C:\Users\carlo\.m2\repository\org\springframework\boot\spring-boot-starter-security\2.3.5.RELEASE\spring-boot-starter-security-2.3.5.RELEASE.jar;C:\Users\carlo\.m2\repository\org\springframework\spring-aop\5.2.10.RELEASE\spring-aop-5.2.10.RELEASE.jar;C:\Users\carlo\.m2\repository\org\springframework\security\spring-security-config\5.3.5.RELEASE\spring-security-config-5.3.5.RELEASE.jar;C:\Users\carlo\.m2\repository\io\jsonwebtoken\jjwt\0.9.1\jjwt-0.9.1.jar;C:\Users\carlo\.m2\repository\com\fasterxml\jackson\core\jackson-databind\2.11.3\jackson-databind-2.11.3.jar;C:\Users\carlo\.m2\repository\com\fasterxml\jackson\core\jackson-annotations\2.11.3\jackson-annotations-2.11.3.jar;C:\Users\carlo\.m2\repository\com\fasterxml\jackson\core\jackson-core\2.11.3\jackson-core-2.11.3.jar;C:\Users\carlo\.m2\repository\javax\validation\validation-api\2.0.1.Final\validation-api-2.0.1.Final.jar;C:\Users\carlo\.m2\repository\javax\xml\bind\jaxb-api\2.3.1\jaxb-api-2.3.1.jar;C:\Users\carlo\.m2\repository\javax\activation\javax.activation-api\1.2.0\javax.activation-api-1.2.0.jar;"/>
    <property name="sun.cpu.endian" value="little"/>
    <property name="user.home" value="C:\Users\carlo"/>
    <property name="user.language" value="es"/>
    <property name="java.specification.vendor" value="Oracle Corporation"/>
    <property name="java.version.date" value="2019-10-15"/>
    <property name="java.home" value="C:\Program Files\Java\jdk-13.0.1"/>
    <property name="file.separator" value="\"/>
    <property name="basedir" value="C:\Users\carlo\git\SIGET-Equipo3\SIGET-Equipo3"/>
    <property name="java.vm.compressedOopsMode" value="Zero based"/>
    <property name="line.separator" value="&#10;"/>
    <property name="java.vm.specification.vendor" value="Oracle Corporation"/>
    <property name="java.specification.name" value="Java Platform API Specification"/>
    <property name="surefire.real.class.path" value="C:\Users\carlo\AppData\Local\Temp\surefire13140074999528996239\surefirebooter5128576579891018224.jar"/>
    <property name="user.script" value=""/>
    <property name="sun.management.compiler" value="HotSpot 64-Bit Tiered Compilers"/>
    <property name="java.runtime.version" value="13.0.1+9"/>
    <property name="user.name" value="Carlos"/>
    <property name="path.separator" value=";"/>
    <property name="os.version" value="10.0"/>
    <property name="java.runtime.name" value="Java(TM) SE Runtime Environment"/>
    <property name="file.encoding" value="Cp1252"/>
    <property name="java.vm.name" value="Java HotSpot(TM) 64-Bit Server VM"/>
    <property name="localRepository" value="C:\Users\carlo\.m2\repository"/>
    <property name="java.vendor.url.bug" value="https://bugreport.java.com/bugreport/"/>
    <property name="java.io.tmpdir" value="C:\Users\carlo\AppData\Local\Temp\"/>
    <property name="java.version" value="13.0.1"/>
    <property name="user.dir" value="C:\Users\carlo\git\SIGET-Equipo3\SIGET-Equipo3"/>
    <property name="os.arch" value="amd64"/>
    <property name="java.vm.specification.name" value="Java Virtual Machine Specification"/>
    <property name="sun.os.patch.level" value=""/>
    <property name="java.library.path" value="C:\Program Files\Java\jdk-13.0.1\bin;C:\WINDOWS\Sun\Java\bin;C:\WINDOWS\system32;C:\WINDOWS;C:/Users/carlo/.p2/pool/plugins/org.eclipse.justj.openjdk.hotspot.jre.full.win32.x86_64_14.0.2.v20200815-0932/jre/bin/server;C:/Users/carlo/.p2/pool/plugins/org.eclipse.justj.openjdk.hotspot.jre.full.win32.x86_64_14.0.2.v20200815-0932/jre/bin;C:\Program Files (x86)\Common Files\Oracle\Java\javapath;C:\Python27\;C:\Python27\Scripts;C:\windows\system32;C:\windows;C:\windows\System32\Wbem;C:\windows\System32\WindowsPowerShell\v1.0\;C:\windows\System32\OpenSSH\;C:\Program Files (x86)\NVIDIA Corporation\PhysX\Common;C:\Program Files\NVIDIA Corporation\NVIDIA NvDLISR;C:\Program Files (x86)\Microsoft SQL Server\150\DTS\Binn\;C:\Program Files\Microsoft SQL Server\Client SDK\ODBC\170\Tools\Binn\;C:\Program Files (x86)\Microsoft SQL Server\150\Tools\Binn\;C:\Program Files\Microsoft SQL Server\150\Tools\Binn\;C:\Program Files\Microsoft SQL Server\150\DTS\Binn\;C:\WINDOWS\system32;C:\WINDOWS;C:\WINDOWS\System32\Wbem;C:\WINDOWS\System32\WindowsPowerShell\v1.0\;C:\WINDOWS\System32\OpenSSH\;C:\Program Files\Git\cmd;C:\Program Files\nodejs\;C:\Ruby27-x64\bin;C:\Users\carlo\AppData\Local\Microsoft\WindowsApps;C:\Users\carlo\AppData\Local\GitHubDesktop\bin;C:\w64devkit\bin;C:\Users\carlo\AppData\Local\Programs\Microsoft VS Code\bin;C:\Users\carlo\AppData\Roaming\npm;C:\Program Files\heroku\bin;C:\WINDOWS\System32;;."/>
    <property name="java.vm.info" value="mixed mode, sharing"/>
    <property name="java.vendor" value="Oracle Corporation"/>
    <property name="java.vm.version" value="13.0.1+9"/>
    <property name="sun.io.unicode.encoding" value="UnicodeLittle"/>
    <property name="java.class.version" value="57.0"/>
  </properties>
  <testcase name="Roles de los usuarios de la aplicacion #1" classname="es.uclm.esi.RunCucumberTest" time="1.22">
    <error message="The step &quot;accedo con el token de usuario &quot;admin&quot;&quot; is undefined. You can implement it using the snippet(s) below:&#10;&#10;@When(&quot;accedo con el token de usuario {string}&quot;)&#10;public void accedo_con_el_token_de_usuario(String string) {&#10;    // Write code here that turns the phrase above into concrete actions&#10;    throw new io.cucumber.java.PendingException();&#10;}&#10;&#10;&#10;Some other steps were also undefined:&#10;&#10;@When(&quot;a recursos del rol {string}&quot;)&#10;public void a_recursos_del_rol(String string) {&#10;    // Write code here that turns the phrase above into concrete actions&#10;    throw new io.cucumber.java.PendingException();&#10;}&#10;@Then(&quot;muestro el codigo {int}&quot;)&#10;public void muestro_el_codigo(Integer int1) {&#10;    // Write code here that turns the phrase above into concrete actions&#10;    throw new io.cucumber.java.PendingException();&#10;}&#10;" type="io.cucumber.junit.UndefinedStepException">io.cucumber.junit.UndefinedStepException: 
The step "accedo con el token de usuario "admin"" is undefined. You can implement it using the snippet(s) below:

@When("accedo con el token de usuario {string}")
public void accedo_con_el_token_de_usuario(String string) {
    // Write code here that turns the phrase above into concrete actions
    throw new io.cucumber.java.PendingException();
}


Some other steps were also undefined:

@When("a recursos del rol {string}")
public void a_recursos_del_rol(String string) {
    // Write code here that turns the phrase above into concrete actions
    throw new io.cucumber.java.PendingException();
}
@Then("muestro el codigo {int}")
public void muestro_el_codigo(Integer int1) {
    // Write code here that turns the phrase above into concrete actions
    throw new io.cucumber.java.PendingException();
}

</error>
    <system-out><![CDATA[2020-12-03 12:05:22 - Neither @ContextConfiguration nor @ContextHierarchy found for test class [es.uclm.esi.CucumberTestContextConfiguration], using SpringBootContextLoader
2020-12-03 12:05:22 - Could not detect default resource locations for test class [es.uclm.esi.CucumberTestContextConfiguration]: no resource found for suffixes {-context.xml, Context.groovy}.
2020-12-03 12:05:22 - Could not detect default configuration classes for test class [es.uclm.esi.CucumberTestContextConfiguration]: CucumberTestContextConfiguration does not declare any static, non-private, non-final, nested classes annotated with @Configuration.
2020-12-03 12:05:22 - Found @SpringBootConfiguration es.uclm.esi.SigetApplication for test class es.uclm.esi.CucumberTestContextConfiguration
2020-12-03 12:05:22 - Loaded default TestExecutionListener class names from location [META-INF/spring.factories]: [org.springframework.boot.test.mock.mockito.MockitoTestExecutionListener, org.springframework.boot.test.mock.mockito.ResetMocksTestExecutionListener, org.springframework.boot.test.autoconfigure.restdocs.RestDocsTestExecutionListener, org.springframework.boot.test.autoconfigure.web.client.MockRestServiceServerResetTestExecutionListener, org.springframework.boot.test.autoconfigure.web.servlet.MockMvcPrintOnlyOnFailureTestExecutionListener, org.springframework.boot.test.autoconfigure.web.servlet.WebDriverTestExecutionListener, org.springframework.boot.test.autoconfigure.webservices.client.MockWebServiceServerTestExecutionListener, org.springframework.test.context.web.ServletTestExecutionListener, org.springframework.test.context.support.DirtiesContextBeforeModesTestExecutionListener, org.springframework.test.context.support.DependencyInjectionTestExecutionListener, org.springframework.test.context.support.DirtiesContextTestExecutionListener, org.springframework.test.context.transaction.TransactionalTestExecutionListener, org.springframework.test.context.jdbc.SqlScriptsTestExecutionListener, org.springframework.test.context.event.EventPublishingTestExecutionListener, org.springframework.security.test.context.support.WithSecurityContextTestExecutionListener, org.springframework.security.test.context.support.ReactorContextTestExecutionListener]
2020-12-03 12:05:22 - Using TestExecutionListeners: [org.springframework.test.context.web.ServletTestExecutionListener@3a12f3e7, org.springframework.test.context.support.DirtiesContextBeforeModesTestExecutionListener@84a9f65, org.springframework.boot.test.mock.mockito.MockitoTestExecutionListener@70700b8a, org.springframework.boot.test.autoconfigure.SpringBootDependencyInjectionTestExecutionListener@5fafa76d, org.springframework.test.context.support.DirtiesContextTestExecutionListener@720ffab4, org.springframework.test.context.transaction.TransactionalTestExecutionListener@2e62e227, org.springframework.test.context.jdbc.SqlScriptsTestExecutionListener@5ebe903a, org.springframework.test.context.event.EventPublishingTestExecutionListener@7c88d04f, org.springframework.security.test.context.support.WithSecurityContextTestExecutionListener@71df5f30, org.springframework.security.test.context.support.ReactorContextTestExecutionListener@4895e8f6, org.springframework.boot.test.mock.mockito.ResetMocksTestExecutionListener@62808e9e, org.springframework.boot.test.autoconfigure.restdocs.RestDocsTestExecutionListener@58b03029, org.springframework.boot.test.autoconfigure.web.client.MockRestServiceServerResetTestExecutionListener@539dd2d0, org.springframework.boot.test.autoconfigure.web.servlet.MockMvcPrintOnlyOnFailureTestExecutionListener@3428420d, org.springframework.boot.test.autoconfigure.web.servlet.WebDriverTestExecutionListener@523ade68, org.springframework.boot.test.autoconfigure.webservices.client.MockWebServiceServerTestExecutionListener@b529d7e]

  .   ____          _            __ _ _
 /\\ / ___'_ __ _ _(_)_ __  __ _ \ \ \ \
( ( )\___ | '_ | '_| | '_ \/ _` | \ \ \ \
 \\/  ___)| |_)| | | | | || (_| |  ) ) ) )
  '  |____| .__|_| |_|_| |_\__, | / / / /
 =========|_|==============|___/=/_/_/_/
 :: Spring Boot ::        (v2.3.5.RELEASE)

2020-12-03 12:05:23 - 

Found multiple occurrences of org.json.JSONObject on the class path:

	jar:file:/C:/Users/carlo/.m2/repository/com/vaadin/external/google/android-json/0.0.20131108.vaadin1/android-json-0.0.20131108.vaadin1.jar!/org/json/JSONObject.class
	jar:file:/C:/Users/carlo/.m2/repository/org/json/json/20200518/json-20200518.jar!/org/json/JSONObject.class

You may wish to exclude one of them to ensure predictable runtime behavior

2020-12-03 12:05:23 - Starting CucumberTestContextConfiguration on LAPTOP-RIVAS with PID 10532 (started by Carlos in C:\Users\carlo\git\SIGET-Equipo3\SIGET-Equipo3)
2020-12-03 12:05:23 - No active profile set, falling back to default profiles: default
2020-12-03 12:05:23 - Bootstrapping Spring Data MongoDB repositories in DEFAULT mode.
2020-12-03 12:05:23 - Finished Spring Data repository scanning in 9ms. Found 4 MongoDB repository interfaces.
2020-12-03 12:05:23 - Bean 'org.springframework.security.access.expression.method.DefaultMethodSecurityExpressionHandler@28c7fd9d' of type [org.springframework.security.access.expression.method.DefaultMethodSecurityExpressionHandler] is not eligible for getting processed by all BeanPostProcessors (for example: not eligible for auto-proxying)
2020-12-03 12:05:23 - Bean 'methodSecurityMetadataSource' of type [org.springframework.security.access.method.DelegatingMethodSecurityMetadataSource] is not eligible for getting processed by all BeanPostProcessors (for example: not eligible for auto-proxying)
2020-12-03 12:05:23 - Cluster created with settings {hosts=[cluster0-shard-00-00.rja2c.mongodb.net:27017, cluster0-shard-00-01.rja2c.mongodb.net:27017, cluster0-shard-00-02.rja2c.mongodb.net:27017], mode=MULTIPLE, requiredClusterType=REPLICA_SET, serverSelectionTimeout='30000 ms', requiredReplicaSetName='atlas-7qdd0k-shard-0'}
2020-12-03 12:05:23 - Adding discovered server cluster0-shard-00-00.rja2c.mongodb.net:27017 to client view of cluster
2020-12-03 12:05:23 - Adding discovered server cluster0-shard-00-01.rja2c.mongodb.net:27017 to client view of cluster
2020-12-03 12:05:23 - Adding discovered server cluster0-shard-00-02.rja2c.mongodb.net:27017 to client view of cluster
2020-12-03 12:05:23 - Adding welcome page: class path resource [static/index.html]
2020-12-03 12:05:23 - Opened connection [connectionId{localValue:6, serverValue:85058}] to cluster0-shard-00-02.rja2c.mongodb.net:27017
2020-12-03 12:05:23 - Opened connection [connectionId{localValue:4, serverValue:71784}] to cluster0-shard-00-00.rja2c.mongodb.net:27017
2020-12-03 12:05:23 - Opened connection [connectionId{localValue:5, serverValue:73300}] to cluster0-shard-00-01.rja2c.mongodb.net:27017
2020-12-03 12:05:23 - Creating filter chain: any request, [org.springframework.security.web.context.request.async.WebAsyncManagerIntegrationFilter@468f2a6f, org.springframework.security.web.context.SecurityContextPersistenceFilter@1826475, org.springframework.security.web.header.HeaderWriterFilter@55c8fc60, org.springframework.web.filter.CorsFilter@6a3a56de, org.springframework.security.web.authentication.logout.LogoutFilter@79a68657, es.uclm.esi.security.jwt.AuthTokenFilter@2ed84be9, org.springframework.security.web.savedrequest.RequestCacheAwareFilter@6ba355e4, org.springframework.security.web.servletapi.SecurityContextHolderAwareRequestFilter@7b1559f1, org.springframework.security.web.authentication.AnonymousAuthenticationFilter@400e741, org.springframework.security.web.session.SessionManagementFilter@50d05167, org.springframework.security.web.access.ExceptionTranslationFilter@46b2a11a, org.springframework.security.web.access.intercept.FilterSecurityInterceptor@522f0bb8]
2020-12-03 12:05:23 - Monitor thread successfully connected to server with description ServerDescription{address=cluster0-shard-00-02.rja2c.mongodb.net:27017, type=REPLICA_SET_PRIMARY, state=CONNECTED, ok=true, minWireVersion=0, maxWireVersion=8, maxDocumentSize=16777216, logicalSessionTimeoutMinutes=30, roundTripTimeNanos=115338000, setName='atlas-7qdd0k-shard-0', canonicalAddress=cluster0-shard-00-02.rja2c.mongodb.net:27017, hosts=[cluster0-shard-00-02.rja2c.mongodb.net:27017, cluster0-shard-00-01.rja2c.mongodb.net:27017, cluster0-shard-00-00.rja2c.mongodb.net:27017], passives=[], arbiters=[], primary='cluster0-shard-00-02.rja2c.mongodb.net:27017', tagSet=TagSet{[Tag{name='nodeType', value='ELECTABLE'}, Tag{name='provider', value='AWS'}, Tag{name='region', value='US_EAST_1'}, Tag{name='workloadType', value='OPERATIONAL'}]}, electionId=7fffffff0000000000000004, setVersion=1, lastWriteDate=Thu Dec 03 12:05:19 CET 2020, lastUpdateTimeNanos=1162620449634700}
2020-12-03 12:05:23 - Monitor thread successfully connected to server with description ServerDescription{address=cluster0-shard-00-00.rja2c.mongodb.net:27017, type=REPLICA_SET_SECONDARY, state=CONNECTED, ok=true, minWireVersion=0, maxWireVersion=8, maxDocumentSize=16777216, logicalSessionTimeoutMinutes=30, roundTripTimeNanos=110668200, setName='atlas-7qdd0k-shard-0', canonicalAddress=cluster0-shard-00-00.rja2c.mongodb.net:27017, hosts=[cluster0-shard-00-02.rja2c.mongodb.net:27017, cluster0-shard-00-01.rja2c.mongodb.net:27017, cluster0-shard-00-00.rja2c.mongodb.net:27017], passives=[], arbiters=[], primary='cluster0-shard-00-02.rja2c.mongodb.net:27017', tagSet=TagSet{[Tag{name='nodeType', value='ELECTABLE'}, Tag{name='provider', value='AWS'}, Tag{name='region', value='US_EAST_1'}, Tag{name='workloadType', value='OPERATIONAL'}]}, electionId=null, setVersion=1, lastWriteDate=Thu Dec 03 12:05:19 CET 2020, lastUpdateTimeNanos=1162620449748000}
2020-12-03 12:05:23 - Setting max election id to 7fffffff0000000000000004 from replica set primary cluster0-shard-00-02.rja2c.mongodb.net:27017
2020-12-03 12:05:23 - Setting max set version to 1 from replica set primary cluster0-shard-00-02.rja2c.mongodb.net:27017
2020-12-03 12:05:23 - Discovered replica set primary cluster0-shard-00-02.rja2c.mongodb.net:27017
2020-12-03 12:05:23 - Monitor thread successfully connected to server with description ServerDescription{address=cluster0-shard-00-01.rja2c.mongodb.net:27017, type=REPLICA_SET_SECONDARY, state=CONNECTED, ok=true, minWireVersion=0, maxWireVersion=8, maxDocumentSize=16777216, logicalSessionTimeoutMinutes=30, roundTripTimeNanos=111403200, setName='atlas-7qdd0k-shard-0', canonicalAddress=cluster0-shard-00-01.rja2c.mongodb.net:27017, hosts=[cluster0-shard-00-02.rja2c.mongodb.net:27017, cluster0-shard-00-01.rja2c.mongodb.net:27017, cluster0-shard-00-00.rja2c.mongodb.net:27017], passives=[], arbiters=[], primary='cluster0-shard-00-02.rja2c.mongodb.net:27017', tagSet=TagSet{[Tag{name='nodeType', value='ELECTABLE'}, Tag{name='provider', value='AWS'}, Tag{name='region', value='US_EAST_1'}, Tag{name='workloadType', value='OPERATIONAL'}]}, electionId=null, setVersion=1, lastWriteDate=Thu Dec 03 12:05:19 CET 2020, lastUpdateTimeNanos=1162620456064600}
2020-12-03 12:05:23 - Initializing ExecutorService 'applicationTaskExecutor'
2020-12-03 12:05:24 - Initializing Spring TestDispatcherServlet ''
2020-12-03 12:05:24 - Initializing Servlet ''
2020-12-03 12:05:24 - Completed initialization in 11 ms
2020-12-03 12:05:24 - Started CucumberTestContextConfiguration in 1.054 seconds (JVM running for 5.677)

Scenario Outline: Roles de los usuarios de la aplicacion &amp#27;[90m# src/test/java/es/uclm/esi/features/10roles.feature:10&amp#27;[0m
  &amp#27;[33mWhen &amp#27;[0m&amp#27;[33maccedo con el token de usuario "admin"&amp#27;[0m            &amp#27;[90m# null&amp#27;[0m
  &amp#27;[36mAnd &amp#27;[0m&amp#27;[36ma recursos del rol "USER"&amp#27;[0m                          &amp#27;[90m# null&amp#27;[0m
  &amp#27;[36mThen &amp#27;[0m&amp#27;[36mmuestro el codigo 200&amp#27;[0m                             &amp#27;[90m# null&amp#27;[0m
]]></system-out>
  </testcase>
  <testcase name="Roles de los usuarios de la aplicacion #2" classname="es.uclm.esi.RunCucumberTest" time="0.019">
    <error message="The step &quot;accedo con el token de usuario &quot;user&quot;&quot; is undefined. You can implement it using the snippet(s) below:&#10;&#10;@When(&quot;accedo con el token de usuario {string}&quot;)&#10;public void accedo_con_el_token_de_usuario(String string) {&#10;    // Write code here that turns the phrase above into concrete actions&#10;    throw new io.cucumber.java.PendingException();&#10;}&#10;&#10;&#10;Some other steps were also undefined:&#10;&#10;@When(&quot;a recursos del rol {string}&quot;)&#10;public void a_recursos_del_rol(String string) {&#10;    // Write code here that turns the phrase above into concrete actions&#10;    throw new io.cucumber.java.PendingException();&#10;}&#10;@Then(&quot;muestro el codigo {int}&quot;)&#10;public void muestro_el_codigo(Integer int1) {&#10;    // Write code here that turns the phrase above into concrete actions&#10;    throw new io.cucumber.java.PendingException();&#10;}&#10;" type="io.cucumber.junit.UndefinedStepException">io.cucumber.junit.UndefinedStepException: 
The step "accedo con el token de usuario "user"" is undefined. You can implement it using the snippet(s) below:

@When("accedo con el token de usuario {string}")
public void accedo_con_el_token_de_usuario(String string) {
    // Write code here that turns the phrase above into concrete actions
    throw new io.cucumber.java.PendingException();
}


Some other steps were also undefined:

@When("a recursos del rol {string}")
public void a_recursos_del_rol(String string) {
    // Write code here that turns the phrase above into concrete actions
    throw new io.cucumber.java.PendingException();
}
@Then("muestro el codigo {int}")
public void muestro_el_codigo(Integer int1) {
    // Write code here that turns the phrase above into concrete actions
    throw new io.cucumber.java.PendingException();
}

</error>
    <system-out><![CDATA[2020-12-03 12:05:24 - Neither @ContextConfiguration nor @ContextHierarchy found for test class [es.uclm.esi.CucumberTestContextConfiguration], using SpringBootContextLoader
2020-12-03 12:05:24 - Could not detect default resource locations for test class [es.uclm.esi.CucumberTestContextConfiguration]: no resource found for suffixes {-context.xml, Context.groovy}.
2020-12-03 12:05:24 - Could not detect default configuration classes for test class [es.uclm.esi.CucumberTestContextConfiguration]: CucumberTestContextConfiguration does not declare any static, non-private, non-final, nested classes annotated with @Configuration.
2020-12-03 12:05:24 - Found @SpringBootConfiguration es.uclm.esi.SigetApplication for test class es.uclm.esi.CucumberTestContextConfiguration
2020-12-03 12:05:24 - Loaded default TestExecutionListener class names from location [META-INF/spring.factories]: [org.springframework.boot.test.mock.mockito.MockitoTestExecutionListener, org.springframework.boot.test.mock.mockito.ResetMocksTestExecutionListener, org.springframework.boot.test.autoconfigure.restdocs.RestDocsTestExecutionListener, org.springframework.boot.test.autoconfigure.web.client.MockRestServiceServerResetTestExecutionListener, org.springframework.boot.test.autoconfigure.web.servlet.MockMvcPrintOnlyOnFailureTestExecutionListener, org.springframework.boot.test.autoconfigure.web.servlet.WebDriverTestExecutionListener, org.springframework.boot.test.autoconfigure.webservices.client.MockWebServiceServerTestExecutionListener, org.springframework.test.context.web.ServletTestExecutionListener, org.springframework.test.context.support.DirtiesContextBeforeModesTestExecutionListener, org.springframework.test.context.support.DependencyInjectionTestExecutionListener, org.springframework.test.context.support.DirtiesContextTestExecutionListener, org.springframework.test.context.transaction.TransactionalTestExecutionListener, org.springframework.test.context.jdbc.SqlScriptsTestExecutionListener, org.springframework.test.context.event.EventPublishingTestExecutionListener, org.springframework.security.test.context.support.WithSecurityContextTestExecutionListener, org.springframework.security.test.context.support.ReactorContextTestExecutionListener]
2020-12-03 12:05:24 - Using TestExecutionListeners: [org.springframework.test.context.web.ServletTestExecutionListener@5dbc4598, org.springframework.test.context.support.DirtiesContextBeforeModesTestExecutionListener@1002d1c8, org.springframework.boot.test.mock.mockito.MockitoTestExecutionListener@38a27ace, org.springframework.boot.test.autoconfigure.SpringBootDependencyInjectionTestExecutionListener@41289e88, org.springframework.test.context.support.DirtiesContextTestExecutionListener@7e8783b0, org.springframework.test.context.transaction.TransactionalTestExecutionListener@788d9139, org.springframework.test.context.jdbc.SqlScriptsTestExecutionListener@53d2f0ec, org.springframework.test.context.event.EventPublishingTestExecutionListener@560be8c0, org.springframework.security.test.context.support.WithSecurityContextTestExecutionListener@14d36bb2, org.springframework.security.test.context.support.ReactorContextTestExecutionListener@432448, org.springframework.boot.test.mock.mockito.ResetMocksTestExecutionListener@4452e13c, org.springframework.boot.test.autoconfigure.restdocs.RestDocsTestExecutionListener@4d964c9e, org.springframework.boot.test.autoconfigure.web.client.MockRestServiceServerResetTestExecutionListener@42172065, org.springframework.boot.test.autoconfigure.web.servlet.MockMvcPrintOnlyOnFailureTestExecutionListener@5b6f3d0b, org.springframework.boot.test.autoconfigure.web.servlet.WebDriverTestExecutionListener@8e77c5b, org.springframework.boot.test.autoconfigure.webservices.client.MockWebServiceServerTestExecutionListener@776a3365]

Scenario Outline: Roles de los usuarios de la aplicacion &amp#27;[90m# src/test/java/es/uclm/esi/features/10roles.feature:11&amp#27;[0m
  &amp#27;[33mWhen &amp#27;[0m&amp#27;[33maccedo con el token de usuario "user"&amp#27;[0m             &amp#27;[90m# null&amp#27;[0m
  &amp#27;[36mAnd &amp#27;[0m&amp#27;[36ma recursos del rol "USER"&amp#27;[0m                          &amp#27;[90m# null&amp#27;[0m
  &amp#27;[36mThen &amp#27;[0m&amp#27;[36mmuestro el codigo 200&amp#27;[0m                             &amp#27;[90m# null&amp#27;[0m
]]></system-out>
  </testcase>
  <testcase name="Roles de los usuarios de la aplicacion #3" classname="es.uclm.esi.RunCucumberTest" time="0.02">
    <error message="The step &quot;accedo con el token de usuario &quot;user&quot;&quot; is undefined. You can implement it using the snippet(s) below:&#10;&#10;@When(&quot;accedo con el token de usuario {string}&quot;)&#10;public void accedo_con_el_token_de_usuario(String string) {&#10;    // Write code here that turns the phrase above into concrete actions&#10;    throw new io.cucumber.java.PendingException();&#10;}&#10;&#10;&#10;Some other steps were also undefined:&#10;&#10;@When(&quot;a recursos del rol {string}&quot;)&#10;public void a_recursos_del_rol(String string) {&#10;    // Write code here that turns the phrase above into concrete actions&#10;    throw new io.cucumber.java.PendingException();&#10;}&#10;@Then(&quot;muestro el codigo {int}&quot;)&#10;public void muestro_el_codigo(Integer int1) {&#10;    // Write code here that turns the phrase above into concrete actions&#10;    throw new io.cucumber.java.PendingException();&#10;}&#10;" type="io.cucumber.junit.UndefinedStepException">io.cucumber.junit.UndefinedStepException: 
The step "accedo con el token de usuario "user"" is undefined. You can implement it using the snippet(s) below:

@When("accedo con el token de usuario {string}")
public void accedo_con_el_token_de_usuario(String string) {
    // Write code here that turns the phrase above into concrete actions
    throw new io.cucumber.java.PendingException();
}


Some other steps were also undefined:

@When("a recursos del rol {string}")
public void a_recursos_del_rol(String string) {
    // Write code here that turns the phrase above into concrete actions
    throw new io.cucumber.java.PendingException();
}
@Then("muestro el codigo {int}")
public void muestro_el_codigo(Integer int1) {
    // Write code here that turns the phrase above into concrete actions
    throw new io.cucumber.java.PendingException();
}

</error>
    <system-out><![CDATA[2020-12-03 12:05:24 - Neither @ContextConfiguration nor @ContextHierarchy found for test class [es.uclm.esi.CucumberTestContextConfiguration], using SpringBootContextLoader
2020-12-03 12:05:24 - Could not detect default resource locations for test class [es.uclm.esi.CucumberTestContextConfiguration]: no resource found for suffixes {-context.xml, Context.groovy}.
2020-12-03 12:05:24 - Could not detect default configuration classes for test class [es.uclm.esi.CucumberTestContextConfiguration]: CucumberTestContextConfiguration does not declare any static, non-private, non-final, nested classes annotated with @Configuration.
2020-12-03 12:05:24 - Found @SpringBootConfiguration es.uclm.esi.SigetApplication for test class es.uclm.esi.CucumberTestContextConfiguration
2020-12-03 12:05:24 - Loaded default TestExecutionListener class names from location [META-INF/spring.factories]: [org.springframework.boot.test.mock.mockito.MockitoTestExecutionListener, org.springframework.boot.test.mock.mockito.ResetMocksTestExecutionListener, org.springframework.boot.test.autoconfigure.restdocs.RestDocsTestExecutionListener, org.springframework.boot.test.autoconfigure.web.client.MockRestServiceServerResetTestExecutionListener, org.springframework.boot.test.autoconfigure.web.servlet.MockMvcPrintOnlyOnFailureTestExecutionListener, org.springframework.boot.test.autoconfigure.web.servlet.WebDriverTestExecutionListener, org.springframework.boot.test.autoconfigure.webservices.client.MockWebServiceServerTestExecutionListener, org.springframework.test.context.web.ServletTestExecutionListener, org.springframework.test.context.support.DirtiesContextBeforeModesTestExecutionListener, org.springframework.test.context.support.DependencyInjectionTestExecutionListener, org.springframework.test.context.support.DirtiesContextTestExecutionListener, org.springframework.test.context.transaction.TransactionalTestExecutionListener, org.springframework.test.context.jdbc.SqlScriptsTestExecutionListener, org.springframework.test.context.event.EventPublishingTestExecutionListener, org.springframework.security.test.context.support.WithSecurityContextTestExecutionListener, org.springframework.security.test.context.support.ReactorContextTestExecutionListener]
2020-12-03 12:05:24 - Using TestExecutionListeners: [org.springframework.test.context.web.ServletTestExecutionListener@1d167630, org.springframework.test.context.support.DirtiesContextBeforeModesTestExecutionListener@3bc18fec, org.springframework.boot.test.mock.mockito.MockitoTestExecutionListener@1eee9b78, org.springframework.boot.test.autoconfigure.SpringBootDependencyInjectionTestExecutionListener@36762234, org.springframework.test.context.support.DirtiesContextTestExecutionListener@18ff753c, org.springframework.test.context.transaction.TransactionalTestExecutionListener@2ff62720, org.springframework.test.context.jdbc.SqlScriptsTestExecutionListener@45295cfd, org.springframework.test.context.event.EventPublishingTestExecutionListener@42c9b1ee, org.springframework.security.test.context.support.WithSecurityContextTestExecutionListener@217c6a1e, org.springframework.security.test.context.support.ReactorContextTestExecutionListener@3fad8636, org.springframework.boot.test.mock.mockito.ResetMocksTestExecutionListener@306cfb8a, org.springframework.boot.test.autoconfigure.restdocs.RestDocsTestExecutionListener@3fa57aa8, org.springframework.boot.test.autoconfigure.web.client.MockRestServiceServerResetTestExecutionListener@7d4bdbd8, org.springframework.boot.test.autoconfigure.web.servlet.MockMvcPrintOnlyOnFailureTestExecutionListener@2e847e71, org.springframework.boot.test.autoconfigure.web.servlet.WebDriverTestExecutionListener@79636080, org.springframework.boot.test.autoconfigure.webservices.client.MockWebServiceServerTestExecutionListener@6d87253e]

Scenario Outline: Roles de los usuarios de la aplicacion &amp#27;[90m# src/test/java/es/uclm/esi/features/10roles.feature:12&amp#27;[0m
  &amp#27;[33mWhen &amp#27;[0m&amp#27;[33maccedo con el token de usuario "user"&amp#27;[0m             &amp#27;[90m# null&amp#27;[0m
  &amp#27;[36mAnd &amp#27;[0m&amp#27;[36ma recursos del rol "ADMIN"&amp#27;[0m                         &amp#27;[90m# null&amp#27;[0m
  &amp#27;[36mThen &amp#27;[0m&amp#27;[36mmuestro el codigo 403&amp#27;[0m                             &amp#27;[90m# null&amp#27;[0m
]]></system-out>
  </testcase>
  <testcase name="Roles de los usuarios de la aplicacion #4" classname="es.uclm.esi.RunCucumberTest" time="0.063">
    <error message="The step &quot;accedo con el token de usuario &quot;?&quot;&quot; is undefined. You can implement it using the snippet(s) below:&#10;&#10;@When(&quot;accedo con el token de usuario {string}&quot;)&#10;public void accedo_con_el_token_de_usuario(String string) {&#10;    // Write code here that turns the phrase above into concrete actions&#10;    throw new io.cucumber.java.PendingException();&#10;}&#10;&#10;&#10;Some other steps were also undefined:&#10;&#10;@When(&quot;a recursos del rol {string}&quot;)&#10;public void a_recursos_del_rol(String string) {&#10;    // Write code here that turns the phrase above into concrete actions&#10;    throw new io.cucumber.java.PendingException();&#10;}&#10;@Then(&quot;muestro el codigo {int}&quot;)&#10;public void muestro_el_codigo(Integer int1) {&#10;    // Write code here that turns the phrase above into concrete actions&#10;    throw new io.cucumber.java.PendingException();&#10;}&#10;" type="io.cucumber.junit.UndefinedStepException">io.cucumber.junit.UndefinedStepException: 
The step "accedo con el token de usuario "?"" is undefined. You can implement it using the snippet(s) below:

@When("accedo con el token de usuario {string}")
public void accedo_con_el_token_de_usuario(String string) {
    // Write code here that turns the phrase above into concrete actions
    throw new io.cucumber.java.PendingException();
}


Some other steps were also undefined:

@When("a recursos del rol {string}")
public void a_recursos_del_rol(String string) {
    // Write code here that turns the phrase above into concrete actions
    throw new io.cucumber.java.PendingException();
}
@Then("muestro el codigo {int}")
public void muestro_el_codigo(Integer int1) {
    // Write code here that turns the phrase above into concrete actions
    throw new io.cucumber.java.PendingException();
}

</error>
    <system-out><![CDATA[2020-12-03 12:05:24 - Neither @ContextConfiguration nor @ContextHierarchy found for test class [es.uclm.esi.CucumberTestContextConfiguration], using SpringBootContextLoader
2020-12-03 12:05:24 - Could not detect default resource locations for test class [es.uclm.esi.CucumberTestContextConfiguration]: no resource found for suffixes {-context.xml, Context.groovy}.
2020-12-03 12:05:24 - Could not detect default configuration classes for test class [es.uclm.esi.CucumberTestContextConfiguration]: CucumberTestContextConfiguration does not declare any static, non-private, non-final, nested classes annotated with @Configuration.
2020-12-03 12:05:24 - Found @SpringBootConfiguration es.uclm.esi.SigetApplication for test class es.uclm.esi.CucumberTestContextConfiguration
2020-12-03 12:05:24 - Loaded default TestExecutionListener class names from location [META-INF/spring.factories]: [org.springframework.boot.test.mock.mockito.MockitoTestExecutionListener, org.springframework.boot.test.mock.mockito.ResetMocksTestExecutionListener, org.springframework.boot.test.autoconfigure.restdocs.RestDocsTestExecutionListener, org.springframework.boot.test.autoconfigure.web.client.MockRestServiceServerResetTestExecutionListener, org.springframework.boot.test.autoconfigure.web.servlet.MockMvcPrintOnlyOnFailureTestExecutionListener, org.springframework.boot.test.autoconfigure.web.servlet.WebDriverTestExecutionListener, org.springframework.boot.test.autoconfigure.webservices.client.MockWebServiceServerTestExecutionListener, org.springframework.test.context.web.ServletTestExecutionListener, org.springframework.test.context.support.DirtiesContextBeforeModesTestExecutionListener, org.springframework.test.context.support.DependencyInjectionTestExecutionListener, org.springframework.test.context.support.DirtiesContextTestExecutionListener, org.springframework.test.context.transaction.TransactionalTestExecutionListener, org.springframework.test.context.jdbc.SqlScriptsTestExecutionListener, org.springframework.test.context.event.EventPublishingTestExecutionListener, org.springframework.security.test.context.support.WithSecurityContextTestExecutionListener, org.springframework.security.test.context.support.ReactorContextTestExecutionListener]
2020-12-03 12:05:24 - Using TestExecutionListeners: [org.springframework.test.context.web.ServletTestExecutionListener@36f40d72, org.springframework.test.context.support.DirtiesContextBeforeModesTestExecutionListener@2c557eee, org.springframework.boot.test.mock.mockito.MockitoTestExecutionListener@7c47b0f8, org.springframework.boot.test.autoconfigure.SpringBootDependencyInjectionTestExecutionListener@2b561f51, org.springframework.test.context.support.DirtiesContextTestExecutionListener@3d5f08d4, org.springframework.test.context.transaction.TransactionalTestExecutionListener@3afaa39f, org.springframework.test.context.jdbc.SqlScriptsTestExecutionListener@7b7b1448, org.springframework.test.context.event.EventPublishingTestExecutionListener@60cc20e1, org.springframework.security.test.context.support.WithSecurityContextTestExecutionListener@25109d84, org.springframework.security.test.context.support.ReactorContextTestExecutionListener@4a1934e2, org.springframework.boot.test.mock.mockito.ResetMocksTestExecutionListener@6963b0bd, org.springframework.boot.test.autoconfigure.restdocs.RestDocsTestExecutionListener@68a94e58, org.springframework.boot.test.autoconfigure.web.client.MockRestServiceServerResetTestExecutionListener@49741274, org.springframework.boot.test.autoconfigure.web.servlet.MockMvcPrintOnlyOnFailureTestExecutionListener@4a49919c, org.springframework.boot.test.autoconfigure.web.servlet.WebDriverTestExecutionListener@3e5b2630, org.springframework.boot.test.autoconfigure.webservices.client.MockWebServiceServerTestExecutionListener@1c22642d]

Scenario Outline: Roles de los usuarios de la aplicacion &amp#27;[90m# src/test/java/es/uclm/esi/features/10roles.feature:13&amp#27;[0m
  &amp#27;[33mWhen &amp#27;[0m&amp#27;[33maccedo con el token de usuario "?"&amp#27;[0m                &amp#27;[90m# null&amp#27;[0m
  &amp#27;[36mAnd &amp#27;[0m&amp#27;[36ma recursos del rol "USER"&amp#27;[0m                          &amp#27;[90m# null&amp#27;[0m
  &amp#27;[36mThen &amp#27;[0m&amp#27;[36mmuestro el codigo 401&amp#27;[0m                             &amp#27;[90m# null&amp#27;[0m
]]></system-out>
  </testcase>
  <testcase name="Roles de los usuarios de la aplicacion #5" classname="es.uclm.esi.RunCucumberTest" time="0.019">
    <error message="The step &quot;accedo con el token de usuario &quot;?&quot;&quot; is undefined. You can implement it using the snippet(s) below:&#10;&#10;@When(&quot;accedo con el token de usuario {string}&quot;)&#10;public void accedo_con_el_token_de_usuario(String string) {&#10;    // Write code here that turns the phrase above into concrete actions&#10;    throw new io.cucumber.java.PendingException();&#10;}&#10;&#10;&#10;Some other steps were also undefined:&#10;&#10;@When(&quot;a recursos del rol {string}&quot;)&#10;public void a_recursos_del_rol(String string) {&#10;    // Write code here that turns the phrase above into concrete actions&#10;    throw new io.cucumber.java.PendingException();&#10;}&#10;@Then(&quot;muestro el codigo {int}&quot;)&#10;public void muestro_el_codigo(Integer int1) {&#10;    // Write code here that turns the phrase above into concrete actions&#10;    throw new io.cucumber.java.PendingException();&#10;}&#10;" type="io.cucumber.junit.UndefinedStepException">io.cucumber.junit.UndefinedStepException: 
The step "accedo con el token de usuario "?"" is undefined. You can implement it using the snippet(s) below:

@When("accedo con el token de usuario {string}")
public void accedo_con_el_token_de_usuario(String string) {
    // Write code here that turns the phrase above into concrete actions
    throw new io.cucumber.java.PendingException();
}


Some other steps were also undefined:

@When("a recursos del rol {string}")
public void a_recursos_del_rol(String string) {
    // Write code here that turns the phrase above into concrete actions
    throw new io.cucumber.java.PendingException();
}
@Then("muestro el codigo {int}")
public void muestro_el_codigo(Integer int1) {
    // Write code here that turns the phrase above into concrete actions
    throw new io.cucumber.java.PendingException();
}

</error>
    <system-out><![CDATA[2020-12-03 12:05:24 - Neither @ContextConfiguration nor @ContextHierarchy found for test class [es.uclm.esi.CucumberTestContextConfiguration], using SpringBootContextLoader
2020-12-03 12:05:24 - Could not detect default resource locations for test class [es.uclm.esi.CucumberTestContextConfiguration]: no resource found for suffixes {-context.xml, Context.groovy}.
2020-12-03 12:05:24 - Could not detect default configuration classes for test class [es.uclm.esi.CucumberTestContextConfiguration]: CucumberTestContextConfiguration does not declare any static, non-private, non-final, nested classes annotated with @Configuration.
2020-12-03 12:05:24 - Found @SpringBootConfiguration es.uclm.esi.SigetApplication for test class es.uclm.esi.CucumberTestContextConfiguration
2020-12-03 12:05:24 - Loaded default TestExecutionListener class names from location [META-INF/spring.factories]: [org.springframework.boot.test.mock.mockito.MockitoTestExecutionListener, org.springframework.boot.test.mock.mockito.ResetMocksTestExecutionListener, org.springframework.boot.test.autoconfigure.restdocs.RestDocsTestExecutionListener, org.springframework.boot.test.autoconfigure.web.client.MockRestServiceServerResetTestExecutionListener, org.springframework.boot.test.autoconfigure.web.servlet.MockMvcPrintOnlyOnFailureTestExecutionListener, org.springframework.boot.test.autoconfigure.web.servlet.WebDriverTestExecutionListener, org.springframework.boot.test.autoconfigure.webservices.client.MockWebServiceServerTestExecutionListener, org.springframework.test.context.web.ServletTestExecutionListener, org.springframework.test.context.support.DirtiesContextBeforeModesTestExecutionListener, org.springframework.test.context.support.DependencyInjectionTestExecutionListener, org.springframework.test.context.support.DirtiesContextTestExecutionListener, org.springframework.test.context.transaction.TransactionalTestExecutionListener, org.springframework.test.context.jdbc.SqlScriptsTestExecutionListener, org.springframework.test.context.event.EventPublishingTestExecutionListener, org.springframework.security.test.context.support.WithSecurityContextTestExecutionListener, org.springframework.security.test.context.support.ReactorContextTestExecutionListener]
2020-12-03 12:05:24 - Using TestExecutionListeners: [org.springframework.test.context.web.ServletTestExecutionListener@f453129, org.springframework.test.context.support.DirtiesContextBeforeModesTestExecutionListener@642ec6, org.springframework.boot.test.mock.mockito.MockitoTestExecutionListener@656302c, org.springframework.boot.test.autoconfigure.SpringBootDependencyInjectionTestExecutionListener@6f6a2ac8, org.springframework.test.context.support.DirtiesContextTestExecutionListener@49809275, org.springframework.test.context.transaction.TransactionalTestExecutionListener@68b3979d, org.springframework.test.context.jdbc.SqlScriptsTestExecutionListener@5fd31df7, org.springframework.test.context.event.EventPublishingTestExecutionListener@61d150af, org.springframework.security.test.context.support.WithSecurityContextTestExecutionListener@2c8f65da, org.springframework.security.test.context.support.ReactorContextTestExecutionListener@587400a9, org.springframework.boot.test.mock.mockito.ResetMocksTestExecutionListener@1f0f92f5, org.springframework.boot.test.autoconfigure.restdocs.RestDocsTestExecutionListener@7430ed93, org.springframework.boot.test.autoconfigure.web.client.MockRestServiceServerResetTestExecutionListener@2346f77a, org.springframework.boot.test.autoconfigure.web.servlet.MockMvcPrintOnlyOnFailureTestExecutionListener@5bcfdaf3, org.springframework.boot.test.autoconfigure.web.servlet.WebDriverTestExecutionListener@38347345, org.springframework.boot.test.autoconfigure.webservices.client.MockWebServiceServerTestExecutionListener@4b9b5da5]

Scenario Outline: Roles de los usuarios de la aplicacion &amp#27;[90m# src/test/java/es/uclm/esi/features/10roles.feature:14&amp#27;[0m
  &amp#27;[33mWhen &amp#27;[0m&amp#27;[33maccedo con el token de usuario "?"&amp#27;[0m                &amp#27;[90m# null&amp#27;[0m
  &amp#27;[36mAnd &amp#27;[0m&amp#27;[36ma recursos del rol "ADMIN"&amp#27;[0m                         &amp#27;[90m# null&amp#27;[0m
  &amp#27;[36mThen &amp#27;[0m&amp#27;[36mmuestro el codigo 401&amp#27;[0m                             &amp#27;[90m# null&amp#27;[0m
]]></system-out>
  </testcase>
  <testcase name="Calendario mes #1" classname="es.uclm.esi.RunCucumberTest" time="0.02">
    <error message="The step &quot;consulto con el usuario &quot;ejemplo1c&quot;&quot; is undefined. You can implement it using the snippet(s) below:&#10;&#10;@When(&quot;consulto con el usuario {string}&quot;)&#10;public void consulto_con_el_usuario(String string) {&#10;    // Write code here that turns the phrase above into concrete actions&#10;    throw new io.cucumber.java.PendingException();&#10;}&#10;&#10;&#10;Some other steps were also undefined:&#10;&#10;@When(&quot;el calendario mes con mes {int} y anio {int}&quot;)&#10;public void el_calendario_mes_con_mes_y_anio(Integer int1, Integer int2) {&#10;    // Write code here that turns the phrase above into concrete actions&#10;    throw new io.cucumber.java.PendingException();&#10;}&#10;@Then(&quot;obtengo el codigo {int}&quot;)&#10;public void obtengo_el_codigo(Integer int1) {&#10;    // Write code here that turns the phrase above into concrete actions&#10;    throw new io.cucumber.java.PendingException();&#10;}&#10;@Then(&quot;obtengo los dias {string}&quot;)&#10;public void obtengo_los_dias(String string) {&#10;    // Write code here that turns the phrase above into concrete actions&#10;    throw new io.cucumber.java.PendingException();&#10;}&#10;" type="io.cucumber.junit.UndefinedStepException">io.cucumber.junit.UndefinedStepException: 
The step "consulto con el usuario "ejemplo1c"" is undefined. You can implement it using the snippet(s) below:

@When("consulto con el usuario {string}")
public void consulto_con_el_usuario(String string) {
    // Write code here that turns the phrase above into concrete actions
    throw new io.cucumber.java.PendingException();
}


Some other steps were also undefined:

@When("el calendario mes con mes {int} y anio {int}")
public void el_calendario_mes_con_mes_y_anio(Integer int1, Integer int2) {
    // Write code here that turns the phrase above into concrete actions
    throw new io.cucumber.java.PendingException();
}
@Then("obtengo el codigo {int}")
public void obtengo_el_codigo(Integer int1) {
    // Write code here that turns the phrase above into concrete actions
    throw new io.cucumber.java.PendingException();
}
@Then("obtengo los dias {string}")
public void obtengo_los_dias(String string) {
    // Write code here that turns the phrase above into concrete actions
    throw new io.cucumber.java.PendingException();
}

</error>
    <system-out><![CDATA[2020-12-03 12:05:24 - Neither @ContextConfiguration nor @ContextHierarchy found for test class [es.uclm.esi.CucumberTestContextConfiguration], using SpringBootContextLoader
2020-12-03 12:05:24 - Could not detect default resource locations for test class [es.uclm.esi.CucumberTestContextConfiguration]: no resource found for suffixes {-context.xml, Context.groovy}.
2020-12-03 12:05:24 - Could not detect default configuration classes for test class [es.uclm.esi.CucumberTestContextConfiguration]: CucumberTestContextConfiguration does not declare any static, non-private, non-final, nested classes annotated with @Configuration.
2020-12-03 12:05:24 - Found @SpringBootConfiguration es.uclm.esi.SigetApplication for test class es.uclm.esi.CucumberTestContextConfiguration
2020-12-03 12:05:24 - Loaded default TestExecutionListener class names from location [META-INF/spring.factories]: [org.springframework.boot.test.mock.mockito.MockitoTestExecutionListener, org.springframework.boot.test.mock.mockito.ResetMocksTestExecutionListener, org.springframework.boot.test.autoconfigure.restdocs.RestDocsTestExecutionListener, org.springframework.boot.test.autoconfigure.web.client.MockRestServiceServerResetTestExecutionListener, org.springframework.boot.test.autoconfigure.web.servlet.MockMvcPrintOnlyOnFailureTestExecutionListener, org.springframework.boot.test.autoconfigure.web.servlet.WebDriverTestExecutionListener, org.springframework.boot.test.autoconfigure.webservices.client.MockWebServiceServerTestExecutionListener, org.springframework.test.context.web.ServletTestExecutionListener, org.springframework.test.context.support.DirtiesContextBeforeModesTestExecutionListener, org.springframework.test.context.support.DependencyInjectionTestExecutionListener, org.springframework.test.context.support.DirtiesContextTestExecutionListener, org.springframework.test.context.transaction.TransactionalTestExecutionListener, org.springframework.test.context.jdbc.SqlScriptsTestExecutionListener, org.springframework.test.context.event.EventPublishingTestExecutionListener, org.springframework.security.test.context.support.WithSecurityContextTestExecutionListener, org.springframework.security.test.context.support.ReactorContextTestExecutionListener]
2020-12-03 12:05:24 - Using TestExecutionListeners: [org.springframework.test.context.web.ServletTestExecutionListener@2a19c36b, org.springframework.test.context.support.DirtiesContextBeforeModesTestExecutionListener@38856d6e, org.springframework.boot.test.mock.mockito.MockitoTestExecutionListener@299ea986, org.springframework.boot.test.autoconfigure.SpringBootDependencyInjectionTestExecutionListener@1dd9a3ae, org.springframework.test.context.support.DirtiesContextTestExecutionListener@79bf39e5, org.springframework.test.context.transaction.TransactionalTestExecutionListener@6ac2c5a1, org.springframework.test.context.jdbc.SqlScriptsTestExecutionListener@364c93e6, org.springframework.test.context.event.EventPublishingTestExecutionListener@66589252, org.springframework.security.test.context.support.WithSecurityContextTestExecutionListener@66a8ff6d, org.springframework.security.test.context.support.ReactorContextTestExecutionListener@1abbc1d4, org.springframework.boot.test.mock.mockito.ResetMocksTestExecutionListener@48bab2c6, org.springframework.boot.test.autoconfigure.restdocs.RestDocsTestExecutionListener@6ad26381, org.springframework.boot.test.autoconfigure.web.client.MockRestServiceServerResetTestExecutionListener@4b20aa21, org.springframework.boot.test.autoconfigure.web.servlet.MockMvcPrintOnlyOnFailureTestExecutionListener@f5167f0, org.springframework.boot.test.autoconfigure.web.servlet.WebDriverTestExecutionListener@1260c85e, org.springframework.boot.test.autoconfigure.webservices.client.MockWebServiceServerTestExecutionListener@6b576ff8]

Scenario Outline: Calendario mes               &amp#27;[90m# src/test/java/es/uclm/esi/features/2calendario.feature:12&amp#27;[0m
  &amp#27;[33mWhen &amp#27;[0m&amp#27;[33mconsulto con el usuario "ejemplo1c"&amp#27;[0m     &amp#27;[90m# null&amp#27;[0m
  &amp#27;[36mAnd &amp#27;[0m&amp#27;[36mel calendario mes con mes 11 y anio 2020&amp#27;[0m &amp#27;[90m# null&amp#27;[0m
  &amp#27;[36mThen &amp#27;[0m&amp#27;[36mobtengo el codigo 200&amp#27;[0m                   &amp#27;[90m# null&amp#27;[0m
  &amp#27;[36mAnd &amp#27;[0m&amp#27;[36mobtengo los dias "29,24"&amp#27;[0m                 &amp#27;[90m# null&amp#27;[0m
]]></system-out>
  </testcase>
  <testcase name="Calendario mes #2" classname="es.uclm.esi.RunCucumberTest" time="0.02">
    <error message="The step &quot;consulto con el usuario &quot;ejemplo2c&quot;&quot; is undefined. You can implement it using the snippet(s) below:&#10;&#10;@When(&quot;consulto con el usuario {string}&quot;)&#10;public void consulto_con_el_usuario(String string) {&#10;    // Write code here that turns the phrase above into concrete actions&#10;    throw new io.cucumber.java.PendingException();&#10;}&#10;&#10;&#10;Some other steps were also undefined:&#10;&#10;@When(&quot;el calendario mes con mes {int} y anio {int}&quot;)&#10;public void el_calendario_mes_con_mes_y_anio(Integer int1, Integer int2) {&#10;    // Write code here that turns the phrase above into concrete actions&#10;    throw new io.cucumber.java.PendingException();&#10;}&#10;@Then(&quot;obtengo el codigo {int}&quot;)&#10;public void obtengo_el_codigo(Integer int1) {&#10;    // Write code here that turns the phrase above into concrete actions&#10;    throw new io.cucumber.java.PendingException();&#10;}&#10;@Then(&quot;obtengo los dias {string}&quot;)&#10;public void obtengo_los_dias(String string) {&#10;    // Write code here that turns the phrase above into concrete actions&#10;    throw new io.cucumber.java.PendingException();&#10;}&#10;" type="io.cucumber.junit.UndefinedStepException">io.cucumber.junit.UndefinedStepException: 
The step "consulto con el usuario "ejemplo2c"" is undefined. You can implement it using the snippet(s) below:

@When("consulto con el usuario {string}")
public void consulto_con_el_usuario(String string) {
    // Write code here that turns the phrase above into concrete actions
    throw new io.cucumber.java.PendingException();
}


Some other steps were also undefined:

@When("el calendario mes con mes {int} y anio {int}")
public void el_calendario_mes_con_mes_y_anio(Integer int1, Integer int2) {
    // Write code here that turns the phrase above into concrete actions
    throw new io.cucumber.java.PendingException();
}
@Then("obtengo el codigo {int}")
public void obtengo_el_codigo(Integer int1) {
    // Write code here that turns the phrase above into concrete actions
    throw new io.cucumber.java.PendingException();
}
@Then("obtengo los dias {string}")
public void obtengo_los_dias(String string) {
    // Write code here that turns the phrase above into concrete actions
    throw new io.cucumber.java.PendingException();
}

</error>
    <system-out><![CDATA[2020-12-03 12:05:24 - Neither @ContextConfiguration nor @ContextHierarchy found for test class [es.uclm.esi.CucumberTestContextConfiguration], using SpringBootContextLoader
2020-12-03 12:05:24 - Could not detect default resource locations for test class [es.uclm.esi.CucumberTestContextConfiguration]: no resource found for suffixes {-context.xml, Context.groovy}.
2020-12-03 12:05:24 - Could not detect default configuration classes for test class [es.uclm.esi.CucumberTestContextConfiguration]: CucumberTestContextConfiguration does not declare any static, non-private, non-final, nested classes annotated with @Configuration.
2020-12-03 12:05:24 - Found @SpringBootConfiguration es.uclm.esi.SigetApplication for test class es.uclm.esi.CucumberTestContextConfiguration
2020-12-03 12:05:24 - Loaded default TestExecutionListener class names from location [META-INF/spring.factories]: [org.springframework.boot.test.mock.mockito.MockitoTestExecutionListener, org.springframework.boot.test.mock.mockito.ResetMocksTestExecutionListener, org.springframework.boot.test.autoconfigure.restdocs.RestDocsTestExecutionListener, org.springframework.boot.test.autoconfigure.web.client.MockRestServiceServerResetTestExecutionListener, org.springframework.boot.test.autoconfigure.web.servlet.MockMvcPrintOnlyOnFailureTestExecutionListener, org.springframework.boot.test.autoconfigure.web.servlet.WebDriverTestExecutionListener, org.springframework.boot.test.autoconfigure.webservices.client.MockWebServiceServerTestExecutionListener, org.springframework.test.context.web.ServletTestExecutionListener, org.springframework.test.context.support.DirtiesContextBeforeModesTestExecutionListener, org.springframework.test.context.support.DependencyInjectionTestExecutionListener, org.springframework.test.context.support.DirtiesContextTestExecutionListener, org.springframework.test.context.transaction.TransactionalTestExecutionListener, org.springframework.test.context.jdbc.SqlScriptsTestExecutionListener, org.springframework.test.context.event.EventPublishingTestExecutionListener, org.springframework.security.test.context.support.WithSecurityContextTestExecutionListener, org.springframework.security.test.context.support.ReactorContextTestExecutionListener]
2020-12-03 12:05:24 - Using TestExecutionListeners: [org.springframework.test.context.web.ServletTestExecutionListener@5cc669d, org.springframework.test.context.support.DirtiesContextBeforeModesTestExecutionListener@351be56b, org.springframework.boot.test.mock.mockito.MockitoTestExecutionListener@212c0aff, org.springframework.boot.test.autoconfigure.SpringBootDependencyInjectionTestExecutionListener@21780905, org.springframework.test.context.support.DirtiesContextTestExecutionListener@47666b39, org.springframework.test.context.transaction.TransactionalTestExecutionListener@2dbcee03, org.springframework.test.context.jdbc.SqlScriptsTestExecutionListener@6c8672b9, org.springframework.test.context.event.EventPublishingTestExecutionListener@dd77e0d, org.springframework.security.test.context.support.WithSecurityContextTestExecutionListener@799cf32d, org.springframework.security.test.context.support.ReactorContextTestExecutionListener@331ad6eb, org.springframework.boot.test.mock.mockito.ResetMocksTestExecutionListener@6cd6698b, org.springframework.boot.test.autoconfigure.restdocs.RestDocsTestExecutionListener@5ac7550a, org.springframework.boot.test.autoconfigure.web.client.MockRestServiceServerResetTestExecutionListener@44dcc0e4, org.springframework.boot.test.autoconfigure.web.servlet.MockMvcPrintOnlyOnFailureTestExecutionListener@2114eb1a, org.springframework.boot.test.autoconfigure.web.servlet.WebDriverTestExecutionListener@7e514482, org.springframework.boot.test.autoconfigure.webservices.client.MockWebServiceServerTestExecutionListener@1e5e3147]

Scenario Outline: Calendario mes               &amp#27;[90m# src/test/java/es/uclm/esi/features/2calendario.feature:13&amp#27;[0m
  &amp#27;[33mWhen &amp#27;[0m&amp#27;[33mconsulto con el usuario "ejemplo2c"&amp#27;[0m     &amp#27;[90m# null&amp#27;[0m
  &amp#27;[36mAnd &amp#27;[0m&amp#27;[36mel calendario mes con mes 11 y anio 2020&amp#27;[0m &amp#27;[90m# null&amp#27;[0m
  &amp#27;[36mThen &amp#27;[0m&amp#27;[36mobtengo el codigo 200&amp#27;[0m                   &amp#27;[90m# null&amp#27;[0m
  &amp#27;[36mAnd &amp#27;[0m&amp#27;[36mobtengo los dias "29"&amp#27;[0m                    &amp#27;[90m# null&amp#27;[0m
]]></system-out>
  </testcase>
  <testcase name="Calendario mes #3" classname="es.uclm.esi.RunCucumberTest" time="0.008">
    <error message="The step &quot;consulto con el usuario &quot;ejemplo2c&quot;&quot; is undefined. You can implement it using the snippet(s) below:&#10;&#10;@When(&quot;consulto con el usuario {string}&quot;)&#10;public void consulto_con_el_usuario(String string) {&#10;    // Write code here that turns the phrase above into concrete actions&#10;    throw new io.cucumber.java.PendingException();&#10;}&#10;&#10;&#10;Some other steps were also undefined:&#10;&#10;@When(&quot;el calendario mes con mes {int} y anio {int}&quot;)&#10;public void el_calendario_mes_con_mes_y_anio(Integer int1, Integer int2) {&#10;    // Write code here that turns the phrase above into concrete actions&#10;    throw new io.cucumber.java.PendingException();&#10;}&#10;@Then(&quot;obtengo el codigo {int}&quot;)&#10;public void obtengo_el_codigo(Integer int1) {&#10;    // Write code here that turns the phrase above into concrete actions&#10;    throw new io.cucumber.java.PendingException();&#10;}&#10;@Then(&quot;obtengo los dias {string}&quot;)&#10;public void obtengo_los_dias(String string) {&#10;    // Write code here that turns the phrase above into concrete actions&#10;    throw new io.cucumber.java.PendingException();&#10;}&#10;" type="io.cucumber.junit.UndefinedStepException">io.cucumber.junit.UndefinedStepException: 
The step "consulto con el usuario "ejemplo2c"" is undefined. You can implement it using the snippet(s) below:

@When("consulto con el usuario {string}")
public void consulto_con_el_usuario(String string) {
    // Write code here that turns the phrase above into concrete actions
    throw new io.cucumber.java.PendingException();
}


Some other steps were also undefined:

@When("el calendario mes con mes {int} y anio {int}")
public void el_calendario_mes_con_mes_y_anio(Integer int1, Integer int2) {
    // Write code here that turns the phrase above into concrete actions
    throw new io.cucumber.java.PendingException();
}
@Then("obtengo el codigo {int}")
public void obtengo_el_codigo(Integer int1) {
    // Write code here that turns the phrase above into concrete actions
    throw new io.cucumber.java.PendingException();
}
@Then("obtengo los dias {string}")
public void obtengo_los_dias(String string) {
    // Write code here that turns the phrase above into concrete actions
    throw new io.cucumber.java.PendingException();
}

</error>
    <system-out><![CDATA[2020-12-03 12:05:24 - Neither @ContextConfiguration nor @ContextHierarchy found for test class [es.uclm.esi.CucumberTestContextConfiguration], using SpringBootContextLoader
2020-12-03 12:05:24 - Could not detect default resource locations for test class [es.uclm.esi.CucumberTestContextConfiguration]: no resource found for suffixes {-context.xml, Context.groovy}.
2020-12-03 12:05:24 - Could not detect default configuration classes for test class [es.uclm.esi.CucumberTestContextConfiguration]: CucumberTestContextConfiguration does not declare any static, non-private, non-final, nested classes annotated with @Configuration.
2020-12-03 12:05:24 - Found @SpringBootConfiguration es.uclm.esi.SigetApplication for test class es.uclm.esi.CucumberTestContextConfiguration
2020-12-03 12:05:24 - Loaded default TestExecutionListener class names from location [META-INF/spring.factories]: [org.springframework.boot.test.mock.mockito.MockitoTestExecutionListener, org.springframework.boot.test.mock.mockito.ResetMocksTestExecutionListener, org.springframework.boot.test.autoconfigure.restdocs.RestDocsTestExecutionListener, org.springframework.boot.test.autoconfigure.web.client.MockRestServiceServerResetTestExecutionListener, org.springframework.boot.test.autoconfigure.web.servlet.MockMvcPrintOnlyOnFailureTestExecutionListener, org.springframework.boot.test.autoconfigure.web.servlet.WebDriverTestExecutionListener, org.springframework.boot.test.autoconfigure.webservices.client.MockWebServiceServerTestExecutionListener, org.springframework.test.context.web.ServletTestExecutionListener, org.springframework.test.context.support.DirtiesContextBeforeModesTestExecutionListener, org.springframework.test.context.support.DependencyInjectionTestExecutionListener, org.springframework.test.context.support.DirtiesContextTestExecutionListener, org.springframework.test.context.transaction.TransactionalTestExecutionListener, org.springframework.test.context.jdbc.SqlScriptsTestExecutionListener, org.springframework.test.context.event.EventPublishingTestExecutionListener, org.springframework.security.test.context.support.WithSecurityContextTestExecutionListener, org.springframework.security.test.context.support.ReactorContextTestExecutionListener]
2020-12-03 12:05:24 - Using TestExecutionListeners: [org.springframework.test.context.web.ServletTestExecutionListener@4eec5fa6, org.springframework.test.context.support.DirtiesContextBeforeModesTestExecutionListener@21579b35, org.springframework.boot.test.mock.mockito.MockitoTestExecutionListener@25b83dce, org.springframework.boot.test.autoconfigure.SpringBootDependencyInjectionTestExecutionListener@74cd8c55, org.springframework.test.context.support.DirtiesContextTestExecutionListener@5870fc05, org.springframework.test.context.transaction.TransactionalTestExecutionListener@45e35a0d, org.springframework.test.context.jdbc.SqlScriptsTestExecutionListener@21d15932, org.springframework.test.context.event.EventPublishingTestExecutionListener@3966c679, org.springframework.security.test.context.support.WithSecurityContextTestExecutionListener@66a99584, org.springframework.security.test.context.support.ReactorContextTestExecutionListener@3945886e, org.springframework.boot.test.mock.mockito.ResetMocksTestExecutionListener@12765ebd, org.springframework.boot.test.autoconfigure.restdocs.RestDocsTestExecutionListener@1dac0784, org.springframework.boot.test.autoconfigure.web.client.MockRestServiceServerResetTestExecutionListener@3703a400, org.springframework.boot.test.autoconfigure.web.servlet.MockMvcPrintOnlyOnFailureTestExecutionListener@22105c76, org.springframework.boot.test.autoconfigure.web.servlet.WebDriverTestExecutionListener@2336d3f, org.springframework.boot.test.autoconfigure.webservices.client.MockWebServiceServerTestExecutionListener@7f5ecada]

Scenario Outline: Calendario mes               &amp#27;[90m# src/test/java/es/uclm/esi/features/2calendario.feature:14&amp#27;[0m
  &amp#27;[33mWhen &amp#27;[0m&amp#27;[33mconsulto con el usuario "ejemplo2c"&amp#27;[0m     &amp#27;[90m# null&amp#27;[0m
  &amp#27;[36mAnd &amp#27;[0m&amp#27;[36mel calendario mes con mes 12 y anio 2020&amp#27;[0m &amp#27;[90m# null&amp#27;[0m
  &amp#27;[36mThen &amp#27;[0m&amp#27;[36mobtengo el codigo 200&amp#27;[0m                   &amp#27;[90m# null&amp#27;[0m
  &amp#27;[36mAnd &amp#27;[0m&amp#27;[36mobtengo los dias ""&amp#27;[0m                      &amp#27;[90m# null&amp#27;[0m
]]></system-out>
  </testcase>
  <testcase name="Calendario dia #1" classname="es.uclm.esi.RunCucumberTest" time="0.011">
    <error message="The step &quot;consulto con el usuario &quot;ejemplo1c&quot;&quot; is undefined. You can implement it using the snippet(s) below:&#10;&#10;@When(&quot;consulto con el usuario {string}&quot;)&#10;public void consulto_con_el_usuario(String string) {&#10;    // Write code here that turns the phrase above into concrete actions&#10;    throw new io.cucumber.java.PendingException();&#10;}&#10;&#10;&#10;Some other steps were also undefined:&#10;&#10;@When(&quot;el calendario dia con dia {int} y mes {int} y anio {int}&quot;)&#10;public void el_calendario_dia_con_dia_y_mes_y_anio(Integer int1, Integer int2, Integer int3) {&#10;    // Write code here that turns the phrase above into concrete actions&#10;    throw new io.cucumber.java.PendingException();&#10;}&#10;@Then(&quot;obtengo el codigo {int}&quot;)&#10;public void obtengo_el_codigo(Integer int1) {&#10;    // Write code here that turns the phrase above into concrete actions&#10;    throw new io.cucumber.java.PendingException();&#10;}&#10;@Then(&quot;obtengo las reuniones {string}&quot;)&#10;public void obtengo_las_reuniones(String string) {&#10;    // Write code here that turns the phrase above into concrete actions&#10;    throw new io.cucumber.java.PendingException();&#10;}&#10;" type="io.cucumber.junit.UndefinedStepException">io.cucumber.junit.UndefinedStepException: 
The step "consulto con el usuario "ejemplo1c"" is undefined. You can implement it using the snippet(s) below:

@When("consulto con el usuario {string}")
public void consulto_con_el_usuario(String string) {
    // Write code here that turns the phrase above into concrete actions
    throw new io.cucumber.java.PendingException();
}


Some other steps were also undefined:

@When("el calendario dia con dia {int} y mes {int} y anio {int}")
public void el_calendario_dia_con_dia_y_mes_y_anio(Integer int1, Integer int2, Integer int3) {
    // Write code here that turns the phrase above into concrete actions
    throw new io.cucumber.java.PendingException();
}
@Then("obtengo el codigo {int}")
public void obtengo_el_codigo(Integer int1) {
    // Write code here that turns the phrase above into concrete actions
    throw new io.cucumber.java.PendingException();
}
@Then("obtengo las reuniones {string}")
public void obtengo_las_reuniones(String string) {
    // Write code here that turns the phrase above into concrete actions
    throw new io.cucumber.java.PendingException();
}

</error>
    <system-out><![CDATA[2020-12-03 12:05:24 - Neither @ContextConfiguration nor @ContextHierarchy found for test class [es.uclm.esi.CucumberTestContextConfiguration], using SpringBootContextLoader
2020-12-03 12:05:24 - Could not detect default resource locations for test class [es.uclm.esi.CucumberTestContextConfiguration]: no resource found for suffixes {-context.xml, Context.groovy}.
2020-12-03 12:05:24 - Could not detect default configuration classes for test class [es.uclm.esi.CucumberTestContextConfiguration]: CucumberTestContextConfiguration does not declare any static, non-private, non-final, nested classes annotated with @Configuration.
2020-12-03 12:05:24 - Found @SpringBootConfiguration es.uclm.esi.SigetApplication for test class es.uclm.esi.CucumberTestContextConfiguration
2020-12-03 12:05:24 - Loaded default TestExecutionListener class names from location [META-INF/spring.factories]: [org.springframework.boot.test.mock.mockito.MockitoTestExecutionListener, org.springframework.boot.test.mock.mockito.ResetMocksTestExecutionListener, org.springframework.boot.test.autoconfigure.restdocs.RestDocsTestExecutionListener, org.springframework.boot.test.autoconfigure.web.client.MockRestServiceServerResetTestExecutionListener, org.springframework.boot.test.autoconfigure.web.servlet.MockMvcPrintOnlyOnFailureTestExecutionListener, org.springframework.boot.test.autoconfigure.web.servlet.WebDriverTestExecutionListener, org.springframework.boot.test.autoconfigure.webservices.client.MockWebServiceServerTestExecutionListener, org.springframework.test.context.web.ServletTestExecutionListener, org.springframework.test.context.support.DirtiesContextBeforeModesTestExecutionListener, org.springframework.test.context.support.DependencyInjectionTestExecutionListener, org.springframework.test.context.support.DirtiesContextTestExecutionListener, org.springframework.test.context.transaction.TransactionalTestExecutionListener, org.springframework.test.context.jdbc.SqlScriptsTestExecutionListener, org.springframework.test.context.event.EventPublishingTestExecutionListener, org.springframework.security.test.context.support.WithSecurityContextTestExecutionListener, org.springframework.security.test.context.support.ReactorContextTestExecutionListener]
2020-12-03 12:05:24 - Using TestExecutionListeners: [org.springframework.test.context.web.ServletTestExecutionListener@6c4786af, org.springframework.test.context.support.DirtiesContextBeforeModesTestExecutionListener@65c689e7, org.springframework.boot.test.mock.mockito.MockitoTestExecutionListener@a6a2c20, org.springframework.boot.test.autoconfigure.SpringBootDependencyInjectionTestExecutionListener@5d04fbb7, org.springframework.test.context.support.DirtiesContextTestExecutionListener@da67c46, org.springframework.test.context.transaction.TransactionalTestExecutionListener@5c7e55a4, org.springframework.test.context.jdbc.SqlScriptsTestExecutionListener@7ae6927, org.springframework.test.context.event.EventPublishingTestExecutionListener@7d0df326, org.springframework.security.test.context.support.WithSecurityContextTestExecutionListener@43f7f48d, org.springframework.security.test.context.support.ReactorContextTestExecutionListener@6d0a4a22, org.springframework.boot.test.mock.mockito.ResetMocksTestExecutionListener@1999e1f5, org.springframework.boot.test.autoconfigure.restdocs.RestDocsTestExecutionListener@b1fa523, org.springframework.boot.test.autoconfigure.web.client.MockRestServiceServerResetTestExecutionListener@77307b51, org.springframework.boot.test.autoconfigure.web.servlet.MockMvcPrintOnlyOnFailureTestExecutionListener@48d464cf, org.springframework.boot.test.autoconfigure.web.servlet.WebDriverTestExecutionListener@1e14b269, org.springframework.boot.test.autoconfigure.webservices.client.MockWebServiceServerTestExecutionListener@68543a35]

Scenario Outline: Calendario dia                        &amp#27;[90m# src/test/java/es/uclm/esi/features/2calendario.feature:24&amp#27;[0m
  &amp#27;[33mWhen &amp#27;[0m&amp#27;[33mconsulto con el usuario "ejemplo1c"&amp#27;[0m              &amp#27;[90m# null&amp#27;[0m
  &amp#27;[36mAnd &amp#27;[0m&amp#27;[36mel calendario dia con dia 24 y mes 11 y anio 2020&amp#27;[0m &amp#27;[90m# null&amp#27;[0m
  &amp#27;[36mThen &amp#27;[0m&amp#27;[36mobtengo el codigo 200&amp#27;[0m                            &amp#27;[90m# null&amp#27;[0m
  &amp#27;[36mAnd &amp#27;[0m&amp#27;[36mobtengo las reuniones "r ejemplo12"&amp#27;[0m               &amp#27;[90m# null&amp#27;[0m
]]></system-out>
  </testcase>
  <testcase name="Calendario dia #2" classname="es.uclm.esi.RunCucumberTest" time="0.02">
    <error message="The step &quot;consulto con el usuario &quot;ejemplo1c&quot;&quot; is undefined. You can implement it using the snippet(s) below:&#10;&#10;@When(&quot;consulto con el usuario {string}&quot;)&#10;public void consulto_con_el_usuario(String string) {&#10;    // Write code here that turns the phrase above into concrete actions&#10;    throw new io.cucumber.java.PendingException();&#10;}&#10;&#10;&#10;Some other steps were also undefined:&#10;&#10;@When(&quot;el calendario dia con dia {int} y mes {int} y anio {int}&quot;)&#10;public void el_calendario_dia_con_dia_y_mes_y_anio(Integer int1, Integer int2, Integer int3) {&#10;    // Write code here that turns the phrase above into concrete actions&#10;    throw new io.cucumber.java.PendingException();&#10;}&#10;@Then(&quot;obtengo el codigo {int}&quot;)&#10;public void obtengo_el_codigo(Integer int1) {&#10;    // Write code here that turns the phrase above into concrete actions&#10;    throw new io.cucumber.java.PendingException();&#10;}&#10;@Then(&quot;obtengo las reuniones {string}&quot;)&#10;public void obtengo_las_reuniones(String string) {&#10;    // Write code here that turns the phrase above into concrete actions&#10;    throw new io.cucumber.java.PendingException();&#10;}&#10;" type="io.cucumber.junit.UndefinedStepException">io.cucumber.junit.UndefinedStepException: 
The step "consulto con el usuario "ejemplo1c"" is undefined. You can implement it using the snippet(s) below:

@When("consulto con el usuario {string}")
public void consulto_con_el_usuario(String string) {
    // Write code here that turns the phrase above into concrete actions
    throw new io.cucumber.java.PendingException();
}


Some other steps were also undefined:

@When("el calendario dia con dia {int} y mes {int} y anio {int}")
public void el_calendario_dia_con_dia_y_mes_y_anio(Integer int1, Integer int2, Integer int3) {
    // Write code here that turns the phrase above into concrete actions
    throw new io.cucumber.java.PendingException();
}
@Then("obtengo el codigo {int}")
public void obtengo_el_codigo(Integer int1) {
    // Write code here that turns the phrase above into concrete actions
    throw new io.cucumber.java.PendingException();
}
@Then("obtengo las reuniones {string}")
public void obtengo_las_reuniones(String string) {
    // Write code here that turns the phrase above into concrete actions
    throw new io.cucumber.java.PendingException();
}

</error>
    <system-out><![CDATA[2020-12-03 12:05:24 - Neither @ContextConfiguration nor @ContextHierarchy found for test class [es.uclm.esi.CucumberTestContextConfiguration], using SpringBootContextLoader
2020-12-03 12:05:24 - Could not detect default resource locations for test class [es.uclm.esi.CucumberTestContextConfiguration]: no resource found for suffixes {-context.xml, Context.groovy}.
2020-12-03 12:05:24 - Could not detect default configuration classes for test class [es.uclm.esi.CucumberTestContextConfiguration]: CucumberTestContextConfiguration does not declare any static, non-private, non-final, nested classes annotated with @Configuration.
2020-12-03 12:05:24 - Found @SpringBootConfiguration es.uclm.esi.SigetApplication for test class es.uclm.esi.CucumberTestContextConfiguration
2020-12-03 12:05:24 - Loaded default TestExecutionListener class names from location [META-INF/spring.factories]: [org.springframework.boot.test.mock.mockito.MockitoTestExecutionListener, org.springframework.boot.test.mock.mockito.ResetMocksTestExecutionListener, org.springframework.boot.test.autoconfigure.restdocs.RestDocsTestExecutionListener, org.springframework.boot.test.autoconfigure.web.client.MockRestServiceServerResetTestExecutionListener, org.springframework.boot.test.autoconfigure.web.servlet.MockMvcPrintOnlyOnFailureTestExecutionListener, org.springframework.boot.test.autoconfigure.web.servlet.WebDriverTestExecutionListener, org.springframework.boot.test.autoconfigure.webservices.client.MockWebServiceServerTestExecutionListener, org.springframework.test.context.web.ServletTestExecutionListener, org.springframework.test.context.support.DirtiesContextBeforeModesTestExecutionListener, org.springframework.test.context.support.DependencyInjectionTestExecutionListener, org.springframework.test.context.support.DirtiesContextTestExecutionListener, org.springframework.test.context.transaction.TransactionalTestExecutionListener, org.springframework.test.context.jdbc.SqlScriptsTestExecutionListener, org.springframework.test.context.event.EventPublishingTestExecutionListener, org.springframework.security.test.context.support.WithSecurityContextTestExecutionListener, org.springframework.security.test.context.support.ReactorContextTestExecutionListener]
2020-12-03 12:05:24 - Using TestExecutionListeners: [org.springframework.test.context.web.ServletTestExecutionListener@4cefa0be, org.springframework.test.context.support.DirtiesContextBeforeModesTestExecutionListener@5a3be84, org.springframework.boot.test.mock.mockito.MockitoTestExecutionListener@4850d66b, org.springframework.boot.test.autoconfigure.SpringBootDependencyInjectionTestExecutionListener@21f479cd, org.springframework.test.context.support.DirtiesContextTestExecutionListener@102fd71d, org.springframework.test.context.transaction.TransactionalTestExecutionListener@8e00c02, org.springframework.test.context.jdbc.SqlScriptsTestExecutionListener@464d60fb, org.springframework.test.context.event.EventPublishingTestExecutionListener@447543ee, org.springframework.security.test.context.support.WithSecurityContextTestExecutionListener@2a0ce342, org.springframework.security.test.context.support.ReactorContextTestExecutionListener@22846a1d, org.springframework.boot.test.mock.mockito.ResetMocksTestExecutionListener@fe38c0e, org.springframework.boot.test.autoconfigure.restdocs.RestDocsTestExecutionListener@6167c42f, org.springframework.boot.test.autoconfigure.web.client.MockRestServiceServerResetTestExecutionListener@2cbc2db2, org.springframework.boot.test.autoconfigure.web.servlet.MockMvcPrintOnlyOnFailureTestExecutionListener@2de96eba, org.springframework.boot.test.autoconfigure.web.servlet.WebDriverTestExecutionListener@3ef914f5, org.springframework.boot.test.autoconfigure.webservices.client.MockWebServiceServerTestExecutionListener@61e0f9b9]

Scenario Outline: Calendario dia                        &amp#27;[90m# src/test/java/es/uclm/esi/features/2calendario.feature:25&amp#27;[0m
  &amp#27;[33mWhen &amp#27;[0m&amp#27;[33mconsulto con el usuario "ejemplo1c"&amp#27;[0m              &amp#27;[90m# null&amp#27;[0m
  &amp#27;[36mAnd &amp#27;[0m&amp#27;[36mel calendario dia con dia 29 y mes 11 y anio 2020&amp#27;[0m &amp#27;[90m# null&amp#27;[0m
  &amp#27;[36mThen &amp#27;[0m&amp#27;[36mobtengo el codigo 200&amp#27;[0m                            &amp#27;[90m# null&amp#27;[0m
  &amp#27;[36mAnd &amp#27;[0m&amp#27;[36mobtengo las reuniones "r ejemplo1"&amp#27;[0m                &amp#27;[90m# null&amp#27;[0m
]]></system-out>
  </testcase>
  <testcase name="Calendario dia #3" classname="es.uclm.esi.RunCucumberTest" time="0.02">
    <error message="The step &quot;consulto con el usuario &quot;ejemplo2c&quot;&quot; is undefined. You can implement it using the snippet(s) below:&#10;&#10;@When(&quot;consulto con el usuario {string}&quot;)&#10;public void consulto_con_el_usuario(String string) {&#10;    // Write code here that turns the phrase above into concrete actions&#10;    throw new io.cucumber.java.PendingException();&#10;}&#10;&#10;&#10;Some other steps were also undefined:&#10;&#10;@When(&quot;el calendario dia con dia {int} y mes {int} y anio {int}&quot;)&#10;public void el_calendario_dia_con_dia_y_mes_y_anio(Integer int1, Integer int2, Integer int3) {&#10;    // Write code here that turns the phrase above into concrete actions&#10;    throw new io.cucumber.java.PendingException();&#10;}&#10;@Then(&quot;obtengo el codigo {int}&quot;)&#10;public void obtengo_el_codigo(Integer int1) {&#10;    // Write code here that turns the phrase above into concrete actions&#10;    throw new io.cucumber.java.PendingException();&#10;}&#10;@Then(&quot;obtengo las reuniones {string}&quot;)&#10;public void obtengo_las_reuniones(String string) {&#10;    // Write code here that turns the phrase above into concrete actions&#10;    throw new io.cucumber.java.PendingException();&#10;}&#10;" type="io.cucumber.junit.UndefinedStepException">io.cucumber.junit.UndefinedStepException: 
The step "consulto con el usuario "ejemplo2c"" is undefined. You can implement it using the snippet(s) below:

@When("consulto con el usuario {string}")
public void consulto_con_el_usuario(String string) {
    // Write code here that turns the phrase above into concrete actions
    throw new io.cucumber.java.PendingException();
}


Some other steps were also undefined:

@When("el calendario dia con dia {int} y mes {int} y anio {int}")
public void el_calendario_dia_con_dia_y_mes_y_anio(Integer int1, Integer int2, Integer int3) {
    // Write code here that turns the phrase above into concrete actions
    throw new io.cucumber.java.PendingException();
}
@Then("obtengo el codigo {int}")
public void obtengo_el_codigo(Integer int1) {
    // Write code here that turns the phrase above into concrete actions
    throw new io.cucumber.java.PendingException();
}
@Then("obtengo las reuniones {string}")
public void obtengo_las_reuniones(String string) {
    // Write code here that turns the phrase above into concrete actions
    throw new io.cucumber.java.PendingException();
}

</error>
    <system-out><![CDATA[2020-12-03 12:05:24 - Neither @ContextConfiguration nor @ContextHierarchy found for test class [es.uclm.esi.CucumberTestContextConfiguration], using SpringBootContextLoader
2020-12-03 12:05:24 - Could not detect default resource locations for test class [es.uclm.esi.CucumberTestContextConfiguration]: no resource found for suffixes {-context.xml, Context.groovy}.
2020-12-03 12:05:24 - Could not detect default configuration classes for test class [es.uclm.esi.CucumberTestContextConfiguration]: CucumberTestContextConfiguration does not declare any static, non-private, non-final, nested classes annotated with @Configuration.
2020-12-03 12:05:24 - Found @SpringBootConfiguration es.uclm.esi.SigetApplication for test class es.uclm.esi.CucumberTestContextConfiguration
2020-12-03 12:05:24 - Loaded default TestExecutionListener class names from location [META-INF/spring.factories]: [org.springframework.boot.test.mock.mockito.MockitoTestExecutionListener, org.springframework.boot.test.mock.mockito.ResetMocksTestExecutionListener, org.springframework.boot.test.autoconfigure.restdocs.RestDocsTestExecutionListener, org.springframework.boot.test.autoconfigure.web.client.MockRestServiceServerResetTestExecutionListener, org.springframework.boot.test.autoconfigure.web.servlet.MockMvcPrintOnlyOnFailureTestExecutionListener, org.springframework.boot.test.autoconfigure.web.servlet.WebDriverTestExecutionListener, org.springframework.boot.test.autoconfigure.webservices.client.MockWebServiceServerTestExecutionListener, org.springframework.test.context.web.ServletTestExecutionListener, org.springframework.test.context.support.DirtiesContextBeforeModesTestExecutionListener, org.springframework.test.context.support.DependencyInjectionTestExecutionListener, org.springframework.test.context.support.DirtiesContextTestExecutionListener, org.springframework.test.context.transaction.TransactionalTestExecutionListener, org.springframework.test.context.jdbc.SqlScriptsTestExecutionListener, org.springframework.test.context.event.EventPublishingTestExecutionListener, org.springframework.security.test.context.support.WithSecurityContextTestExecutionListener, org.springframework.security.test.context.support.ReactorContextTestExecutionListener]
2020-12-03 12:05:24 - Using TestExecutionListeners: [org.springframework.test.context.web.ServletTestExecutionListener@3cae4518, org.springframework.test.context.support.DirtiesContextBeforeModesTestExecutionListener@5a654e05, org.springframework.boot.test.mock.mockito.MockitoTestExecutionListener@121dac1a, org.springframework.boot.test.autoconfigure.SpringBootDependencyInjectionTestExecutionListener@6d946eee, org.springframework.test.context.support.DirtiesContextTestExecutionListener@23dc70c1, org.springframework.test.context.transaction.TransactionalTestExecutionListener@53b907d9, org.springframework.test.context.jdbc.SqlScriptsTestExecutionListener@2c3b0cc8, org.springframework.test.context.event.EventPublishingTestExecutionListener@6296e4bf, org.springframework.security.test.context.support.WithSecurityContextTestExecutionListener@220cda54, org.springframework.security.test.context.support.ReactorContextTestExecutionListener@39109603, org.springframework.boot.test.mock.mockito.ResetMocksTestExecutionListener@4d3990a5, org.springframework.boot.test.autoconfigure.restdocs.RestDocsTestExecutionListener@18df26a1, org.springframework.boot.test.autoconfigure.web.client.MockRestServiceServerResetTestExecutionListener@5c459194, org.springframework.boot.test.autoconfigure.web.servlet.MockMvcPrintOnlyOnFailureTestExecutionListener@61d8a491, org.springframework.boot.test.autoconfigure.web.servlet.WebDriverTestExecutionListener@6065bcb7, org.springframework.boot.test.autoconfigure.webservices.client.MockWebServiceServerTestExecutionListener@1ee6434]

Scenario Outline: Calendario dia                        &amp#27;[90m# src/test/java/es/uclm/esi/features/2calendario.feature:26&amp#27;[0m
  &amp#27;[33mWhen &amp#27;[0m&amp#27;[33mconsulto con el usuario "ejemplo2c"&amp#27;[0m              &amp#27;[90m# null&amp#27;[0m
  &amp#27;[36mAnd &amp#27;[0m&amp#27;[36mel calendario dia con dia 29 y mes 11 y anio 2020&amp#27;[0m &amp#27;[90m# null&amp#27;[0m
  &amp#27;[36mThen &amp#27;[0m&amp#27;[36mobtengo el codigo 200&amp#27;[0m                            &amp#27;[90m# null&amp#27;[0m
  &amp#27;[36mAnd &amp#27;[0m&amp#27;[36mobtengo las reuniones "r ejemplo1,r ejemplo2"&amp#27;[0m     &amp#27;[90m# null&amp#27;[0m
]]></system-out>
  </testcase>
  <testcase name="Calendario dia #4" classname="es.uclm.esi.RunCucumberTest" time="0.02">
    <error message="The step &quot;consulto con el usuario &quot;ejemplo2c&quot;&quot; is undefined. You can implement it using the snippet(s) below:&#10;&#10;@When(&quot;consulto con el usuario {string}&quot;)&#10;public void consulto_con_el_usuario(String string) {&#10;    // Write code here that turns the phrase above into concrete actions&#10;    throw new io.cucumber.java.PendingException();&#10;}&#10;&#10;&#10;Some other steps were also undefined:&#10;&#10;@When(&quot;el calendario dia con dia {int} y mes {int} y anio {int}&quot;)&#10;public void el_calendario_dia_con_dia_y_mes_y_anio(Integer int1, Integer int2, Integer int3) {&#10;    // Write code here that turns the phrase above into concrete actions&#10;    throw new io.cucumber.java.PendingException();&#10;}&#10;@Then(&quot;obtengo el codigo {int}&quot;)&#10;public void obtengo_el_codigo(Integer int1) {&#10;    // Write code here that turns the phrase above into concrete actions&#10;    throw new io.cucumber.java.PendingException();&#10;}&#10;@Then(&quot;obtengo las reuniones {string}&quot;)&#10;public void obtengo_las_reuniones(String string) {&#10;    // Write code here that turns the phrase above into concrete actions&#10;    throw new io.cucumber.java.PendingException();&#10;}&#10;" type="io.cucumber.junit.UndefinedStepException">io.cucumber.junit.UndefinedStepException: 
The step "consulto con el usuario "ejemplo2c"" is undefined. You can implement it using the snippet(s) below:

@When("consulto con el usuario {string}")
public void consulto_con_el_usuario(String string) {
    // Write code here that turns the phrase above into concrete actions
    throw new io.cucumber.java.PendingException();
}


Some other steps were also undefined:

@When("el calendario dia con dia {int} y mes {int} y anio {int}")
public void el_calendario_dia_con_dia_y_mes_y_anio(Integer int1, Integer int2, Integer int3) {
    // Write code here that turns the phrase above into concrete actions
    throw new io.cucumber.java.PendingException();
}
@Then("obtengo el codigo {int}")
public void obtengo_el_codigo(Integer int1) {
    // Write code here that turns the phrase above into concrete actions
    throw new io.cucumber.java.PendingException();
}
@Then("obtengo las reuniones {string}")
public void obtengo_las_reuniones(String string) {
    // Write code here that turns the phrase above into concrete actions
    throw new io.cucumber.java.PendingException();
}

</error>
    <system-out><![CDATA[2020-12-03 12:05:24 - Neither @ContextConfiguration nor @ContextHierarchy found for test class [es.uclm.esi.CucumberTestContextConfiguration], using SpringBootContextLoader
2020-12-03 12:05:24 - Could not detect default resource locations for test class [es.uclm.esi.CucumberTestContextConfiguration]: no resource found for suffixes {-context.xml, Context.groovy}.
2020-12-03 12:05:24 - Could not detect default configuration classes for test class [es.uclm.esi.CucumberTestContextConfiguration]: CucumberTestContextConfiguration does not declare any static, non-private, non-final, nested classes annotated with @Configuration.
2020-12-03 12:05:24 - Found @SpringBootConfiguration es.uclm.esi.SigetApplication for test class es.uclm.esi.CucumberTestContextConfiguration
2020-12-03 12:05:24 - Loaded default TestExecutionListener class names from location [META-INF/spring.factories]: [org.springframework.boot.test.mock.mockito.MockitoTestExecutionListener, org.springframework.boot.test.mock.mockito.ResetMocksTestExecutionListener, org.springframework.boot.test.autoconfigure.restdocs.RestDocsTestExecutionListener, org.springframework.boot.test.autoconfigure.web.client.MockRestServiceServerResetTestExecutionListener, org.springframework.boot.test.autoconfigure.web.servlet.MockMvcPrintOnlyOnFailureTestExecutionListener, org.springframework.boot.test.autoconfigure.web.servlet.WebDriverTestExecutionListener, org.springframework.boot.test.autoconfigure.webservices.client.MockWebServiceServerTestExecutionListener, org.springframework.test.context.web.ServletTestExecutionListener, org.springframework.test.context.support.DirtiesContextBeforeModesTestExecutionListener, org.springframework.test.context.support.DependencyInjectionTestExecutionListener, org.springframework.test.context.support.DirtiesContextTestExecutionListener, org.springframework.test.context.transaction.TransactionalTestExecutionListener, org.springframework.test.context.jdbc.SqlScriptsTestExecutionListener, org.springframework.test.context.event.EventPublishingTestExecutionListener, org.springframework.security.test.context.support.WithSecurityContextTestExecutionListener, org.springframework.security.test.context.support.ReactorContextTestExecutionListener]
2020-12-03 12:05:24 - Using TestExecutionListeners: [org.springframework.test.context.web.ServletTestExecutionListener@270097ce, org.springframework.test.context.support.DirtiesContextBeforeModesTestExecutionListener@8b1170f, org.springframework.boot.test.mock.mockito.MockitoTestExecutionListener@69cb134, org.springframework.boot.test.autoconfigure.SpringBootDependencyInjectionTestExecutionListener@125124ea, org.springframework.test.context.support.DirtiesContextTestExecutionListener@314c6f89, org.springframework.test.context.transaction.TransactionalTestExecutionListener@31450fc0, org.springframework.test.context.jdbc.SqlScriptsTestExecutionListener@52b30dcd, org.springframework.test.context.event.EventPublishingTestExecutionListener@49de1505, org.springframework.security.test.context.support.WithSecurityContextTestExecutionListener@1bbc1b90, org.springframework.security.test.context.support.ReactorContextTestExecutionListener@29e3c28, org.springframework.boot.test.mock.mockito.ResetMocksTestExecutionListener@480994d3, org.springframework.boot.test.autoconfigure.restdocs.RestDocsTestExecutionListener@7146c6ea, org.springframework.boot.test.autoconfigure.web.client.MockRestServiceServerResetTestExecutionListener@a5d23c9, org.springframework.boot.test.autoconfigure.web.servlet.MockMvcPrintOnlyOnFailureTestExecutionListener@795131d6, org.springframework.boot.test.autoconfigure.web.servlet.WebDriverTestExecutionListener@7d7a8d23, org.springframework.boot.test.autoconfigure.webservices.client.MockWebServiceServerTestExecutionListener@3acc65f0]

Scenario Outline: Calendario dia                        &amp#27;[90m# src/test/java/es/uclm/esi/features/2calendario.feature:27&amp#27;[0m
  &amp#27;[33mWhen &amp#27;[0m&amp#27;[33mconsulto con el usuario "ejemplo2c"&amp#27;[0m              &amp#27;[90m# null&amp#27;[0m
  &amp#27;[36mAnd &amp#27;[0m&amp#27;[36mel calendario dia con dia 24 y mes 11 y anio 2020&amp#27;[0m &amp#27;[90m# null&amp#27;[0m
  &amp#27;[36mThen &amp#27;[0m&amp#27;[36mobtengo el codigo 200&amp#27;[0m                            &amp#27;[90m# null&amp#27;[0m
  &amp#27;[36mAnd &amp#27;[0m&amp#27;[36mobtengo las reuniones ""&amp#27;[0m                          &amp#27;[90m# null&amp#27;[0m
]]></system-out>
  </testcase>
  <testcase name="convocar #1" classname="es.uclm.esi.RunCucumberTest" time="0.032">
    <error message="The step &quot;titulo es &quot;Reunion 1&quot;&quot; is undefined. You can implement it using the snippet(s) below:&#10;&#10;@When(&quot;titulo es {string}&quot;)&#10;public void titulo_es(String string) {&#10;    // Write code here that turns the phrase above into concrete actions&#10;    throw new io.cucumber.java.PendingException();&#10;}&#10;&#10;&#10;Some other steps were also undefined:&#10;&#10;@When(&quot;dia es {int}&quot;)&#10;public void dia_es(Integer int1) {&#10;    // Write code here that turns the phrase above into concrete actions&#10;    throw new io.cucumber.java.PendingException();&#10;}&#10;@When(&quot;mes es {int}&quot;)&#10;public void mes_es(Integer int1) {&#10;    // Write code here that turns the phrase above into concrete actions&#10;    throw new io.cucumber.java.PendingException();&#10;}&#10;@When(&quot;ano es {int}&quot;)&#10;public void ano_es(Integer int1) {&#10;    // Write code here that turns the phrase above into concrete actions&#10;    throw new io.cucumber.java.PendingException();&#10;}&#10;@When(&quot;hora es {string}&quot;)&#10;public void hora_es(String string) {&#10;    // Write code here that turns the phrase above into concrete actions&#10;    throw new io.cucumber.java.PendingException();&#10;}&#10;@When(&quot;descripcion es {string}&quot;)&#10;public void descripcion_es(String string) {&#10;    // Write code here that turns the phrase above into concrete actions&#10;    throw new io.cucumber.java.PendingException();&#10;}&#10;@When(&quot;asistentes son {string}&quot;)&#10;public void asistentes_son(String string) {&#10;    // Write code here that turns the phrase above into concrete actions&#10;    throw new io.cucumber.java.PendingException();&#10;}&#10;@Then(&quot;convoco la reunion&quot;)&#10;public void convoco_la_reunion() {&#10;    // Write code here that turns the phrase above into concrete actions&#10;    throw new io.cucumber.java.PendingException();&#10;}&#10;@Then(&quot;la respuesta a convocar sera {int}&quot;)&#10;public void la_respuesta_a_convocar_sera(Integer int1) {&#10;    // Write code here that turns the phrase above into concrete actions&#10;    throw new io.cucumber.java.PendingException();&#10;}&#10;" type="io.cucumber.junit.UndefinedStepException">io.cucumber.junit.UndefinedStepException: 
The step "titulo es "Reunion 1"" is undefined. You can implement it using the snippet(s) below:

@When("titulo es {string}")
public void titulo_es(String string) {
    // Write code here that turns the phrase above into concrete actions
    throw new io.cucumber.java.PendingException();
}


Some other steps were also undefined:

@When("dia es {int}")
public void dia_es(Integer int1) {
    // Write code here that turns the phrase above into concrete actions
    throw new io.cucumber.java.PendingException();
}
@When("mes es {int}")
public void mes_es(Integer int1) {
    // Write code here that turns the phrase above into concrete actions
    throw new io.cucumber.java.PendingException();
}
@When("ano es {int}")
public void ano_es(Integer int1) {
    // Write code here that turns the phrase above into concrete actions
    throw new io.cucumber.java.PendingException();
}
@When("hora es {string}")
public void hora_es(String string) {
    // Write code here that turns the phrase above into concrete actions
    throw new io.cucumber.java.PendingException();
}
@When("descripcion es {string}")
public void descripcion_es(String string) {
    // Write code here that turns the phrase above into concrete actions
    throw new io.cucumber.java.PendingException();
}
@When("asistentes son {string}")
public void asistentes_son(String string) {
    // Write code here that turns the phrase above into concrete actions
    throw new io.cucumber.java.PendingException();
}
@Then("convoco la reunion")
public void convoco_la_reunion() {
    // Write code here that turns the phrase above into concrete actions
    throw new io.cucumber.java.PendingException();
}
@Then("la respuesta a convocar sera {int}")
public void la_respuesta_a_convocar_sera(Integer int1) {
    // Write code here that turns the phrase above into concrete actions
    throw new io.cucumber.java.PendingException();
}

</error>
    <system-out><![CDATA[2020-12-03 12:05:24 - Neither @ContextConfiguration nor @ContextHierarchy found for test class [es.uclm.esi.CucumberTestContextConfiguration], using SpringBootContextLoader
2020-12-03 12:05:24 - Could not detect default resource locations for test class [es.uclm.esi.CucumberTestContextConfiguration]: no resource found for suffixes {-context.xml, Context.groovy}.
2020-12-03 12:05:24 - Could not detect default configuration classes for test class [es.uclm.esi.CucumberTestContextConfiguration]: CucumberTestContextConfiguration does not declare any static, non-private, non-final, nested classes annotated with @Configuration.
2020-12-03 12:05:24 - Found @SpringBootConfiguration es.uclm.esi.SigetApplication for test class es.uclm.esi.CucumberTestContextConfiguration
2020-12-03 12:05:24 - Loaded default TestExecutionListener class names from location [META-INF/spring.factories]: [org.springframework.boot.test.mock.mockito.MockitoTestExecutionListener, org.springframework.boot.test.mock.mockito.ResetMocksTestExecutionListener, org.springframework.boot.test.autoconfigure.restdocs.RestDocsTestExecutionListener, org.springframework.boot.test.autoconfigure.web.client.MockRestServiceServerResetTestExecutionListener, org.springframework.boot.test.autoconfigure.web.servlet.MockMvcPrintOnlyOnFailureTestExecutionListener, org.springframework.boot.test.autoconfigure.web.servlet.WebDriverTestExecutionListener, org.springframework.boot.test.autoconfigure.webservices.client.MockWebServiceServerTestExecutionListener, org.springframework.test.context.web.ServletTestExecutionListener, org.springframework.test.context.support.DirtiesContextBeforeModesTestExecutionListener, org.springframework.test.context.support.DependencyInjectionTestExecutionListener, org.springframework.test.context.support.DirtiesContextTestExecutionListener, org.springframework.test.context.transaction.TransactionalTestExecutionListener, org.springframework.test.context.jdbc.SqlScriptsTestExecutionListener, org.springframework.test.context.event.EventPublishingTestExecutionListener, org.springframework.security.test.context.support.WithSecurityContextTestExecutionListener, org.springframework.security.test.context.support.ReactorContextTestExecutionListener]
2020-12-03 12:05:24 - Using TestExecutionListeners: [org.springframework.test.context.web.ServletTestExecutionListener@f98cff, org.springframework.test.context.support.DirtiesContextBeforeModesTestExecutionListener@59c38af5, org.springframework.boot.test.mock.mockito.MockitoTestExecutionListener@6244afc4, org.springframework.boot.test.autoconfigure.SpringBootDependencyInjectionTestExecutionListener@534d0cfa, org.springframework.test.context.support.DirtiesContextTestExecutionListener@1f1ffc18, org.springframework.test.context.transaction.TransactionalTestExecutionListener@5a4e492c, org.springframework.test.context.jdbc.SqlScriptsTestExecutionListener@1d33e72e, org.springframework.test.context.event.EventPublishingTestExecutionListener@26a202ae, org.springframework.security.test.context.support.WithSecurityContextTestExecutionListener@46bdc55e, org.springframework.security.test.context.support.ReactorContextTestExecutionListener@6e12f38c, org.springframework.boot.test.mock.mockito.ResetMocksTestExecutionListener@6c1a63f7, org.springframework.boot.test.autoconfigure.restdocs.RestDocsTestExecutionListener@5a9baba8, org.springframework.boot.test.autoconfigure.web.client.MockRestServiceServerResetTestExecutionListener@72240290, org.springframework.boot.test.autoconfigure.web.servlet.MockMvcPrintOnlyOnFailureTestExecutionListener@b5311cb, org.springframework.boot.test.autoconfigure.web.servlet.WebDriverTestExecutionListener@34e9de8d, org.springframework.boot.test.autoconfigure.webservices.client.MockWebServiceServerTestExecutionListener@33a8f553]

Scenario Outline: convocar                                               &amp#27;[90m# src/test/java/es/uclm/esi/features/3convocarReunion.feature:17&amp#27;[0m
  &amp#27;[33mWhen &amp#27;[0m&amp#27;[33mtitulo es "Reunion 1"&amp#27;[0m                                             &amp#27;[90m# null&amp#27;[0m
  &amp#27;[36mAnd &amp#27;[0m&amp#27;[36mdia es 52&amp#27;[0m                                                          &amp#27;[90m# null&amp#27;[0m
  &amp#27;[36mAnd &amp#27;[0m&amp#27;[36mmes es 12&amp#27;[0m                                                          &amp#27;[90m# null&amp#27;[0m
  &amp#27;[36mAnd &amp#27;[0m&amp#27;[36mano es 2020&amp#27;[0m                                                        &amp#27;[90m# null&amp#27;[0m
  &amp#27;[36mAnd &amp#27;[0m&amp#27;[36mhora es "22:00"&amp#27;[0m                                                    &amp#27;[90m# null&amp#27;[0m
  &amp#27;[36mAnd &amp#27;[0m&amp#27;[36mdescripcion es "Prueba"&amp#27;[0m                                            &amp#27;[90m# null&amp#27;[0m
  &amp#27;[36mAnd &amp#27;[0m&amp#27;[36masistentes son "Fatima:pendiente,Victor:pendiente,admin:pendiente"&amp#27;[0m &amp#27;[90m# null&amp#27;[0m
  &amp#27;[36mThen &amp#27;[0m&amp#27;[36mconvoco la reunion&amp#27;[0m                                                &amp#27;[90m# null&amp#27;[0m
  &amp#27;[36mThen &amp#27;[0m&amp#27;[36mla respuesta a convocar sera 400&amp#27;[0m                                  &amp#27;[90m# null&amp#27;[0m
]]></system-out>
  </testcase>
  <testcase name="convocar #2" classname="es.uclm.esi.RunCucumberTest" time="0.015">
    <error message="The step &quot;titulo es &quot;Reunion 2&quot;&quot; is undefined. You can implement it using the snippet(s) below:&#10;&#10;@When(&quot;titulo es {string}&quot;)&#10;public void titulo_es(String string) {&#10;    // Write code here that turns the phrase above into concrete actions&#10;    throw new io.cucumber.java.PendingException();&#10;}&#10;&#10;&#10;Some other steps were also undefined:&#10;&#10;@When(&quot;dia es {int}&quot;)&#10;public void dia_es(Integer int1) {&#10;    // Write code here that turns the phrase above into concrete actions&#10;    throw new io.cucumber.java.PendingException();&#10;}&#10;@When(&quot;mes es {int}&quot;)&#10;public void mes_es(Integer int1) {&#10;    // Write code here that turns the phrase above into concrete actions&#10;    throw new io.cucumber.java.PendingException();&#10;}&#10;@When(&quot;ano es {int}&quot;)&#10;public void ano_es(Integer int1) {&#10;    // Write code here that turns the phrase above into concrete actions&#10;    throw new io.cucumber.java.PendingException();&#10;}&#10;@When(&quot;hora es {string}&quot;)&#10;public void hora_es(String string) {&#10;    // Write code here that turns the phrase above into concrete actions&#10;    throw new io.cucumber.java.PendingException();&#10;}&#10;@When(&quot;descripcion es {string}&quot;)&#10;public void descripcion_es(String string) {&#10;    // Write code here that turns the phrase above into concrete actions&#10;    throw new io.cucumber.java.PendingException();&#10;}&#10;@When(&quot;asistentes son {string}&quot;)&#10;public void asistentes_son(String string) {&#10;    // Write code here that turns the phrase above into concrete actions&#10;    throw new io.cucumber.java.PendingException();&#10;}&#10;@Then(&quot;convoco la reunion&quot;)&#10;public void convoco_la_reunion() {&#10;    // Write code here that turns the phrase above into concrete actions&#10;    throw new io.cucumber.java.PendingException();&#10;}&#10;@Then(&quot;la respuesta a convocar sera {int}&quot;)&#10;public void la_respuesta_a_convocar_sera(Integer int1) {&#10;    // Write code here that turns the phrase above into concrete actions&#10;    throw new io.cucumber.java.PendingException();&#10;}&#10;" type="io.cucumber.junit.UndefinedStepException">io.cucumber.junit.UndefinedStepException: 
The step "titulo es "Reunion 2"" is undefined. You can implement it using the snippet(s) below:

@When("titulo es {string}")
public void titulo_es(String string) {
    // Write code here that turns the phrase above into concrete actions
    throw new io.cucumber.java.PendingException();
}


Some other steps were also undefined:

@When("dia es {int}")
public void dia_es(Integer int1) {
    // Write code here that turns the phrase above into concrete actions
    throw new io.cucumber.java.PendingException();
}
@When("mes es {int}")
public void mes_es(Integer int1) {
    // Write code here that turns the phrase above into concrete actions
    throw new io.cucumber.java.PendingException();
}
@When("ano es {int}")
public void ano_es(Integer int1) {
    // Write code here that turns the phrase above into concrete actions
    throw new io.cucumber.java.PendingException();
}
@When("hora es {string}")
public void hora_es(String string) {
    // Write code here that turns the phrase above into concrete actions
    throw new io.cucumber.java.PendingException();
}
@When("descripcion es {string}")
public void descripcion_es(String string) {
    // Write code here that turns the phrase above into concrete actions
    throw new io.cucumber.java.PendingException();
}
@When("asistentes son {string}")
public void asistentes_son(String string) {
    // Write code here that turns the phrase above into concrete actions
    throw new io.cucumber.java.PendingException();
}
@Then("convoco la reunion")
public void convoco_la_reunion() {
    // Write code here that turns the phrase above into concrete actions
    throw new io.cucumber.java.PendingException();
}
@Then("la respuesta a convocar sera {int}")
public void la_respuesta_a_convocar_sera(Integer int1) {
    // Write code here that turns the phrase above into concrete actions
    throw new io.cucumber.java.PendingException();
}

</error>
    <system-out><![CDATA[2020-12-03 12:05:24 - Neither @ContextConfiguration nor @ContextHierarchy found for test class [es.uclm.esi.CucumberTestContextConfiguration], using SpringBootContextLoader
2020-12-03 12:05:24 - Could not detect default resource locations for test class [es.uclm.esi.CucumberTestContextConfiguration]: no resource found for suffixes {-context.xml, Context.groovy}.
2020-12-03 12:05:24 - Could not detect default configuration classes for test class [es.uclm.esi.CucumberTestContextConfiguration]: CucumberTestContextConfiguration does not declare any static, non-private, non-final, nested classes annotated with @Configuration.
2020-12-03 12:05:24 - Found @SpringBootConfiguration es.uclm.esi.SigetApplication for test class es.uclm.esi.CucumberTestContextConfiguration
2020-12-03 12:05:24 - Loaded default TestExecutionListener class names from location [META-INF/spring.factories]: [org.springframework.boot.test.mock.mockito.MockitoTestExecutionListener, org.springframework.boot.test.mock.mockito.ResetMocksTestExecutionListener, org.springframework.boot.test.autoconfigure.restdocs.RestDocsTestExecutionListener, org.springframework.boot.test.autoconfigure.web.client.MockRestServiceServerResetTestExecutionListener, org.springframework.boot.test.autoconfigure.web.servlet.MockMvcPrintOnlyOnFailureTestExecutionListener, org.springframework.boot.test.autoconfigure.web.servlet.WebDriverTestExecutionListener, org.springframework.boot.test.autoconfigure.webservices.client.MockWebServiceServerTestExecutionListener, org.springframework.test.context.web.ServletTestExecutionListener, org.springframework.test.context.support.DirtiesContextBeforeModesTestExecutionListener, org.springframework.test.context.support.DependencyInjectionTestExecutionListener, org.springframework.test.context.support.DirtiesContextTestExecutionListener, org.springframework.test.context.transaction.TransactionalTestExecutionListener, org.springframework.test.context.jdbc.SqlScriptsTestExecutionListener, org.springframework.test.context.event.EventPublishingTestExecutionListener, org.springframework.security.test.context.support.WithSecurityContextTestExecutionListener, org.springframework.security.test.context.support.ReactorContextTestExecutionListener]
2020-12-03 12:05:24 - Using TestExecutionListeners: [org.springframework.test.context.web.ServletTestExecutionListener@4f65af91, org.springframework.test.context.support.DirtiesContextBeforeModesTestExecutionListener@1b79df53, org.springframework.boot.test.mock.mockito.MockitoTestExecutionListener@8ee1404, org.springframework.boot.test.autoconfigure.SpringBootDependencyInjectionTestExecutionListener@5c3924fd, org.springframework.test.context.support.DirtiesContextTestExecutionListener@3ec211cc, org.springframework.test.context.transaction.TransactionalTestExecutionListener@6b94c200, org.springframework.test.context.jdbc.SqlScriptsTestExecutionListener@1322b542, org.springframework.test.context.event.EventPublishingTestExecutionListener@6a97517, org.springframework.security.test.context.support.WithSecurityContextTestExecutionListener@284b487f, org.springframework.security.test.context.support.ReactorContextTestExecutionListener@65021bb4, org.springframework.boot.test.mock.mockito.ResetMocksTestExecutionListener@630c3af3, org.springframework.boot.test.autoconfigure.restdocs.RestDocsTestExecutionListener@2e40ea48, org.springframework.boot.test.autoconfigure.web.client.MockRestServiceServerResetTestExecutionListener@5cba474f, org.springframework.boot.test.autoconfigure.web.servlet.MockMvcPrintOnlyOnFailureTestExecutionListener@291028d7, org.springframework.boot.test.autoconfigure.web.servlet.WebDriverTestExecutionListener@2b4954a4, org.springframework.boot.test.autoconfigure.webservices.client.MockWebServiceServerTestExecutionListener@2f2f92f]

Scenario Outline: convocar                                               &amp#27;[90m# src/test/java/es/uclm/esi/features/3convocarReunion.feature:18&amp#27;[0m
  &amp#27;[33mWhen &amp#27;[0m&amp#27;[33mtitulo es "Reunion 2"&amp#27;[0m                                             &amp#27;[90m# null&amp#27;[0m
  &amp#27;[36mAnd &amp#27;[0m&amp#27;[36mdia es 11&amp#27;[0m                                                          &amp#27;[90m# null&amp#27;[0m
  &amp#27;[36mAnd &amp#27;[0m&amp#27;[36mmes es 15&amp#27;[0m                                                          &amp#27;[90m# null&amp#27;[0m
  &amp#27;[36mAnd &amp#27;[0m&amp#27;[36mano es 2020&amp#27;[0m                                                        &amp#27;[90m# null&amp#27;[0m
  &amp#27;[36mAnd &amp#27;[0m&amp#27;[36mhora es "16:00"&amp#27;[0m                                                    &amp#27;[90m# null&amp#27;[0m
  &amp#27;[36mAnd &amp#27;[0m&amp#27;[36mdescripcion es "Prueba"&amp#27;[0m                                            &amp#27;[90m# null&amp#27;[0m
  &amp#27;[36mAnd &amp#27;[0m&amp#27;[36masistentes son "Fatima:pendiente,Victor:pendiente,admin:pendiente"&amp#27;[0m &amp#27;[90m# null&amp#27;[0m
  &amp#27;[36mThen &amp#27;[0m&amp#27;[36mconvoco la reunion&amp#27;[0m                                                &amp#27;[90m# null&amp#27;[0m
  &amp#27;[36mThen &amp#27;[0m&amp#27;[36mla respuesta a convocar sera 400&amp#27;[0m                                  &amp#27;[90m# null&amp#27;[0m
]]></system-out>
  </testcase>
  <testcase name="convocar #3" classname="es.uclm.esi.RunCucumberTest" time="0.011">
    <error message="The step &quot;titulo es &quot;test&quot;&quot; is undefined. You can implement it using the snippet(s) below:&#10;&#10;@When(&quot;titulo es {string}&quot;)&#10;public void titulo_es(String string) {&#10;    // Write code here that turns the phrase above into concrete actions&#10;    throw new io.cucumber.java.PendingException();&#10;}&#10;&#10;&#10;Some other steps were also undefined:&#10;&#10;@When(&quot;dia es {int}&quot;)&#10;public void dia_es(Integer int1) {&#10;    // Write code here that turns the phrase above into concrete actions&#10;    throw new io.cucumber.java.PendingException();&#10;}&#10;@When(&quot;mes es {int}&quot;)&#10;public void mes_es(Integer int1) {&#10;    // Write code here that turns the phrase above into concrete actions&#10;    throw new io.cucumber.java.PendingException();&#10;}&#10;@When(&quot;ano es {int}&quot;)&#10;public void ano_es(Integer int1) {&#10;    // Write code here that turns the phrase above into concrete actions&#10;    throw new io.cucumber.java.PendingException();&#10;}&#10;@When(&quot;hora es {string}&quot;)&#10;public void hora_es(String string) {&#10;    // Write code here that turns the phrase above into concrete actions&#10;    throw new io.cucumber.java.PendingException();&#10;}&#10;@When(&quot;descripcion es {string}&quot;)&#10;public void descripcion_es(String string) {&#10;    // Write code here that turns the phrase above into concrete actions&#10;    throw new io.cucumber.java.PendingException();&#10;}&#10;@When(&quot;asistentes son {string}&quot;)&#10;public void asistentes_son(String string) {&#10;    // Write code here that turns the phrase above into concrete actions&#10;    throw new io.cucumber.java.PendingException();&#10;}&#10;@Then(&quot;convoco la reunion&quot;)&#10;public void convoco_la_reunion() {&#10;    // Write code here that turns the phrase above into concrete actions&#10;    throw new io.cucumber.java.PendingException();&#10;}&#10;@Then(&quot;la respuesta a convocar sera {int}&quot;)&#10;public void la_respuesta_a_convocar_sera(Integer int1) {&#10;    // Write code here that turns the phrase above into concrete actions&#10;    throw new io.cucumber.java.PendingException();&#10;}&#10;" type="io.cucumber.junit.UndefinedStepException">io.cucumber.junit.UndefinedStepException: 
The step "titulo es "test"" is undefined. You can implement it using the snippet(s) below:

@When("titulo es {string}")
public void titulo_es(String string) {
    // Write code here that turns the phrase above into concrete actions
    throw new io.cucumber.java.PendingException();
}


Some other steps were also undefined:

@When("dia es {int}")
public void dia_es(Integer int1) {
    // Write code here that turns the phrase above into concrete actions
    throw new io.cucumber.java.PendingException();
}
@When("mes es {int}")
public void mes_es(Integer int1) {
    // Write code here that turns the phrase above into concrete actions
    throw new io.cucumber.java.PendingException();
}
@When("ano es {int}")
public void ano_es(Integer int1) {
    // Write code here that turns the phrase above into concrete actions
    throw new io.cucumber.java.PendingException();
}
@When("hora es {string}")
public void hora_es(String string) {
    // Write code here that turns the phrase above into concrete actions
    throw new io.cucumber.java.PendingException();
}
@When("descripcion es {string}")
public void descripcion_es(String string) {
    // Write code here that turns the phrase above into concrete actions
    throw new io.cucumber.java.PendingException();
}
@When("asistentes son {string}")
public void asistentes_son(String string) {
    // Write code here that turns the phrase above into concrete actions
    throw new io.cucumber.java.PendingException();
}
@Then("convoco la reunion")
public void convoco_la_reunion() {
    // Write code here that turns the phrase above into concrete actions
    throw new io.cucumber.java.PendingException();
}
@Then("la respuesta a convocar sera {int}")
public void la_respuesta_a_convocar_sera(Integer int1) {
    // Write code here that turns the phrase above into concrete actions
    throw new io.cucumber.java.PendingException();
}

</error>
    <system-out><![CDATA[2020-12-03 12:05:24 - Neither @ContextConfiguration nor @ContextHierarchy found for test class [es.uclm.esi.CucumberTestContextConfiguration], using SpringBootContextLoader
2020-12-03 12:05:24 - Could not detect default resource locations for test class [es.uclm.esi.CucumberTestContextConfiguration]: no resource found for suffixes {-context.xml, Context.groovy}.
2020-12-03 12:05:24 - Could not detect default configuration classes for test class [es.uclm.esi.CucumberTestContextConfiguration]: CucumberTestContextConfiguration does not declare any static, non-private, non-final, nested classes annotated with @Configuration.
2020-12-03 12:05:24 - Found @SpringBootConfiguration es.uclm.esi.SigetApplication for test class es.uclm.esi.CucumberTestContextConfiguration
2020-12-03 12:05:24 - Loaded default TestExecutionListener class names from location [META-INF/spring.factories]: [org.springframework.boot.test.mock.mockito.MockitoTestExecutionListener, org.springframework.boot.test.mock.mockito.ResetMocksTestExecutionListener, org.springframework.boot.test.autoconfigure.restdocs.RestDocsTestExecutionListener, org.springframework.boot.test.autoconfigure.web.client.MockRestServiceServerResetTestExecutionListener, org.springframework.boot.test.autoconfigure.web.servlet.MockMvcPrintOnlyOnFailureTestExecutionListener, org.springframework.boot.test.autoconfigure.web.servlet.WebDriverTestExecutionListener, org.springframework.boot.test.autoconfigure.webservices.client.MockWebServiceServerTestExecutionListener, org.springframework.test.context.web.ServletTestExecutionListener, org.springframework.test.context.support.DirtiesContextBeforeModesTestExecutionListener, org.springframework.test.context.support.DependencyInjectionTestExecutionListener, org.springframework.test.context.support.DirtiesContextTestExecutionListener, org.springframework.test.context.transaction.TransactionalTestExecutionListener, org.springframework.test.context.jdbc.SqlScriptsTestExecutionListener, org.springframework.test.context.event.EventPublishingTestExecutionListener, org.springframework.security.test.context.support.WithSecurityContextTestExecutionListener, org.springframework.security.test.context.support.ReactorContextTestExecutionListener]
2020-12-03 12:05:24 - Using TestExecutionListeners: [org.springframework.test.context.web.ServletTestExecutionListener@1fa796a4, org.springframework.test.context.support.DirtiesContextBeforeModesTestExecutionListener@68de8522, org.springframework.boot.test.mock.mockito.MockitoTestExecutionListener@8dcacf1, org.springframework.boot.test.autoconfigure.SpringBootDependencyInjectionTestExecutionListener@50f13494, org.springframework.test.context.support.DirtiesContextTestExecutionListener@73c09a98, org.springframework.test.context.transaction.TransactionalTestExecutionListener@6f2bf657, org.springframework.test.context.jdbc.SqlScriptsTestExecutionListener@27d6467, org.springframework.test.context.event.EventPublishingTestExecutionListener@5bf1b528, org.springframework.security.test.context.support.WithSecurityContextTestExecutionListener@2c92f094, org.springframework.security.test.context.support.ReactorContextTestExecutionListener@1c3b221f, org.springframework.boot.test.mock.mockito.ResetMocksTestExecutionListener@750c23a3, org.springframework.boot.test.autoconfigure.restdocs.RestDocsTestExecutionListener@238280df, org.springframework.boot.test.autoconfigure.web.client.MockRestServiceServerResetTestExecutionListener@182fd26b, org.springframework.boot.test.autoconfigure.web.servlet.MockMvcPrintOnlyOnFailureTestExecutionListener@5dc120ab, org.springframework.boot.test.autoconfigure.web.servlet.WebDriverTestExecutionListener@49c4118b, org.springframework.boot.test.autoconfigure.webservices.client.MockWebServiceServerTestExecutionListener@7ef7f414]

Scenario Outline: convocar              &amp#27;[90m# src/test/java/es/uclm/esi/features/3convocarReunion.feature:19&amp#27;[0m
  &amp#27;[33mWhen &amp#27;[0m&amp#27;[33mtitulo es "test"&amp#27;[0m                 &amp#27;[90m# null&amp#27;[0m
  &amp#27;[36mAnd &amp#27;[0m&amp#27;[36mdia es 31&amp#27;[0m                         &amp#27;[90m# null&amp#27;[0m
  &amp#27;[36mAnd &amp#27;[0m&amp#27;[36mmes es 12&amp#27;[0m                         &amp#27;[90m# null&amp#27;[0m
  &amp#27;[36mAnd &amp#27;[0m&amp#27;[36mano es 2020&amp#27;[0m                       &amp#27;[90m# null&amp#27;[0m
  &amp#27;[36mAnd &amp#27;[0m&amp#27;[36mhora es "23:00"&amp#27;[0m                   &amp#27;[90m# null&amp#27;[0m
  &amp#27;[36mAnd &amp#27;[0m&amp#27;[36mdescripcion es "test"&amp#27;[0m             &amp#27;[90m# null&amp#27;[0m
  &amp#27;[36mAnd &amp#27;[0m&amp#27;[36masistentes son "admin:pendiente"&amp#27;[0m  &amp#27;[90m# null&amp#27;[0m
  &amp#27;[36mThen &amp#27;[0m&amp#27;[36mconvoco la reunion&amp#27;[0m               &amp#27;[90m# null&amp#27;[0m
  &amp#27;[36mThen &amp#27;[0m&amp#27;[36mla respuesta a convocar sera 200&amp#27;[0m &amp#27;[90m# null&amp#27;[0m
]]></system-out>
  </testcase>
  <testcase name="aceptar" classname="es.uclm.esi.RunCucumberTest" time="0.01">
    <error message="The step &quot;acepto la reunion&quot; is undefined. You can implement it using the snippet(s) below:&#10;&#10;@When(&quot;acepto la reunion&quot;)&#10;public void acepto_la_reunion() {&#10;    // Write code here that turns the phrase above into concrete actions&#10;    throw new io.cucumber.java.PendingException();&#10;}&#10;&#10;&#10;Some other steps were also undefined:&#10;&#10;@Then(&quot;la respuesta a aceptar debe ser {int}&quot;)&#10;public void la_respuesta_a_aceptar_debe_ser(Integer int1) {&#10;    // Write code here that turns the phrase above into concrete actions&#10;    throw new io.cucumber.java.PendingException();&#10;}&#10;" type="io.cucumber.junit.UndefinedStepException">io.cucumber.junit.UndefinedStepException: 
The step "acepto la reunion" is undefined. You can implement it using the snippet(s) below:

@When("acepto la reunion")
public void acepto_la_reunion() {
    // Write code here that turns the phrase above into concrete actions
    throw new io.cucumber.java.PendingException();
}


Some other steps were also undefined:

@Then("la respuesta a aceptar debe ser {int}")
public void la_respuesta_a_aceptar_debe_ser(Integer int1) {
    // Write code here that turns the phrase above into concrete actions
    throw new io.cucumber.java.PendingException();
}

</error>
    <system-out><![CDATA[2020-12-03 12:05:24 - Neither @ContextConfiguration nor @ContextHierarchy found for test class [es.uclm.esi.CucumberTestContextConfiguration], using SpringBootContextLoader
2020-12-03 12:05:24 - Could not detect default resource locations for test class [es.uclm.esi.CucumberTestContextConfiguration]: no resource found for suffixes {-context.xml, Context.groovy}.
2020-12-03 12:05:24 - Could not detect default configuration classes for test class [es.uclm.esi.CucumberTestContextConfiguration]: CucumberTestContextConfiguration does not declare any static, non-private, non-final, nested classes annotated with @Configuration.
2020-12-03 12:05:24 - Found @SpringBootConfiguration es.uclm.esi.SigetApplication for test class es.uclm.esi.CucumberTestContextConfiguration
2020-12-03 12:05:24 - Loaded default TestExecutionListener class names from location [META-INF/spring.factories]: [org.springframework.boot.test.mock.mockito.MockitoTestExecutionListener, org.springframework.boot.test.mock.mockito.ResetMocksTestExecutionListener, org.springframework.boot.test.autoconfigure.restdocs.RestDocsTestExecutionListener, org.springframework.boot.test.autoconfigure.web.client.MockRestServiceServerResetTestExecutionListener, org.springframework.boot.test.autoconfigure.web.servlet.MockMvcPrintOnlyOnFailureTestExecutionListener, org.springframework.boot.test.autoconfigure.web.servlet.WebDriverTestExecutionListener, org.springframework.boot.test.autoconfigure.webservices.client.MockWebServiceServerTestExecutionListener, org.springframework.test.context.web.ServletTestExecutionListener, org.springframework.test.context.support.DirtiesContextBeforeModesTestExecutionListener, org.springframework.test.context.support.DependencyInjectionTestExecutionListener, org.springframework.test.context.support.DirtiesContextTestExecutionListener, org.springframework.test.context.transaction.TransactionalTestExecutionListener, org.springframework.test.context.jdbc.SqlScriptsTestExecutionListener, org.springframework.test.context.event.EventPublishingTestExecutionListener, org.springframework.security.test.context.support.WithSecurityContextTestExecutionListener, org.springframework.security.test.context.support.ReactorContextTestExecutionListener]
2020-12-03 12:05:24 - Using TestExecutionListeners: [org.springframework.test.context.web.ServletTestExecutionListener@185bf6e0, org.springframework.test.context.support.DirtiesContextBeforeModesTestExecutionListener@6a562255, org.springframework.boot.test.mock.mockito.MockitoTestExecutionListener@374ba492, org.springframework.boot.test.autoconfigure.SpringBootDependencyInjectionTestExecutionListener@581d5b33, org.springframework.test.context.support.DirtiesContextTestExecutionListener@1f365a26, org.springframework.test.context.transaction.TransactionalTestExecutionListener@44a9971f, org.springframework.test.context.jdbc.SqlScriptsTestExecutionListener@2e2cd42c, org.springframework.test.context.event.EventPublishingTestExecutionListener@1cdad619, org.springframework.security.test.context.support.WithSecurityContextTestExecutionListener@319058ce, org.springframework.security.test.context.support.ReactorContextTestExecutionListener@3909308c, org.springframework.boot.test.mock.mockito.ResetMocksTestExecutionListener@71cc0e35, org.springframework.boot.test.autoconfigure.restdocs.RestDocsTestExecutionListener@3b6c740b, org.springframework.boot.test.autoconfigure.web.client.MockRestServiceServerResetTestExecutionListener@8091d80, org.springframework.boot.test.autoconfigure.web.servlet.MockMvcPrintOnlyOnFailureTestExecutionListener@78f4d15d, org.springframework.boot.test.autoconfigure.web.servlet.WebDriverTestExecutionListener@6958d5d0, org.springframework.boot.test.autoconfigure.webservices.client.MockWebServiceServerTestExecutionListener@314c28dc]

Scenario Outline: aceptar                  &amp#27;[90m# src/test/java/es/uclm/esi/features/4aceptarReunion.feature:11&amp#27;[0m
  &amp#27;[33mWhen &amp#27;[0m&amp#27;[33macepto la reunion&amp#27;[0m                   &amp#27;[90m# null&amp#27;[0m
  &amp#27;[36mThen &amp#27;[0m&amp#27;[36mla respuesta a aceptar debe ser 200&amp#27;[0m &amp#27;[90m# null&amp#27;[0m
]]></system-out>
  </testcase>
  <testcase name="rechazar" classname="es.uclm.esi.RunCucumberTest" time="0.009">
    <error message="The step &quot;rechazo la reunion&quot; is undefined. You can implement it using the snippet(s) below:&#10;&#10;@When(&quot;rechazo la reunion&quot;)&#10;public void rechazo_la_reunion() {&#10;    // Write code here that turns the phrase above into concrete actions&#10;    throw new io.cucumber.java.PendingException();&#10;}&#10;&#10;&#10;Some other steps were also undefined:&#10;&#10;@Then(&quot;la respuesta a rechazar debe ser {int}&quot;)&#10;public void la_respuesta_a_rechazar_debe_ser(Integer int1) {&#10;    // Write code here that turns the phrase above into concrete actions&#10;    throw new io.cucumber.java.PendingException();&#10;}&#10;" type="io.cucumber.junit.UndefinedStepException">io.cucumber.junit.UndefinedStepException: 
The step "rechazo la reunion" is undefined. You can implement it using the snippet(s) below:

@When("rechazo la reunion")
public void rechazo_la_reunion() {
    // Write code here that turns the phrase above into concrete actions
    throw new io.cucumber.java.PendingException();
}


Some other steps were also undefined:

@Then("la respuesta a rechazar debe ser {int}")
public void la_respuesta_a_rechazar_debe_ser(Integer int1) {
    // Write code here that turns the phrase above into concrete actions
    throw new io.cucumber.java.PendingException();
}

</error>
    <system-out><![CDATA[2020-12-03 12:05:24 - Neither @ContextConfiguration nor @ContextHierarchy found for test class [es.uclm.esi.CucumberTestContextConfiguration], using SpringBootContextLoader
2020-12-03 12:05:24 - Could not detect default resource locations for test class [es.uclm.esi.CucumberTestContextConfiguration]: no resource found for suffixes {-context.xml, Context.groovy}.
2020-12-03 12:05:24 - Could not detect default configuration classes for test class [es.uclm.esi.CucumberTestContextConfiguration]: CucumberTestContextConfiguration does not declare any static, non-private, non-final, nested classes annotated with @Configuration.
2020-12-03 12:05:24 - Found @SpringBootConfiguration es.uclm.esi.SigetApplication for test class es.uclm.esi.CucumberTestContextConfiguration
2020-12-03 12:05:24 - Loaded default TestExecutionListener class names from location [META-INF/spring.factories]: [org.springframework.boot.test.mock.mockito.MockitoTestExecutionListener, org.springframework.boot.test.mock.mockito.ResetMocksTestExecutionListener, org.springframework.boot.test.autoconfigure.restdocs.RestDocsTestExecutionListener, org.springframework.boot.test.autoconfigure.web.client.MockRestServiceServerResetTestExecutionListener, org.springframework.boot.test.autoconfigure.web.servlet.MockMvcPrintOnlyOnFailureTestExecutionListener, org.springframework.boot.test.autoconfigure.web.servlet.WebDriverTestExecutionListener, org.springframework.boot.test.autoconfigure.webservices.client.MockWebServiceServerTestExecutionListener, org.springframework.test.context.web.ServletTestExecutionListener, org.springframework.test.context.support.DirtiesContextBeforeModesTestExecutionListener, org.springframework.test.context.support.DependencyInjectionTestExecutionListener, org.springframework.test.context.support.DirtiesContextTestExecutionListener, org.springframework.test.context.transaction.TransactionalTestExecutionListener, org.springframework.test.context.jdbc.SqlScriptsTestExecutionListener, org.springframework.test.context.event.EventPublishingTestExecutionListener, org.springframework.security.test.context.support.WithSecurityContextTestExecutionListener, org.springframework.security.test.context.support.ReactorContextTestExecutionListener]
2020-12-03 12:05:24 - Using TestExecutionListeners: [org.springframework.test.context.web.ServletTestExecutionListener@2f498f21, org.springframework.test.context.support.DirtiesContextBeforeModesTestExecutionListener@90394d, org.springframework.boot.test.mock.mockito.MockitoTestExecutionListener@50caeb4b, org.springframework.boot.test.autoconfigure.SpringBootDependencyInjectionTestExecutionListener@6fafbdac, org.springframework.test.context.support.DirtiesContextTestExecutionListener@c7c07ff, org.springframework.test.context.transaction.TransactionalTestExecutionListener@d271d6c, org.springframework.test.context.jdbc.SqlScriptsTestExecutionListener@a302f30, org.springframework.test.context.event.EventPublishingTestExecutionListener@1860b107, org.springframework.security.test.context.support.WithSecurityContextTestExecutionListener@744f0e0b, org.springframework.security.test.context.support.ReactorContextTestExecutionListener@4136b193, org.springframework.boot.test.mock.mockito.ResetMocksTestExecutionListener@4af44f2a, org.springframework.boot.test.autoconfigure.restdocs.RestDocsTestExecutionListener@570127fa, org.springframework.boot.test.autoconfigure.web.client.MockRestServiceServerResetTestExecutionListener@5b324447, org.springframework.boot.test.autoconfigure.web.servlet.MockMvcPrintOnlyOnFailureTestExecutionListener@2ffcdc9b, org.springframework.boot.test.autoconfigure.web.servlet.WebDriverTestExecutionListener@47994b51, org.springframework.boot.test.autoconfigure.webservices.client.MockWebServiceServerTestExecutionListener@19f99aaf]

Scenario Outline: rechazar                  &amp#27;[90m# src/test/java/es/uclm/esi/features/5rechazarReunion.feature:11&amp#27;[0m
  &amp#27;[33mWhen &amp#27;[0m&amp#27;[33mrechazo la reunion&amp#27;[0m                   &amp#27;[90m# null&amp#27;[0m
  &amp#27;[36mThen &amp#27;[0m&amp#27;[36mla respuesta a rechazar debe ser 200&amp#27;[0m &amp#27;[90m# null&amp#27;[0m
]]></system-out>
  </testcase>
  <testcase name="cancelar" classname="es.uclm.esi.RunCucumberTest" time="1.269">
    <error message="Bad credentials" type="org.springframework.security.authentication.BadCredentialsException">org.springframework.security.authentication.BadCredentialsException: Bad credentials
</error>
    <system-out><![CDATA[2020-12-03 12:05:24 - Neither @ContextConfiguration nor @ContextHierarchy found for test class [es.uclm.esi.CucumberTestContextConfiguration], using SpringBootContextLoader
2020-12-03 12:05:24 - Could not detect default resource locations for test class [es.uclm.esi.CucumberTestContextConfiguration]: no resource found for suffixes {-context.xml, Context.groovy}.
2020-12-03 12:05:24 - Could not detect default configuration classes for test class [es.uclm.esi.CucumberTestContextConfiguration]: CucumberTestContextConfiguration does not declare any static, non-private, non-final, nested classes annotated with @Configuration.
2020-12-03 12:05:24 - Found @SpringBootConfiguration es.uclm.esi.SigetApplication for test class es.uclm.esi.CucumberTestContextConfiguration
2020-12-03 12:05:24 - Loaded default TestExecutionListener class names from location [META-INF/spring.factories]: [org.springframework.boot.test.mock.mockito.MockitoTestExecutionListener, org.springframework.boot.test.mock.mockito.ResetMocksTestExecutionListener, org.springframework.boot.test.autoconfigure.restdocs.RestDocsTestExecutionListener, org.springframework.boot.test.autoconfigure.web.client.MockRestServiceServerResetTestExecutionListener, org.springframework.boot.test.autoconfigure.web.servlet.MockMvcPrintOnlyOnFailureTestExecutionListener, org.springframework.boot.test.autoconfigure.web.servlet.WebDriverTestExecutionListener, org.springframework.boot.test.autoconfigure.webservices.client.MockWebServiceServerTestExecutionListener, org.springframework.test.context.web.ServletTestExecutionListener, org.springframework.test.context.support.DirtiesContextBeforeModesTestExecutionListener, org.springframework.test.context.support.DependencyInjectionTestExecutionListener, org.springframework.test.context.support.DirtiesContextTestExecutionListener, org.springframework.test.context.transaction.TransactionalTestExecutionListener, org.springframework.test.context.jdbc.SqlScriptsTestExecutionListener, org.springframework.test.context.event.EventPublishingTestExecutionListener, org.springframework.security.test.context.support.WithSecurityContextTestExecutionListener, org.springframework.security.test.context.support.ReactorContextTestExecutionListener]
2020-12-03 12:05:24 - Using TestExecutionListeners: [org.springframework.test.context.web.ServletTestExecutionListener@19f1f330, org.springframework.test.context.support.DirtiesContextBeforeModesTestExecutionListener@143fe09c, org.springframework.boot.test.mock.mockito.MockitoTestExecutionListener@41463c56, org.springframework.boot.test.autoconfigure.SpringBootDependencyInjectionTestExecutionListener@161c9468, org.springframework.test.context.support.DirtiesContextTestExecutionListener@629de8, org.springframework.test.context.transaction.TransactionalTestExecutionListener@6b32b678, org.springframework.test.context.jdbc.SqlScriptsTestExecutionListener@1b6683c4, org.springframework.test.context.event.EventPublishingTestExecutionListener@69abeb14, org.springframework.security.test.context.support.WithSecurityContextTestExecutionListener@7db2b614, org.springframework.security.test.context.support.ReactorContextTestExecutionListener@34d5eac, org.springframework.boot.test.mock.mockito.ResetMocksTestExecutionListener@2c1a95a2, org.springframework.boot.test.autoconfigure.restdocs.RestDocsTestExecutionListener@1adf387e, org.springframework.boot.test.autoconfigure.web.client.MockRestServiceServerResetTestExecutionListener@72b53f27, org.springframework.boot.test.autoconfigure.web.servlet.MockMvcPrintOnlyOnFailureTestExecutionListener@1be4a7e3, org.springframework.boot.test.autoconfigure.web.servlet.WebDriverTestExecutionListener@632b96b8, org.springframework.boot.test.autoconfigure.webservices.client.MockWebServiceServerTestExecutionListener@544e6b]

Scenario Outline: cancelar       &amp#27;[90m# src/test/java/es/uclm/esi/features/6cancelarReunion.feature:11&amp#27;[0m
2020-12-03 12:05:25 - Opened connection [connectionId{localValue:7, serverValue:87190}] to cluster0-shard-00-02.rja2c.mongodb.net:27017
  &amp#27;[31mWhen &amp#27;[0m&amp#27;[31mcancelo la reunion&amp#27;[0m        &amp#27;[90m# es.uclm.esi.CancelarReunionStepDefinitions.cancelo_la_reunion()&amp#27;[0m
      &amp#27;[31morg.springframework.security.authentication.BadCredentialsException: Bad credentials
	at org.springframework.security.authentication.dao.AbstractUserDetailsAuthenticationProvider.authenticate(AbstractUserDetailsAuthenticationProvider.java:151)
	at org.springframework.security.authentication.ProviderManager.authenticate(ProviderManager.java:199)
	at org.springframework.security.authentication.ProviderManager.authenticate(ProviderManager.java:219)
	at org.springframework.security.config.annotation.web.configuration.WebSecurityConfigurerAdapter$AuthenticationManagerDelegator.authenticate(WebSecurityConfigurerAdapter.java:534)
	at es.uclm.esi.CancelarReunionStepDefinitions.cancelo_la_reunion(CancelarReunionStepDefinitions.java:41)
	at âœ½.cancelo la reunion(file:///C:/Users/carlo/git/SIGET-Equipo3/SIGET-Equipo3/src/test/java/es/uclm/esi/features/6cancelarReunion.feature:5)
&amp#27;[0m
  &amp#27;[36mThen &amp#27;[0m&amp#27;[36mla respuesta debe ser &amp#27;[0m&amp#27;[36m&amp#27;[1m200&amp#27;[0m &amp#27;[90m# es.uclm.esi.CancelarReunionStepDefinitions.la_respuesta_debe_ser(java.lang.Integer)&amp#27;[0m
]]></system-out>
  </testcase>
  <testcase name="Buen Login" classname="es.uclm.esi.RunCucumberTest" time="0.011">
    <error message="The step &quot;Hago login con &quot;admin&quot; y &quot;Admin123&quot;&quot; is undefined. You can implement it using the snippet(s) below:&#10;&#10;@When(&quot;Hago login con {string} y {string}&quot;)&#10;public void hago_login_con_y(String string, String string2) {&#10;    // Write code here that turns the phrase above into concrete actions&#10;    throw new io.cucumber.java.PendingException();&#10;}&#10;&#10;&#10;Some other steps were also undefined:&#10;&#10;@Then(&quot;el codigo de respuesta debe ser {int}&quot;)&#10;public void el_codigo_de_respuesta_debe_ser(Integer int1) {&#10;    // Write code here that turns the phrase above into concrete actions&#10;    throw new io.cucumber.java.PendingException();&#10;}&#10;" type="io.cucumber.junit.UndefinedStepException">io.cucumber.junit.UndefinedStepException: 
The step "Hago login con "admin" y "Admin123"" is undefined. You can implement it using the snippet(s) below:

@When("Hago login con {string} y {string}")
public void hago_login_con_y(String string, String string2) {
    // Write code here that turns the phrase above into concrete actions
    throw new io.cucumber.java.PendingException();
}


Some other steps were also undefined:

@Then("el codigo de respuesta debe ser {int}")
public void el_codigo_de_respuesta_debe_ser(Integer int1) {
    // Write code here that turns the phrase above into concrete actions
    throw new io.cucumber.java.PendingException();
}

</error>
    <system-out><![CDATA[2020-12-03 12:05:25 - Neither @ContextConfiguration nor @ContextHierarchy found for test class [es.uclm.esi.CucumberTestContextConfiguration], using SpringBootContextLoader
2020-12-03 12:05:25 - Could not detect default resource locations for test class [es.uclm.esi.CucumberTestContextConfiguration]: no resource found for suffixes {-context.xml, Context.groovy}.
2020-12-03 12:05:25 - Could not detect default configuration classes for test class [es.uclm.esi.CucumberTestContextConfiguration]: CucumberTestContextConfiguration does not declare any static, non-private, non-final, nested classes annotated with @Configuration.
2020-12-03 12:05:25 - Found @SpringBootConfiguration es.uclm.esi.SigetApplication for test class es.uclm.esi.CucumberTestContextConfiguration
2020-12-03 12:05:25 - Loaded default TestExecutionListener class names from location [META-INF/spring.factories]: [org.springframework.boot.test.mock.mockito.MockitoTestExecutionListener, org.springframework.boot.test.mock.mockito.ResetMocksTestExecutionListener, org.springframework.boot.test.autoconfigure.restdocs.RestDocsTestExecutionListener, org.springframework.boot.test.autoconfigure.web.client.MockRestServiceServerResetTestExecutionListener, org.springframework.boot.test.autoconfigure.web.servlet.MockMvcPrintOnlyOnFailureTestExecutionListener, org.springframework.boot.test.autoconfigure.web.servlet.WebDriverTestExecutionListener, org.springframework.boot.test.autoconfigure.webservices.client.MockWebServiceServerTestExecutionListener, org.springframework.test.context.web.ServletTestExecutionListener, org.springframework.test.context.support.DirtiesContextBeforeModesTestExecutionListener, org.springframework.test.context.support.DependencyInjectionTestExecutionListener, org.springframework.test.context.support.DirtiesContextTestExecutionListener, org.springframework.test.context.transaction.TransactionalTestExecutionListener, org.springframework.test.context.jdbc.SqlScriptsTestExecutionListener, org.springframework.test.context.event.EventPublishingTestExecutionListener, org.springframework.security.test.context.support.WithSecurityContextTestExecutionListener, org.springframework.security.test.context.support.ReactorContextTestExecutionListener]
2020-12-03 12:05:25 - Using TestExecutionListeners: [org.springframework.test.context.web.ServletTestExecutionListener@3dc39412, org.springframework.test.context.support.DirtiesContextBeforeModesTestExecutionListener@1d432d56, org.springframework.boot.test.mock.mockito.MockitoTestExecutionListener@147ad4bb, org.springframework.boot.test.autoconfigure.SpringBootDependencyInjectionTestExecutionListener@bd703bb, org.springframework.test.context.support.DirtiesContextTestExecutionListener@2a9565d7, org.springframework.test.context.transaction.TransactionalTestExecutionListener@2e38d44e, org.springframework.test.context.jdbc.SqlScriptsTestExecutionListener@6c25123e, org.springframework.test.context.event.EventPublishingTestExecutionListener@5f5c0eda, org.springframework.security.test.context.support.WithSecurityContextTestExecutionListener@5e66733b, org.springframework.security.test.context.support.ReactorContextTestExecutionListener@3694461d, org.springframework.boot.test.mock.mockito.ResetMocksTestExecutionListener@72641613, org.springframework.boot.test.autoconfigure.restdocs.RestDocsTestExecutionListener@4d71ec5b, org.springframework.boot.test.autoconfigure.web.client.MockRestServiceServerResetTestExecutionListener@20e3b165, org.springframework.boot.test.autoconfigure.web.servlet.MockMvcPrintOnlyOnFailureTestExecutionListener@34d3bfca, org.springframework.boot.test.autoconfigure.web.servlet.WebDriverTestExecutionListener@6655f3cd, org.springframework.boot.test.autoconfigure.webservices.client.MockWebServiceServerTestExecutionListener@2484c868]

Scenario: Buen Login                       &amp#27;[90m# src/test/java/es/uclm/esi/features/7login.feature:6&amp#27;[0m
  &amp#27;[33mWhen &amp#27;[0m&amp#27;[33mHago login con "admin" y "Admin123"&amp#27;[0m &amp#27;[90m# null&amp#27;[0m
  &amp#27;[36mThen &amp#27;[0m&amp#27;[36mel codigo de respuesta debe ser 200&amp#27;[0m &amp#27;[90m# null&amp#27;[0m
]]></system-out>
  </testcase>
  <testcase name="Mal Login" classname="es.uclm.esi.RunCucumberTest" time="0.007">
    <error message="The step &quot;Hago login con &quot;admin&quot; y &quot;Admin1233&quot;&quot; is undefined. You can implement it using the snippet(s) below:&#10;&#10;@When(&quot;Hago login con {string} y {string}&quot;)&#10;public void hago_login_con_y(String string, String string2) {&#10;    // Write code here that turns the phrase above into concrete actions&#10;    throw new io.cucumber.java.PendingException();&#10;}&#10;&#10;&#10;Some other steps were also undefined:&#10;&#10;@Then(&quot;el codigo de respuesta debe ser {int}&quot;)&#10;public void el_codigo_de_respuesta_debe_ser(Integer int1) {&#10;    // Write code here that turns the phrase above into concrete actions&#10;    throw new io.cucumber.java.PendingException();&#10;}&#10;" type="io.cucumber.junit.UndefinedStepException">io.cucumber.junit.UndefinedStepException: 
The step "Hago login con "admin" y "Admin1233"" is undefined. You can implement it using the snippet(s) below:

@When("Hago login con {string} y {string}")
public void hago_login_con_y(String string, String string2) {
    // Write code here that turns the phrase above into concrete actions
    throw new io.cucumber.java.PendingException();
}


Some other steps were also undefined:

@Then("el codigo de respuesta debe ser {int}")
public void el_codigo_de_respuesta_debe_ser(Integer int1) {
    // Write code here that turns the phrase above into concrete actions
    throw new io.cucumber.java.PendingException();
}

</error>
    <system-out><![CDATA[2020-12-03 12:05:25 - Neither @ContextConfiguration nor @ContextHierarchy found for test class [es.uclm.esi.CucumberTestContextConfiguration], using SpringBootContextLoader
2020-12-03 12:05:25 - Could not detect default resource locations for test class [es.uclm.esi.CucumberTestContextConfiguration]: no resource found for suffixes {-context.xml, Context.groovy}.
2020-12-03 12:05:25 - Could not detect default configuration classes for test class [es.uclm.esi.CucumberTestContextConfiguration]: CucumberTestContextConfiguration does not declare any static, non-private, non-final, nested classes annotated with @Configuration.
2020-12-03 12:05:25 - Found @SpringBootConfiguration es.uclm.esi.SigetApplication for test class es.uclm.esi.CucumberTestContextConfiguration
2020-12-03 12:05:25 - Loaded default TestExecutionListener class names from location [META-INF/spring.factories]: [org.springframework.boot.test.mock.mockito.MockitoTestExecutionListener, org.springframework.boot.test.mock.mockito.ResetMocksTestExecutionListener, org.springframework.boot.test.autoconfigure.restdocs.RestDocsTestExecutionListener, org.springframework.boot.test.autoconfigure.web.client.MockRestServiceServerResetTestExecutionListener, org.springframework.boot.test.autoconfigure.web.servlet.MockMvcPrintOnlyOnFailureTestExecutionListener, org.springframework.boot.test.autoconfigure.web.servlet.WebDriverTestExecutionListener, org.springframework.boot.test.autoconfigure.webservices.client.MockWebServiceServerTestExecutionListener, org.springframework.test.context.web.ServletTestExecutionListener, org.springframework.test.context.support.DirtiesContextBeforeModesTestExecutionListener, org.springframework.test.context.support.DependencyInjectionTestExecutionListener, org.springframework.test.context.support.DirtiesContextTestExecutionListener, org.springframework.test.context.transaction.TransactionalTestExecutionListener, org.springframework.test.context.jdbc.SqlScriptsTestExecutionListener, org.springframework.test.context.event.EventPublishingTestExecutionListener, org.springframework.security.test.context.support.WithSecurityContextTestExecutionListener, org.springframework.security.test.context.support.ReactorContextTestExecutionListener]
2020-12-03 12:05:25 - Using TestExecutionListeners: [org.springframework.test.context.web.ServletTestExecutionListener@7957aa57, org.springframework.test.context.support.DirtiesContextBeforeModesTestExecutionListener@7b92ea9d, org.springframework.boot.test.mock.mockito.MockitoTestExecutionListener@6b3bc1f6, org.springframework.boot.test.autoconfigure.SpringBootDependencyInjectionTestExecutionListener@7491cdae, org.springframework.test.context.support.DirtiesContextTestExecutionListener@3050d479, org.springframework.test.context.transaction.TransactionalTestExecutionListener@5c7a06ec, org.springframework.test.context.jdbc.SqlScriptsTestExecutionListener@697b48e4, org.springframework.test.context.event.EventPublishingTestExecutionListener@137d04d8, org.springframework.security.test.context.support.WithSecurityContextTestExecutionListener@25b8f9d2, org.springframework.security.test.context.support.ReactorContextTestExecutionListener@2979c6ef, org.springframework.boot.test.mock.mockito.ResetMocksTestExecutionListener@1af6974c, org.springframework.boot.test.autoconfigure.restdocs.RestDocsTestExecutionListener@61d61b0e, org.springframework.boot.test.autoconfigure.web.client.MockRestServiceServerResetTestExecutionListener@3c2188f, org.springframework.boot.test.autoconfigure.web.servlet.MockMvcPrintOnlyOnFailureTestExecutionListener@646bf8a6, org.springframework.boot.test.autoconfigure.web.servlet.WebDriverTestExecutionListener@4a094f90, org.springframework.boot.test.autoconfigure.webservices.client.MockWebServiceServerTestExecutionListener@1b5623b4]

Scenario: Mal Login                         &amp#27;[90m# src/test/java/es/uclm/esi/features/7login.feature:11&amp#27;[0m
  &amp#27;[33mWhen &amp#27;[0m&amp#27;[33mHago login con "admin" y "Admin1233"&amp#27;[0m &amp#27;[90m# null&amp#27;[0m
  &amp#27;[36mThen &amp#27;[0m&amp#27;[36mel codigo de respuesta debe ser 401&amp#27;[0m  &amp#27;[90m# null&amp#27;[0m
]]></system-out>
  </testcase>
  <testcase name="Mal Login 2" classname="es.uclm.esi.RunCucumberTest" time="0.009">
    <error message="The step &quot;Hago login con &quot;&quot; y &quot;Admin1233&quot;&quot; is undefined. You can implement it using the snippet(s) below:&#10;&#10;@When(&quot;Hago login con {string} y {string}&quot;)&#10;public void hago_login_con_y(String string, String string2) {&#10;    // Write code here that turns the phrase above into concrete actions&#10;    throw new io.cucumber.java.PendingException();&#10;}&#10;&#10;&#10;Some other steps were also undefined:&#10;&#10;@Then(&quot;el codigo de respuesta debe ser {int}&quot;)&#10;public void el_codigo_de_respuesta_debe_ser(Integer int1) {&#10;    // Write code here that turns the phrase above into concrete actions&#10;    throw new io.cucumber.java.PendingException();&#10;}&#10;" type="io.cucumber.junit.UndefinedStepException">io.cucumber.junit.UndefinedStepException: 
The step "Hago login con "" y "Admin1233"" is undefined. You can implement it using the snippet(s) below:

@When("Hago login con {string} y {string}")
public void hago_login_con_y(String string, String string2) {
    // Write code here that turns the phrase above into concrete actions
    throw new io.cucumber.java.PendingException();
}


Some other steps were also undefined:

@Then("el codigo de respuesta debe ser {int}")
public void el_codigo_de_respuesta_debe_ser(Integer int1) {
    // Write code here that turns the phrase above into concrete actions
    throw new io.cucumber.java.PendingException();
}

</error>
    <system-out><![CDATA[2020-12-03 12:05:25 - Neither @ContextConfiguration nor @ContextHierarchy found for test class [es.uclm.esi.CucumberTestContextConfiguration], using SpringBootContextLoader
2020-12-03 12:05:25 - Could not detect default resource locations for test class [es.uclm.esi.CucumberTestContextConfiguration]: no resource found for suffixes {-context.xml, Context.groovy}.
2020-12-03 12:05:25 - Could not detect default configuration classes for test class [es.uclm.esi.CucumberTestContextConfiguration]: CucumberTestContextConfiguration does not declare any static, non-private, non-final, nested classes annotated with @Configuration.
2020-12-03 12:05:25 - Found @SpringBootConfiguration es.uclm.esi.SigetApplication for test class es.uclm.esi.CucumberTestContextConfiguration
2020-12-03 12:05:25 - Loaded default TestExecutionListener class names from location [META-INF/spring.factories]: [org.springframework.boot.test.mock.mockito.MockitoTestExecutionListener, org.springframework.boot.test.mock.mockito.ResetMocksTestExecutionListener, org.springframework.boot.test.autoconfigure.restdocs.RestDocsTestExecutionListener, org.springframework.boot.test.autoconfigure.web.client.MockRestServiceServerResetTestExecutionListener, org.springframework.boot.test.autoconfigure.web.servlet.MockMvcPrintOnlyOnFailureTestExecutionListener, org.springframework.boot.test.autoconfigure.web.servlet.WebDriverTestExecutionListener, org.springframework.boot.test.autoconfigure.webservices.client.MockWebServiceServerTestExecutionListener, org.springframework.test.context.web.ServletTestExecutionListener, org.springframework.test.context.support.DirtiesContextBeforeModesTestExecutionListener, org.springframework.test.context.support.DependencyInjectionTestExecutionListener, org.springframework.test.context.support.DirtiesContextTestExecutionListener, org.springframework.test.context.transaction.TransactionalTestExecutionListener, org.springframework.test.context.jdbc.SqlScriptsTestExecutionListener, org.springframework.test.context.event.EventPublishingTestExecutionListener, org.springframework.security.test.context.support.WithSecurityContextTestExecutionListener, org.springframework.security.test.context.support.ReactorContextTestExecutionListener]
2020-12-03 12:05:25 - Using TestExecutionListeners: [org.springframework.test.context.web.ServletTestExecutionListener@33239d72, org.springframework.test.context.support.DirtiesContextBeforeModesTestExecutionListener@19c24321, org.springframework.boot.test.mock.mockito.MockitoTestExecutionListener@ba27ce6, org.springframework.boot.test.autoconfigure.SpringBootDependencyInjectionTestExecutionListener@97cb8dc, org.springframework.test.context.support.DirtiesContextTestExecutionListener@261b6c8c, org.springframework.test.context.transaction.TransactionalTestExecutionListener@2dcbf825, org.springframework.test.context.jdbc.SqlScriptsTestExecutionListener@3516f436, org.springframework.test.context.event.EventPublishingTestExecutionListener@59c00010, org.springframework.security.test.context.support.WithSecurityContextTestExecutionListener@244268a8, org.springframework.security.test.context.support.ReactorContextTestExecutionListener@563ab6d5, org.springframework.boot.test.mock.mockito.ResetMocksTestExecutionListener@548f4f60, org.springframework.boot.test.autoconfigure.restdocs.RestDocsTestExecutionListener@d960561, org.springframework.boot.test.autoconfigure.web.client.MockRestServiceServerResetTestExecutionListener@3aa63b53, org.springframework.boot.test.autoconfigure.web.servlet.MockMvcPrintOnlyOnFailureTestExecutionListener@39a9becc, org.springframework.boot.test.autoconfigure.web.servlet.WebDriverTestExecutionListener@177302d6, org.springframework.boot.test.autoconfigure.webservices.client.MockWebServiceServerTestExecutionListener@2af3b054]

Scenario: Mal Login 2                      &amp#27;[90m# src/test/java/es/uclm/esi/features/7login.feature:15&amp#27;[0m
  &amp#27;[33mWhen &amp#27;[0m&amp#27;[33mHago login con "" y "Admin1233"&amp#27;[0m     &amp#27;[90m# null&amp#27;[0m
  &amp#27;[36mThen &amp#27;[0m&amp#27;[36mel codigo de respuesta debe ser 401&amp#27;[0m &amp#27;[90m# null&amp#27;[0m
]]></system-out>
  </testcase>
  <testcase name="Mal Login 3" classname="es.uclm.esi.RunCucumberTest" time="0.008">
    <error message="The step &quot;Hago login con &quot;admin&quot; y &quot;&quot;&quot; is undefined. You can implement it using the snippet(s) below:&#10;&#10;@When(&quot;Hago login con {string} y {string}&quot;)&#10;public void hago_login_con_y(String string, String string2) {&#10;    // Write code here that turns the phrase above into concrete actions&#10;    throw new io.cucumber.java.PendingException();&#10;}&#10;&#10;&#10;Some other steps were also undefined:&#10;&#10;@Then(&quot;el codigo de respuesta debe ser {int}&quot;)&#10;public void el_codigo_de_respuesta_debe_ser(Integer int1) {&#10;    // Write code here that turns the phrase above into concrete actions&#10;    throw new io.cucumber.java.PendingException();&#10;}&#10;" type="io.cucumber.junit.UndefinedStepException">io.cucumber.junit.UndefinedStepException: 
The step "Hago login con "admin" y """ is undefined. You can implement it using the snippet(s) below:

@When("Hago login con {string} y {string}")
public void hago_login_con_y(String string, String string2) {
    // Write code here that turns the phrase above into concrete actions
    throw new io.cucumber.java.PendingException();
}


Some other steps were also undefined:

@Then("el codigo de respuesta debe ser {int}")
public void el_codigo_de_respuesta_debe_ser(Integer int1) {
    // Write code here that turns the phrase above into concrete actions
    throw new io.cucumber.java.PendingException();
}

</error>
    <system-out><![CDATA[2020-12-03 12:05:25 - Neither @ContextConfiguration nor @ContextHierarchy found for test class [es.uclm.esi.CucumberTestContextConfiguration], using SpringBootContextLoader
2020-12-03 12:05:25 - Could not detect default resource locations for test class [es.uclm.esi.CucumberTestContextConfiguration]: no resource found for suffixes {-context.xml, Context.groovy}.
2020-12-03 12:05:25 - Could not detect default configuration classes for test class [es.uclm.esi.CucumberTestContextConfiguration]: CucumberTestContextConfiguration does not declare any static, non-private, non-final, nested classes annotated with @Configuration.
2020-12-03 12:05:25 - Found @SpringBootConfiguration es.uclm.esi.SigetApplication for test class es.uclm.esi.CucumberTestContextConfiguration
2020-12-03 12:05:25 - Loaded default TestExecutionListener class names from location [META-INF/spring.factories]: [org.springframework.boot.test.mock.mockito.MockitoTestExecutionListener, org.springframework.boot.test.mock.mockito.ResetMocksTestExecutionListener, org.springframework.boot.test.autoconfigure.restdocs.RestDocsTestExecutionListener, org.springframework.boot.test.autoconfigure.web.client.MockRestServiceServerResetTestExecutionListener, org.springframework.boot.test.autoconfigure.web.servlet.MockMvcPrintOnlyOnFailureTestExecutionListener, org.springframework.boot.test.autoconfigure.web.servlet.WebDriverTestExecutionListener, org.springframework.boot.test.autoconfigure.webservices.client.MockWebServiceServerTestExecutionListener, org.springframework.test.context.web.ServletTestExecutionListener, org.springframework.test.context.support.DirtiesContextBeforeModesTestExecutionListener, org.springframework.test.context.support.DependencyInjectionTestExecutionListener, org.springframework.test.context.support.DirtiesContextTestExecutionListener, org.springframework.test.context.transaction.TransactionalTestExecutionListener, org.springframework.test.context.jdbc.SqlScriptsTestExecutionListener, org.springframework.test.context.event.EventPublishingTestExecutionListener, org.springframework.security.test.context.support.WithSecurityContextTestExecutionListener, org.springframework.security.test.context.support.ReactorContextTestExecutionListener]
2020-12-03 12:05:25 - Using TestExecutionListeners: [org.springframework.test.context.web.ServletTestExecutionListener@5ac53209, org.springframework.test.context.support.DirtiesContextBeforeModesTestExecutionListener@6d035815, org.springframework.boot.test.mock.mockito.MockitoTestExecutionListener@6fd2acf5, org.springframework.boot.test.autoconfigure.SpringBootDependencyInjectionTestExecutionListener@45a9cf78, org.springframework.test.context.support.DirtiesContextTestExecutionListener@368ff8be, org.springframework.test.context.transaction.TransactionalTestExecutionListener@41bbdd8a, org.springframework.test.context.jdbc.SqlScriptsTestExecutionListener@3bf4644c, org.springframework.test.context.event.EventPublishingTestExecutionListener@30adae45, org.springframework.security.test.context.support.WithSecurityContextTestExecutionListener@792eeae6, org.springframework.security.test.context.support.ReactorContextTestExecutionListener@66e62fc4, org.springframework.boot.test.mock.mockito.ResetMocksTestExecutionListener@7e28f150, org.springframework.boot.test.autoconfigure.restdocs.RestDocsTestExecutionListener@23aaa756, org.springframework.boot.test.autoconfigure.web.client.MockRestServiceServerResetTestExecutionListener@2d5d001f, org.springframework.boot.test.autoconfigure.web.servlet.MockMvcPrintOnlyOnFailureTestExecutionListener@7a92827f, org.springframework.boot.test.autoconfigure.web.servlet.WebDriverTestExecutionListener@43094e0c, org.springframework.boot.test.autoconfigure.webservices.client.MockWebServiceServerTestExecutionListener@35efd12c]

Scenario: Mal Login 3                      &amp#27;[90m# src/test/java/es/uclm/esi/features/7login.feature:19&amp#27;[0m
  &amp#27;[33mWhen &amp#27;[0m&amp#27;[33mHago login con "admin" y ""&amp#27;[0m         &amp#27;[90m# null&amp#27;[0m
  &amp#27;[36mThen &amp#27;[0m&amp#27;[36mel codigo de respuesta debe ser 401&amp#27;[0m &amp#27;[90m# null&amp#27;[0m
]]></system-out>
  </testcase>
  <testcase name="modificar" classname="es.uclm.esi.RunCucumberTest" time="0.009">
    <error message="The step &quot;Modifico la reunion 1 con el token de usuario &quot;awed&quot;&quot; is undefined. You can implement it using the snippet(s) below:&#10;&#10;@When(&quot;Modifico la reunion {int} con el token de usuario {string}&quot;)&#10;public void modifico_la_reunion_con_el_token_de_usuario(Integer int1, String string) {&#10;    // Write code here that turns the phrase above into concrete actions&#10;    throw new io.cucumber.java.PendingException();&#10;}&#10;&#10;&#10;Some other steps were also undefined:&#10;&#10;@When(&quot;cambio el titulo a {string}&quot;)&#10;public void cambio_el_titulo_a(String string) {&#10;    // Write code here that turns the phrase above into concrete actions&#10;    throw new io.cucumber.java.PendingException();&#10;}&#10;@When(&quot;cambio la fecha a {string}&quot;)&#10;public void cambio_la_fecha_a(String string) {&#10;    // Write code here that turns the phrase above into concrete actions&#10;    throw new io.cucumber.java.PendingException();&#10;}&#10;@When(&quot;cambio la hora a {string}&quot;)&#10;public void cambio_la_hora_a(String string) {&#10;    // Write code here that turns the phrase above into concrete actions&#10;    throw new io.cucumber.java.PendingException();&#10;}&#10;@When(&quot;el nuevo titulo sera {string}&quot;)&#10;public void el_nuevo_titulo_sera(String string) {&#10;    // Write code here that turns the phrase above into concrete actions&#10;    throw new io.cucumber.java.PendingException();&#10;}&#10;@When(&quot;la nueva fecha sera {string}&quot;)&#10;public void la_nueva_fecha_sera(String string) {&#10;    // Write code here that turns the phrase above into concrete actions&#10;    throw new io.cucumber.java.PendingException();&#10;}&#10;@When(&quot;la nueva hora sera {string}&quot;)&#10;public void la_nueva_hora_sera(String string) {&#10;    // Write code here that turns the phrase above into concrete actions&#10;    throw new io.cucumber.java.PendingException();&#10;}&#10;" type="io.cucumber.junit.UndefinedStepException">io.cucumber.junit.UndefinedStepException: 
The step "Modifico la reunion 1 con el token de usuario "awed"" is undefined. You can implement it using the snippet(s) below:

@When("Modifico la reunion {int} con el token de usuario {string}")
public void modifico_la_reunion_con_el_token_de_usuario(Integer int1, String string) {
    // Write code here that turns the phrase above into concrete actions
    throw new io.cucumber.java.PendingException();
}


Some other steps were also undefined:

@When("cambio el titulo a {string}")
public void cambio_el_titulo_a(String string) {
    // Write code here that turns the phrase above into concrete actions
    throw new io.cucumber.java.PendingException();
}
@When("cambio la fecha a {string}")
public void cambio_la_fecha_a(String string) {
    // Write code here that turns the phrase above into concrete actions
    throw new io.cucumber.java.PendingException();
}
@When("cambio la hora a {string}")
public void cambio_la_hora_a(String string) {
    // Write code here that turns the phrase above into concrete actions
    throw new io.cucumber.java.PendingException();
}
@When("el nuevo titulo sera {string}")
public void el_nuevo_titulo_sera(String string) {
    // Write code here that turns the phrase above into concrete actions
    throw new io.cucumber.java.PendingException();
}
@When("la nueva fecha sera {string}")
public void la_nueva_fecha_sera(String string) {
    // Write code here that turns the phrase above into concrete actions
    throw new io.cucumber.java.PendingException();
}
@When("la nueva hora sera {string}")
public void la_nueva_hora_sera(String string) {
    // Write code here that turns the phrase above into concrete actions
    throw new io.cucumber.java.PendingException();
}

</error>
    <system-out><![CDATA[2020-12-03 12:05:25 - Neither @ContextConfiguration nor @ContextHierarchy found for test class [es.uclm.esi.CucumberTestContextConfiguration], using SpringBootContextLoader
2020-12-03 12:05:25 - Could not detect default resource locations for test class [es.uclm.esi.CucumberTestContextConfiguration]: no resource found for suffixes {-context.xml, Context.groovy}.
2020-12-03 12:05:25 - Could not detect default configuration classes for test class [es.uclm.esi.CucumberTestContextConfiguration]: CucumberTestContextConfiguration does not declare any static, non-private, non-final, nested classes annotated with @Configuration.
2020-12-03 12:05:25 - Found @SpringBootConfiguration es.uclm.esi.SigetApplication for test class es.uclm.esi.CucumberTestContextConfiguration
2020-12-03 12:05:25 - Loaded default TestExecutionListener class names from location [META-INF/spring.factories]: [org.springframework.boot.test.mock.mockito.MockitoTestExecutionListener, org.springframework.boot.test.mock.mockito.ResetMocksTestExecutionListener, org.springframework.boot.test.autoconfigure.restdocs.RestDocsTestExecutionListener, org.springframework.boot.test.autoconfigure.web.client.MockRestServiceServerResetTestExecutionListener, org.springframework.boot.test.autoconfigure.web.servlet.MockMvcPrintOnlyOnFailureTestExecutionListener, org.springframework.boot.test.autoconfigure.web.servlet.WebDriverTestExecutionListener, org.springframework.boot.test.autoconfigure.webservices.client.MockWebServiceServerTestExecutionListener, org.springframework.test.context.web.ServletTestExecutionListener, org.springframework.test.context.support.DirtiesContextBeforeModesTestExecutionListener, org.springframework.test.context.support.DependencyInjectionTestExecutionListener, org.springframework.test.context.support.DirtiesContextTestExecutionListener, org.springframework.test.context.transaction.TransactionalTestExecutionListener, org.springframework.test.context.jdbc.SqlScriptsTestExecutionListener, org.springframework.test.context.event.EventPublishingTestExecutionListener, org.springframework.security.test.context.support.WithSecurityContextTestExecutionListener, org.springframework.security.test.context.support.ReactorContextTestExecutionListener]
2020-12-03 12:05:25 - Using TestExecutionListeners: [org.springframework.test.context.web.ServletTestExecutionListener@17e8c38c, org.springframework.test.context.support.DirtiesContextBeforeModesTestExecutionListener@5c4516ec, org.springframework.boot.test.mock.mockito.MockitoTestExecutionListener@17ea3bc0, org.springframework.boot.test.autoconfigure.SpringBootDependencyInjectionTestExecutionListener@4d93e5bf, org.springframework.test.context.support.DirtiesContextTestExecutionListener@1c36ab22, org.springframework.test.context.transaction.TransactionalTestExecutionListener@68303c3e, org.springframework.test.context.jdbc.SqlScriptsTestExecutionListener@2ec23ec3, org.springframework.test.context.event.EventPublishingTestExecutionListener@7c2e88b9, org.springframework.security.test.context.support.WithSecurityContextTestExecutionListener@556843a5, org.springframework.security.test.context.support.ReactorContextTestExecutionListener@3c5044fa, org.springframework.boot.test.mock.mockito.ResetMocksTestExecutionListener@3db5195, org.springframework.boot.test.autoconfigure.restdocs.RestDocsTestExecutionListener@b386a17, org.springframework.boot.test.autoconfigure.web.client.MockRestServiceServerResetTestExecutionListener@1cda75be, org.springframework.boot.test.autoconfigure.web.servlet.MockMvcPrintOnlyOnFailureTestExecutionListener@2213854b, org.springframework.boot.test.autoconfigure.web.servlet.WebDriverTestExecutionListener@7b1d2f65, org.springframework.boot.test.autoconfigure.webservices.client.MockWebServiceServerTestExecutionListener@33bd9ac3]

Scenario Outline: modificar                                 &amp#27;[90m# src/test/java/es/uclm/esi/features/8modificarReunion.feature:15&amp#27;[0m
  &amp#27;[33mWhen &amp#27;[0m&amp#27;[33mModifico la reunion 1 con el token de usuario "awed"&amp#27;[0m &amp#27;[90m# null&amp#27;[0m
  &amp#27;[36mAnd &amp#27;[0m&amp#27;[36mcambio el titulo a "test"&amp#27;[0m                             &amp#27;[90m# null&amp#27;[0m
  &amp#27;[36mAnd &amp#27;[0m&amp#27;[36mcambio la fecha a "11-11-2020"&amp#27;[0m                        &amp#27;[90m# null&amp#27;[0m
  &amp#27;[36mAnd &amp#27;[0m&amp#27;[36mcambio la hora a "23:32"&amp#27;[0m                              &amp#27;[90m# null&amp#27;[0m
  &amp#27;[36mAnd &amp#27;[0m&amp#27;[36mel nuevo titulo sera "test"&amp#27;[0m                           &amp#27;[90m# null&amp#27;[0m
  &amp#27;[36mAnd &amp#27;[0m&amp#27;[36mla nueva fecha sera "11-11-2020"&amp#27;[0m                      &amp#27;[90m# null&amp#27;[0m
  &amp#27;[36mAnd &amp#27;[0m&amp#27;[36mla nueva hora sera "23:32"&amp#27;[0m                            &amp#27;[90m# null&amp#27;[0m
]]></system-out>
  </testcase>
  <testcase name="registro #1" classname="es.uclm.esi.RunCucumberTest" time="2.092">
    <error message="I/O error on POST request for &quot;http://localhost:8080/api/auth/signup/&quot;: Connection refused: connect; nested exception is java.net.ConnectException: Connection refused: connect" type="org.springframework.web.client.ResourceAccessException">org.springframework.web.client.ResourceAccessException: I/O error on POST request for "http://localhost:8080/api/auth/signup/": Connection refused: connect; nested exception is java.net.ConnectException: Connection refused: connect
Caused by: java.net.ConnectException: Connection refused: connect
</error>
    <system-out><![CDATA[2020-12-03 12:05:25 - Neither @ContextConfiguration nor @ContextHierarchy found for test class [es.uclm.esi.CucumberTestContextConfiguration], using SpringBootContextLoader
2020-12-03 12:05:25 - Could not detect default resource locations for test class [es.uclm.esi.CucumberTestContextConfiguration]: no resource found for suffixes {-context.xml, Context.groovy}.
2020-12-03 12:05:25 - Could not detect default configuration classes for test class [es.uclm.esi.CucumberTestContextConfiguration]: CucumberTestContextConfiguration does not declare any static, non-private, non-final, nested classes annotated with @Configuration.
2020-12-03 12:05:25 - Found @SpringBootConfiguration es.uclm.esi.SigetApplication for test class es.uclm.esi.CucumberTestContextConfiguration
2020-12-03 12:05:25 - Loaded default TestExecutionListener class names from location [META-INF/spring.factories]: [org.springframework.boot.test.mock.mockito.MockitoTestExecutionListener, org.springframework.boot.test.mock.mockito.ResetMocksTestExecutionListener, org.springframework.boot.test.autoconfigure.restdocs.RestDocsTestExecutionListener, org.springframework.boot.test.autoconfigure.web.client.MockRestServiceServerResetTestExecutionListener, org.springframework.boot.test.autoconfigure.web.servlet.MockMvcPrintOnlyOnFailureTestExecutionListener, org.springframework.boot.test.autoconfigure.web.servlet.WebDriverTestExecutionListener, org.springframework.boot.test.autoconfigure.webservices.client.MockWebServiceServerTestExecutionListener, org.springframework.test.context.web.ServletTestExecutionListener, org.springframework.test.context.support.DirtiesContextBeforeModesTestExecutionListener, org.springframework.test.context.support.DependencyInjectionTestExecutionListener, org.springframework.test.context.support.DirtiesContextTestExecutionListener, org.springframework.test.context.transaction.TransactionalTestExecutionListener, org.springframework.test.context.jdbc.SqlScriptsTestExecutionListener, org.springframework.test.context.event.EventPublishingTestExecutionListener, org.springframework.security.test.context.support.WithSecurityContextTestExecutionListener, org.springframework.security.test.context.support.ReactorContextTestExecutionListener]
2020-12-03 12:05:25 - Using TestExecutionListeners: [org.springframework.test.context.web.ServletTestExecutionListener@50f6ecab, org.springframework.test.context.support.DirtiesContextBeforeModesTestExecutionListener@fc21ff4, org.springframework.boot.test.mock.mockito.MockitoTestExecutionListener@58647985, org.springframework.boot.test.autoconfigure.SpringBootDependencyInjectionTestExecutionListener@e1c91cd, org.springframework.test.context.support.DirtiesContextTestExecutionListener@69e8b711, org.springframework.test.context.transaction.TransactionalTestExecutionListener@764a3867, org.springframework.test.context.jdbc.SqlScriptsTestExecutionListener@d99df7a, org.springframework.test.context.event.EventPublishingTestExecutionListener@67e1a5fd, org.springframework.security.test.context.support.WithSecurityContextTestExecutionListener@4b9dc62f, org.springframework.security.test.context.support.ReactorContextTestExecutionListener@6cb3463b, org.springframework.boot.test.mock.mockito.ResetMocksTestExecutionListener@2f9236d8, org.springframework.boot.test.autoconfigure.restdocs.RestDocsTestExecutionListener@4536a09a, org.springframework.boot.test.autoconfigure.web.client.MockRestServiceServerResetTestExecutionListener@603faaad, org.springframework.boot.test.autoconfigure.web.servlet.MockMvcPrintOnlyOnFailureTestExecutionListener@16cbba0f, org.springframework.boot.test.autoconfigure.web.servlet.WebDriverTestExecutionListener@28d16af8, org.springframework.boot.test.autoconfigure.webservices.client.MockWebServiceServerTestExecutionListener@58932d08]

Scenario Outline: registro                                                                    &amp#27;[90m# src/test/java/es/uclm/esi/features/9registro.feature:11&amp#27;[0m
  &amp#27;[32mWhen &amp#27;[0m&amp#27;[32mregistro un usuario con usuario &amp#27;[0m&amp#27;[32m&amp#27;[1m"admin"&amp#27;[0m&amp#27;[32m, pass &amp#27;[0m&amp#27;[32m&amp#27;[1m"usuario_existente"&amp#27;[0m&amp#27;[32m y email &amp#27;[0m&amp#27;[32m&amp#27;[1m"e@mail.com"&amp#27;[0m &amp#27;[90m# es.uclm.esi.RegistroStepDefinitions.registro_un_usuario_con_usuario_pass_y_email(java.lang.String,java.lang.String,java.lang.String)&amp#27;[0m
  &amp#27;[32mAnd &amp#27;[0m&amp#27;[32m&amp#27;[0m&amp#27;[32m&amp#27;[1m"no"&amp#27;[0m&amp#27;[32m es nuevo para borrarlo&amp#27;[0m                                                             &amp#27;[90m# es.uclm.esi.RegistroStepDefinitions.es_nuevo_para_borrarlo(java.lang.String)&amp#27;[0m
  &amp#27;[31mThen &amp#27;[0m&amp#27;[31mel mensaje sera &amp#27;[0m&amp#27;[31m&amp#27;[1m"Error: Username is already taken!"&amp#27;[0m                                    &amp#27;[90m# es.uclm.esi.RegistroStepDefinitions.el_mensaje_sera(java.lang.String)&amp#27;[0m
      &amp#27;[31morg.springframework.web.client.ResourceAccessException: I/O error on POST request for "http://localhost:8080/api/auth/signup/": Connection refused: connect; nested exception is java.net.ConnectException: Connection refused: connect
	at org.springframework.web.client.RestTemplate.doExecute(RestTemplate.java:746)
	at org.springframework.web.client.RestTemplate.execute(RestTemplate.java:672)
	at org.springframework.web.client.RestTemplate.postForEntity(RestTemplate.java:447)
	at es.uclm.esi.RegistroStepDefinitions.el_mensaje_sera(RegistroStepDefinitions.java:53)
	at âœ½.el mensaje sera "Error: Username is already taken!"(file:///C:/Users/carlo/git/SIGET-Equipo3/SIGET-Equipo3/src/test/java/es/uclm/esi/features/9registro.feature:6)
Caused by: java.net.ConnectException: Connection refused: connect
	at java.base/sun.nio.ch.Net.connect0(Native Method)
	at java.base/sun.nio.ch.Net.connect(Net.java:493)
	at java.base/sun.nio.ch.Net.connect(Net.java:482)
	at java.base/sun.nio.ch.NioSocketImpl.connect(NioSocketImpl.java:588)
	at java.base/java.net.Socket.connect(Socket.java:603)
	at java.base/java.net.Socket.connect(Socket.java:552)
	at java.base/sun.net.NetworkClient.doConnect(NetworkClient.java:182)
	at java.base/sun.net.www.http.HttpClient.openServer(HttpClient.java:474)
	at java.base/sun.net.www.http.HttpClient.openServer(HttpClient.java:569)
	at java.base/sun.net.www.http.HttpClient.<init>(HttpClient.java:242)
	at java.base/sun.net.www.http.HttpClient.New(HttpClient.java:341)
	at java.base/sun.net.www.http.HttpClient.New(HttpClient.java:362)
	at java.base/sun.net.www.protocol.http.HttpURLConnection.getNewHttpClient(HttpURLConnection.java:1248)
	at java.base/sun.net.www.protocol.http.HttpURLConnection.plainConnect0(HttpURLConnection.java:1187)
	at java.base/sun.net.www.protocol.http.HttpURLConnection.plainConnect(HttpURLConnection.java:1081)
	at java.base/sun.net.www.protocol.http.HttpURLConnection.connect(HttpURLConnection.java:1015)
	at org.springframework.http.client.SimpleBufferingClientHttpRequest.executeInternal(SimpleBufferingClientHttpRequest.java:76)
	at org.springframework.http.client.AbstractBufferingClientHttpRequest.executeInternal(AbstractBufferingClientHttpRequest.java:48)
	at org.springframework.http.client.AbstractClientHttpRequest.execute(AbstractClientHttpRequest.java:53)
	at org.springframework.web.client.RestTemplate.doExecute(RestTemplate.java:737)
	at org.springframework.web.client.RestTemplate.execute(RestTemplate.java:672)
	at org.springframework.web.client.RestTemplate.postForEntity(RestTemplate.java:447)
	at es.uclm.esi.RegistroStepDefinitions.el_mensaje_sera(RegistroStepDefinitions.java:53)
	at java.base/jdk.internal.reflect.NativeMethodAccessorImpl.invoke0(Native Method)
	at java.base/jdk.internal.reflect.NativeMethodAccessorImpl.invoke(NativeMethodAccessorImpl.java:62)
	at java.base/jdk.internal.reflect.DelegatingMethodAccessorImpl.invoke(DelegatingMethodAccessorImpl.java:43)
	at java.base/java.lang.reflect.Method.invoke(Method.java:567)
	at io.cucumber.java.Invoker.doInvoke(Invoker.java:66)
	at io.cucumber.java.Invoker.invoke(Invoker.java:24)
	at io.cucumber.java.AbstractGlueDefinition.invokeMethod(AbstractGlueDefinition.java:47)
	at io.cucumber.java.JavaStepDefinition.execute(JavaStepDefinition.java:29)
	at io.cucumber.core.runner.CoreStepDefinition.execute(CoreStepDefinition.java:66)
	at io.cucumber.core.runner.PickleStepDefinitionMatch.runStep(PickleStepDefinitionMatch.java:63)
	at io.cucumber.core.runner.ExecutionMode$1.execute(ExecutionMode.java:10)
	at io.cucumber.core.runner.TestStep.executeStep(TestStep.java:92)
	at io.cucumber.core.runner.TestStep.run(TestStep.java:64)
	at io.cucumber.core.runner.PickleStepTestStep.run(PickleStepTestStep.java:51)
	at io.cucumber.core.runner.TestCase.run(TestCase.java:104)
	at io.cucumber.core.runner.Runner.runPickle(Runner.java:71)
	at io.cucumber.junit.PickleRunners$NoStepDescriptions.run(PickleRunners.java:151)
	at io.cucumber.junit.FeatureRunner.runChild(FeatureRunner.java:135)
	at io.cucumber.junit.FeatureRunner.runChild(FeatureRunner.java:27)
	at org.junit.runners.ParentRunner$4.run(ParentRunner.java:331)
	at org.junit.runners.ParentRunner$1.schedule(ParentRunner.java:79)
	at org.junit.runners.ParentRunner.runChildren(ParentRunner.java:329)
	at org.junit.runners.ParentRunner.access$100(ParentRunner.java:66)
	at org.junit.runners.ParentRunner$2.evaluate(ParentRunner.java:293)
	at org.junit.runners.ParentRunner$3.evaluate(ParentRunner.java:306)
	at org.junit.runners.ParentRunner.run(ParentRunner.java:413)
	at io.cucumber.junit.Cucumber.runChild(Cucumber.java:199)
	at io.cucumber.junit.Cucumber.runChild(Cucumber.java:90)
	at org.junit.runners.ParentRunner$4.run(ParentRunner.java:331)
	at org.junit.runners.ParentRunner$1.schedule(ParentRunner.java:79)
	at org.junit.runners.ParentRunner.runChildren(ParentRunner.java:329)
	at org.junit.runners.ParentRunner.access$100(ParentRunner.java:66)
	at org.junit.runners.ParentRunner$2.evaluate(ParentRunner.java:293)
	at io.cucumber.junit.Cucumber$RunCucumber.evaluate(Cucumber.java:234)
	at org.junit.runners.ParentRunner$3.evaluate(ParentRunner.java:306)
	at org.junit.runners.ParentRunner.run(ParentRunner.java:413)
	at org.junit.runner.JUnitCore.run(JUnitCore.java:137)
	at org.junit.runner.JUnitCore.run(JUnitCore.java:115)
	at org.junit.vintage.engine.execution.RunnerExecutor.execute(RunnerExecutor.java:43)
	at java.base/java.util.stream.ForEachOps$ForEachOp$OfRef.accept(ForEachOps.java:183)
	at java.base/java.util.stream.ReferencePipeline$3$1.accept(ReferencePipeline.java:195)
	at java.base/java.util.Iterator.forEachRemaining(Iterator.java:133)
	at java.base/java.util.Spliterators$IteratorSpliterator.forEachRemaining(Spliterators.java:1801)
	at java.base/java.util.stream.AbstractPipeline.copyInto(AbstractPipeline.java:484)
	at java.base/java.util.stream.AbstractPipeline.wrapAndCopyInto(AbstractPipeline.java:474)
	at java.base/java.util.stream.ForEachOps$ForEachOp.evaluateSequential(ForEachOps.java:150)
	at java.base/java.util.stream.ForEachOps$ForEachOp$OfRef.evaluateSequential(ForEachOps.java:173)
	at java.base/java.util.stream.AbstractPipeline.evaluate(AbstractPipeline.java:234)
	at java.base/java.util.stream.ReferencePipeline.forEach(ReferencePipeline.java:497)
	at org.junit.vintage.engine.VintageTestEngine.executeAllChildren(VintageTestEngine.java:82)
	at org.junit.vintage.engine.VintageTestEngine.execute(VintageTestEngine.java:73)
	at org.junit.platform.launcher.core.DefaultLauncher.execute(DefaultLauncher.java:220)
	at org.junit.platform.launcher.core.DefaultLauncher.lambda$execute$6(DefaultLauncher.java:188)
	at org.junit.platform.launcher.core.DefaultLauncher.withInterceptedStreams(DefaultLauncher.java:202)
	at org.junit.platform.launcher.core.DefaultLauncher.execute(DefaultLauncher.java:181)
	at org.junit.platform.launcher.core.DefaultLauncher.execute(DefaultLauncher.java:128)
	at org.apache.maven.surefire.junitplatform.JUnitPlatformProvider.invokeAllTests(JUnitPlatformProvider.java:150)
	at org.apache.maven.surefire.junitplatform.JUnitPlatformProvider.invoke(JUnitPlatformProvider.java:124)
	at org.apache.maven.surefire.booter.ForkedBooter.invokeProviderInSameClassLoader(ForkedBooter.java:384)
	at org.apache.maven.surefire.booter.ForkedBooter.runSuitesInProcess(ForkedBooter.java:345)
	at org.apache.maven.surefire.booter.ForkedBooter.execute(ForkedBooter.java:126)
	at org.apache.maven.surefire.booter.ForkedBooter.main(ForkedBooter.java:418)
&amp#27;[0m
]]></system-out>
  </testcase>
  <testcase name="registro #2" classname="es.uclm.esi.RunCucumberTest" time="2.014">
    <error message="I/O error on POST request for &quot;http://localhost:8080/api/auth/signup/&quot;: Connection refused: connect; nested exception is java.net.ConnectException: Connection refused: connect" type="org.springframework.web.client.ResourceAccessException">org.springframework.web.client.ResourceAccessException: I/O error on POST request for "http://localhost:8080/api/auth/signup/": Connection refused: connect; nested exception is java.net.ConnectException: Connection refused: connect
Caused by: java.net.ConnectException: Connection refused: connect
</error>
    <system-out><![CDATA[2020-12-03 12:05:27 - Neither @ContextConfiguration nor @ContextHierarchy found for test class [es.uclm.esi.CucumberTestContextConfiguration], using SpringBootContextLoader
2020-12-03 12:05:27 - Could not detect default resource locations for test class [es.uclm.esi.CucumberTestContextConfiguration]: no resource found for suffixes {-context.xml, Context.groovy}.
2020-12-03 12:05:27 - Could not detect default configuration classes for test class [es.uclm.esi.CucumberTestContextConfiguration]: CucumberTestContextConfiguration does not declare any static, non-private, non-final, nested classes annotated with @Configuration.
2020-12-03 12:05:27 - Found @SpringBootConfiguration es.uclm.esi.SigetApplication for test class es.uclm.esi.CucumberTestContextConfiguration
2020-12-03 12:05:27 - Loaded default TestExecutionListener class names from location [META-INF/spring.factories]: [org.springframework.boot.test.mock.mockito.MockitoTestExecutionListener, org.springframework.boot.test.mock.mockito.ResetMocksTestExecutionListener, org.springframework.boot.test.autoconfigure.restdocs.RestDocsTestExecutionListener, org.springframework.boot.test.autoconfigure.web.client.MockRestServiceServerResetTestExecutionListener, org.springframework.boot.test.autoconfigure.web.servlet.MockMvcPrintOnlyOnFailureTestExecutionListener, org.springframework.boot.test.autoconfigure.web.servlet.WebDriverTestExecutionListener, org.springframework.boot.test.autoconfigure.webservices.client.MockWebServiceServerTestExecutionListener, org.springframework.test.context.web.ServletTestExecutionListener, org.springframework.test.context.support.DirtiesContextBeforeModesTestExecutionListener, org.springframework.test.context.support.DependencyInjectionTestExecutionListener, org.springframework.test.context.support.DirtiesContextTestExecutionListener, org.springframework.test.context.transaction.TransactionalTestExecutionListener, org.springframework.test.context.jdbc.SqlScriptsTestExecutionListener, org.springframework.test.context.event.EventPublishingTestExecutionListener, org.springframework.security.test.context.support.WithSecurityContextTestExecutionListener, org.springframework.security.test.context.support.ReactorContextTestExecutionListener]
2020-12-03 12:05:27 - Using TestExecutionListeners: [org.springframework.test.context.web.ServletTestExecutionListener@ea45a5b, org.springframework.test.context.support.DirtiesContextBeforeModesTestExecutionListener@57f83c82, org.springframework.boot.test.mock.mockito.MockitoTestExecutionListener@7a600e21, org.springframework.boot.test.autoconfigure.SpringBootDependencyInjectionTestExecutionListener@69d1ad64, org.springframework.test.context.support.DirtiesContextTestExecutionListener@458b4487, org.springframework.test.context.transaction.TransactionalTestExecutionListener@53016c98, org.springframework.test.context.jdbc.SqlScriptsTestExecutionListener@296a71df, org.springframework.test.context.event.EventPublishingTestExecutionListener@4db4431b, org.springframework.security.test.context.support.WithSecurityContextTestExecutionListener@52849956, org.springframework.security.test.context.support.ReactorContextTestExecutionListener@ab94a32, org.springframework.boot.test.mock.mockito.ResetMocksTestExecutionListener@70273633, org.springframework.boot.test.autoconfigure.restdocs.RestDocsTestExecutionListener@1f641fb7, org.springframework.boot.test.autoconfigure.web.client.MockRestServiceServerResetTestExecutionListener@69dc7b24, org.springframework.boot.test.autoconfigure.web.servlet.MockMvcPrintOnlyOnFailureTestExecutionListener@297454f7, org.springframework.boot.test.autoconfigure.web.servlet.WebDriverTestExecutionListener@602b7944, org.springframework.boot.test.autoconfigure.webservices.client.MockWebServiceServerTestExecutionListener@5f8d4b51]

Scenario Outline: registro                                                                          &amp#27;[90m# src/test/java/es/uclm/esi/features/9registro.feature:12&amp#27;[0m
  &amp#27;[32mWhen &amp#27;[0m&amp#27;[32mregistro un usuario con usuario &amp#27;[0m&amp#27;[32m&amp#27;[1m"trabajador1"&amp#27;[0m&amp#27;[32m, pass &amp#27;[0m&amp#27;[32m&amp#27;[1m"usuario-existente"&amp#27;[0m&amp#27;[32m y email &amp#27;[0m&amp#27;[32m&amp#27;[1m"e@mail.com"&amp#27;[0m &amp#27;[90m# es.uclm.esi.RegistroStepDefinitions.registro_un_usuario_con_usuario_pass_y_email(java.lang.String,java.lang.String,java.lang.String)&amp#27;[0m
  &amp#27;[32mAnd &amp#27;[0m&amp#27;[32m&amp#27;[0m&amp#27;[32m&amp#27;[1m"no"&amp#27;[0m&amp#27;[32m es nuevo para borrarlo&amp#27;[0m                                                                   &amp#27;[90m# es.uclm.esi.RegistroStepDefinitions.es_nuevo_para_borrarlo(java.lang.String)&amp#27;[0m
  &amp#27;[31mThen &amp#27;[0m&amp#27;[31mel mensaje sera &amp#27;[0m&amp#27;[31m&amp#27;[1m"Error: Username is already taken!"&amp#27;[0m                                          &amp#27;[90m# es.uclm.esi.RegistroStepDefinitions.el_mensaje_sera(java.lang.String)&amp#27;[0m
      &amp#27;[31morg.springframework.web.client.ResourceAccessException: I/O error on POST request for "http://localhost:8080/api/auth/signup/": Connection refused: connect; nested exception is java.net.ConnectException: Connection refused: connect
	at org.springframework.web.client.RestTemplate.doExecute(RestTemplate.java:746)
	at org.springframework.web.client.RestTemplate.execute(RestTemplate.java:672)
	at org.springframework.web.client.RestTemplate.postForEntity(RestTemplate.java:447)
	at es.uclm.esi.RegistroStepDefinitions.el_mensaje_sera(RegistroStepDefinitions.java:53)
	at âœ½.el mensaje sera "Error: Username is already taken!"(file:///C:/Users/carlo/git/SIGET-Equipo3/SIGET-Equipo3/src/test/java/es/uclm/esi/features/9registro.feature:6)
Caused by: java.net.ConnectException: Connection refused: connect
	at java.base/sun.nio.ch.Net.connect0(Native Method)
	at java.base/sun.nio.ch.Net.connect(Net.java:493)
	at java.base/sun.nio.ch.Net.connect(Net.java:482)
	at java.base/sun.nio.ch.NioSocketImpl.connect(NioSocketImpl.java:588)
	at java.base/java.net.Socket.connect(Socket.java:603)
	at java.base/java.net.Socket.connect(Socket.java:552)
	at java.base/sun.net.NetworkClient.doConnect(NetworkClient.java:182)
	at java.base/sun.net.www.http.HttpClient.openServer(HttpClient.java:474)
	at java.base/sun.net.www.http.HttpClient.openServer(HttpClient.java:569)
	at java.base/sun.net.www.http.HttpClient.<init>(HttpClient.java:242)
	at java.base/sun.net.www.http.HttpClient.New(HttpClient.java:341)
	at java.base/sun.net.www.http.HttpClient.New(HttpClient.java:362)
	at java.base/sun.net.www.protocol.http.HttpURLConnection.getNewHttpClient(HttpURLConnection.java:1248)
	at java.base/sun.net.www.protocol.http.HttpURLConnection.plainConnect0(HttpURLConnection.java:1187)
	at java.base/sun.net.www.protocol.http.HttpURLConnection.plainConnect(HttpURLConnection.java:1081)
	at java.base/sun.net.www.protocol.http.HttpURLConnection.connect(HttpURLConnection.java:1015)
	at org.springframework.http.client.SimpleBufferingClientHttpRequest.executeInternal(SimpleBufferingClientHttpRequest.java:76)
	at org.springframework.http.client.AbstractBufferingClientHttpRequest.executeInternal(AbstractBufferingClientHttpRequest.java:48)
	at org.springframework.http.client.AbstractClientHttpRequest.execute(AbstractClientHttpRequest.java:53)
	at org.springframework.web.client.RestTemplate.doExecute(RestTemplate.java:737)
	at org.springframework.web.client.RestTemplate.execute(RestTemplate.java:672)
	at org.springframework.web.client.RestTemplate.postForEntity(RestTemplate.java:447)
	at es.uclm.esi.RegistroStepDefinitions.el_mensaje_sera(RegistroStepDefinitions.java:53)
	at java.base/jdk.internal.reflect.NativeMethodAccessorImpl.invoke0(Native Method)
	at java.base/jdk.internal.reflect.NativeMethodAccessorImpl.invoke(NativeMethodAccessorImpl.java:62)
	at java.base/jdk.internal.reflect.DelegatingMethodAccessorImpl.invoke(DelegatingMethodAccessorImpl.java:43)
	at java.base/java.lang.reflect.Method.invoke(Method.java:567)
	at io.cucumber.java.Invoker.doInvoke(Invoker.java:66)
	at io.cucumber.java.Invoker.invoke(Invoker.java:24)
	at io.cucumber.java.AbstractGlueDefinition.invokeMethod(AbstractGlueDefinition.java:47)
	at io.cucumber.java.JavaStepDefinition.execute(JavaStepDefinition.java:29)
	at io.cucumber.core.runner.CoreStepDefinition.execute(CoreStepDefinition.java:66)
	at io.cucumber.core.runner.PickleStepDefinitionMatch.runStep(PickleStepDefinitionMatch.java:63)
	at io.cucumber.core.runner.ExecutionMode$1.execute(ExecutionMode.java:10)
	at io.cucumber.core.runner.TestStep.executeStep(TestStep.java:92)
	at io.cucumber.core.runner.TestStep.run(TestStep.java:64)
	at io.cucumber.core.runner.PickleStepTestStep.run(PickleStepTestStep.java:51)
	at io.cucumber.core.runner.TestCase.run(TestCase.java:104)
	at io.cucumber.core.runner.Runner.runPickle(Runner.java:71)
	at io.cucumber.junit.PickleRunners$NoStepDescriptions.run(PickleRunners.java:151)
	at io.cucumber.junit.FeatureRunner.runChild(FeatureRunner.java:135)
	at io.cucumber.junit.FeatureRunner.runChild(FeatureRunner.java:27)
	at org.junit.runners.ParentRunner$4.run(ParentRunner.java:331)
	at org.junit.runners.ParentRunner$1.schedule(ParentRunner.java:79)
	at org.junit.runners.ParentRunner.runChildren(ParentRunner.java:329)
	at org.junit.runners.ParentRunner.access$100(ParentRunner.java:66)
	at org.junit.runners.ParentRunner$2.evaluate(ParentRunner.java:293)
	at org.junit.runners.ParentRunner$3.evaluate(ParentRunner.java:306)
	at org.junit.runners.ParentRunner.run(ParentRunner.java:413)
	at io.cucumber.junit.Cucumber.runChild(Cucumber.java:199)
	at io.cucumber.junit.Cucumber.runChild(Cucumber.java:90)
	at org.junit.runners.ParentRunner$4.run(ParentRunner.java:331)
	at org.junit.runners.ParentRunner$1.schedule(ParentRunner.java:79)
	at org.junit.runners.ParentRunner.runChildren(ParentRunner.java:329)
	at org.junit.runners.ParentRunner.access$100(ParentRunner.java:66)
	at org.junit.runners.ParentRunner$2.evaluate(ParentRunner.java:293)
	at io.cucumber.junit.Cucumber$RunCucumber.evaluate(Cucumber.java:234)
	at org.junit.runners.ParentRunner$3.evaluate(ParentRunner.java:306)
	at org.junit.runners.ParentRunner.run(ParentRunner.java:413)
	at org.junit.runner.JUnitCore.run(JUnitCore.java:137)
	at org.junit.runner.JUnitCore.run(JUnitCore.java:115)
	at org.junit.vintage.engine.execution.RunnerExecutor.execute(RunnerExecutor.java:43)
	at java.base/java.util.stream.ForEachOps$ForEachOp$OfRef.accept(ForEachOps.java:183)
	at java.base/java.util.stream.ReferencePipeline$3$1.accept(ReferencePipeline.java:195)
	at java.base/java.util.Iterator.forEachRemaining(Iterator.java:133)
	at java.base/java.util.Spliterators$IteratorSpliterator.forEachRemaining(Spliterators.java:1801)
	at java.base/java.util.stream.AbstractPipeline.copyInto(AbstractPipeline.java:484)
	at java.base/java.util.stream.AbstractPipeline.wrapAndCopyInto(AbstractPipeline.java:474)
	at java.base/java.util.stream.ForEachOps$ForEachOp.evaluateSequential(ForEachOps.java:150)
	at java.base/java.util.stream.ForEachOps$ForEachOp$OfRef.evaluateSequential(ForEachOps.java:173)
	at java.base/java.util.stream.AbstractPipeline.evaluate(AbstractPipeline.java:234)
	at java.base/java.util.stream.ReferencePipeline.forEach(ReferencePipeline.java:497)
	at org.junit.vintage.engine.VintageTestEngine.executeAllChildren(VintageTestEngine.java:82)
	at org.junit.vintage.engine.VintageTestEngine.execute(VintageTestEngine.java:73)
	at org.junit.platform.launcher.core.DefaultLauncher.execute(DefaultLauncher.java:220)
	at org.junit.platform.launcher.core.DefaultLauncher.lambda$execute$6(DefaultLauncher.java:188)
	at org.junit.platform.launcher.core.DefaultLauncher.withInterceptedStreams(DefaultLauncher.java:202)
	at org.junit.platform.launcher.core.DefaultLauncher.execute(DefaultLauncher.java:181)
	at org.junit.platform.launcher.core.DefaultLauncher.execute(DefaultLauncher.java:128)
	at org.apache.maven.surefire.junitplatform.JUnitPlatformProvider.invokeAllTests(JUnitPlatformProvider.java:150)
	at org.apache.maven.surefire.junitplatform.JUnitPlatformProvider.invoke(JUnitPlatformProvider.java:124)
	at org.apache.maven.surefire.booter.ForkedBooter.invokeProviderInSameClassLoader(ForkedBooter.java:384)
	at org.apache.maven.surefire.booter.ForkedBooter.runSuitesInProcess(ForkedBooter.java:345)
	at org.apache.maven.surefire.booter.ForkedBooter.execute(ForkedBooter.java:126)
	at org.apache.maven.surefire.booter.ForkedBooter.main(ForkedBooter.java:418)
&amp#27;[0m
]]></system-out>
  </testcase>
  <testcase name="registro #3" classname="es.uclm.esi.RunCucumberTest" time="2.017">
    <error message="I/O error on POST request for &quot;http://localhost:8080/api/auth/signup/&quot;: Connection refused: connect; nested exception is java.net.ConnectException: Connection refused: connect" type="org.springframework.web.client.ResourceAccessException">org.springframework.web.client.ResourceAccessException: I/O error on POST request for "http://localhost:8080/api/auth/signup/": Connection refused: connect; nested exception is java.net.ConnectException: Connection refused: connect
Caused by: java.net.ConnectException: Connection refused: connect
</error>
    <system-out><![CDATA[2020-12-03 12:05:29 - Neither @ContextConfiguration nor @ContextHierarchy found for test class [es.uclm.esi.CucumberTestContextConfiguration], using SpringBootContextLoader
2020-12-03 12:05:29 - Could not detect default resource locations for test class [es.uclm.esi.CucumberTestContextConfiguration]: no resource found for suffixes {-context.xml, Context.groovy}.
2020-12-03 12:05:29 - Could not detect default configuration classes for test class [es.uclm.esi.CucumberTestContextConfiguration]: CucumberTestContextConfiguration does not declare any static, non-private, non-final, nested classes annotated with @Configuration.
2020-12-03 12:05:29 - Found @SpringBootConfiguration es.uclm.esi.SigetApplication for test class es.uclm.esi.CucumberTestContextConfiguration
2020-12-03 12:05:29 - Loaded default TestExecutionListener class names from location [META-INF/spring.factories]: [org.springframework.boot.test.mock.mockito.MockitoTestExecutionListener, org.springframework.boot.test.mock.mockito.ResetMocksTestExecutionListener, org.springframework.boot.test.autoconfigure.restdocs.RestDocsTestExecutionListener, org.springframework.boot.test.autoconfigure.web.client.MockRestServiceServerResetTestExecutionListener, org.springframework.boot.test.autoconfigure.web.servlet.MockMvcPrintOnlyOnFailureTestExecutionListener, org.springframework.boot.test.autoconfigure.web.servlet.WebDriverTestExecutionListener, org.springframework.boot.test.autoconfigure.webservices.client.MockWebServiceServerTestExecutionListener, org.springframework.test.context.web.ServletTestExecutionListener, org.springframework.test.context.support.DirtiesContextBeforeModesTestExecutionListener, org.springframework.test.context.support.DependencyInjectionTestExecutionListener, org.springframework.test.context.support.DirtiesContextTestExecutionListener, org.springframework.test.context.transaction.TransactionalTestExecutionListener, org.springframework.test.context.jdbc.SqlScriptsTestExecutionListener, org.springframework.test.context.event.EventPublishingTestExecutionListener, org.springframework.security.test.context.support.WithSecurityContextTestExecutionListener, org.springframework.security.test.context.support.ReactorContextTestExecutionListener]
2020-12-03 12:05:29 - Using TestExecutionListeners: [org.springframework.test.context.web.ServletTestExecutionListener@658098a2, org.springframework.test.context.support.DirtiesContextBeforeModesTestExecutionListener@50628080, org.springframework.boot.test.mock.mockito.MockitoTestExecutionListener@155318b5, org.springframework.boot.test.autoconfigure.SpringBootDependencyInjectionTestExecutionListener@1add90e0, org.springframework.test.context.support.DirtiesContextTestExecutionListener@7bf94e91, org.springframework.test.context.transaction.TransactionalTestExecutionListener@3fdbb7ee, org.springframework.test.context.jdbc.SqlScriptsTestExecutionListener@32c08610, org.springframework.test.context.event.EventPublishingTestExecutionListener@44ec4a38, org.springframework.security.test.context.support.WithSecurityContextTestExecutionListener@755009f2, org.springframework.security.test.context.support.ReactorContextTestExecutionListener@1756a471, org.springframework.boot.test.mock.mockito.ResetMocksTestExecutionListener@2190508d, org.springframework.boot.test.autoconfigure.restdocs.RestDocsTestExecutionListener@70b630d, org.springframework.boot.test.autoconfigure.web.client.MockRestServiceServerResetTestExecutionListener@72e1e587, org.springframework.boot.test.autoconfigure.web.servlet.MockMvcPrintOnlyOnFailureTestExecutionListener@5036a286, org.springframework.boot.test.autoconfigure.web.servlet.WebDriverTestExecutionListener@73818435, org.springframework.boot.test.autoconfigure.webservices.client.MockWebServiceServerTestExecutionListener@2fce8243]

Scenario Outline: registro                                                                       &amp#27;[90m# src/test/java/es/uclm/esi/features/9registro.feature:13&amp#27;[0m
  &amp#27;[32mWhen &amp#27;[0m&amp#27;[32mregistro un usuario con usuario &amp#27;[0m&amp#27;[32m&amp#27;[1m"mail_existente"&amp#27;[0m&amp#27;[32m, pass &amp#27;[0m&amp#27;[32m&amp#27;[1m"patata"&amp#27;[0m&amp#27;[32m y email &amp#27;[0m&amp#27;[32m&amp#27;[1m"admin@admin.com"&amp#27;[0m &amp#27;[90m# es.uclm.esi.RegistroStepDefinitions.registro_un_usuario_con_usuario_pass_y_email(java.lang.String,java.lang.String,java.lang.String)&amp#27;[0m
  &amp#27;[32mAnd &amp#27;[0m&amp#27;[32m&amp#27;[0m&amp#27;[32m&amp#27;[1m"no"&amp#27;[0m&amp#27;[32m es nuevo para borrarlo&amp#27;[0m                                                                &amp#27;[90m# es.uclm.esi.RegistroStepDefinitions.es_nuevo_para_borrarlo(java.lang.String)&amp#27;[0m
  &amp#27;[31mThen &amp#27;[0m&amp#27;[31mel mensaje sera &amp#27;[0m&amp#27;[31m&amp#27;[1m"Error: Email is already in use!"&amp#27;[0m                                         &amp#27;[90m# es.uclm.esi.RegistroStepDefinitions.el_mensaje_sera(java.lang.String)&amp#27;[0m
      &amp#27;[31morg.springframework.web.client.ResourceAccessException: I/O error on POST request for "http://localhost:8080/api/auth/signup/": Connection refused: connect; nested exception is java.net.ConnectException: Connection refused: connect
	at org.springframework.web.client.RestTemplate.doExecute(RestTemplate.java:746)
	at org.springframework.web.client.RestTemplate.execute(RestTemplate.java:672)
	at org.springframework.web.client.RestTemplate.postForEntity(RestTemplate.java:447)
	at es.uclm.esi.RegistroStepDefinitions.el_mensaje_sera(RegistroStepDefinitions.java:53)
	at âœ½.el mensaje sera "Error: Email is already in use!"(file:///C:/Users/carlo/git/SIGET-Equipo3/SIGET-Equipo3/src/test/java/es/uclm/esi/features/9registro.feature:6)
Caused by: java.net.ConnectException: Connection refused: connect
	at java.base/sun.nio.ch.Net.connect0(Native Method)
	at java.base/sun.nio.ch.Net.connect(Net.java:493)
	at java.base/sun.nio.ch.Net.connect(Net.java:482)
	at java.base/sun.nio.ch.NioSocketImpl.connect(NioSocketImpl.java:588)
	at java.base/java.net.Socket.connect(Socket.java:603)
	at java.base/java.net.Socket.connect(Socket.java:552)
	at java.base/sun.net.NetworkClient.doConnect(NetworkClient.java:182)
	at java.base/sun.net.www.http.HttpClient.openServer(HttpClient.java:474)
	at java.base/sun.net.www.http.HttpClient.openServer(HttpClient.java:569)
	at java.base/sun.net.www.http.HttpClient.<init>(HttpClient.java:242)
	at java.base/sun.net.www.http.HttpClient.New(HttpClient.java:341)
	at java.base/sun.net.www.http.HttpClient.New(HttpClient.java:362)
	at java.base/sun.net.www.protocol.http.HttpURLConnection.getNewHttpClient(HttpURLConnection.java:1248)
	at java.base/sun.net.www.protocol.http.HttpURLConnection.plainConnect0(HttpURLConnection.java:1187)
	at java.base/sun.net.www.protocol.http.HttpURLConnection.plainConnect(HttpURLConnection.java:1081)
	at java.base/sun.net.www.protocol.http.HttpURLConnection.connect(HttpURLConnection.java:1015)
	at org.springframework.http.client.SimpleBufferingClientHttpRequest.executeInternal(SimpleBufferingClientHttpRequest.java:76)
	at org.springframework.http.client.AbstractBufferingClientHttpRequest.executeInternal(AbstractBufferingClientHttpRequest.java:48)
	at org.springframework.http.client.AbstractClientHttpRequest.execute(AbstractClientHttpRequest.java:53)
	at org.springframework.web.client.RestTemplate.doExecute(RestTemplate.java:737)
	at org.springframework.web.client.RestTemplate.execute(RestTemplate.java:672)
	at org.springframework.web.client.RestTemplate.postForEntity(RestTemplate.java:447)
	at es.uclm.esi.RegistroStepDefinitions.el_mensaje_sera(RegistroStepDefinitions.java:53)
	at java.base/jdk.internal.reflect.NativeMethodAccessorImpl.invoke0(Native Method)
	at java.base/jdk.internal.reflect.NativeMethodAccessorImpl.invoke(NativeMethodAccessorImpl.java:62)
	at java.base/jdk.internal.reflect.DelegatingMethodAccessorImpl.invoke(DelegatingMethodAccessorImpl.java:43)
	at java.base/java.lang.reflect.Method.invoke(Method.java:567)
	at io.cucumber.java.Invoker.doInvoke(Invoker.java:66)
	at io.cucumber.java.Invoker.invoke(Invoker.java:24)
	at io.cucumber.java.AbstractGlueDefinition.invokeMethod(AbstractGlueDefinition.java:47)
	at io.cucumber.java.JavaStepDefinition.execute(JavaStepDefinition.java:29)
	at io.cucumber.core.runner.CoreStepDefinition.execute(CoreStepDefinition.java:66)
	at io.cucumber.core.runner.PickleStepDefinitionMatch.runStep(PickleStepDefinitionMatch.java:63)
	at io.cucumber.core.runner.ExecutionMode$1.execute(ExecutionMode.java:10)
	at io.cucumber.core.runner.TestStep.executeStep(TestStep.java:92)
	at io.cucumber.core.runner.TestStep.run(TestStep.java:64)
	at io.cucumber.core.runner.PickleStepTestStep.run(PickleStepTestStep.java:51)
	at io.cucumber.core.runner.TestCase.run(TestCase.java:104)
	at io.cucumber.core.runner.Runner.runPickle(Runner.java:71)
	at io.cucumber.junit.PickleRunners$NoStepDescriptions.run(PickleRunners.java:151)
	at io.cucumber.junit.FeatureRunner.runChild(FeatureRunner.java:135)
	at io.cucumber.junit.FeatureRunner.runChild(FeatureRunner.java:27)
	at org.junit.runners.ParentRunner$4.run(ParentRunner.java:331)
	at org.junit.runners.ParentRunner$1.schedule(ParentRunner.java:79)
	at org.junit.runners.ParentRunner.runChildren(ParentRunner.java:329)
	at org.junit.runners.ParentRunner.access$100(ParentRunner.java:66)
	at org.junit.runners.ParentRunner$2.evaluate(ParentRunner.java:293)
	at org.junit.runners.ParentRunner$3.evaluate(ParentRunner.java:306)
	at org.junit.runners.ParentRunner.run(ParentRunner.java:413)
	at io.cucumber.junit.Cucumber.runChild(Cucumber.java:199)
	at io.cucumber.junit.Cucumber.runChild(Cucumber.java:90)
	at org.junit.runners.ParentRunner$4.run(ParentRunner.java:331)
	at org.junit.runners.ParentRunner$1.schedule(ParentRunner.java:79)
	at org.junit.runners.ParentRunner.runChildren(ParentRunner.java:329)
	at org.junit.runners.ParentRunner.access$100(ParentRunner.java:66)
	at org.junit.runners.ParentRunner$2.evaluate(ParentRunner.java:293)
	at io.cucumber.junit.Cucumber$RunCucumber.evaluate(Cucumber.java:234)
	at org.junit.runners.ParentRunner$3.evaluate(ParentRunner.java:306)
	at org.junit.runners.ParentRunner.run(ParentRunner.java:413)
	at org.junit.runner.JUnitCore.run(JUnitCore.java:137)
	at org.junit.runner.JUnitCore.run(JUnitCore.java:115)
	at org.junit.vintage.engine.execution.RunnerExecutor.execute(RunnerExecutor.java:43)
	at java.base/java.util.stream.ForEachOps$ForEachOp$OfRef.accept(ForEachOps.java:183)
	at java.base/java.util.stream.ReferencePipeline$3$1.accept(ReferencePipeline.java:195)
	at java.base/java.util.Iterator.forEachRemaining(Iterator.java:133)
	at java.base/java.util.Spliterators$IteratorSpliterator.forEachRemaining(Spliterators.java:1801)
	at java.base/java.util.stream.AbstractPipeline.copyInto(AbstractPipeline.java:484)
	at java.base/java.util.stream.AbstractPipeline.wrapAndCopyInto(AbstractPipeline.java:474)
	at java.base/java.util.stream.ForEachOps$ForEachOp.evaluateSequential(ForEachOps.java:150)
	at java.base/java.util.stream.ForEachOps$ForEachOp$OfRef.evaluateSequential(ForEachOps.java:173)
	at java.base/java.util.stream.AbstractPipeline.evaluate(AbstractPipeline.java:234)
	at java.base/java.util.stream.ReferencePipeline.forEach(ReferencePipeline.java:497)
	at org.junit.vintage.engine.VintageTestEngine.executeAllChildren(VintageTestEngine.java:82)
	at org.junit.vintage.engine.VintageTestEngine.execute(VintageTestEngine.java:73)
	at org.junit.platform.launcher.core.DefaultLauncher.execute(DefaultLauncher.java:220)
	at org.junit.platform.launcher.core.DefaultLauncher.lambda$execute$6(DefaultLauncher.java:188)
	at org.junit.platform.launcher.core.DefaultLauncher.withInterceptedStreams(DefaultLauncher.java:202)
	at org.junit.platform.launcher.core.DefaultLauncher.execute(DefaultLauncher.java:181)
	at org.junit.platform.launcher.core.DefaultLauncher.execute(DefaultLauncher.java:128)
	at org.apache.maven.surefire.junitplatform.JUnitPlatformProvider.invokeAllTests(JUnitPlatformProvider.java:150)
	at org.apache.maven.surefire.junitplatform.JUnitPlatformProvider.invoke(JUnitPlatformProvider.java:124)
	at org.apache.maven.surefire.booter.ForkedBooter.invokeProviderInSameClassLoader(ForkedBooter.java:384)
	at org.apache.maven.surefire.booter.ForkedBooter.runSuitesInProcess(ForkedBooter.java:345)
	at org.apache.maven.surefire.booter.ForkedBooter.execute(ForkedBooter.java:126)
	at org.apache.maven.surefire.booter.ForkedBooter.main(ForkedBooter.java:418)
&amp#27;[0m
]]></system-out>
  </testcase>
  <testcase name="registro #4" classname="es.uclm.esi.RunCucumberTest" time="2.012">
    <error message="I/O error on POST request for &quot;http://localhost:8080/api/auth/signup/&quot;: Connection refused: connect; nested exception is java.net.ConnectException: Connection refused: connect" type="org.springframework.web.client.ResourceAccessException">org.springframework.web.client.ResourceAccessException: I/O error on POST request for "http://localhost:8080/api/auth/signup/": Connection refused: connect; nested exception is java.net.ConnectException: Connection refused: connect
Caused by: java.net.ConnectException: Connection refused: connect
</error>
    <system-out><![CDATA[2020-12-03 12:05:31 - Neither @ContextConfiguration nor @ContextHierarchy found for test class [es.uclm.esi.CucumberTestContextConfiguration], using SpringBootContextLoader
2020-12-03 12:05:31 - Could not detect default resource locations for test class [es.uclm.esi.CucumberTestContextConfiguration]: no resource found for suffixes {-context.xml, Context.groovy}.
2020-12-03 12:05:31 - Could not detect default configuration classes for test class [es.uclm.esi.CucumberTestContextConfiguration]: CucumberTestContextConfiguration does not declare any static, non-private, non-final, nested classes annotated with @Configuration.
2020-12-03 12:05:31 - Found @SpringBootConfiguration es.uclm.esi.SigetApplication for test class es.uclm.esi.CucumberTestContextConfiguration
2020-12-03 12:05:31 - Loaded default TestExecutionListener class names from location [META-INF/spring.factories]: [org.springframework.boot.test.mock.mockito.MockitoTestExecutionListener, org.springframework.boot.test.mock.mockito.ResetMocksTestExecutionListener, org.springframework.boot.test.autoconfigure.restdocs.RestDocsTestExecutionListener, org.springframework.boot.test.autoconfigure.web.client.MockRestServiceServerResetTestExecutionListener, org.springframework.boot.test.autoconfigure.web.servlet.MockMvcPrintOnlyOnFailureTestExecutionListener, org.springframework.boot.test.autoconfigure.web.servlet.WebDriverTestExecutionListener, org.springframework.boot.test.autoconfigure.webservices.client.MockWebServiceServerTestExecutionListener, org.springframework.test.context.web.ServletTestExecutionListener, org.springframework.test.context.support.DirtiesContextBeforeModesTestExecutionListener, org.springframework.test.context.support.DependencyInjectionTestExecutionListener, org.springframework.test.context.support.DirtiesContextTestExecutionListener, org.springframework.test.context.transaction.TransactionalTestExecutionListener, org.springframework.test.context.jdbc.SqlScriptsTestExecutionListener, org.springframework.test.context.event.EventPublishingTestExecutionListener, org.springframework.security.test.context.support.WithSecurityContextTestExecutionListener, org.springframework.security.test.context.support.ReactorContextTestExecutionListener]
2020-12-03 12:05:31 - Using TestExecutionListeners: [org.springframework.test.context.web.ServletTestExecutionListener@4866a755, org.springframework.test.context.support.DirtiesContextBeforeModesTestExecutionListener@1361e880, org.springframework.boot.test.mock.mockito.MockitoTestExecutionListener@3506bc8b, org.springframework.boot.test.autoconfigure.SpringBootDependencyInjectionTestExecutionListener@4bac0be5, org.springframework.test.context.support.DirtiesContextTestExecutionListener@368d51ca, org.springframework.test.context.transaction.TransactionalTestExecutionListener@2a349a73, org.springframework.test.context.jdbc.SqlScriptsTestExecutionListener@2ad6895a, org.springframework.test.context.event.EventPublishingTestExecutionListener@10e4cc6, org.springframework.security.test.context.support.WithSecurityContextTestExecutionListener@5d515e2c, org.springframework.security.test.context.support.ReactorContextTestExecutionListener@53b8a0f7, org.springframework.boot.test.mock.mockito.ResetMocksTestExecutionListener@4d3a7f83, org.springframework.boot.test.autoconfigure.restdocs.RestDocsTestExecutionListener@3ea1729e, org.springframework.boot.test.autoconfigure.web.client.MockRestServiceServerResetTestExecutionListener@6956eb58, org.springframework.boot.test.autoconfigure.web.servlet.MockMvcPrintOnlyOnFailureTestExecutionListener@7fff419d, org.springframework.boot.test.autoconfigure.web.servlet.WebDriverTestExecutionListener@6127ef86, org.springframework.boot.test.autoconfigure.webservices.client.MockWebServiceServerTestExecutionListener@542754be]

Scenario Outline: registro                                                                             &amp#27;[90m# src/test/java/es/uclm/esi/features/9registro.feature:14&amp#27;[0m
  &amp#27;[32mWhen &amp#27;[0m&amp#27;[32mregistro un usuario con usuario &amp#27;[0m&amp#27;[32m&amp#27;[1m"mail-existente"&amp#27;[0m&amp#27;[32m, pass &amp#27;[0m&amp#27;[32m&amp#27;[1m"asasds"&amp#27;[0m&amp#27;[32m y email &amp#27;[0m&amp#27;[32m&amp#27;[1m"trabajador1@admin.com"&amp#27;[0m &amp#27;[90m# es.uclm.esi.RegistroStepDefinitions.registro_un_usuario_con_usuario_pass_y_email(java.lang.String,java.lang.String,java.lang.String)&amp#27;[0m
  &amp#27;[32mAnd &amp#27;[0m&amp#27;[32m&amp#27;[0m&amp#27;[32m&amp#27;[1m"no"&amp#27;[0m&amp#27;[32m es nuevo para borrarlo&amp#27;[0m                                                                      &amp#27;[90m# es.uclm.esi.RegistroStepDefinitions.es_nuevo_para_borrarlo(java.lang.String)&amp#27;[0m
  &amp#27;[31mThen &amp#27;[0m&amp#27;[31mel mensaje sera &amp#27;[0m&amp#27;[31m&amp#27;[1m"Error: Email is already in use!"&amp#27;[0m                                               &amp#27;[90m# es.uclm.esi.RegistroStepDefinitions.el_mensaje_sera(java.lang.String)&amp#27;[0m
      &amp#27;[31morg.springframework.web.client.ResourceAccessException: I/O error on POST request for "http://localhost:8080/api/auth/signup/": Connection refused: connect; nested exception is java.net.ConnectException: Connection refused: connect
	at org.springframework.web.client.RestTemplate.doExecute(RestTemplate.java:746)
	at org.springframework.web.client.RestTemplate.execute(RestTemplate.java:672)
	at org.springframework.web.client.RestTemplate.postForEntity(RestTemplate.java:447)
	at es.uclm.esi.RegistroStepDefinitions.el_mensaje_sera(RegistroStepDefinitions.java:53)
	at âœ½.el mensaje sera "Error: Email is already in use!"(file:///C:/Users/carlo/git/SIGET-Equipo3/SIGET-Equipo3/src/test/java/es/uclm/esi/features/9registro.feature:6)
Caused by: java.net.ConnectException: Connection refused: connect
	at java.base/sun.nio.ch.Net.connect0(Native Method)
	at java.base/sun.nio.ch.Net.connect(Net.java:493)
	at java.base/sun.nio.ch.Net.connect(Net.java:482)
	at java.base/sun.nio.ch.NioSocketImpl.connect(NioSocketImpl.java:588)
	at java.base/java.net.Socket.connect(Socket.java:603)
	at java.base/java.net.Socket.connect(Socket.java:552)
	at java.base/sun.net.NetworkClient.doConnect(NetworkClient.java:182)
	at java.base/sun.net.www.http.HttpClient.openServer(HttpClient.java:474)
	at java.base/sun.net.www.http.HttpClient.openServer(HttpClient.java:569)
	at java.base/sun.net.www.http.HttpClient.<init>(HttpClient.java:242)
	at java.base/sun.net.www.http.HttpClient.New(HttpClient.java:341)
	at java.base/sun.net.www.http.HttpClient.New(HttpClient.java:362)
	at java.base/sun.net.www.protocol.http.HttpURLConnection.getNewHttpClient(HttpURLConnection.java:1248)
	at java.base/sun.net.www.protocol.http.HttpURLConnection.plainConnect0(HttpURLConnection.java:1187)
	at java.base/sun.net.www.protocol.http.HttpURLConnection.plainConnect(HttpURLConnection.java:1081)
	at java.base/sun.net.www.protocol.http.HttpURLConnection.connect(HttpURLConnection.java:1015)
	at org.springframework.http.client.SimpleBufferingClientHttpRequest.executeInternal(SimpleBufferingClientHttpRequest.java:76)
	at org.springframework.http.client.AbstractBufferingClientHttpRequest.executeInternal(AbstractBufferingClientHttpRequest.java:48)
	at org.springframework.http.client.AbstractClientHttpRequest.execute(AbstractClientHttpRequest.java:53)
	at org.springframework.web.client.RestTemplate.doExecute(RestTemplate.java:737)
	at org.springframework.web.client.RestTemplate.execute(RestTemplate.java:672)
	at org.springframework.web.client.RestTemplate.postForEntity(RestTemplate.java:447)
	at es.uclm.esi.RegistroStepDefinitions.el_mensaje_sera(RegistroStepDefinitions.java:53)
	at java.base/jdk.internal.reflect.NativeMethodAccessorImpl.invoke0(Native Method)
	at java.base/jdk.internal.reflect.NativeMethodAccessorImpl.invoke(NativeMethodAccessorImpl.java:62)
	at java.base/jdk.internal.reflect.DelegatingMethodAccessorImpl.invoke(DelegatingMethodAccessorImpl.java:43)
	at java.base/java.lang.reflect.Method.invoke(Method.java:567)
	at io.cucumber.java.Invoker.doInvoke(Invoker.java:66)
	at io.cucumber.java.Invoker.invoke(Invoker.java:24)
	at io.cucumber.java.AbstractGlueDefinition.invokeMethod(AbstractGlueDefinition.java:47)
	at io.cucumber.java.JavaStepDefinition.execute(JavaStepDefinition.java:29)
	at io.cucumber.core.runner.CoreStepDefinition.execute(CoreStepDefinition.java:66)
	at io.cucumber.core.runner.PickleStepDefinitionMatch.runStep(PickleStepDefinitionMatch.java:63)
	at io.cucumber.core.runner.ExecutionMode$1.execute(ExecutionMode.java:10)
	at io.cucumber.core.runner.TestStep.executeStep(TestStep.java:92)
	at io.cucumber.core.runner.TestStep.run(TestStep.java:64)
	at io.cucumber.core.runner.PickleStepTestStep.run(PickleStepTestStep.java:51)
	at io.cucumber.core.runner.TestCase.run(TestCase.java:104)
	at io.cucumber.core.runner.Runner.runPickle(Runner.java:71)
	at io.cucumber.junit.PickleRunners$NoStepDescriptions.run(PickleRunners.java:151)
	at io.cucumber.junit.FeatureRunner.runChild(FeatureRunner.java:135)
	at io.cucumber.junit.FeatureRunner.runChild(FeatureRunner.java:27)
	at org.junit.runners.ParentRunner$4.run(ParentRunner.java:331)
	at org.junit.runners.ParentRunner$1.schedule(ParentRunner.java:79)
	at org.junit.runners.ParentRunner.runChildren(ParentRunner.java:329)
	at org.junit.runners.ParentRunner.access$100(ParentRunner.java:66)
	at org.junit.runners.ParentRunner$2.evaluate(ParentRunner.java:293)
	at org.junit.runners.ParentRunner$3.evaluate(ParentRunner.java:306)
	at org.junit.runners.ParentRunner.run(ParentRunner.java:413)
	at io.cucumber.junit.Cucumber.runChild(Cucumber.java:199)
	at io.cucumber.junit.Cucumber.runChild(Cucumber.java:90)
	at org.junit.runners.ParentRunner$4.run(ParentRunner.java:331)
	at org.junit.runners.ParentRunner$1.schedule(ParentRunner.java:79)
	at org.junit.runners.ParentRunner.runChildren(ParentRunner.java:329)
	at org.junit.runners.ParentRunner.access$100(ParentRunner.java:66)
	at org.junit.runners.ParentRunner$2.evaluate(ParentRunner.java:293)
	at io.cucumber.junit.Cucumber$RunCucumber.evaluate(Cucumber.java:234)
	at org.junit.runners.ParentRunner$3.evaluate(ParentRunner.java:306)
	at org.junit.runners.ParentRunner.run(ParentRunner.java:413)
	at org.junit.runner.JUnitCore.run(JUnitCore.java:137)
	at org.junit.runner.JUnitCore.run(JUnitCore.java:115)
	at org.junit.vintage.engine.execution.RunnerExecutor.execute(RunnerExecutor.java:43)
	at java.base/java.util.stream.ForEachOps$ForEachOp$OfRef.accept(ForEachOps.java:183)
	at java.base/java.util.stream.ReferencePipeline$3$1.accept(ReferencePipeline.java:195)
	at java.base/java.util.Iterator.forEachRemaining(Iterator.java:133)
	at java.base/java.util.Spliterators$IteratorSpliterator.forEachRemaining(Spliterators.java:1801)
	at java.base/java.util.stream.AbstractPipeline.copyInto(AbstractPipeline.java:484)
	at java.base/java.util.stream.AbstractPipeline.wrapAndCopyInto(AbstractPipeline.java:474)
	at java.base/java.util.stream.ForEachOps$ForEachOp.evaluateSequential(ForEachOps.java:150)
	at java.base/java.util.stream.ForEachOps$ForEachOp$OfRef.evaluateSequential(ForEachOps.java:173)
	at java.base/java.util.stream.AbstractPipeline.evaluate(AbstractPipeline.java:234)
	at java.base/java.util.stream.ReferencePipeline.forEach(ReferencePipeline.java:497)
	at org.junit.vintage.engine.VintageTestEngine.executeAllChildren(VintageTestEngine.java:82)
	at org.junit.vintage.engine.VintageTestEngine.execute(VintageTestEngine.java:73)
	at org.junit.platform.launcher.core.DefaultLauncher.execute(DefaultLauncher.java:220)
	at org.junit.platform.launcher.core.DefaultLauncher.lambda$execute$6(DefaultLauncher.java:188)
	at org.junit.platform.launcher.core.DefaultLauncher.withInterceptedStreams(DefaultLauncher.java:202)
	at org.junit.platform.launcher.core.DefaultLauncher.execute(DefaultLauncher.java:181)
	at org.junit.platform.launcher.core.DefaultLauncher.execute(DefaultLauncher.java:128)
	at org.apache.maven.surefire.junitplatform.JUnitPlatformProvider.invokeAllTests(JUnitPlatformProvider.java:150)
	at org.apache.maven.surefire.junitplatform.JUnitPlatformProvider.invoke(JUnitPlatformProvider.java:124)
	at org.apache.maven.surefire.booter.ForkedBooter.invokeProviderInSameClassLoader(ForkedBooter.java:384)
	at org.apache.maven.surefire.booter.ForkedBooter.runSuitesInProcess(ForkedBooter.java:345)
	at org.apache.maven.surefire.booter.ForkedBooter.execute(ForkedBooter.java:126)
	at org.apache.maven.surefire.booter.ForkedBooter.main(ForkedBooter.java:418)
&amp#27;[0m
]]></system-out>
  </testcase>
  <testcase name="registro #5" classname="es.uclm.esi.RunCucumberTest" time="2.022">
    <error message="I/O error on POST request for &quot;http://localhost:8080/api/auth/signup/&quot;: Connection refused: connect; nested exception is java.net.ConnectException: Connection refused: connect" type="org.springframework.web.client.ResourceAccessException">org.springframework.web.client.ResourceAccessException: I/O error on POST request for "http://localhost:8080/api/auth/signup/": Connection refused: connect; nested exception is java.net.ConnectException: Connection refused: connect
Caused by: java.net.ConnectException: Connection refused: connect
</error>
    <system-out><![CDATA[2020-12-03 12:05:33 - Neither @ContextConfiguration nor @ContextHierarchy found for test class [es.uclm.esi.CucumberTestContextConfiguration], using SpringBootContextLoader
2020-12-03 12:05:33 - Could not detect default resource locations for test class [es.uclm.esi.CucumberTestContextConfiguration]: no resource found for suffixes {-context.xml, Context.groovy}.
2020-12-03 12:05:33 - Could not detect default configuration classes for test class [es.uclm.esi.CucumberTestContextConfiguration]: CucumberTestContextConfiguration does not declare any static, non-private, non-final, nested classes annotated with @Configuration.
2020-12-03 12:05:33 - Found @SpringBootConfiguration es.uclm.esi.SigetApplication for test class es.uclm.esi.CucumberTestContextConfiguration
2020-12-03 12:05:33 - Loaded default TestExecutionListener class names from location [META-INF/spring.factories]: [org.springframework.boot.test.mock.mockito.MockitoTestExecutionListener, org.springframework.boot.test.mock.mockito.ResetMocksTestExecutionListener, org.springframework.boot.test.autoconfigure.restdocs.RestDocsTestExecutionListener, org.springframework.boot.test.autoconfigure.web.client.MockRestServiceServerResetTestExecutionListener, org.springframework.boot.test.autoconfigure.web.servlet.MockMvcPrintOnlyOnFailureTestExecutionListener, org.springframework.boot.test.autoconfigure.web.servlet.WebDriverTestExecutionListener, org.springframework.boot.test.autoconfigure.webservices.client.MockWebServiceServerTestExecutionListener, org.springframework.test.context.web.ServletTestExecutionListener, org.springframework.test.context.support.DirtiesContextBeforeModesTestExecutionListener, org.springframework.test.context.support.DependencyInjectionTestExecutionListener, org.springframework.test.context.support.DirtiesContextTestExecutionListener, org.springframework.test.context.transaction.TransactionalTestExecutionListener, org.springframework.test.context.jdbc.SqlScriptsTestExecutionListener, org.springframework.test.context.event.EventPublishingTestExecutionListener, org.springframework.security.test.context.support.WithSecurityContextTestExecutionListener, org.springframework.security.test.context.support.ReactorContextTestExecutionListener]
2020-12-03 12:05:33 - Using TestExecutionListeners: [org.springframework.test.context.web.ServletTestExecutionListener@5186b78a, org.springframework.test.context.support.DirtiesContextBeforeModesTestExecutionListener@3f6a9ba0, org.springframework.boot.test.mock.mockito.MockitoTestExecutionListener@1e749235, org.springframework.boot.test.autoconfigure.SpringBootDependencyInjectionTestExecutionListener@870a9f2, org.springframework.test.context.support.DirtiesContextTestExecutionListener@6c2e7591, org.springframework.test.context.transaction.TransactionalTestExecutionListener@7f2542f, org.springframework.test.context.jdbc.SqlScriptsTestExecutionListener@3dad8bde, org.springframework.test.context.event.EventPublishingTestExecutionListener@301f9aa0, org.springframework.security.test.context.support.WithSecurityContextTestExecutionListener@2f82e3cf, org.springframework.security.test.context.support.ReactorContextTestExecutionListener@3a44993c, org.springframework.boot.test.mock.mockito.ResetMocksTestExecutionListener@6b6606d1, org.springframework.boot.test.autoconfigure.restdocs.RestDocsTestExecutionListener@27605b87, org.springframework.boot.test.autoconfigure.web.client.MockRestServiceServerResetTestExecutionListener@1fc4483f, org.springframework.boot.test.autoconfigure.web.servlet.MockMvcPrintOnlyOnFailureTestExecutionListener@1d7af82, org.springframework.boot.test.autoconfigure.web.servlet.WebDriverTestExecutionListener@5adc71e7, org.springframework.boot.test.autoconfigure.webservices.client.MockWebServiceServerTestExecutionListener@7fc5a558]

Scenario Outline: registro                                                                             &amp#27;[90m# src/test/java/es/uclm/esi/features/9registro.feature:15&amp#27;[0m
  &amp#27;[32mWhen &amp#27;[0m&amp#27;[32mregistro un usuario con usuario &amp#27;[0m&amp#27;[32m&amp#27;[1m"mail.existente"&amp#27;[0m&amp#27;[32m, pass &amp#27;[0m&amp#27;[32m&amp#27;[1m"patata"&amp#27;[0m&amp#27;[32m y email &amp#27;[0m&amp#27;[32m&amp#27;[1m"trabajador2@admin.com"&amp#27;[0m &amp#27;[90m# es.uclm.esi.RegistroStepDefinitions.registro_un_usuario_con_usuario_pass_y_email(java.lang.String,java.lang.String,java.lang.String)&amp#27;[0m
  &amp#27;[32mAnd &amp#27;[0m&amp#27;[32m&amp#27;[0m&amp#27;[32m&amp#27;[1m"no"&amp#27;[0m&amp#27;[32m es nuevo para borrarlo&amp#27;[0m                                                                      &amp#27;[90m# es.uclm.esi.RegistroStepDefinitions.es_nuevo_para_borrarlo(java.lang.String)&amp#27;[0m
  &amp#27;[31mThen &amp#27;[0m&amp#27;[31mel mensaje sera &amp#27;[0m&amp#27;[31m&amp#27;[1m"Error: Email is already in use!"&amp#27;[0m                                               &amp#27;[90m# es.uclm.esi.RegistroStepDefinitions.el_mensaje_sera(java.lang.String)&amp#27;[0m
      &amp#27;[31morg.springframework.web.client.ResourceAccessException: I/O error on POST request for "http://localhost:8080/api/auth/signup/": Connection refused: connect; nested exception is java.net.ConnectException: Connection refused: connect
	at org.springframework.web.client.RestTemplate.doExecute(RestTemplate.java:746)
	at org.springframework.web.client.RestTemplate.execute(RestTemplate.java:672)
	at org.springframework.web.client.RestTemplate.postForEntity(RestTemplate.java:447)
	at es.uclm.esi.RegistroStepDefinitions.el_mensaje_sera(RegistroStepDefinitions.java:53)
	at âœ½.el mensaje sera "Error: Email is already in use!"(file:///C:/Users/carlo/git/SIGET-Equipo3/SIGET-Equipo3/src/test/java/es/uclm/esi/features/9registro.feature:6)
Caused by: java.net.ConnectException: Connection refused: connect
	at java.base/sun.nio.ch.Net.connect0(Native Method)
	at java.base/sun.nio.ch.Net.connect(Net.java:493)
	at java.base/sun.nio.ch.Net.connect(Net.java:482)
	at java.base/sun.nio.ch.NioSocketImpl.connect(NioSocketImpl.java:588)
	at java.base/java.net.Socket.connect(Socket.java:603)
	at java.base/java.net.Socket.connect(Socket.java:552)
	at java.base/sun.net.NetworkClient.doConnect(NetworkClient.java:182)
	at java.base/sun.net.www.http.HttpClient.openServer(HttpClient.java:474)
	at java.base/sun.net.www.http.HttpClient.openServer(HttpClient.java:569)
	at java.base/sun.net.www.http.HttpClient.<init>(HttpClient.java:242)
	at java.base/sun.net.www.http.HttpClient.New(HttpClient.java:341)
	at java.base/sun.net.www.http.HttpClient.New(HttpClient.java:362)
	at java.base/sun.net.www.protocol.http.HttpURLConnection.getNewHttpClient(HttpURLConnection.java:1248)
	at java.base/sun.net.www.protocol.http.HttpURLConnection.plainConnect0(HttpURLConnection.java:1187)
	at java.base/sun.net.www.protocol.http.HttpURLConnection.plainConnect(HttpURLConnection.java:1081)
	at java.base/sun.net.www.protocol.http.HttpURLConnection.connect(HttpURLConnection.java:1015)
	at org.springframework.http.client.SimpleBufferingClientHttpRequest.executeInternal(SimpleBufferingClientHttpRequest.java:76)
	at org.springframework.http.client.AbstractBufferingClientHttpRequest.executeInternal(AbstractBufferingClientHttpRequest.java:48)
	at org.springframework.http.client.AbstractClientHttpRequest.execute(AbstractClientHttpRequest.java:53)
	at org.springframework.web.client.RestTemplate.doExecute(RestTemplate.java:737)
	at org.springframework.web.client.RestTemplate.execute(RestTemplate.java:672)
	at org.springframework.web.client.RestTemplate.postForEntity(RestTemplate.java:447)
	at es.uclm.esi.RegistroStepDefinitions.el_mensaje_sera(RegistroStepDefinitions.java:53)
	at java.base/jdk.internal.reflect.NativeMethodAccessorImpl.invoke0(Native Method)
	at java.base/jdk.internal.reflect.NativeMethodAccessorImpl.invoke(NativeMethodAccessorImpl.java:62)
	at java.base/jdk.internal.reflect.DelegatingMethodAccessorImpl.invoke(DelegatingMethodAccessorImpl.java:43)
	at java.base/java.lang.reflect.Method.invoke(Method.java:567)
	at io.cucumber.java.Invoker.doInvoke(Invoker.java:66)
	at io.cucumber.java.Invoker.invoke(Invoker.java:24)
	at io.cucumber.java.AbstractGlueDefinition.invokeMethod(AbstractGlueDefinition.java:47)
	at io.cucumber.java.JavaStepDefinition.execute(JavaStepDefinition.java:29)
	at io.cucumber.core.runner.CoreStepDefinition.execute(CoreStepDefinition.java:66)
	at io.cucumber.core.runner.PickleStepDefinitionMatch.runStep(PickleStepDefinitionMatch.java:63)
	at io.cucumber.core.runner.ExecutionMode$1.execute(ExecutionMode.java:10)
	at io.cucumber.core.runner.TestStep.executeStep(TestStep.java:92)
	at io.cucumber.core.runner.TestStep.run(TestStep.java:64)
	at io.cucumber.core.runner.PickleStepTestStep.run(PickleStepTestStep.java:51)
	at io.cucumber.core.runner.TestCase.run(TestCase.java:104)
	at io.cucumber.core.runner.Runner.runPickle(Runner.java:71)
	at io.cucumber.junit.PickleRunners$NoStepDescriptions.run(PickleRunners.java:151)
	at io.cucumber.junit.FeatureRunner.runChild(FeatureRunner.java:135)
	at io.cucumber.junit.FeatureRunner.runChild(FeatureRunner.java:27)
	at org.junit.runners.ParentRunner$4.run(ParentRunner.java:331)
	at org.junit.runners.ParentRunner$1.schedule(ParentRunner.java:79)
	at org.junit.runners.ParentRunner.runChildren(ParentRunner.java:329)
	at org.junit.runners.ParentRunner.access$100(ParentRunner.java:66)
	at org.junit.runners.ParentRunner$2.evaluate(ParentRunner.java:293)
	at org.junit.runners.ParentRunner$3.evaluate(ParentRunner.java:306)
	at org.junit.runners.ParentRunner.run(ParentRunner.java:413)
	at io.cucumber.junit.Cucumber.runChild(Cucumber.java:199)
	at io.cucumber.junit.Cucumber.runChild(Cucumber.java:90)
	at org.junit.runners.ParentRunner$4.run(ParentRunner.java:331)
	at org.junit.runners.ParentRunner$1.schedule(ParentRunner.java:79)
	at org.junit.runners.ParentRunner.runChildren(ParentRunner.java:329)
	at org.junit.runners.ParentRunner.access$100(ParentRunner.java:66)
	at org.junit.runners.ParentRunner$2.evaluate(ParentRunner.java:293)
	at io.cucumber.junit.Cucumber$RunCucumber.evaluate(Cucumber.java:234)
	at org.junit.runners.ParentRunner$3.evaluate(ParentRunner.java:306)
	at org.junit.runners.ParentRunner.run(ParentRunner.java:413)
	at org.junit.runner.JUnitCore.run(JUnitCore.java:137)
	at org.junit.runner.JUnitCore.run(JUnitCore.java:115)
	at org.junit.vintage.engine.execution.RunnerExecutor.execute(RunnerExecutor.java:43)
	at java.base/java.util.stream.ForEachOps$ForEachOp$OfRef.accept(ForEachOps.java:183)
	at java.base/java.util.stream.ReferencePipeline$3$1.accept(ReferencePipeline.java:195)
	at java.base/java.util.Iterator.forEachRemaining(Iterator.java:133)
	at java.base/java.util.Spliterators$IteratorSpliterator.forEachRemaining(Spliterators.java:1801)
	at java.base/java.util.stream.AbstractPipeline.copyInto(AbstractPipeline.java:484)
	at java.base/java.util.stream.AbstractPipeline.wrapAndCopyInto(AbstractPipeline.java:474)
	at java.base/java.util.stream.ForEachOps$ForEachOp.evaluateSequential(ForEachOps.java:150)
	at java.base/java.util.stream.ForEachOps$ForEachOp$OfRef.evaluateSequential(ForEachOps.java:173)
	at java.base/java.util.stream.AbstractPipeline.evaluate(AbstractPipeline.java:234)
	at java.base/java.util.stream.ReferencePipeline.forEach(ReferencePipeline.java:497)
	at org.junit.vintage.engine.VintageTestEngine.executeAllChildren(VintageTestEngine.java:82)
	at org.junit.vintage.engine.VintageTestEngine.execute(VintageTestEngine.java:73)
	at org.junit.platform.launcher.core.DefaultLauncher.execute(DefaultLauncher.java:220)
	at org.junit.platform.launcher.core.DefaultLauncher.lambda$execute$6(DefaultLauncher.java:188)
	at org.junit.platform.launcher.core.DefaultLauncher.withInterceptedStreams(DefaultLauncher.java:202)
	at org.junit.platform.launcher.core.DefaultLauncher.execute(DefaultLauncher.java:181)
	at org.junit.platform.launcher.core.DefaultLauncher.execute(DefaultLauncher.java:128)
	at org.apache.maven.surefire.junitplatform.JUnitPlatformProvider.invokeAllTests(JUnitPlatformProvider.java:150)
	at org.apache.maven.surefire.junitplatform.JUnitPlatformProvider.invoke(JUnitPlatformProvider.java:124)
	at org.apache.maven.surefire.booter.ForkedBooter.invokeProviderInSameClassLoader(ForkedBooter.java:384)
	at org.apache.maven.surefire.booter.ForkedBooter.runSuitesInProcess(ForkedBooter.java:345)
	at org.apache.maven.surefire.booter.ForkedBooter.execute(ForkedBooter.java:126)
	at org.apache.maven.surefire.booter.ForkedBooter.main(ForkedBooter.java:418)
&amp#27;[0m
]]></system-out>
  </testcase>
  <testcase name="registro #6" classname="es.uclm.esi.RunCucumberTest" time="2.018">
    <error message="I/O error on POST request for &quot;http://localhost:8080/api/auth/signup/&quot;: Connection refused: connect; nested exception is java.net.ConnectException: Connection refused: connect" type="org.springframework.web.client.ResourceAccessException">org.springframework.web.client.ResourceAccessException: I/O error on POST request for "http://localhost:8080/api/auth/signup/": Connection refused: connect; nested exception is java.net.ConnectException: Connection refused: connect
Caused by: java.net.ConnectException: Connection refused: connect
</error>
    <system-out><![CDATA[2020-12-03 12:05:35 - Neither @ContextConfiguration nor @ContextHierarchy found for test class [es.uclm.esi.CucumberTestContextConfiguration], using SpringBootContextLoader
2020-12-03 12:05:35 - Could not detect default resource locations for test class [es.uclm.esi.CucumberTestContextConfiguration]: no resource found for suffixes {-context.xml, Context.groovy}.
2020-12-03 12:05:35 - Could not detect default configuration classes for test class [es.uclm.esi.CucumberTestContextConfiguration]: CucumberTestContextConfiguration does not declare any static, non-private, non-final, nested classes annotated with @Configuration.
2020-12-03 12:05:35 - Found @SpringBootConfiguration es.uclm.esi.SigetApplication for test class es.uclm.esi.CucumberTestContextConfiguration
2020-12-03 12:05:35 - Loaded default TestExecutionListener class names from location [META-INF/spring.factories]: [org.springframework.boot.test.mock.mockito.MockitoTestExecutionListener, org.springframework.boot.test.mock.mockito.ResetMocksTestExecutionListener, org.springframework.boot.test.autoconfigure.restdocs.RestDocsTestExecutionListener, org.springframework.boot.test.autoconfigure.web.client.MockRestServiceServerResetTestExecutionListener, org.springframework.boot.test.autoconfigure.web.servlet.MockMvcPrintOnlyOnFailureTestExecutionListener, org.springframework.boot.test.autoconfigure.web.servlet.WebDriverTestExecutionListener, org.springframework.boot.test.autoconfigure.webservices.client.MockWebServiceServerTestExecutionListener, org.springframework.test.context.web.ServletTestExecutionListener, org.springframework.test.context.support.DirtiesContextBeforeModesTestExecutionListener, org.springframework.test.context.support.DependencyInjectionTestExecutionListener, org.springframework.test.context.support.DirtiesContextTestExecutionListener, org.springframework.test.context.transaction.TransactionalTestExecutionListener, org.springframework.test.context.jdbc.SqlScriptsTestExecutionListener, org.springframework.test.context.event.EventPublishingTestExecutionListener, org.springframework.security.test.context.support.WithSecurityContextTestExecutionListener, org.springframework.security.test.context.support.ReactorContextTestExecutionListener]
2020-12-03 12:05:35 - Using TestExecutionListeners: [org.springframework.test.context.web.ServletTestExecutionListener@4700963e, org.springframework.test.context.support.DirtiesContextBeforeModesTestExecutionListener@153d14e3, org.springframework.boot.test.mock.mockito.MockitoTestExecutionListener@3b17759c, org.springframework.boot.test.autoconfigure.SpringBootDependencyInjectionTestExecutionListener@11cdf948, org.springframework.test.context.support.DirtiesContextTestExecutionListener@523f3c29, org.springframework.test.context.transaction.TransactionalTestExecutionListener@2fd8b081, org.springframework.test.context.jdbc.SqlScriptsTestExecutionListener@2fe38b73, org.springframework.test.context.event.EventPublishingTestExecutionListener@511a307e, org.springframework.security.test.context.support.WithSecurityContextTestExecutionListener@7aef8000, org.springframework.security.test.context.support.ReactorContextTestExecutionListener@10d97b64, org.springframework.boot.test.mock.mockito.ResetMocksTestExecutionListener@2352c21f, org.springframework.boot.test.autoconfigure.restdocs.RestDocsTestExecutionListener@23cb8fcb, org.springframework.boot.test.autoconfigure.web.client.MockRestServiceServerResetTestExecutionListener@25a2f432, org.springframework.boot.test.autoconfigure.web.servlet.MockMvcPrintOnlyOnFailureTestExecutionListener@7efba9b9, org.springframework.boot.test.autoconfigure.web.servlet.WebDriverTestExecutionListener@4b8cde43, org.springframework.boot.test.autoconfigure.webservices.client.MockWebServiceServerTestExecutionListener@34c6b52e]

Scenario Outline: registro                                                               &amp#27;[90m# src/test/java/es/uclm/esi/features/9registro.feature:16&amp#27;[0m
  &amp#27;[32mWhen &amp#27;[0m&amp#27;[32mregistro un usuario con usuario &amp#27;[0m&amp#27;[32m&amp#27;[1m"ejemplo1"&amp#27;[0m&amp#27;[32m, pass &amp#27;[0m&amp#27;[32m&amp#27;[1m"pass11"&amp#27;[0m&amp#27;[32m y email &amp#27;[0m&amp#27;[32m&amp#27;[1m"ej1@admin.com"&amp#27;[0m &amp#27;[90m# es.uclm.esi.RegistroStepDefinitions.registro_un_usuario_con_usuario_pass_y_email(java.lang.String,java.lang.String,java.lang.String)&amp#27;[0m
  &amp#27;[32mAnd &amp#27;[0m&amp#27;[32m&amp#27;[0m&amp#27;[32m&amp#27;[1m"si"&amp#27;[0m&amp#27;[32m es nuevo para borrarlo&amp#27;[0m                                                        &amp#27;[90m# es.uclm.esi.RegistroStepDefinitions.es_nuevo_para_borrarlo(java.lang.String)&amp#27;[0m
  &amp#27;[31mThen &amp#27;[0m&amp#27;[31mel mensaje sera &amp#27;[0m&amp#27;[31m&amp#27;[1m"User registered successfully!"&amp#27;[0m                                   &amp#27;[90m# es.uclm.esi.RegistroStepDefinitions.el_mensaje_sera(java.lang.String)&amp#27;[0m
      &amp#27;[31morg.springframework.web.client.ResourceAccessException: I/O error on POST request for "http://localhost:8080/api/auth/signup/": Connection refused: connect; nested exception is java.net.ConnectException: Connection refused: connect
	at org.springframework.web.client.RestTemplate.doExecute(RestTemplate.java:746)
	at org.springframework.web.client.RestTemplate.execute(RestTemplate.java:672)
	at org.springframework.web.client.RestTemplate.postForEntity(RestTemplate.java:447)
	at es.uclm.esi.RegistroStepDefinitions.el_mensaje_sera(RegistroStepDefinitions.java:53)
	at âœ½.el mensaje sera "User registered successfully!"(file:///C:/Users/carlo/git/SIGET-Equipo3/SIGET-Equipo3/src/test/java/es/uclm/esi/features/9registro.feature:6)
Caused by: java.net.ConnectException: Connection refused: connect
	at java.base/sun.nio.ch.Net.connect0(Native Method)
	at java.base/sun.nio.ch.Net.connect(Net.java:493)
	at java.base/sun.nio.ch.Net.connect(Net.java:482)
	at java.base/sun.nio.ch.NioSocketImpl.connect(NioSocketImpl.java:588)
	at java.base/java.net.Socket.connect(Socket.java:603)
	at java.base/java.net.Socket.connect(Socket.java:552)
	at java.base/sun.net.NetworkClient.doConnect(NetworkClient.java:182)
	at java.base/sun.net.www.http.HttpClient.openServer(HttpClient.java:474)
	at java.base/sun.net.www.http.HttpClient.openServer(HttpClient.java:569)
	at java.base/sun.net.www.http.HttpClient.<init>(HttpClient.java:242)
	at java.base/sun.net.www.http.HttpClient.New(HttpClient.java:341)
	at java.base/sun.net.www.http.HttpClient.New(HttpClient.java:362)
	at java.base/sun.net.www.protocol.http.HttpURLConnection.getNewHttpClient(HttpURLConnection.java:1248)
	at java.base/sun.net.www.protocol.http.HttpURLConnection.plainConnect0(HttpURLConnection.java:1187)
	at java.base/sun.net.www.protocol.http.HttpURLConnection.plainConnect(HttpURLConnection.java:1081)
	at java.base/sun.net.www.protocol.http.HttpURLConnection.connect(HttpURLConnection.java:1015)
	at org.springframework.http.client.SimpleBufferingClientHttpRequest.executeInternal(SimpleBufferingClientHttpRequest.java:76)
	at org.springframework.http.client.AbstractBufferingClientHttpRequest.executeInternal(AbstractBufferingClientHttpRequest.java:48)
	at org.springframework.http.client.AbstractClientHttpRequest.execute(AbstractClientHttpRequest.java:53)
	at org.springframework.web.client.RestTemplate.doExecute(RestTemplate.java:737)
	at org.springframework.web.client.RestTemplate.execute(RestTemplate.java:672)
	at org.springframework.web.client.RestTemplate.postForEntity(RestTemplate.java:447)
	at es.uclm.esi.RegistroStepDefinitions.el_mensaje_sera(RegistroStepDefinitions.java:53)
	at java.base/jdk.internal.reflect.NativeMethodAccessorImpl.invoke0(Native Method)
	at java.base/jdk.internal.reflect.NativeMethodAccessorImpl.invoke(NativeMethodAccessorImpl.java:62)
	at java.base/jdk.internal.reflect.DelegatingMethodAccessorImpl.invoke(DelegatingMethodAccessorImpl.java:43)
	at java.base/java.lang.reflect.Method.invoke(Method.java:567)
	at io.cucumber.java.Invoker.doInvoke(Invoker.java:66)
	at io.cucumber.java.Invoker.invoke(Invoker.java:24)
	at io.cucumber.java.AbstractGlueDefinition.invokeMethod(AbstractGlueDefinition.java:47)
	at io.cucumber.java.JavaStepDefinition.execute(JavaStepDefinition.java:29)
	at io.cucumber.core.runner.CoreStepDefinition.execute(CoreStepDefinition.java:66)
	at io.cucumber.core.runner.PickleStepDefinitionMatch.runStep(PickleStepDefinitionMatch.java:63)
	at io.cucumber.core.runner.ExecutionMode$1.execute(ExecutionMode.java:10)
	at io.cucumber.core.runner.TestStep.executeStep(TestStep.java:92)
	at io.cucumber.core.runner.TestStep.run(TestStep.java:64)
	at io.cucumber.core.runner.PickleStepTestStep.run(PickleStepTestStep.java:51)
	at io.cucumber.core.runner.TestCase.run(TestCase.java:104)
	at io.cucumber.core.runner.Runner.runPickle(Runner.java:71)
	at io.cucumber.junit.PickleRunners$NoStepDescriptions.run(PickleRunners.java:151)
	at io.cucumber.junit.FeatureRunner.runChild(FeatureRunner.java:135)
	at io.cucumber.junit.FeatureRunner.runChild(FeatureRunner.java:27)
	at org.junit.runners.ParentRunner$4.run(ParentRunner.java:331)
	at org.junit.runners.ParentRunner$1.schedule(ParentRunner.java:79)
	at org.junit.runners.ParentRunner.runChildren(ParentRunner.java:329)
	at org.junit.runners.ParentRunner.access$100(ParentRunner.java:66)
	at org.junit.runners.ParentRunner$2.evaluate(ParentRunner.java:293)
	at org.junit.runners.ParentRunner$3.evaluate(ParentRunner.java:306)
	at org.junit.runners.ParentRunner.run(ParentRunner.java:413)
	at io.cucumber.junit.Cucumber.runChild(Cucumber.java:199)
	at io.cucumber.junit.Cucumber.runChild(Cucumber.java:90)
	at org.junit.runners.ParentRunner$4.run(ParentRunner.java:331)
	at org.junit.runners.ParentRunner$1.schedule(ParentRunner.java:79)
	at org.junit.runners.ParentRunner.runChildren(ParentRunner.java:329)
	at org.junit.runners.ParentRunner.access$100(ParentRunner.java:66)
	at org.junit.runners.ParentRunner$2.evaluate(ParentRunner.java:293)
	at io.cucumber.junit.Cucumber$RunCucumber.evaluate(Cucumber.java:234)
	at org.junit.runners.ParentRunner$3.evaluate(ParentRunner.java:306)
	at org.junit.runners.ParentRunner.run(ParentRunner.java:413)
	at org.junit.runner.JUnitCore.run(JUnitCore.java:137)
	at org.junit.runner.JUnitCore.run(JUnitCore.java:115)
	at org.junit.vintage.engine.execution.RunnerExecutor.execute(RunnerExecutor.java:43)
	at java.base/java.util.stream.ForEachOps$ForEachOp$OfRef.accept(ForEachOps.java:183)
	at java.base/java.util.stream.ReferencePipeline$3$1.accept(ReferencePipeline.java:195)
	at java.base/java.util.Iterator.forEachRemaining(Iterator.java:133)
	at java.base/java.util.Spliterators$IteratorSpliterator.forEachRemaining(Spliterators.java:1801)
	at java.base/java.util.stream.AbstractPipeline.copyInto(AbstractPipeline.java:484)
	at java.base/java.util.stream.AbstractPipeline.wrapAndCopyInto(AbstractPipeline.java:474)
	at java.base/java.util.stream.ForEachOps$ForEachOp.evaluateSequential(ForEachOps.java:150)
	at java.base/java.util.stream.ForEachOps$ForEachOp$OfRef.evaluateSequential(ForEachOps.java:173)
	at java.base/java.util.stream.AbstractPipeline.evaluate(AbstractPipeline.java:234)
	at java.base/java.util.stream.ReferencePipeline.forEach(ReferencePipeline.java:497)
	at org.junit.vintage.engine.VintageTestEngine.executeAllChildren(VintageTestEngine.java:82)
	at org.junit.vintage.engine.VintageTestEngine.execute(VintageTestEngine.java:73)
	at org.junit.platform.launcher.core.DefaultLauncher.execute(DefaultLauncher.java:220)
	at org.junit.platform.launcher.core.DefaultLauncher.lambda$execute$6(DefaultLauncher.java:188)
	at org.junit.platform.launcher.core.DefaultLauncher.withInterceptedStreams(DefaultLauncher.java:202)
	at org.junit.platform.launcher.core.DefaultLauncher.execute(DefaultLauncher.java:181)
	at org.junit.platform.launcher.core.DefaultLauncher.execute(DefaultLauncher.java:128)
	at org.apache.maven.surefire.junitplatform.JUnitPlatformProvider.invokeAllTests(JUnitPlatformProvider.java:150)
	at org.apache.maven.surefire.junitplatform.JUnitPlatformProvider.invoke(JUnitPlatformProvider.java:124)
	at org.apache.maven.surefire.booter.ForkedBooter.invokeProviderInSameClassLoader(ForkedBooter.java:384)
	at org.apache.maven.surefire.booter.ForkedBooter.runSuitesInProcess(ForkedBooter.java:345)
	at org.apache.maven.surefire.booter.ForkedBooter.execute(ForkedBooter.java:126)
	at org.apache.maven.surefire.booter.ForkedBooter.main(ForkedBooter.java:418)
&amp#27;[0m
]]></system-out>
  </testcase>
  <testcase name="registro #7" classname="es.uclm.esi.RunCucumberTest" time="2.018">
    <error message="I/O error on POST request for &quot;http://localhost:8080/api/auth/signup/&quot;: Connection refused: connect; nested exception is java.net.ConnectException: Connection refused: connect" type="org.springframework.web.client.ResourceAccessException">org.springframework.web.client.ResourceAccessException: I/O error on POST request for "http://localhost:8080/api/auth/signup/": Connection refused: connect; nested exception is java.net.ConnectException: Connection refused: connect
Caused by: java.net.ConnectException: Connection refused: connect
</error>
    <system-out><![CDATA[2020-12-03 12:05:37 - Neither @ContextConfiguration nor @ContextHierarchy found for test class [es.uclm.esi.CucumberTestContextConfiguration], using SpringBootContextLoader
2020-12-03 12:05:37 - Could not detect default resource locations for test class [es.uclm.esi.CucumberTestContextConfiguration]: no resource found for suffixes {-context.xml, Context.groovy}.
2020-12-03 12:05:37 - Could not detect default configuration classes for test class [es.uclm.esi.CucumberTestContextConfiguration]: CucumberTestContextConfiguration does not declare any static, non-private, non-final, nested classes annotated with @Configuration.
2020-12-03 12:05:37 - Found @SpringBootConfiguration es.uclm.esi.SigetApplication for test class es.uclm.esi.CucumberTestContextConfiguration
2020-12-03 12:05:37 - Loaded default TestExecutionListener class names from location [META-INF/spring.factories]: [org.springframework.boot.test.mock.mockito.MockitoTestExecutionListener, org.springframework.boot.test.mock.mockito.ResetMocksTestExecutionListener, org.springframework.boot.test.autoconfigure.restdocs.RestDocsTestExecutionListener, org.springframework.boot.test.autoconfigure.web.client.MockRestServiceServerResetTestExecutionListener, org.springframework.boot.test.autoconfigure.web.servlet.MockMvcPrintOnlyOnFailureTestExecutionListener, org.springframework.boot.test.autoconfigure.web.servlet.WebDriverTestExecutionListener, org.springframework.boot.test.autoconfigure.webservices.client.MockWebServiceServerTestExecutionListener, org.springframework.test.context.web.ServletTestExecutionListener, org.springframework.test.context.support.DirtiesContextBeforeModesTestExecutionListener, org.springframework.test.context.support.DependencyInjectionTestExecutionListener, org.springframework.test.context.support.DirtiesContextTestExecutionListener, org.springframework.test.context.transaction.TransactionalTestExecutionListener, org.springframework.test.context.jdbc.SqlScriptsTestExecutionListener, org.springframework.test.context.event.EventPublishingTestExecutionListener, org.springframework.security.test.context.support.WithSecurityContextTestExecutionListener, org.springframework.security.test.context.support.ReactorContextTestExecutionListener]
2020-12-03 12:05:37 - Using TestExecutionListeners: [org.springframework.test.context.web.ServletTestExecutionListener@8b1bfdf, org.springframework.test.context.support.DirtiesContextBeforeModesTestExecutionListener@95f1422, org.springframework.boot.test.mock.mockito.MockitoTestExecutionListener@31b7112d, org.springframework.boot.test.autoconfigure.SpringBootDependencyInjectionTestExecutionListener@47fc9ce, org.springframework.test.context.support.DirtiesContextTestExecutionListener@1b5d1d9, org.springframework.test.context.transaction.TransactionalTestExecutionListener@703a2bc9, org.springframework.test.context.jdbc.SqlScriptsTestExecutionListener@790d629a, org.springframework.test.context.event.EventPublishingTestExecutionListener@346e5cc, org.springframework.security.test.context.support.WithSecurityContextTestExecutionListener@2cd2c764, org.springframework.security.test.context.support.ReactorContextTestExecutionListener@d17d554, org.springframework.boot.test.mock.mockito.ResetMocksTestExecutionListener@1f1c7fde, org.springframework.boot.test.autoconfigure.restdocs.RestDocsTestExecutionListener@2b409174, org.springframework.boot.test.autoconfigure.web.client.MockRestServiceServerResetTestExecutionListener@11939a9f, org.springframework.boot.test.autoconfigure.web.servlet.MockMvcPrintOnlyOnFailureTestExecutionListener@229d508c, org.springframework.boot.test.autoconfigure.web.servlet.WebDriverTestExecutionListener@5e83298e, org.springframework.boot.test.autoconfigure.webservices.client.MockWebServiceServerTestExecutionListener@7167d81b]

Scenario Outline: registro                                                                     &amp#27;[90m# src/test/java/es/uclm/esi/features/9registro.feature:17&amp#27;[0m
  &amp#27;[32mWhen &amp#27;[0m&amp#27;[32mregistro un usuario con usuario &amp#27;[0m&amp#27;[32m&amp#27;[1m"2ejemplo"&amp#27;[0m&amp#27;[32m, pass &amp#27;[0m&amp#27;[32m&amp#27;[1m"2pass2"&amp#27;[0m&amp#27;[32m y email &amp#27;[0m&amp#27;[32m&amp#27;[1m"trabajador2@ej2.com"&amp#27;[0m &amp#27;[90m# es.uclm.esi.RegistroStepDefinitions.registro_un_usuario_con_usuario_pass_y_email(java.lang.String,java.lang.String,java.lang.String)&amp#27;[0m
  &amp#27;[32mAnd &amp#27;[0m&amp#27;[32m&amp#27;[0m&amp#27;[32m&amp#27;[1m"si"&amp#27;[0m&amp#27;[32m es nuevo para borrarlo&amp#27;[0m                                                              &amp#27;[90m# es.uclm.esi.RegistroStepDefinitions.es_nuevo_para_borrarlo(java.lang.String)&amp#27;[0m
  &amp#27;[31mThen &amp#27;[0m&amp#27;[31mel mensaje sera &amp#27;[0m&amp#27;[31m&amp#27;[1m"User registered successfully!"&amp#27;[0m                                         &amp#27;[90m# es.uclm.esi.RegistroStepDefinitions.el_mensaje_sera(java.lang.String)&amp#27;[0m
      &amp#27;[31morg.springframework.web.client.ResourceAccessException: I/O error on POST request for "http://localhost:8080/api/auth/signup/": Connection refused: connect; nested exception is java.net.ConnectException: Connection refused: connect
	at org.springframework.web.client.RestTemplate.doExecute(RestTemplate.java:746)
	at org.springframework.web.client.RestTemplate.execute(RestTemplate.java:672)
	at org.springframework.web.client.RestTemplate.postForEntity(RestTemplate.java:447)
	at es.uclm.esi.RegistroStepDefinitions.el_mensaje_sera(RegistroStepDefinitions.java:53)
	at âœ½.el mensaje sera "User registered successfully!"(file:///C:/Users/carlo/git/SIGET-Equipo3/SIGET-Equipo3/src/test/java/es/uclm/esi/features/9registro.feature:6)
Caused by: java.net.ConnectException: Connection refused: connect
	at java.base/sun.nio.ch.Net.connect0(Native Method)
	at java.base/sun.nio.ch.Net.connect(Net.java:493)
	at java.base/sun.nio.ch.Net.connect(Net.java:482)
	at java.base/sun.nio.ch.NioSocketImpl.connect(NioSocketImpl.java:588)
	at java.base/java.net.Socket.connect(Socket.java:603)
	at java.base/java.net.Socket.connect(Socket.java:552)
	at java.base/sun.net.NetworkClient.doConnect(NetworkClient.java:182)
	at java.base/sun.net.www.http.HttpClient.openServer(HttpClient.java:474)
	at java.base/sun.net.www.http.HttpClient.openServer(HttpClient.java:569)
	at java.base/sun.net.www.http.HttpClient.<init>(HttpClient.java:242)
	at java.base/sun.net.www.http.HttpClient.New(HttpClient.java:341)
	at java.base/sun.net.www.http.HttpClient.New(HttpClient.java:362)
	at java.base/sun.net.www.protocol.http.HttpURLConnection.getNewHttpClient(HttpURLConnection.java:1248)
	at java.base/sun.net.www.protocol.http.HttpURLConnection.plainConnect0(HttpURLConnection.java:1187)
	at java.base/sun.net.www.protocol.http.HttpURLConnection.plainConnect(HttpURLConnection.java:1081)
	at java.base/sun.net.www.protocol.http.HttpURLConnection.connect(HttpURLConnection.java:1015)
	at org.springframework.http.client.SimpleBufferingClientHttpRequest.executeInternal(SimpleBufferingClientHttpRequest.java:76)
	at org.springframework.http.client.AbstractBufferingClientHttpRequest.executeInternal(AbstractBufferingClientHttpRequest.java:48)
	at org.springframework.http.client.AbstractClientHttpRequest.execute(AbstractClientHttpRequest.java:53)
	at org.springframework.web.client.RestTemplate.doExecute(RestTemplate.java:737)
	at org.springframework.web.client.RestTemplate.execute(RestTemplate.java:672)
	at org.springframework.web.client.RestTemplate.postForEntity(RestTemplate.java:447)
	at es.uclm.esi.RegistroStepDefinitions.el_mensaje_sera(RegistroStepDefinitions.java:53)
	at java.base/jdk.internal.reflect.NativeMethodAccessorImpl.invoke0(Native Method)
	at java.base/jdk.internal.reflect.NativeMethodAccessorImpl.invoke(NativeMethodAccessorImpl.java:62)
	at java.base/jdk.internal.reflect.DelegatingMethodAccessorImpl.invoke(DelegatingMethodAccessorImpl.java:43)
	at java.base/java.lang.reflect.Method.invoke(Method.java:567)
	at io.cucumber.java.Invoker.doInvoke(Invoker.java:66)
	at io.cucumber.java.Invoker.invoke(Invoker.java:24)
	at io.cucumber.java.AbstractGlueDefinition.invokeMethod(AbstractGlueDefinition.java:47)
	at io.cucumber.java.JavaStepDefinition.execute(JavaStepDefinition.java:29)
	at io.cucumber.core.runner.CoreStepDefinition.execute(CoreStepDefinition.java:66)
	at io.cucumber.core.runner.PickleStepDefinitionMatch.runStep(PickleStepDefinitionMatch.java:63)
	at io.cucumber.core.runner.ExecutionMode$1.execute(ExecutionMode.java:10)
	at io.cucumber.core.runner.TestStep.executeStep(TestStep.java:92)
	at io.cucumber.core.runner.TestStep.run(TestStep.java:64)
	at io.cucumber.core.runner.PickleStepTestStep.run(PickleStepTestStep.java:51)
	at io.cucumber.core.runner.TestCase.run(TestCase.java:104)
	at io.cucumber.core.runner.Runner.runPickle(Runner.java:71)
	at io.cucumber.junit.PickleRunners$NoStepDescriptions.run(PickleRunners.java:151)
	at io.cucumber.junit.FeatureRunner.runChild(FeatureRunner.java:135)
	at io.cucumber.junit.FeatureRunner.runChild(FeatureRunner.java:27)
	at org.junit.runners.ParentRunner$4.run(ParentRunner.java:331)
	at org.junit.runners.ParentRunner$1.schedule(ParentRunner.java:79)
	at org.junit.runners.ParentRunner.runChildren(ParentRunner.java:329)
	at org.junit.runners.ParentRunner.access$100(ParentRunner.java:66)
	at org.junit.runners.ParentRunner$2.evaluate(ParentRunner.java:293)
	at org.junit.runners.ParentRunner$3.evaluate(ParentRunner.java:306)
	at org.junit.runners.ParentRunner.run(ParentRunner.java:413)
	at io.cucumber.junit.Cucumber.runChild(Cucumber.java:199)
	at io.cucumber.junit.Cucumber.runChild(Cucumber.java:90)
	at org.junit.runners.ParentRunner$4.run(ParentRunner.java:331)
	at org.junit.runners.ParentRunner$1.schedule(ParentRunner.java:79)
	at org.junit.runners.ParentRunner.runChildren(ParentRunner.java:329)
	at org.junit.runners.ParentRunner.access$100(ParentRunner.java:66)
	at org.junit.runners.ParentRunner$2.evaluate(ParentRunner.java:293)
	at io.cucumber.junit.Cucumber$RunCucumber.evaluate(Cucumber.java:234)
	at org.junit.runners.ParentRunner$3.evaluate(ParentRunner.java:306)
	at org.junit.runners.ParentRunner.run(ParentRunner.java:413)
	at org.junit.runner.JUnitCore.run(JUnitCore.java:137)
	at org.junit.runner.JUnitCore.run(JUnitCore.java:115)
	at org.junit.vintage.engine.execution.RunnerExecutor.execute(RunnerExecutor.java:43)
	at java.base/java.util.stream.ForEachOps$ForEachOp$OfRef.accept(ForEachOps.java:183)
	at java.base/java.util.stream.ReferencePipeline$3$1.accept(ReferencePipeline.java:195)
	at java.base/java.util.Iterator.forEachRemaining(Iterator.java:133)
	at java.base/java.util.Spliterators$IteratorSpliterator.forEachRemaining(Spliterators.java:1801)
	at java.base/java.util.stream.AbstractPipeline.copyInto(AbstractPipeline.java:484)
	at java.base/java.util.stream.AbstractPipeline.wrapAndCopyInto(AbstractPipeline.java:474)
	at java.base/java.util.stream.ForEachOps$ForEachOp.evaluateSequential(ForEachOps.java:150)
	at java.base/java.util.stream.ForEachOps$ForEachOp$OfRef.evaluateSequential(ForEachOps.java:173)
	at java.base/java.util.stream.AbstractPipeline.evaluate(AbstractPipeline.java:234)
	at java.base/java.util.stream.ReferencePipeline.forEach(ReferencePipeline.java:497)
	at org.junit.vintage.engine.VintageTestEngine.executeAllChildren(VintageTestEngine.java:82)
	at org.junit.vintage.engine.VintageTestEngine.execute(VintageTestEngine.java:73)
	at org.junit.platform.launcher.core.DefaultLauncher.execute(DefaultLauncher.java:220)
	at org.junit.platform.launcher.core.DefaultLauncher.lambda$execute$6(DefaultLauncher.java:188)
	at org.junit.platform.launcher.core.DefaultLauncher.withInterceptedStreams(DefaultLauncher.java:202)
	at org.junit.platform.launcher.core.DefaultLauncher.execute(DefaultLauncher.java:181)
	at org.junit.platform.launcher.core.DefaultLauncher.execute(DefaultLauncher.java:128)
	at org.apache.maven.surefire.junitplatform.JUnitPlatformProvider.invokeAllTests(JUnitPlatformProvider.java:150)
	at org.apache.maven.surefire.junitplatform.JUnitPlatformProvider.invoke(JUnitPlatformProvider.java:124)
	at org.apache.maven.surefire.booter.ForkedBooter.invokeProviderInSameClassLoader(ForkedBooter.java:384)
	at org.apache.maven.surefire.booter.ForkedBooter.runSuitesInProcess(ForkedBooter.java:345)
	at org.apache.maven.surefire.booter.ForkedBooter.execute(ForkedBooter.java:126)
	at org.apache.maven.surefire.booter.ForkedBooter.main(ForkedBooter.java:418)
&amp#27;[0m
]]></system-out>
  </testcase>
</testsuite>