<?xml version="1.0" encoding="UTF-8"?>
<testsuite xmlns:xsi="http://www.w3.org/2001/XMLSchema-instance" xsi:schemaLocation="https://maven.apache.org/surefire/maven-surefire-plugin/xsd/surefire-test-report.xsd" name="es.uclm.esi.RunCucumberTest" time="11.334" tests="10" errors="0" skipped="0" failures="1">
  <properties>
    <property name="java.runtime.name" value="OpenJDK Runtime Environment"/>
    <property name="java.vm.version" value="15.0.1+9-18"/>
    <property name="sun.boot.library.path" value="C:\Program Files\Java\jdk-15.0.1\bin"/>
    <property name="maven.multiModuleProjectDirectory" value="C:\Users\crist\git\SIGET-Equipo3"/>
    <property name="java.vm.vendor" value="Oracle Corporation"/>
    <property name="java.vendor.url" value="https://java.oracle.com/"/>
    <property name="guice.disable.misplaced.annotation.check" value="true"/>
    <property name="path.separator" value=";"/>
    <property name="java.vm.name" value="OpenJDK 64-Bit Server VM"/>
    <property name="sun.os.patch.level" value=""/>
    <property name="user.script" value=""/>
    <property name="user.country" value="ES"/>
    <property name="sun.java.launcher" value="SUN_STANDARD"/>
    <property name="java.vm.specification.name" value="Java Virtual Machine Specification"/>
    <property name="user.dir" value="C:\Users\crist\git\SIGET-Equipo3"/>
    <property name="java.vm.compressedOopsMode" value="Zero based"/>
    <property name="java.runtime.version" value="15.0.1+9-18"/>
    <property name="os.arch" value="amd64"/>
    <property name="java.io.tmpdir" value="C:\Users\crist\AppData\Local\Temp\"/>
    <property name="line.separator" value="&#10;"/>
    <property name="java.vm.specification.vendor" value="Oracle Corporation"/>
    <property name="user.variant" value=""/>
    <property name="os.name" value="Windows 10"/>
    <property name="classworlds.conf" value="C:\Eclipse\Workspace\.metadata\.plugins\org.eclipse.m2e.launching\launches\m2conf7955541321421925454.tmp"/>
    <property name="sun.jnu.encoding" value="Cp1252"/>
    <property name="java.library.path" value="C:\Program Files\Java\jdk-15.0.1\bin;C:\WINDOWS\Sun\Java\bin;C:\WINDOWS\system32;C:\WINDOWS;C:/Program Files/Java/jre1.8.0_231/bin/server;C:/Program Files/Java/jre1.8.0_231/bin;C:/Program Files/Java/jre1.8.0_231/lib/amd64;C:\Program Files (x86)\Common Files\Oracle\Java\javapath;C:\Program Files (x86)\Intel\Intel(R) Management Engine Components\iCLS\;C:\Program Files\Intel\Intel(R) Management Engine Components\iCLS\;C:\windows\system32;C:\windows;C:\windows\System32\Wbem;C:\windows\System32\WindowsPowerShell\v1.0\;C:\Program Files (x86)\Intel\Intel(R) Management Engine Components\DAL;C:\Program Files\Intel\Intel(R) Management Engine Components\DAL;C:\Program Files (x86)\Intel\Intel(R) Management Engine Components\IPT;C:\Program Files\Intel\Intel(R) Management Engine Components\IPT;C:\Program Files (x86)\NVIDIA Corporation\PhysX\Common;C:\WINDOWS\system32;C:\WINDOWS;C:\WINDOWS\System32\Wbem;C:\WINDOWS\System32\WindowsPowerShell\v1.0\;C:\WINDOWS\System32\OpenSSH\;C:\Program Files\AutoFirma\AutoFirma;C:\Program Files (x86)\Windows Live\Shared;C:\Program Files\Intel\WiFi\bin\;C:\Program Files\Common Files\Intel\WirelessCommon\;C:\Program Files\Git\cmd;C:\Python\Python37;C:\Program Files\Java\jdk-13.0.1\bin;C:\Program Files\Java\jdk1.8.0_231\bin;C:\Program Files (x86)\Microsoft SQL Server\150\DTS\Binn\;C:\Program Files\Microsoft SQL Server\Client SDK\ODBC\170\Tools\Binn\;C:\Program Files (x86)\Microsoft SQL Server\150\Tools\Binn\;C:\Program Files\Microsoft SQL Server\150\Tools\Binn\;C:\Program Files\Microsoft SQL Server\150\DTS\Binn\;C:\Program Files\dotnet\;C:\Program Files\MySQL\MySQL Shell 8.0\bin\;C:\Python\Python37\Scripts\;C:\Python\Python37\;C:\Users\crist\AppData\Local\Microsoft\WindowsApps;C:\Users\crist\AppData\Local\Programs\Microsoft VS Code\bin;C:\Users\crist\.dotnet\tools;C:\Users\crist\AppData\Local\GitHubDesktop\bin;C:\Program Files\heroku\bin;C:\WINDOWS\system32;;."/>
    <property name="jdk.debug" value="release"/>
    <property name="java.class.version" value="59.0"/>
    <property name="java.specification.name" value="Java Platform API Specification"/>
    <property name="sun.management.compiler" value="HotSpot 64-Bit Tiered Compilers"/>
    <property name="os.version" value="10.0"/>
    <property name="user.home" value="C:\Users\crist"/>
    <property name="user.timezone" value="Europe/Madrid"/>
    <property name="file.encoding" value="Cp1252"/>
    <property name="java.specification.version" value="15"/>
    <property name="user.name" value="crist"/>
    <property name="java.class.path" value="C:\Users\crist\.p2\pool\plugins\org.eclipse.m2e.maven.runtime_1.9.1.20180912-1600\jars\plexus-classworlds-2.5.2.jar"/>
    <property name="java.vm.specification.version" value="15"/>
    <property name="sun.arch.data.model" value="64"/>
    <property name="sun.java.command" value="org.codehaus.plexus.classworlds.launcher.Launcher -B test"/>
    <property name="java.home" value="C:\Program Files\Java\jdk-15.0.1"/>
    <property name="user.language" value="es"/>
    <property name="java.specification.vendor" value="Oracle Corporation"/>
    <property name="java.vm.info" value="mixed mode, sharing"/>
    <property name="java.version" value="15.0.1"/>
    <property name="java.vendor" value="Oracle Corporation"/>
    <property name="maven.home" value="C:\Users\crist\git\SIGET-Equipo3\EMBEDDED"/>
    <property name="file.separator" value="\"/>
    <property name="java.version.date" value="2020-10-20"/>
    <property name="java.vendor.url.bug" value="https://bugreport.java.com/bugreport/"/>
    <property name="sun.io.unicode.encoding" value="UnicodeLittle"/>
    <property name="sun.cpu.endian" value="little"/>
    <property name="sun.cpu.isalist" value="amd64"/>
  </properties>
  <testcase name="convocar reunion #1" classname="Convocar" time="5.702"/>
  <testcase name="convocar reunion #2" classname="Convocar" time="0.239">
    <failure message="Se ha lanzado una excepcion inesperada: org.springframework.security.authentication.BadCredentialsException: Bad credentials" type="java.lang.AssertionError">java.lang.AssertionError: Se ha lanzado una excepcion inesperada: org.springframework.security.authentication.BadCredentialsException: Bad credentials
</failure>
    <system-out><![CDATA[2020-12-10 18:31:32 - Neither @ContextConfiguration nor @ContextHierarchy found for test class [es.uclm.esi.CucumberTestContextConfiguration], using SpringBootContextLoader
2020-12-10 18:31:32 - Could not detect default resource locations for test class [es.uclm.esi.CucumberTestContextConfiguration]: no resource found for suffixes {-context.xml, Context.groovy}.
2020-12-10 18:31:32 - Could not detect default configuration classes for test class [es.uclm.esi.CucumberTestContextConfiguration]: CucumberTestContextConfiguration does not declare any static, non-private, non-final, nested classes annotated with @Configuration.
2020-12-10 18:31:32 - Found @SpringBootConfiguration es.uclm.esi.SigetApplication for test class es.uclm.esi.CucumberTestContextConfiguration
2020-12-10 18:31:32 - Loaded default TestExecutionListener class names from location [META-INF/spring.factories]: [org.springframework.boot.test.mock.mockito.MockitoTestExecutionListener, org.springframework.boot.test.mock.mockito.ResetMocksTestExecutionListener, org.springframework.boot.test.autoconfigure.restdocs.RestDocsTestExecutionListener, org.springframework.boot.test.autoconfigure.web.client.MockRestServiceServerResetTestExecutionListener, org.springframework.boot.test.autoconfigure.web.servlet.MockMvcPrintOnlyOnFailureTestExecutionListener, org.springframework.boot.test.autoconfigure.web.servlet.WebDriverTestExecutionListener, org.springframework.boot.test.autoconfigure.webservices.client.MockWebServiceServerTestExecutionListener, org.springframework.test.context.web.ServletTestExecutionListener, org.springframework.test.context.support.DirtiesContextBeforeModesTestExecutionListener, org.springframework.test.context.support.DependencyInjectionTestExecutionListener, org.springframework.test.context.support.DirtiesContextTestExecutionListener, org.springframework.test.context.transaction.TransactionalTestExecutionListener, org.springframework.test.context.jdbc.SqlScriptsTestExecutionListener, org.springframework.test.context.event.EventPublishingTestExecutionListener, org.springframework.security.test.context.support.WithSecurityContextTestExecutionListener, org.springframework.security.test.context.support.ReactorContextTestExecutionListener]
2020-12-10 18:31:32 - Using TestExecutionListeners: [org.springframework.test.context.web.ServletTestExecutionListener@4c41a177, org.springframework.test.context.support.DirtiesContextBeforeModesTestExecutionListener@2faf6e4a, org.springframework.boot.test.mock.mockito.MockitoTestExecutionListener@43ab0659, org.springframework.boot.test.autoconfigure.SpringBootDependencyInjectionTestExecutionListener@644947ee, org.springframework.test.context.support.DirtiesContextTestExecutionListener@25421809, org.springframework.test.context.transaction.TransactionalTestExecutionListener@714bffd5, org.springframework.test.context.jdbc.SqlScriptsTestExecutionListener@6ac9b66b, org.springframework.test.context.event.EventPublishingTestExecutionListener@4491eaeb, org.springframework.security.test.context.support.WithSecurityContextTestExecutionListener@71262020, org.springframework.security.test.context.support.ReactorContextTestExecutionListener@5f3ddc86, org.springframework.boot.test.mock.mockito.ResetMocksTestExecutionListener@78e043e4, org.springframework.boot.test.autoconfigure.restdocs.RestDocsTestExecutionListener@336d28a1, org.springframework.boot.test.autoconfigure.web.client.MockRestServiceServerResetTestExecutionListener@738a39cc, org.springframework.boot.test.autoconfigure.web.servlet.MockMvcPrintOnlyOnFailureTestExecutionListener@42e202d7, org.springframework.boot.test.autoconfigure.web.servlet.WebDriverTestExecutionListener@38e7860c, org.springframework.boot.test.autoconfigure.webservices.client.MockWebServiceServerTestExecutionListener@62158991]

Scenario Outline: convocar reunion                                                                       &amp#27;[90m# src/test/java/es/uclm/esi/features/3convocarReunion.feature:18&amp#27;[0m
  &amp#27;[31mGiven &amp#27;[0m&amp#27;[31mMe autentico como usuario existente en el sistema y usuario es &amp#27;[0m&amp#27;[31m&amp#27;[1m"equipo3"&amp#27;[0m&amp#27;[31m y password es &amp#27;[0m&amp#27;[31m&amp#27;[1m"equipo3"&amp#27;[0m &amp#27;[90m# es.uclm.esi.ConvocarReunionStepDefinitions.me_autentico_como_usuario_existente_en_el_sistema_y_usuario_es_y_password_es(java.lang.String,java.lang.String)&amp#27;[0m
      &amp#27;[31mjava.lang.AssertionError: Se ha lanzado una excepcion inesperada: org.springframework.security.authentication.BadCredentialsException: Bad credentials
	at org.junit.Assert.fail(Assert.java:89)
	at es.uclm.esi.ConvocarReunionStepDefinitions.me_autentico_como_usuario_existente_en_el_sistema_y_usuario_es_y_password_es(ConvocarReunionStepDefinitions.java:43)
	at âœ½.Me autentico como usuario existente en el sistema y usuario es "equipo3" y password es "equipo3"(file:///C:/Users/crist/git/SIGET-Equipo3/src/test/java/es/uclm/esi/features/3convocarReunion.feature:5)
&amp#27;[0m
  &amp#27;[36mWhen &amp#27;[0m&amp#27;[36mconvoco la reunion y titulo es &amp#27;[0m&amp#27;[36m&amp#27;[1m"reunion equipo3"&amp#27;[0m                                                  &amp#27;[90m# es.uclm.esi.ConvocarReunionStepDefinitions.convoco_la_reunion_y_titulo_es(java.lang.String)&amp#27;[0m
  &amp#27;[36mAnd &amp#27;[0m&amp#27;[36mdia es &amp#27;[0m&amp#27;[36m&amp#27;[1m3&amp#27;[0m                                                                                           &amp#27;[90m# es.uclm.esi.ConvocarReunionStepDefinitions.dia_es(java.lang.Integer)&amp#27;[0m
  &amp#27;[36mAnd &amp#27;[0m&amp#27;[36mmes es &amp#27;[0m&amp#27;[36m&amp#27;[1m12&amp#27;[0m                                                                                          &amp#27;[90m# es.uclm.esi.ConvocarReunionStepDefinitions.mes_es(java.lang.Integer)&amp#27;[0m
  &amp#27;[36mAnd &amp#27;[0m&amp#27;[36mano es &amp#27;[0m&amp#27;[36m&amp#27;[1m2020&amp#27;[0m                                                                                        &amp#27;[90m# es.uclm.esi.ConvocarReunionStepDefinitions.ano_es(java.lang.Integer)&amp#27;[0m
  &amp#27;[36mAnd &amp#27;[0m&amp#27;[36mhora es &amp#27;[0m&amp#27;[36m&amp#27;[1m"11:55"&amp#27;[0m                                                                                    &amp#27;[90m# es.uclm.esi.ConvocarReunionStepDefinitions.hora_es(java.lang.String)&amp#27;[0m
  &amp#27;[36mAnd &amp#27;[0m&amp#27;[36mdescripcion es &amp#27;[0m&amp#27;[36m&amp#27;[1m"reunion equipo3"&amp#27;[0m                                                                   &amp#27;[90m# es.uclm.esi.ConvocarReunionStepDefinitions.descripcion_es(java.lang.String)&amp#27;[0m
  &amp#27;[36mAnd &amp#27;[0m&amp#27;[36masistentes son &amp#27;[0m&amp#27;[36m&amp#27;[1m"Elisa:pendiente,pepe:Rechazado,jaime:aceptada"&amp#27;[0m                                     &amp#27;[90m# es.uclm.esi.ConvocarReunionStepDefinitions.asistentes_son(java.lang.String)&amp#27;[0m
  &amp#27;[36mThen &amp#27;[0m&amp#27;[36mla respuesta a convocar sera &amp#27;[0m&amp#27;[36m&amp#27;[1m400&amp#27;[0m                                                                  &amp#27;[90m# es.uclm.esi.ConvocarReunionStepDefinitions.la_respuesta_a_convocar_sera(java.lang.Integer)&amp#27;[0m
]]></system-out>
  </testcase>
  <testcase name="aceptar" classname="Aceptar" time="1.249"/>
  <testcase name="rechazar" classname="Rechazar" time="1.025"/>
  <testcase name="cancelar" classname="Cancelar reunion" time="0.826"/>
  <testcase name="Buen Login" classname="Login" time="0.339"/>
  <testcase name="Mal Login" classname="Login" time="0.331"/>
  <testcase name="Mal Login 2" classname="Login" time="0.412"/>
  <testcase name="Mal Login 3" classname="Login" time="0.479"/>
  <testcase name="modificar" classname="Modificar Reunion" time="0.277"/>
</testsuite>